[0.024s] Invoking command in '/home/zalv/hokuyo3_ws/build/lslidar_msgs': CMAKE_PREFIX_PATH=${CMAKE_PREFIX_PATH}:/opt/ros/humble /usr/bin/cmake --build /home/zalv/hokuyo3_ws/build/lslidar_msgs -- -j22 -l22
[0.081s] [ 12%] Built target lslidar_msgs__rosidl_generator_c
[0.081s] [ 12%] Built target lslidar_msgs__cpp
[0.088s] [ 12%] Built target ament_cmake_python_symlink_lslidar_msgs
[0.104s] [ 23%] Built target lslidar_msgs__rosidl_typesupport_c
[0.108s] [ 34%] Built target lslidar_msgs__rosidl_typesupport_introspection_c
[0.110s] [ 46%] Built target lslidar_msgs__rosidl_typesupport_introspection_cpp
[0.110s] [ 57%] Built target lslidar_msgs__rosidl_typesupport_cpp
[0.113s] [ 68%] Built target lslidar_msgs__rosidl_typesupport_fastrtps_c
[0.115s] [ 79%] Built target lslidar_msgs__rosidl_typesupport_fastrtps_cpp
[0.136s] [ 79%] Built target lslidar_msgs
[0.157s] [ 80%] Built target lslidar_msgs__py
[0.182s] [ 90%] Built target lslidar_msgs__rosidl_generator_py
[0.201s] [ 93%] Built target lslidar_msgs__rosidl_typesupport_introspection_c__pyext
[0.203s] [ 96%] Built target lslidar_msgs__rosidl_typesupport_fastrtps_c__pyext
[0.203s] [100%] Built target lslidar_msgs__rosidl_typesupport_c__pyext
[0.302s] running egg_info
[0.302s] writing lslidar_msgs.egg-info/PKG-INFO
[0.302s] writing dependency_links to lslidar_msgs.egg-info/dependency_links.txt
[0.302s] writing top-level names to lslidar_msgs.egg-info/top_level.txt
[0.305s] reading manifest file 'lslidar_msgs.egg-info/SOURCES.txt'
[0.306s] writing manifest file 'lslidar_msgs.egg-info/SOURCES.txt'
[0.333s] [100%] Built target ament_cmake_python_build_lslidar_msgs_egg
[0.344s] Invoked command in '/home/zalv/hokuyo3_ws/build/lslidar_msgs' returned '0': CMAKE_PREFIX_PATH=${CMAKE_PREFIX_PATH}:/opt/ros/humble /usr/bin/cmake --build /home/zalv/hokuyo3_ws/build/lslidar_msgs -- -j22 -l22
