[0.011s] Invoking command in '/home/zalv/hokuyo3_ws/build/urg_node2': CMAKE_PREFIX_PATH=${CMAKE_PREFIX_PATH}:/opt/ros/humble /usr/bin/cmake --build /home/zalv/hokuyo3_ws/build/urg_node2 -- -j22 -l22
[0.050s] [35m[1mConsolidate compiler generated dependencies of target gtest_main[0m
[0.050s] [35m[1mConsolidate compiler generated dependencies of target gtest[0m
[0.050s] [35m[1mConsolidate compiler generated dependencies of target urg_node2_node[0m
[0.052s] [35m[1mConsolidate compiler generated dependencies of target urg_c[0m
[0.065s] [ 10%] Built target gtest
[0.065s] [ 55%] Built target urg_c
[0.065s] [ 65%] Built target gtest_main
[0.068s] [ 75%] Built target urg_node2_node
[0.075s] [35m[1mConsolidate compiler generated dependencies of target urg_node2[0m
[0.075s] [35m[1mConsolidate compiler generated dependencies of target urg_node2_test[0m
[0.093s] [ 85%] Built target urg_node2
[0.094s] [100%] Built target urg_node2_test
[0.109s] Invoked command in '/home/zalv/hokuyo3_ws/build/urg_node2' returned '0': CMAKE_PREFIX_PATH=${CMAKE_PREFIX_PATH}:/opt/ros/humble /usr/bin/cmake --build /home/zalv/hokuyo3_ws/build/urg_node2 -- -j22 -l22
[0.157s] Invoking command in '/home/zalv/hokuyo3_ws/build/urg_node2': CMAKE_PREFIX_PATH=${CMAKE_PREFIX_PATH}:/opt/ros/humble /usr/bin/cmake --install /home/zalv/hokuyo3_ws/build/urg_node2
[0.163s] -- Install configuration: ""
[0.163s] -- Execute custom install script
[0.163s] -- Up-to-date symlink: /home/zalv/hokuyo3_ws/install/urg_node2/share/urg_node2/environment/library_path.sh
[0.163s] -- Up-to-date symlink: /home/zalv/hokuyo3_ws/install/urg_node2/share/urg_node2/environment/library_path.dsv
[0.163s] -- Up-to-date symlink: /home/zalv/hokuyo3_ws/install/urg_node2/lib/urg_node2/urg_node2_node
[0.164s] -- Up-to-date symlink: /home/zalv/hokuyo3_ws/install/urg_node2/lib/liburg_node2.so
[0.164s] -- Up-to-date symlink: /home/zalv/hokuyo3_ws/install/urg_node2/lib/liburg_c.so
[0.164s] -- Up-to-date symlink: /home/zalv/hokuyo3_ws/install/urg_node2/share/urg_node2/launch/urg_node2.launch.py
[0.164s] -- Up-to-date symlink: /home/zalv/hokuyo3_ws/install/urg_node2/share/urg_node2/launch/urg_node2_2lidar.launch.py
[0.164s] -- Up-to-date symlink: /home/zalv/hokuyo3_ws/install/urg_node2/share/urg_node2/launch/urg_node2_component.launch.py
[0.164s] -- Up-to-date symlink: /home/zalv/hokuyo3_ws/install/urg_node2/share/urg_node2/config/params_ether.yaml
[0.164s] -- Up-to-date symlink: /home/zalv/hokuyo3_ws/install/urg_node2/share/urg_node2/config/params_ether_2nd.yaml
[0.164s] -- Up-to-date symlink: /home/zalv/hokuyo3_ws/install/urg_node2/share/urg_node2/config/params_serial.yaml
[0.165s] -- Up-to-date symlink: /home/zalv/hokuyo3_ws/install/urg_node2/share/ament_index/resource_index/package_run_dependencies/urg_node2
[0.165s] -- Up-to-date symlink: /home/zalv/hokuyo3_ws/install/urg_node2/share/ament_index/resource_index/parent_prefix_path/urg_node2
[0.165s] -- Up-to-date symlink: /home/zalv/hokuyo3_ws/install/urg_node2/share/urg_node2/environment/ament_prefix_path.sh
[0.165s] -- Up-to-date symlink: /home/zalv/hokuyo3_ws/install/urg_node2/share/urg_node2/environment/ament_prefix_path.dsv
[0.165s] -- Up-to-date symlink: /home/zalv/hokuyo3_ws/install/urg_node2/share/urg_node2/environment/path.sh
[0.165s] -- Up-to-date symlink: /home/zalv/hokuyo3_ws/install/urg_node2/share/urg_node2/environment/path.dsv
[0.165s] -- Up-to-date symlink: /home/zalv/hokuyo3_ws/install/urg_node2/share/urg_node2/local_setup.bash
[0.165s] -- Up-to-date symlink: /home/zalv/hokuyo3_ws/install/urg_node2/share/urg_node2/local_setup.sh
[0.165s] -- Up-to-date symlink: /home/zalv/hokuyo3_ws/install/urg_node2/share/urg_node2/local_setup.zsh
[0.165s] -- Up-to-date symlink: /home/zalv/hokuyo3_ws/install/urg_node2/share/urg_node2/local_setup.dsv
[0.166s] -- Symlinking: /home/zalv/hokuyo3_ws/install/urg_node2/share/urg_node2/package.dsv
[0.173s] -- Up-to-date symlink: /home/zalv/hokuyo3_ws/install/urg_node2/share/ament_index/resource_index/packages/urg_node2
[0.173s] -- Up-to-date symlink: /home/zalv/hokuyo3_ws/install/urg_node2/share/ament_index/resource_index/rclcpp_components/urg_node2
[0.173s] -- Up-to-date symlink: /home/zalv/hokuyo3_ws/install/urg_node2/share/urg_node2/cmake/ament_cmake_export_libraries-extras.cmake
[0.173s] -- Up-to-date symlink: /home/zalv/hokuyo3_ws/install/urg_node2/share/urg_node2/cmake/ament_cmake_export_include_directories-extras.cmake
[0.173s] -- Up-to-date symlink: /home/zalv/hokuyo3_ws/install/urg_node2/share/urg_node2/cmake/urg_node2Config.cmake
[0.173s] -- Up-to-date symlink: /home/zalv/hokuyo3_ws/install/urg_node2/share/urg_node2/cmake/urg_node2Config-version.cmake
[0.173s] -- Up-to-date symlink: /home/zalv/hokuyo3_ws/install/urg_node2/share/urg_node2/package.xml
[0.174s] Invoked command in '/home/zalv/hokuyo3_ws/build/urg_node2' returned '0': CMAKE_PREFIX_PATH=${CMAKE_PREFIX_PATH}:/opt/ros/humble /usr/bin/cmake --install /home/zalv/hokuyo3_ws/build/urg_node2
