[0.016s] Invoking command in '/home/zalv/hokuyo3_ws/build/laser_to_pc': CMAKE_PREFIX_PATH=${CMAKE_PREFIX_PATH}:/opt/ros/humble /usr/bin/cmake --build /home/zalv/hokuyo3_ws/build/laser_to_pc -- -j22 -l22
[0.052s] [35m[1mConsolidate compiler generated dependencies of target laser_to_pointcloud[0m
[0.073s] [ 50%] [32mBuilding CXX object CMakeFiles/laser_to_pointcloud.dir/src/laser_to_pointcloud.cpp.o[0m
[3.319s] In file included from [01m[K/opt/ros/humble/include/rclcpp/rclcpp/logging.hpp:24[m[K,
[3.320s]                  from [01m[K/opt/ros/humble/include/rclcpp/rclcpp/client.hpp:40[m[K,
[3.320s]                  from [01m[K/opt/ros/humble/include/rclcpp/rclcpp/callback_group.hpp:24[m[K,
[3.320s]                  from [01m[K/opt/ros/humble/include/rclcpp/rclcpp/any_executable.hpp:20[m[K,
[3.320s]                  from [01m[K/opt/ros/humble/include/rclcpp/rclcpp/memory_strategy.hpp:25[m[K,
[3.320s]                  from [01m[K/opt/ros/humble/include/rclcpp/rclcpp/memory_strategies.hpp:18[m[K,
[3.320s]                  from [01m[K/opt/ros/humble/include/rclcpp/rclcpp/executor_options.hpp:20[m[K,
[3.320s]                  from [01m[K/opt/ros/humble/include/rclcpp/rclcpp/executor.hpp:37[m[K,
[3.320s]                  from [01m[K/opt/ros/humble/include/rclcpp/rclcpp/executors/multi_threaded_executor.hpp:25[m[K,
[3.320s]                  from [01m[K/opt/ros/humble/include/rclcpp/rclcpp/executors.hpp:21[m[K,
[3.320s]                  from [01m[K/opt/ros/humble/include/rclcpp/rclcpp/rclcpp.hpp:155[m[K,
[3.320s]                  from [01m[K/home/zalv/hokuyo3_ws/src/laser_to_pc/src/laser_to_pointcloud.cpp:1[m[K:
[3.320s] [01m[K/home/zalv/hokuyo3_ws/src/laser_to_pc/src/laser_to_pointcloud.cpp:[m[K In constructor ‘[01m[KLaserScanToPointCloud::LaserScanToPointCloud()[m[K’:
[3.320s] [01m[K/home/zalv/hokuyo3_ws/src/laser_to_pc/src/laser_to_pointcloud.cpp:16:98:[m[K [01;31m[Kerror: [m[K‘[01m[Kmsg[m[K’ was not declared in this scope
[3.320s]    16 | gle_min: %f", "angle_max: %f", "angle_increment: %f", [01;31m[Kmsg[m[K->angle_min, msg->angle_max, msg->angle_increment);
[3.320s]       |                                                       [01;31m[K^~~[m[K
[3.320s] 
[3.320s] [01m[K/home/zalv/hokuyo3_ws/src/laser_to_pc/src/laser_to_pointcloud.cpp:16:98:[m[K [01;36m[Knote: [m[Ksuggested alternatives:
[3.321s] In file included from [01m[K/opt/ros/humble/include/builtin_interfaces/builtin_interfaces/msg/duration.hpp:7[m[K,
[3.321s]                  from [01m[K/opt/ros/humble/include/rclcpp/rclcpp/duration.hpp:20[m[K,
[3.321s]                  from [01m[K/opt/ros/humble/include/rclcpp/rclcpp/qos.hpp:20[m[K,
[3.321s]                  from [01m[K/opt/ros/humble/include/rclcpp/rclcpp/node_interfaces/node_graph_interface.hpp:32[m[K,
[3.321s]                  from [01m[K/opt/ros/humble/include/rclcpp/rclcpp/client.hpp:42[m[K,
[3.321s]                  from [01m[K/opt/ros/humble/include/rclcpp/rclcpp/callback_group.hpp:24[m[K,
[3.321s]                  from [01m[K/opt/ros/humble/include/rclcpp/rclcpp/any_executable.hpp:20[m[K,
[3.321s]                  from [01m[K/opt/ros/humble/include/rclcpp/rclcpp/memory_strategy.hpp:25[m[K,
[3.321s]                  from [01m[K/opt/ros/humble/include/rclcpp/rclcpp/memory_strategies.hpp:18[m[K,
[3.321s]                  from [01m[K/opt/ros/humble/include/rclcpp/rclcpp/executor_options.hpp:20[m[K,
[3.321s]                  from [01m[K/opt/ros/humble/include/rclcpp/rclcpp/executor.hpp:37[m[K,
[3.321s]                  from [01m[K/opt/ros/humble/include/rclcpp/rclcpp/executors/multi_threaded_executor.hpp:25[m[K,
[3.321s]                  from [01m[K/opt/ros/humble/include/rclcpp/rclcpp/executors.hpp:21[m[K,
[3.321s]                  from [01m[K/opt/ros/humble/include/rclcpp/rclcpp/rclcpp.hpp:155[m[K,
[3.322s]                  from [01m[K/home/zalv/hokuyo3_ws/src/laser_to_pc/src/laser_to_pointcloud.cpp:1[m[K:
[3.322s] [01m[K/opt/ros/humble/include/builtin_interfaces/builtin_interfaces/msg/detail/duration__struct.hpp:27:11:[m[K [01;36m[Knote: [m[K  ‘[01m[Kbuiltin_interfaces::msg[m[K’
[3.322s]    27 | namespace [01;36m[Kmsg[m[K
[3.322s]       |           [01;36m[K^~~[m[K
[3.322s] In file included from [01m[K/opt/ros/humble/include/rcl_interfaces/rcl_interfaces/msg/set_parameters_result.hpp:7[m[K,
[3.322s]                  from [01m[K/opt/ros/humble/include/rclcpp/rclcpp/qos_overriding_options.hpp:28[m[K,
[3.322s]                  from [01m[K/opt/ros/humble/include/rclcpp/rclcpp/subscription_options.hpp:30[m[K,
[3.322s]                  from [01m[K/opt/ros/humble/include/rclcpp/rclcpp/subscription.hpp:45[m[K,
[3.322s]                  from [01m[K/opt/ros/humble/include/rclcpp/rclcpp/any_executable.hpp:25[m[K,
[3.322s]                  from [01m[K/opt/ros/humble/include/rclcpp/rclcpp/memory_strategy.hpp:25[m[K,
[3.322s]                  from [01m[K/opt/ros/humble/include/rclcpp/rclcpp/memory_strategies.hpp:18[m[K,
[3.322s]                  from [01m[K/opt/ros/humble/include/rclcpp/rclcpp/executor_options.hpp:20[m[K,
[3.322s]                  from [01m[K/opt/ros/humble/include/rclcpp/rclcpp/executor.hpp:37[m[K,
[3.322s]                  from [01m[K/opt/ros/humble/include/rclcpp/rclcpp/executors/multi_threaded_executor.hpp:25[m[K,
[3.322s]                  from [01m[K/opt/ros/humble/include/rclcpp/rclcpp/executors.hpp:21[m[K,
[3.322s]                  from [01m[K/opt/ros/humble/include/rclcpp/rclcpp/rclcpp.hpp:155[m[K,
[3.322s]                  from [01m[K/home/zalv/hokuyo3_ws/src/laser_to_pc/src/laser_to_pointcloud.cpp:1[m[K:
[3.322s] [01m[K/opt/ros/humble/include/rcl_interfaces/rcl_interfaces/msg/detail/set_parameters_result__struct.hpp:27:11:[m[K [01;36m[Knote: [m[K  ‘[01m[Krcl_interfaces::msg[m[K’
[3.322s]    27 | namespace [01;36m[Kmsg[m[K
[3.323s]       |           [01;36m[K^~~[m[K
[3.323s] In file included from [01m[K/opt/ros/humble/include/statistics_msgs/statistics_msgs/msg/detail/metrics_message__struct.hpp:23[m[K,
[3.323s]                  from [01m[K/opt/ros/humble/include/statistics_msgs/statistics_msgs/msg/metrics_message.hpp:7[m[K,
[3.323s]                  from [01m[K/opt/ros/humble/include/libstatistics_collector/libstatistics_collector/collector/generate_statistics_message.hpp:21[m[K,
[3.323s]                  from [01m[K/opt/ros/humble/include/rclcpp/rclcpp/topic_statistics/subscription_topic_statistics.hpp:23[m[K,
[3.323s]                  from [01m[K/opt/ros/humble/include/rclcpp/rclcpp/subscription.hpp:50[m[K,
[3.323s]                  from [01m[K/opt/ros/humble/include/rclcpp/rclcpp/any_executable.hpp:25[m[K,
[3.323s]                  from [01m[K/opt/ros/humble/include/rclcpp/rclcpp/memory_strategy.hpp:25[m[K,
[3.323s]                  from [01m[K/opt/ros/humble/include/rclcpp/rclcpp/memory_strategies.hpp:18[m[K,
[3.323s]                  from [01m[K/opt/ros/humble/include/rclcpp/rclcpp/executor_options.hpp:20[m[K,
[3.323s]                  from [01m[K/opt/ros/humble/include/rclcpp/rclcpp/executor.hpp:37[m[K,
[3.323s]                  from [01m[K/opt/ros/humble/include/rclcpp/rclcpp/executors/multi_threaded_executor.hpp:25[m[K,
[3.323s]                  from [01m[K/opt/ros/humble/include/rclcpp/rclcpp/executors.hpp:21[m[K,
[3.323s]                  from [01m[K/opt/ros/humble/include/rclcpp/rclcpp/rclcpp.hpp:155[m[K,
[3.323s]                  from [01m[K/home/zalv/hokuyo3_ws/src/laser_to_pc/src/laser_to_pointcloud.cpp:1[m[K:
[3.323s] [01m[K/opt/ros/humble/include/statistics_msgs/statistics_msgs/msg/detail/statistic_data_point__struct.hpp:27:11:[m[K [01;36m[Knote: [m[K  ‘[01m[Kstatistics_msgs::msg[m[K’
[3.323s]    27 | namespace [01;36m[Kmsg[m[K
[3.323s]       |           [01;36m[K^~~[m[K
[3.323s] In file included from [01m[K/opt/ros/humble/include/sensor_msgs/sensor_msgs/msg/detail/laser_scan__struct.hpp:20[m[K,
[3.324s]                  from [01m[K/opt/ros/humble/include/sensor_msgs/sensor_msgs/msg/laser_scan.hpp:7[m[K,
[3.324s]                  from [01m[K/home/zalv/hokuyo3_ws/src/laser_to_pc/src/laser_to_pointcloud.cpp:2[m[K:
[3.324s] [01m[K/opt/ros/humble/include/std_msgs/std_msgs/msg/detail/header__struct.hpp:31:11:[m[K [01;36m[Knote: [m[K  ‘[01m[Kstd_msgs::msg[m[K’
[3.324s]    31 | namespace [01;36m[Kmsg[m[K
[3.324s]       |           [01;36m[K^~~[m[K
[3.324s] In file included from [01m[K/opt/ros/humble/include/sensor_msgs/sensor_msgs/msg/laser_scan.hpp:7[m[K,
[3.324s]                  from [01m[K/home/zalv/hokuyo3_ws/src/laser_to_pc/src/laser_to_pointcloud.cpp:2[m[K:
[3.324s] [01m[K/opt/ros/humble/include/sensor_msgs/sensor_msgs/msg/detail/laser_scan__struct.hpp:31:11:[m[K [01;36m[Knote: [m[K  ‘[01m[Ksensor_msgs::msg[m[K’
[3.324s]    31 | namespace [01;36m[Kmsg[m[K
[3.324s]       |           [01;36m[K^~~[m[K
[3.324s] In file included from [01m[K/opt/ros/humble/include/geometry_msgs/geometry_msgs/msg/detail/transform__struct.hpp:20[m[K,
[3.324s]                  from [01m[K/opt/ros/humble/include/geometry_msgs/geometry_msgs/msg/detail/transform_stamped__struct.hpp:22[m[K,
[3.324s]                  from [01m[K/opt/ros/humble/include/geometry_msgs/geometry_msgs/msg/transform_stamped.hpp:7[m[K,
[3.324s]                  from [01m[K/opt/ros/humble/include/tf2/tf2/buffer_core.h:48[m[K,
[3.324s]                  from [01m[K/opt/ros/humble/include/laser_geometry/laser_geometry/laser_geometry.hpp:41[m[K,
[3.324s]                  from [01m[K/home/zalv/hokuyo3_ws/src/laser_to_pc/src/laser_to_pointcloud.cpp:4[m[K:
[3.324s] [01m[K/opt/ros/humble/include/geometry_msgs/geometry_msgs/msg/detail/vector3__struct.hpp:27:11:[m[K [01;36m[Knote: [m[K  ‘[01m[Kgeometry_msgs::msg[m[K’
[3.324s]    27 | namespace [01;36m[Kmsg[m[K
[3.324s]       |           [01;36m[K^~~[m[K
[3.324s] In file included from [01m[K/opt/ros/humble/include/pcl_msgs/pcl_msgs/msg/point_indices.hpp:7[m[K,
[3.324s]                  from [01m[K/opt/ros/humble/include/pcl_conversions/pcl_conversions/pcl_conversions.h:62[m[K,
[3.324s]                  from [01m[K/home/zalv/hokuyo3_ws/src/laser_to_pc/src/laser_to_pointcloud.cpp:5[m[K:
[3.325s] [01m[K/opt/ros/humble/include/pcl_msgs/pcl_msgs/msg/detail/point_indices__struct.hpp:31:11:[m[K [01;36m[Knote: [m[K  ‘[01m[Kpcl_msgs::msg[m[K’
[3.325s]    31 | namespace [01;36m[Kmsg[m[K
[3.325s]       |           [01;36m[K^~~[m[K
[5.303s] gmake[2]: *** [CMakeFiles/laser_to_pointcloud.dir/build.make:76: CMakeFiles/laser_to_pointcloud.dir/src/laser_to_pointcloud.cpp.o] Error 1
[5.303s] gmake[1]: *** [CMakeFiles/Makefile2:137: CMakeFiles/laser_to_pointcloud.dir/all] Error 2
[5.303s] gmake: *** [Makefile:146: all] Error 2
[5.307s] Invoked command in '/home/zalv/hokuyo3_ws/build/laser_to_pc' returned '2': CMAKE_PREFIX_PATH=${CMAKE_PREFIX_PATH}:/opt/ros/humble /usr/bin/cmake --build /home/zalv/hokuyo3_ws/build/laser_to_pc -- -j22 -l22
