[35m[1mConsolidate compiler generated dependencies of target ros2_serial_interfaces__rosidl_generator_c[0m
[  9%] Built target ros2_serial_interfaces__rosidl_generator_c
[ 12%] Built target ros2_serial_interfaces__cpp
[ 12%] Built target ament_cmake_python_symlink_ros2_serial_interfaces
[35m[1mConsolidate compiler generated dependencies of target ros2_serial_interfaces__rosidl_typesupport_fastrtps_c[0m
[35m[1mConsolidate compiler generated dependencies of target ros2_serial_interfaces__rosidl_typesupport_c[0m
[35m[1mConsolidate compiler generated dependencies of target ros2_serial_interfaces__rosidl_typesupport_introspection_c[0m
[35m[1mConsolidate compiler generated dependencies of target ros2_serial_interfaces__rosidl_typesupport_cpp[0m
[35m[1mConsolidate compiler generated dependencies of target ros2_serial_interfaces__rosidl_typesupport_fastrtps_cpp[0m
[35m[1mConsolidate compiler generated dependencies of target ros2_serial_interfaces__rosidl_typesupport_introspection_cpp[0m
[ 22%] Built target ros2_serial_interfaces__rosidl_typesupport_c
[ 32%] Built target ros2_serial_interfaces__rosidl_typesupport_introspection_c
[ 41%] Built target ros2_serial_interfaces__rosidl_typesupport_fastrtps_c
[ 61%] Built target ros2_serial_interfaces__rosidl_typesupport_cpp
[ 61%] Built target ros2_serial_interfaces__rosidl_typesupport_fastrtps_cpp
[ 70%] Built target ros2_serial_interfaces__rosidl_typesupport_introspection_cpp
[ 70%] Built target ros2_serial_interfaces
[ 74%] Built target ros2_serial_interfaces__py
[35m[1mConsolidate compiler generated dependencies of target ros2_serial_interfaces__rosidl_generator_py[0m
[ 80%] Built target ros2_serial_interfaces__rosidl_generator_py
[35m[1mConsolidate compiler generated dependencies of target ros2_serial_interfaces__rosidl_typesupport_fastrtps_c__pyext[0m
[35m[1mConsolidate compiler generated dependencies of target ros2_serial_interfaces__rosidl_typesupport_c__pyext[0m
[35m[1mConsolidate compiler generated dependencies of target ros2_serial_interfaces__rosidl_typesupport_introspection_c__pyext[0m
[ 87%] Built target ros2_serial_interfaces__rosidl_typesupport_introspection_c__pyext
[ 93%] Built target ros2_serial_interfaces__rosidl_typesupport_fastrtps_c__pyext
[100%] Built target ros2_serial_interfaces__rosidl_typesupport_c__pyext
running egg_info
writing ros2_serial_interfaces.egg-info/PKG-INFO
writing dependency_links to ros2_serial_interfaces.egg-info/dependency_links.txt
writing top-level names to ros2_serial_interfaces.egg-info/top_level.txt
reading manifest file 'ros2_serial_interfaces.egg-info/SOURCES.txt'
writing manifest file 'ros2_serial_interfaces.egg-info/SOURCES.txt'
[100%] Built target ament_cmake_python_build_ros2_serial_interfaces_egg
-- Install configuration: ""
-- Execute custom install script
-- Symlinking: /home/zalv/hokuyo3_ws/install/ros2_serial_interfaces/share/ament_index/resource_index/rosidl_interfaces/ros2_serial_interfaces
-- Symlinking: /home/zalv/hokuyo3_ws/install/ros2_serial_interfaces/include/ros2_serial_interfaces/ros2_serial_interfaces/msg/detail/serial_string__functions.h
-- Symlinking: /home/zalv/hokuyo3_ws/install/ros2_serial_interfaces/include/ros2_serial_interfaces/ros2_serial_interfaces/msg/detail/serial_string__struct.h
-- Symlinking: /home/zalv/hokuyo3_ws/install/ros2_serial_interfaces/include/ros2_serial_interfaces/ros2_serial_interfaces/msg/detail/serial_string__type_support.h
-- Symlinking: /home/zalv/hokuyo3_ws/install/ros2_serial_interfaces/include/ros2_serial_interfaces/ros2_serial_interfaces/msg/rosidl_generator_c__visibility_control.h
-- Symlinking: /home/zalv/hokuyo3_ws/install/ros2_serial_interfaces/include/ros2_serial_interfaces/ros2_serial_interfaces/msg/serial_string.h
-- Symlinking: /home/zalv/hokuyo3_ws/install/ros2_serial_interfaces/share/ros2_serial_interfaces/environment/library_path.sh
-- Symlinking: /home/zalv/hokuyo3_ws/install/ros2_serial_interfaces/share/ros2_serial_interfaces/environment/library_path.dsv
-- Symlinking: /home/zalv/hokuyo3_ws/install/ros2_serial_interfaces/include/ros2_serial_interfaces/ros2_serial_interfaces/msg/detail/serial_string__rosidl_typesupport_fastrtps_c.h
-- Symlinking: /home/zalv/hokuyo3_ws/install/ros2_serial_interfaces/include/ros2_serial_interfaces/ros2_serial_interfaces/msg/rosidl_typesupport_fastrtps_c__visibility_control.h
-- Symlinking: /home/zalv/hokuyo3_ws/install/ros2_serial_interfaces/include/ros2_serial_interfaces/ros2_serial_interfaces/msg/detail/serial_string__builder.hpp
-- Symlinking: /home/zalv/hokuyo3_ws/install/ros2_serial_interfaces/include/ros2_serial_interfaces/ros2_serial_interfaces/msg/detail/serial_string__struct.hpp
-- Symlinking: /home/zalv/hokuyo3_ws/install/ros2_serial_interfaces/include/ros2_serial_interfaces/ros2_serial_interfaces/msg/detail/serial_string__traits.hpp
-- Symlinking: /home/zalv/hokuyo3_ws/install/ros2_serial_interfaces/include/ros2_serial_interfaces/ros2_serial_interfaces/msg/serial_string.hpp
-- Symlinking: /home/zalv/hokuyo3_ws/install/ros2_serial_interfaces/include/ros2_serial_interfaces/ros2_serial_interfaces/msg/detail/serial_string__rosidl_typesupport_fastrtps_cpp.hpp
-- Symlinking: /home/zalv/hokuyo3_ws/install/ros2_serial_interfaces/include/ros2_serial_interfaces/ros2_serial_interfaces/msg/rosidl_typesupport_fastrtps_cpp__visibility_control.h
-- Symlinking: /home/zalv/hokuyo3_ws/install/ros2_serial_interfaces/include/ros2_serial_interfaces/ros2_serial_interfaces/msg/detail/serial_string__rosidl_typesupport_introspection_c.h
-- Symlinking: /home/zalv/hokuyo3_ws/install/ros2_serial_interfaces/include/ros2_serial_interfaces/ros2_serial_interfaces/msg/rosidl_typesupport_introspection_c__visibility_control.h
-- Symlinking: /home/zalv/hokuyo3_ws/install/ros2_serial_interfaces/include/ros2_serial_interfaces/ros2_serial_interfaces/msg/detail/serial_string__rosidl_typesupport_introspection_cpp.hpp
-- Symlinking: /home/zalv/hokuyo3_ws/install/ros2_serial_interfaces/share/ros2_serial_interfaces/environment/pythonpath.sh
-- Symlinking: /home/zalv/hokuyo3_ws/install/ros2_serial_interfaces/share/ros2_serial_interfaces/environment/pythonpath.dsv
-- Symlinking: /home/zalv/hokuyo3_ws/install/ros2_serial_interfaces/local/lib/python3.10/dist-packages/ros2_serial_interfaces-0.0.0-py3.10.egg-info/PKG-INFO
-- Symlinking: /home/zalv/hokuyo3_ws/install/ros2_serial_interfaces/local/lib/python3.10/dist-packages/ros2_serial_interfaces-0.0.0-py3.10.egg-info/SOURCES.txt
-- Symlinking: /home/zalv/hokuyo3_ws/install/ros2_serial_interfaces/local/lib/python3.10/dist-packages/ros2_serial_interfaces-0.0.0-py3.10.egg-info/dependency_links.txt
-- Symlinking: /home/zalv/hokuyo3_ws/install/ros2_serial_interfaces/local/lib/python3.10/dist-packages/ros2_serial_interfaces-0.0.0-py3.10.egg-info/top_level.txt
-- Symlinking: /home/zalv/hokuyo3_ws/install/ros2_serial_interfaces/local/lib/python3.10/dist-packages/ros2_serial_interfaces/__init__.py
-- Symlinking: /home/zalv/hokuyo3_ws/install/ros2_serial_interfaces/local/lib/python3.10/dist-packages/ros2_serial_interfaces/_ros2_serial_interfaces_s.ep.rosidl_typesupport_c.c
-- Symlinking: /home/zalv/hokuyo3_ws/install/ros2_serial_interfaces/local/lib/python3.10/dist-packages/ros2_serial_interfaces/_ros2_serial_interfaces_s.ep.rosidl_typesupport_fastrtps_c.c
-- Symlinking: /home/zalv/hokuyo3_ws/install/ros2_serial_interfaces/local/lib/python3.10/dist-packages/ros2_serial_interfaces/_ros2_serial_interfaces_s.ep.rosidl_typesupport_introspection_c.c
-- Symlinking: /home/zalv/hokuyo3_ws/install/ros2_serial_interfaces/local/lib/python3.10/dist-packages/ros2_serial_interfaces/libros2_serial_interfaces__rosidl_generator_py.so
-- Symlinking: /home/zalv/hokuyo3_ws/install/ros2_serial_interfaces/local/lib/python3.10/dist-packages/ros2_serial_interfaces/msg/__init__.py
-- Symlinking: /home/zalv/hokuyo3_ws/install/ros2_serial_interfaces/local/lib/python3.10/dist-packages/ros2_serial_interfaces/msg/_serial_string.py
-- Symlinking: /home/zalv/hokuyo3_ws/install/ros2_serial_interfaces/local/lib/python3.10/dist-packages/ros2_serial_interfaces/msg/_serial_string_s.c
-- Symlinking: /home/zalv/hokuyo3_ws/install/ros2_serial_interfaces/local/lib/python3.10/dist-packages/ros2_serial_interfaces/ros2_serial_interfaces_s__rosidl_typesupport_c.cpython-310-x86_64-linux-gnu.so
-- Symlinking: /home/zalv/hokuyo3_ws/install/ros2_serial_interfaces/local/lib/python3.10/dist-packages/ros2_serial_interfaces/ros2_serial_interfaces_s__rosidl_typesupport_fastrtps_c.cpython-310-x86_64-linux-gnu.so
-- Symlinking: /home/zalv/hokuyo3_ws/install/ros2_serial_interfaces/local/lib/python3.10/dist-packages/ros2_serial_interfaces/ros2_serial_interfaces_s__rosidl_typesupport_introspection_c.cpython-310-x86_64-linux-gnu.so
-- Up-to-date symlink: /home/zalv/hokuyo3_ws/install/ros2_serial_interfaces/local/lib/python3.10/dist-packages/ros2_serial_interfaces/ros2_serial_interfaces_s__rosidl_typesupport_fastrtps_c.cpython-310-x86_64-linux-gnu.so
-- Up-to-date symlink: /home/zalv/hokuyo3_ws/install/ros2_serial_interfaces/local/lib/python3.10/dist-packages/ros2_serial_interfaces/ros2_serial_interfaces_s__rosidl_typesupport_introspection_c.cpython-310-x86_64-linux-gnu.so
-- Up-to-date symlink: /home/zalv/hokuyo3_ws/install/ros2_serial_interfaces/local/lib/python3.10/dist-packages/ros2_serial_interfaces/ros2_serial_interfaces_s__rosidl_typesupport_c.cpython-310-x86_64-linux-gnu.so
-- Symlinking: /home/zalv/hokuyo3_ws/install/ros2_serial_interfaces/share/ros2_serial_interfaces/msg/SerialString.idl
-- Symlinking: /home/zalv/hokuyo3_ws/install/ros2_serial_interfaces/share/ros2_serial_interfaces/msg/SerialString.msg
-- Symlinking: /home/zalv/hokuyo3_ws/install/ros2_serial_interfaces/share/ament_index/resource_index/package_run_dependencies/ros2_serial_interfaces
-- Symlinking: /home/zalv/hokuyo3_ws/install/ros2_serial_interfaces/share/ament_index/resource_index/parent_prefix_path/ros2_serial_interfaces
-- Symlinking: /home/zalv/hokuyo3_ws/install/ros2_serial_interfaces/share/ros2_serial_interfaces/environment/ament_prefix_path.sh
-- Symlinking: /home/zalv/hokuyo3_ws/install/ros2_serial_interfaces/share/ros2_serial_interfaces/environment/ament_prefix_path.dsv
-- Symlinking: /home/zalv/hokuyo3_ws/install/ros2_serial_interfaces/share/ros2_serial_interfaces/environment/path.sh
-- Symlinking: /home/zalv/hokuyo3_ws/install/ros2_serial_interfaces/share/ros2_serial_interfaces/environment/path.dsv
-- Symlinking: /home/zalv/hokuyo3_ws/install/ros2_serial_interfaces/share/ros2_serial_interfaces/local_setup.bash
-- Symlinking: /home/zalv/hokuyo3_ws/install/ros2_serial_interfaces/share/ros2_serial_interfaces/local_setup.sh
-- Symlinking: /home/zalv/hokuyo3_ws/install/ros2_serial_interfaces/share/ros2_serial_interfaces/local_setup.zsh
-- Symlinking: /home/zalv/hokuyo3_ws/install/ros2_serial_interfaces/share/ros2_serial_interfaces/local_setup.dsv
-- Symlinking: /home/zalv/hokuyo3_ws/install/ros2_serial_interfaces/share/ros2_serial_interfaces/package.dsv
-- Symlinking: /home/zalv/hokuyo3_ws/install/ros2_serial_interfaces/share/ament_index/resource_index/packages/ros2_serial_interfaces
-- Symlinking: /home/zalv/hokuyo3_ws/install/ros2_serial_interfaces/share/ros2_serial_interfaces/cmake/rosidl_cmake-extras.cmake
-- Symlinking: /home/zalv/hokuyo3_ws/install/ros2_serial_interfaces/share/ros2_serial_interfaces/cmake/ament_cmake_export_dependencies-extras.cmake
-- Symlinking: /home/zalv/hokuyo3_ws/install/ros2_serial_interfaces/share/ros2_serial_interfaces/cmake/ament_cmake_export_include_directories-extras.cmake
-- Symlinking: /home/zalv/hokuyo3_ws/install/ros2_serial_interfaces/share/ros2_serial_interfaces/cmake/ament_cmake_export_libraries-extras.cmake
-- Symlinking: /home/zalv/hokuyo3_ws/install/ros2_serial_interfaces/share/ros2_serial_interfaces/cmake/ament_cmake_export_targets-extras.cmake
-- Symlinking: /home/zalv/hokuyo3_ws/install/ros2_serial_interfaces/share/ros2_serial_interfaces/cmake/rosidl_cmake_export_typesupport_targets-extras.cmake
-- Symlinking: /home/zalv/hokuyo3_ws/install/ros2_serial_interfaces/share/ros2_serial_interfaces/cmake/rosidl_cmake_export_typesupport_libraries-extras.cmake
-- Symlinking: /home/zalv/hokuyo3_ws/install/ros2_serial_interfaces/share/ros2_serial_interfaces/cmake/ros2_serial_interfacesConfig.cmake
-- Symlinking: /home/zalv/hokuyo3_ws/install/ros2_serial_interfaces/share/ros2_serial_interfaces/cmake/ros2_serial_interfacesConfig-version.cmake
-- Symlinking: /home/zalv/hokuyo3_ws/install/ros2_serial_interfaces/share/ros2_serial_interfaces/package.xml
-- Installing: /home/zalv/hokuyo3_ws/install/ros2_serial_interfaces/lib/libros2_serial_interfaces__rosidl_generator_c.so
-- Set runtime path of "/home/zalv/hokuyo3_ws/install/ros2_serial_interfaces/lib/libros2_serial_interfaces__rosidl_generator_c.so" to ""
-- Installing: /home/zalv/hokuyo3_ws/install/ros2_serial_interfaces/lib/libros2_serial_interfaces__rosidl_typesupport_fastrtps_c.so
-- Set runtime path of "/home/zalv/hokuyo3_ws/install/ros2_serial_interfaces/lib/libros2_serial_interfaces__rosidl_typesupport_fastrtps_c.so" to ""
-- Installing: /home/zalv/hokuyo3_ws/install/ros2_serial_interfaces/lib/libros2_serial_interfaces__rosidl_typesupport_fastrtps_cpp.so
-- Set runtime path of "/home/zalv/hokuyo3_ws/install/ros2_serial_interfaces/lib/libros2_serial_interfaces__rosidl_typesupport_fastrtps_cpp.so" to ""
-- Installing: /home/zalv/hokuyo3_ws/install/ros2_serial_interfaces/lib/libros2_serial_interfaces__rosidl_typesupport_introspection_c.so
-- Set runtime path of "/home/zalv/hokuyo3_ws/install/ros2_serial_interfaces/lib/libros2_serial_interfaces__rosidl_typesupport_introspection_c.so" to ""
-- Installing: /home/zalv/hokuyo3_ws/install/ros2_serial_interfaces/lib/libros2_serial_interfaces__rosidl_typesupport_c.so
-- Set runtime path of "/home/zalv/hokuyo3_ws/install/ros2_serial_interfaces/lib/libros2_serial_interfaces__rosidl_typesupport_c.so" to ""
-- Installing: /home/zalv/hokuyo3_ws/install/ros2_serial_interfaces/lib/libros2_serial_interfaces__rosidl_typesupport_introspection_cpp.so
-- Set runtime path of "/home/zalv/hokuyo3_ws/install/ros2_serial_interfaces/lib/libros2_serial_interfaces__rosidl_typesupport_introspection_cpp.so" to ""
-- Installing: /home/zalv/hokuyo3_ws/install/ros2_serial_interfaces/lib/libros2_serial_interfaces__rosidl_typesupport_cpp.so
-- Set runtime path of "/home/zalv/hokuyo3_ws/install/ros2_serial_interfaces/lib/libros2_serial_interfaces__rosidl_typesupport_cpp.so" to ""
Listing '/home/zalv/hokuyo3_ws/install/ros2_serial_interfaces/local/lib/python3.10/dist-packages/ros2_serial_interfaces'...
Compiling '/home/zalv/hokuyo3_ws/install/ros2_serial_interfaces/local/lib/python3.10/dist-packages/ros2_serial_interfaces/__init__.py'...
Listing '/home/zalv/hokuyo3_ws/install/ros2_serial_interfaces/local/lib/python3.10/dist-packages/ros2_serial_interfaces/msg'...
Compiling '/home/zalv/hokuyo3_ws/install/ros2_serial_interfaces/local/lib/python3.10/dist-packages/ros2_serial_interfaces/msg/__init__.py'...
Compiling '/home/zalv/hokuyo3_ws/install/ros2_serial_interfaces/local/lib/python3.10/dist-packages/ros2_serial_interfaces/msg/_serial_string.py'...
-- Installing: /home/zalv/hokuyo3_ws/install/ros2_serial_interfaces/lib/libros2_serial_interfaces__rosidl_generator_py.so
-- Set runtime path of "/home/zalv/hokuyo3_ws/install/ros2_serial_interfaces/lib/libros2_serial_interfaces__rosidl_generator_py.so" to ""
-- Installing: /home/zalv/hokuyo3_ws/install/ros2_serial_interfaces/share/ros2_serial_interfaces/cmake/export_ros2_serial_interfaces__rosidl_generator_cExport.cmake
-- Installing: /home/zalv/hokuyo3_ws/install/ros2_serial_interfaces/share/ros2_serial_interfaces/cmake/export_ros2_serial_interfaces__rosidl_generator_cExport-noconfig.cmake
-- Installing: /home/zalv/hokuyo3_ws/install/ros2_serial_interfaces/share/ros2_serial_interfaces/cmake/export_ros2_serial_interfaces__rosidl_typesupport_fastrtps_cExport.cmake
-- Installing: /home/zalv/hokuyo3_ws/install/ros2_serial_interfaces/share/ros2_serial_interfaces/cmake/export_ros2_serial_interfaces__rosidl_typesupport_fastrtps_cExport-noconfig.cmake
-- Installing: /home/zalv/hokuyo3_ws/install/ros2_serial_interfaces/share/ros2_serial_interfaces/cmake/export_ros2_serial_interfaces__rosidl_generator_cppExport.cmake
-- Installing: /home/zalv/hokuyo3_ws/install/ros2_serial_interfaces/share/ros2_serial_interfaces/cmake/export_ros2_serial_interfaces__rosidl_typesupport_fastrtps_cppExport.cmake
-- Installing: /home/zalv/hokuyo3_ws/install/ros2_serial_interfaces/share/ros2_serial_interfaces/cmake/export_ros2_serial_interfaces__rosidl_typesupport_fastrtps_cppExport-noconfig.cmake
-- Installing: /home/zalv/hokuyo3_ws/install/ros2_serial_interfaces/share/ros2_serial_interfaces/cmake/ros2_serial_interfaces__rosidl_typesupport_introspection_cExport.cmake
-- Installing: /home/zalv/hokuyo3_ws/install/ros2_serial_interfaces/share/ros2_serial_interfaces/cmake/ros2_serial_interfaces__rosidl_typesupport_introspection_cExport-noconfig.cmake
-- Installing: /home/zalv/hokuyo3_ws/install/ros2_serial_interfaces/share/ros2_serial_interfaces/cmake/ros2_serial_interfaces__rosidl_typesupport_cExport.cmake
-- Installing: /home/zalv/hokuyo3_ws/install/ros2_serial_interfaces/share/ros2_serial_interfaces/cmake/ros2_serial_interfaces__rosidl_typesupport_cExport-noconfig.cmake
-- Installing: /home/zalv/hokuyo3_ws/install/ros2_serial_interfaces/share/ros2_serial_interfaces/cmake/ros2_serial_interfaces__rosidl_typesupport_introspection_cppExport.cmake
-- Installing: /home/zalv/hokuyo3_ws/install/ros2_serial_interfaces/share/ros2_serial_interfaces/cmake/ros2_serial_interfaces__rosidl_typesupport_introspection_cppExport-noconfig.cmake
-- Installing: /home/zalv/hokuyo3_ws/install/ros2_serial_interfaces/share/ros2_serial_interfaces/cmake/ros2_serial_interfaces__rosidl_typesupport_cppExport.cmake
-- Installing: /home/zalv/hokuyo3_ws/install/ros2_serial_interfaces/share/ros2_serial_interfaces/cmake/ros2_serial_interfaces__rosidl_typesupport_cppExport-noconfig.cmake
-- Installing: /home/zalv/hokuyo3_ws/install/ros2_serial_interfaces/share/ros2_serial_interfaces/cmake/export_ros2_serial_interfaces__rosidl_generator_pyExport.cmake
-- Installing: /home/zalv/hokuyo3_ws/install/ros2_serial_interfaces/share/ros2_serial_interfaces/cmake/export_ros2_serial_interfaces__rosidl_generator_pyExport-noconfig.cmake
