[0.025s] Invoking command in '/home/zalv/hokuyo3_ws/build/ros2_serial_interfaces': CMAKE_PREFIX_PATH=${CMAKE_PREFIX_PATH}:/opt/ros/humble /usr/bin/cmake --build /home/zalv/hokuyo3_ws/build/ros2_serial_interfaces -- -j22 -l22
[0.064s] [35m[1mConsolidate compiler generated dependencies of target ros2_serial_interfaces__rosidl_generator_c[0m
[0.075s] [  9%] Built target ros2_serial_interfaces__rosidl_generator_c
[0.076s] [ 12%] Built target ros2_serial_interfaces__cpp
[0.080s] [ 12%] Built target ament_cmake_python_symlink_ros2_serial_interfaces
[0.086s] [35m[1mConsolidate compiler generated dependencies of target ros2_serial_interfaces__rosidl_typesupport_fastrtps_c[0m
[0.090s] [35m[1mConsolidate compiler generated dependencies of target ros2_serial_interfaces__rosidl_typesupport_c[0m
[0.090s] [35m[1mConsolidate compiler generated dependencies of target ros2_serial_interfaces__rosidl_typesupport_introspection_c[0m
[0.091s] [35m[1mConsolidate compiler generated dependencies of target ros2_serial_interfaces__rosidl_typesupport_cpp[0m
[0.091s] [35m[1mConsolidate compiler generated dependencies of target ros2_serial_interfaces__rosidl_typesupport_fastrtps_cpp[0m
[0.091s] [35m[1mConsolidate compiler generated dependencies of target ros2_serial_interfaces__rosidl_typesupport_introspection_cpp[0m
[0.104s] [ 22%] Built target ros2_serial_interfaces__rosidl_typesupport_c
[0.104s] [ 32%] Built target ros2_serial_interfaces__rosidl_typesupport_introspection_c
[0.106s] [ 41%] Built target ros2_serial_interfaces__rosidl_typesupport_fastrtps_c
[0.113s] [ 61%] Built target ros2_serial_interfaces__rosidl_typesupport_cpp
[0.113s] [ 61%] Built target ros2_serial_interfaces__rosidl_typesupport_fastrtps_cpp
[0.113s] [ 70%] Built target ros2_serial_interfaces__rosidl_typesupport_introspection_cpp
[0.138s] [ 70%] Built target ros2_serial_interfaces
[0.165s] [ 74%] Built target ros2_serial_interfaces__py
[0.177s] [35m[1mConsolidate compiler generated dependencies of target ros2_serial_interfaces__rosidl_generator_py[0m
[0.189s] [ 80%] Built target ros2_serial_interfaces__rosidl_generator_py
[0.200s] [35m[1mConsolidate compiler generated dependencies of target ros2_serial_interfaces__rosidl_typesupport_fastrtps_c__pyext[0m
[0.202s] [35m[1mConsolidate compiler generated dependencies of target ros2_serial_interfaces__rosidl_typesupport_c__pyext[0m
[0.203s] [35m[1mConsolidate compiler generated dependencies of target ros2_serial_interfaces__rosidl_typesupport_introspection_c__pyext[0m
[0.215s] [ 87%] Built target ros2_serial_interfaces__rosidl_typesupport_introspection_c__pyext
[0.215s] [ 93%] Built target ros2_serial_interfaces__rosidl_typesupport_fastrtps_c__pyext
[0.216s] [100%] Built target ros2_serial_interfaces__rosidl_typesupport_c__pyext
[0.336s] running egg_info
[0.337s] writing ros2_serial_interfaces.egg-info/PKG-INFO
[0.337s] writing dependency_links to ros2_serial_interfaces.egg-info/dependency_links.txt
[0.338s] writing top-level names to ros2_serial_interfaces.egg-info/top_level.txt
[0.339s] reading manifest file 'ros2_serial_interfaces.egg-info/SOURCES.txt'
[0.340s] writing manifest file 'ros2_serial_interfaces.egg-info/SOURCES.txt'
[0.362s] [100%] Built target ament_cmake_python_build_ros2_serial_interfaces_egg
[0.374s] Invoked command in '/home/zalv/hokuyo3_ws/build/ros2_serial_interfaces' returned '0': CMAKE_PREFIX_PATH=${CMAKE_PREFIX_PATH}:/opt/ros/humble /usr/bin/cmake --build /home/zalv/hokuyo3_ws/build/ros2_serial_interfaces -- -j22 -l22
[0.438s] Invoking command in '/home/zalv/hokuyo3_ws/build/ros2_serial_interfaces': CMAKE_PREFIX_PATH=${CMAKE_PREFIX_PATH}:/opt/ros/humble /usr/bin/cmake --install /home/zalv/hokuyo3_ws/build/ros2_serial_interfaces
[0.447s] -- Install configuration: ""
[0.448s] -- Execute custom install script
[0.448s] -- Symlinking: /home/zalv/hokuyo3_ws/install/ros2_serial_interfaces/share/ament_index/resource_index/rosidl_interfaces/ros2_serial_interfaces
[0.459s] -- Symlinking: /home/zalv/hokuyo3_ws/install/ros2_serial_interfaces/include/ros2_serial_interfaces/ros2_serial_interfaces/msg/detail/serial_string__functions.h
[0.467s] -- Symlinking: /home/zalv/hokuyo3_ws/install/ros2_serial_interfaces/include/ros2_serial_interfaces/ros2_serial_interfaces/msg/detail/serial_string__struct.h
[0.477s] -- Symlinking: /home/zalv/hokuyo3_ws/install/ros2_serial_interfaces/include/ros2_serial_interfaces/ros2_serial_interfaces/msg/detail/serial_string__type_support.h
[0.488s] -- Symlinking: /home/zalv/hokuyo3_ws/install/ros2_serial_interfaces/include/ros2_serial_interfaces/ros2_serial_interfaces/msg/rosidl_generator_c__visibility_control.h
[0.496s] -- Symlinking: /home/zalv/hokuyo3_ws/install/ros2_serial_interfaces/include/ros2_serial_interfaces/ros2_serial_interfaces/msg/serial_string.h
[0.506s] -- Symlinking: /home/zalv/hokuyo3_ws/install/ros2_serial_interfaces/share/ros2_serial_interfaces/environment/library_path.sh
[0.513s] -- Symlinking: /home/zalv/hokuyo3_ws/install/ros2_serial_interfaces/share/ros2_serial_interfaces/environment/library_path.dsv
[0.521s] -- Symlinking: /home/zalv/hokuyo3_ws/install/ros2_serial_interfaces/include/ros2_serial_interfaces/ros2_serial_interfaces/msg/detail/serial_string__rosidl_typesupport_fastrtps_c.h
[0.529s] -- Symlinking: /home/zalv/hokuyo3_ws/install/ros2_serial_interfaces/include/ros2_serial_interfaces/ros2_serial_interfaces/msg/rosidl_typesupport_fastrtps_c__visibility_control.h
[0.537s] -- Symlinking: /home/zalv/hokuyo3_ws/install/ros2_serial_interfaces/include/ros2_serial_interfaces/ros2_serial_interfaces/msg/detail/serial_string__builder.hpp
[0.545s] -- Symlinking: /home/zalv/hokuyo3_ws/install/ros2_serial_interfaces/include/ros2_serial_interfaces/ros2_serial_interfaces/msg/detail/serial_string__struct.hpp
[0.554s] -- Symlinking: /home/zalv/hokuyo3_ws/install/ros2_serial_interfaces/include/ros2_serial_interfaces/ros2_serial_interfaces/msg/detail/serial_string__traits.hpp
[0.561s] -- Symlinking: /home/zalv/hokuyo3_ws/install/ros2_serial_interfaces/include/ros2_serial_interfaces/ros2_serial_interfaces/msg/serial_string.hpp
[0.570s] -- Symlinking: /home/zalv/hokuyo3_ws/install/ros2_serial_interfaces/include/ros2_serial_interfaces/ros2_serial_interfaces/msg/detail/serial_string__rosidl_typesupport_fastrtps_cpp.hpp
[0.579s] -- Symlinking: /home/zalv/hokuyo3_ws/install/ros2_serial_interfaces/include/ros2_serial_interfaces/ros2_serial_interfaces/msg/rosidl_typesupport_fastrtps_cpp__visibility_control.h
[0.588s] -- Symlinking: /home/zalv/hokuyo3_ws/install/ros2_serial_interfaces/include/ros2_serial_interfaces/ros2_serial_interfaces/msg/detail/serial_string__rosidl_typesupport_introspection_c.h
[0.596s] -- Symlinking: /home/zalv/hokuyo3_ws/install/ros2_serial_interfaces/include/ros2_serial_interfaces/ros2_serial_interfaces/msg/rosidl_typesupport_introspection_c__visibility_control.h
[0.605s] -- Symlinking: /home/zalv/hokuyo3_ws/install/ros2_serial_interfaces/include/ros2_serial_interfaces/ros2_serial_interfaces/msg/detail/serial_string__rosidl_typesupport_introspection_cpp.hpp
[0.613s] -- Symlinking: /home/zalv/hokuyo3_ws/install/ros2_serial_interfaces/share/ros2_serial_interfaces/environment/pythonpath.sh
[0.623s] -- Symlinking: /home/zalv/hokuyo3_ws/install/ros2_serial_interfaces/share/ros2_serial_interfaces/environment/pythonpath.dsv
[0.632s] -- Symlinking: /home/zalv/hokuyo3_ws/install/ros2_serial_interfaces/local/lib/python3.10/dist-packages/ros2_serial_interfaces-0.0.0-py3.10.egg-info/PKG-INFO
[0.640s] -- Symlinking: /home/zalv/hokuyo3_ws/install/ros2_serial_interfaces/local/lib/python3.10/dist-packages/ros2_serial_interfaces-0.0.0-py3.10.egg-info/SOURCES.txt
[0.649s] -- Symlinking: /home/zalv/hokuyo3_ws/install/ros2_serial_interfaces/local/lib/python3.10/dist-packages/ros2_serial_interfaces-0.0.0-py3.10.egg-info/dependency_links.txt
[0.655s] -- Symlinking: /home/zalv/hokuyo3_ws/install/ros2_serial_interfaces/local/lib/python3.10/dist-packages/ros2_serial_interfaces-0.0.0-py3.10.egg-info/top_level.txt
[0.662s] -- Symlinking: /home/zalv/hokuyo3_ws/install/ros2_serial_interfaces/local/lib/python3.10/dist-packages/ros2_serial_interfaces/__init__.py
[0.668s] -- Symlinking: /home/zalv/hokuyo3_ws/install/ros2_serial_interfaces/local/lib/python3.10/dist-packages/ros2_serial_interfaces/_ros2_serial_interfaces_s.ep.rosidl_typesupport_c.c
[0.675s] -- Symlinking: /home/zalv/hokuyo3_ws/install/ros2_serial_interfaces/local/lib/python3.10/dist-packages/ros2_serial_interfaces/_ros2_serial_interfaces_s.ep.rosidl_typesupport_fastrtps_c.c
[0.682s] -- Symlinking: /home/zalv/hokuyo3_ws/install/ros2_serial_interfaces/local/lib/python3.10/dist-packages/ros2_serial_interfaces/_ros2_serial_interfaces_s.ep.rosidl_typesupport_introspection_c.c
[0.690s] -- Symlinking: /home/zalv/hokuyo3_ws/install/ros2_serial_interfaces/local/lib/python3.10/dist-packages/ros2_serial_interfaces/libros2_serial_interfaces__rosidl_generator_py.so
[0.698s] -- Symlinking: /home/zalv/hokuyo3_ws/install/ros2_serial_interfaces/local/lib/python3.10/dist-packages/ros2_serial_interfaces/msg/__init__.py
[0.708s] -- Symlinking: /home/zalv/hokuyo3_ws/install/ros2_serial_interfaces/local/lib/python3.10/dist-packages/ros2_serial_interfaces/msg/_serial_string.py
[0.717s] -- Symlinking: /home/zalv/hokuyo3_ws/install/ros2_serial_interfaces/local/lib/python3.10/dist-packages/ros2_serial_interfaces/msg/_serial_string_s.c
[0.727s] -- Symlinking: /home/zalv/hokuyo3_ws/install/ros2_serial_interfaces/local/lib/python3.10/dist-packages/ros2_serial_interfaces/ros2_serial_interfaces_s__rosidl_typesupport_c.cpython-310-x86_64-linux-gnu.so
[0.735s] -- Symlinking: /home/zalv/hokuyo3_ws/install/ros2_serial_interfaces/local/lib/python3.10/dist-packages/ros2_serial_interfaces/ros2_serial_interfaces_s__rosidl_typesupport_fastrtps_c.cpython-310-x86_64-linux-gnu.so
[0.742s] -- Symlinking: /home/zalv/hokuyo3_ws/install/ros2_serial_interfaces/local/lib/python3.10/dist-packages/ros2_serial_interfaces/ros2_serial_interfaces_s__rosidl_typesupport_introspection_c.cpython-310-x86_64-linux-gnu.so
[0.754s] -- Up-to-date symlink: /home/zalv/hokuyo3_ws/install/ros2_serial_interfaces/local/lib/python3.10/dist-packages/ros2_serial_interfaces/ros2_serial_interfaces_s__rosidl_typesupport_fastrtps_c.cpython-310-x86_64-linux-gnu.so
[0.755s] -- Up-to-date symlink: /home/zalv/hokuyo3_ws/install/ros2_serial_interfaces/local/lib/python3.10/dist-packages/ros2_serial_interfaces/ros2_serial_interfaces_s__rosidl_typesupport_introspection_c.cpython-310-x86_64-linux-gnu.so
[0.755s] -- Up-to-date symlink: /home/zalv/hokuyo3_ws/install/ros2_serial_interfaces/local/lib/python3.10/dist-packages/ros2_serial_interfaces/ros2_serial_interfaces_s__rosidl_typesupport_c.cpython-310-x86_64-linux-gnu.so
[0.755s] -- Symlinking: /home/zalv/hokuyo3_ws/install/ros2_serial_interfaces/share/ros2_serial_interfaces/msg/SerialString.idl
[0.766s] -- Symlinking: /home/zalv/hokuyo3_ws/install/ros2_serial_interfaces/share/ros2_serial_interfaces/msg/SerialString.msg
[0.775s] -- Symlinking: /home/zalv/hokuyo3_ws/install/ros2_serial_interfaces/share/ament_index/resource_index/package_run_dependencies/ros2_serial_interfaces
[0.784s] -- Symlinking: /home/zalv/hokuyo3_ws/install/ros2_serial_interfaces/share/ament_index/resource_index/parent_prefix_path/ros2_serial_interfaces
[0.793s] -- Symlinking: /home/zalv/hokuyo3_ws/install/ros2_serial_interfaces/share/ros2_serial_interfaces/environment/ament_prefix_path.sh
[0.802s] -- Symlinking: /home/zalv/hokuyo3_ws/install/ros2_serial_interfaces/share/ros2_serial_interfaces/environment/ament_prefix_path.dsv
[0.810s] -- Symlinking: /home/zalv/hokuyo3_ws/install/ros2_serial_interfaces/share/ros2_serial_interfaces/environment/path.sh
[0.820s] -- Symlinking: /home/zalv/hokuyo3_ws/install/ros2_serial_interfaces/share/ros2_serial_interfaces/environment/path.dsv
[0.828s] -- Symlinking: /home/zalv/hokuyo3_ws/install/ros2_serial_interfaces/share/ros2_serial_interfaces/local_setup.bash
[0.836s] -- Symlinking: /home/zalv/hokuyo3_ws/install/ros2_serial_interfaces/share/ros2_serial_interfaces/local_setup.sh
[0.845s] -- Symlinking: /home/zalv/hokuyo3_ws/install/ros2_serial_interfaces/share/ros2_serial_interfaces/local_setup.zsh
[0.852s] -- Symlinking: /home/zalv/hokuyo3_ws/install/ros2_serial_interfaces/share/ros2_serial_interfaces/local_setup.dsv
[0.861s] -- Symlinking: /home/zalv/hokuyo3_ws/install/ros2_serial_interfaces/share/ros2_serial_interfaces/package.dsv
[0.868s] -- Symlinking: /home/zalv/hokuyo3_ws/install/ros2_serial_interfaces/share/ament_index/resource_index/packages/ros2_serial_interfaces
[0.876s] -- Symlinking: /home/zalv/hokuyo3_ws/install/ros2_serial_interfaces/share/ros2_serial_interfaces/cmake/rosidl_cmake-extras.cmake
[0.883s] -- Symlinking: /home/zalv/hokuyo3_ws/install/ros2_serial_interfaces/share/ros2_serial_interfaces/cmake/ament_cmake_export_dependencies-extras.cmake
[0.890s] -- Symlinking: /home/zalv/hokuyo3_ws/install/ros2_serial_interfaces/share/ros2_serial_interfaces/cmake/ament_cmake_export_include_directories-extras.cmake
[0.898s] -- Symlinking: /home/zalv/hokuyo3_ws/install/ros2_serial_interfaces/share/ros2_serial_interfaces/cmake/ament_cmake_export_libraries-extras.cmake
[0.906s] -- Symlinking: /home/zalv/hokuyo3_ws/install/ros2_serial_interfaces/share/ros2_serial_interfaces/cmake/ament_cmake_export_targets-extras.cmake
[0.913s] -- Symlinking: /home/zalv/hokuyo3_ws/install/ros2_serial_interfaces/share/ros2_serial_interfaces/cmake/rosidl_cmake_export_typesupport_targets-extras.cmake
[0.919s] -- Symlinking: /home/zalv/hokuyo3_ws/install/ros2_serial_interfaces/share/ros2_serial_interfaces/cmake/rosidl_cmake_export_typesupport_libraries-extras.cmake
[0.926s] -- Symlinking: /home/zalv/hokuyo3_ws/install/ros2_serial_interfaces/share/ros2_serial_interfaces/cmake/ros2_serial_interfacesConfig.cmake
[0.935s] -- Symlinking: /home/zalv/hokuyo3_ws/install/ros2_serial_interfaces/share/ros2_serial_interfaces/cmake/ros2_serial_interfacesConfig-version.cmake
[0.942s] -- Symlinking: /home/zalv/hokuyo3_ws/install/ros2_serial_interfaces/share/ros2_serial_interfaces/package.xml
[0.947s] -- Installing: /home/zalv/hokuyo3_ws/install/ros2_serial_interfaces/lib/libros2_serial_interfaces__rosidl_generator_c.so
[0.948s] -- Set runtime path of "/home/zalv/hokuyo3_ws/install/ros2_serial_interfaces/lib/libros2_serial_interfaces__rosidl_generator_c.so" to ""
[0.948s] -- Installing: /home/zalv/hokuyo3_ws/install/ros2_serial_interfaces/lib/libros2_serial_interfaces__rosidl_typesupport_fastrtps_c.so
[0.948s] -- Set runtime path of "/home/zalv/hokuyo3_ws/install/ros2_serial_interfaces/lib/libros2_serial_interfaces__rosidl_typesupport_fastrtps_c.so" to ""
[0.948s] -- Installing: /home/zalv/hokuyo3_ws/install/ros2_serial_interfaces/lib/libros2_serial_interfaces__rosidl_typesupport_fastrtps_cpp.so
[0.948s] -- Set runtime path of "/home/zalv/hokuyo3_ws/install/ros2_serial_interfaces/lib/libros2_serial_interfaces__rosidl_typesupport_fastrtps_cpp.so" to ""
[0.948s] -- Installing: /home/zalv/hokuyo3_ws/install/ros2_serial_interfaces/lib/libros2_serial_interfaces__rosidl_typesupport_introspection_c.so
[0.948s] -- Set runtime path of "/home/zalv/hokuyo3_ws/install/ros2_serial_interfaces/lib/libros2_serial_interfaces__rosidl_typesupport_introspection_c.so" to ""
[0.948s] -- Installing: /home/zalv/hokuyo3_ws/install/ros2_serial_interfaces/lib/libros2_serial_interfaces__rosidl_typesupport_c.so
[0.948s] -- Set runtime path of "/home/zalv/hokuyo3_ws/install/ros2_serial_interfaces/lib/libros2_serial_interfaces__rosidl_typesupport_c.so" to ""
[0.949s] -- Installing: /home/zalv/hokuyo3_ws/install/ros2_serial_interfaces/lib/libros2_serial_interfaces__rosidl_typesupport_introspection_cpp.so
[0.949s] -- Set runtime path of "/home/zalv/hokuyo3_ws/install/ros2_serial_interfaces/lib/libros2_serial_interfaces__rosidl_typesupport_introspection_cpp.so" to ""
[0.949s] -- Installing: /home/zalv/hokuyo3_ws/install/ros2_serial_interfaces/lib/libros2_serial_interfaces__rosidl_typesupport_cpp.so
[0.949s] -- Set runtime path of "/home/zalv/hokuyo3_ws/install/ros2_serial_interfaces/lib/libros2_serial_interfaces__rosidl_typesupport_cpp.so" to ""
[0.977s] Listing '/home/zalv/hokuyo3_ws/install/ros2_serial_interfaces/local/lib/python3.10/dist-packages/ros2_serial_interfaces'...
[0.977s] Compiling '/home/zalv/hokuyo3_ws/install/ros2_serial_interfaces/local/lib/python3.10/dist-packages/ros2_serial_interfaces/__init__.py'...
[0.977s] Listing '/home/zalv/hokuyo3_ws/install/ros2_serial_interfaces/local/lib/python3.10/dist-packages/ros2_serial_interfaces/msg'...
[0.977s] Compiling '/home/zalv/hokuyo3_ws/install/ros2_serial_interfaces/local/lib/python3.10/dist-packages/ros2_serial_interfaces/msg/__init__.py'...
[0.977s] Compiling '/home/zalv/hokuyo3_ws/install/ros2_serial_interfaces/local/lib/python3.10/dist-packages/ros2_serial_interfaces/msg/_serial_string.py'...
[0.980s] -- Installing: /home/zalv/hokuyo3_ws/install/ros2_serial_interfaces/lib/libros2_serial_interfaces__rosidl_generator_py.so
[0.981s] -- Set runtime path of "/home/zalv/hokuyo3_ws/install/ros2_serial_interfaces/lib/libros2_serial_interfaces__rosidl_generator_py.so" to ""
[0.981s] -- Installing: /home/zalv/hokuyo3_ws/install/ros2_serial_interfaces/share/ros2_serial_interfaces/cmake/export_ros2_serial_interfaces__rosidl_generator_cExport.cmake
[0.981s] -- Installing: /home/zalv/hokuyo3_ws/install/ros2_serial_interfaces/share/ros2_serial_interfaces/cmake/export_ros2_serial_interfaces__rosidl_generator_cExport-noconfig.cmake
[0.981s] -- Installing: /home/zalv/hokuyo3_ws/install/ros2_serial_interfaces/share/ros2_serial_interfaces/cmake/export_ros2_serial_interfaces__rosidl_typesupport_fastrtps_cExport.cmake
[0.981s] -- Installing: /home/zalv/hokuyo3_ws/install/ros2_serial_interfaces/share/ros2_serial_interfaces/cmake/export_ros2_serial_interfaces__rosidl_typesupport_fastrtps_cExport-noconfig.cmake
[0.982s] -- Installing: /home/zalv/hokuyo3_ws/install/ros2_serial_interfaces/share/ros2_serial_interfaces/cmake/export_ros2_serial_interfaces__rosidl_generator_cppExport.cmake
[0.982s] -- Installing: /home/zalv/hokuyo3_ws/install/ros2_serial_interfaces/share/ros2_serial_interfaces/cmake/export_ros2_serial_interfaces__rosidl_typesupport_fastrtps_cppExport.cmake
[0.982s] -- Installing: /home/zalv/hokuyo3_ws/install/ros2_serial_interfaces/share/ros2_serial_interfaces/cmake/export_ros2_serial_interfaces__rosidl_typesupport_fastrtps_cppExport-noconfig.cmake
[0.982s] -- Installing: /home/zalv/hokuyo3_ws/install/ros2_serial_interfaces/share/ros2_serial_interfaces/cmake/ros2_serial_interfaces__rosidl_typesupport_introspection_cExport.cmake
[0.982s] -- Installing: /home/zalv/hokuyo3_ws/install/ros2_serial_interfaces/share/ros2_serial_interfaces/cmake/ros2_serial_interfaces__rosidl_typesupport_introspection_cExport-noconfig.cmake
[0.982s] -- Installing: /home/zalv/hokuyo3_ws/install/ros2_serial_interfaces/share/ros2_serial_interfaces/cmake/ros2_serial_interfaces__rosidl_typesupport_cExport.cmake
[0.982s] -- Installing: /home/zalv/hokuyo3_ws/install/ros2_serial_interfaces/share/ros2_serial_interfaces/cmake/ros2_serial_interfaces__rosidl_typesupport_cExport-noconfig.cmake
[0.982s] -- Installing: /home/zalv/hokuyo3_ws/install/ros2_serial_interfaces/share/ros2_serial_interfaces/cmake/ros2_serial_interfaces__rosidl_typesupport_introspection_cppExport.cmake
[0.982s] -- Installing: /home/zalv/hokuyo3_ws/install/ros2_serial_interfaces/share/ros2_serial_interfaces/cmake/ros2_serial_interfaces__rosidl_typesupport_introspection_cppExport-noconfig.cmake
[0.982s] -- Installing: /home/zalv/hokuyo3_ws/install/ros2_serial_interfaces/share/ros2_serial_interfaces/cmake/ros2_serial_interfaces__rosidl_typesupport_cppExport.cmake
[0.982s] -- Installing: /home/zalv/hokuyo3_ws/install/ros2_serial_interfaces/share/ros2_serial_interfaces/cmake/ros2_serial_interfaces__rosidl_typesupport_cppExport-noconfig.cmake
[0.983s] -- Installing: /home/zalv/hokuyo3_ws/install/ros2_serial_interfaces/share/ros2_serial_interfaces/cmake/export_ros2_serial_interfaces__rosidl_generator_pyExport.cmake
[0.983s] -- Installing: /home/zalv/hokuyo3_ws/install/ros2_serial_interfaces/share/ros2_serial_interfaces/cmake/export_ros2_serial_interfaces__rosidl_generator_pyExport-noconfig.cmake
[0.985s] Invoked command in '/home/zalv/hokuyo3_ws/build/ros2_serial_interfaces' returned '0': CMAKE_PREFIX_PATH=${CMAKE_PREFIX_PATH}:/opt/ros/humble /usr/bin/cmake --install /home/zalv/hokuyo3_ws/build/ros2_serial_interfaces
