[0.035s] Invoking command in '/home/zalv/hokuyo3_ws/build/serial': CMAKE_PREFIX_PATH=${CMAKE_PREFIX_PATH}:/opt/ros/humble /usr/bin/cmake --build /home/zalv/hokuyo3_ws/build/serial -- -j22 -l22
[0.094s] [100%] Built target serial
[0.108s] Invoked command in '/home/zalv/hokuyo3_ws/build/serial' returned '0': CMAKE_PREFIX_PATH=${CMAKE_PREFIX_PATH}:/opt/ros/humble /usr/bin/cmake --build /home/zalv/hokuyo3_ws/build/serial -- -j22 -l22
[0.148s] Invoking command in '/home/zalv/hokuyo3_ws/build/serial': CMAKE_PREFIX_PATH=${CMAKE_PREFIX_PATH}:/opt/ros/humble /usr/bin/cmake --install /home/zalv/hokuyo3_ws/build/serial
[0.158s] -- Install configuration: ""
[0.160s] -- Execute custom install script
[0.161s] -- Up-to-date symlink: /home/zalv/hokuyo3_ws/install/serial/share/serial/environment/library_path.sh
[0.161s] -- Up-to-date symlink: /home/zalv/hokuyo3_ws/install/serial/share/serial/environment/library_path.dsv
[0.161s] -- Up-to-date symlink: /home/zalv/hokuyo3_ws/install/serial/lib/libserial.a
[0.161s] -- Up-to-date symlink: /home/zalv/hokuyo3_ws/install/serial/include/serial/serial.h
[0.161s] -- Up-to-date symlink: /home/zalv/hokuyo3_ws/install/serial/include/serial/v8stdint.h
[0.161s] -- Up-to-date symlink: /home/zalv/hokuyo3_ws/install/serial/share/ament_index/resource_index/package_run_dependencies/serial
[0.161s] -- Up-to-date symlink: /home/zalv/hokuyo3_ws/install/serial/share/ament_index/resource_index/parent_prefix_path/serial
[0.161s] -- Up-to-date symlink: /home/zalv/hokuyo3_ws/install/serial/share/serial/environment/ament_prefix_path.sh
[0.161s] -- Up-to-date symlink: /home/zalv/hokuyo3_ws/install/serial/share/serial/environment/ament_prefix_path.dsv
[0.161s] -- Up-to-date symlink: /home/zalv/hokuyo3_ws/install/serial/share/serial/environment/path.sh
[0.162s] -- Up-to-date symlink: /home/zalv/hokuyo3_ws/install/serial/share/serial/environment/path.dsv
[0.162s] -- Up-to-date symlink: /home/zalv/hokuyo3_ws/install/serial/share/serial/local_setup.bash
[0.162s] -- Up-to-date symlink: /home/zalv/hokuyo3_ws/install/serial/share/serial/local_setup.sh
[0.162s] -- Up-to-date symlink: /home/zalv/hokuyo3_ws/install/serial/share/serial/local_setup.zsh
[0.162s] -- Up-to-date symlink: /home/zalv/hokuyo3_ws/install/serial/share/serial/local_setup.dsv
[0.162s] -- Symlinking: /home/zalv/hokuyo3_ws/install/serial/share/serial/package.dsv
[0.171s] -- Up-to-date symlink: /home/zalv/hokuyo3_ws/install/serial/share/ament_index/resource_index/packages/serial
[0.172s] -- Up-to-date symlink: /home/zalv/hokuyo3_ws/install/serial/share/serial/cmake/ament_cmake_export_include_directories-extras.cmake
[0.172s] -- Up-to-date symlink: /home/zalv/hokuyo3_ws/install/serial/share/serial/cmake/ament_cmake_export_libraries-extras.cmake
[0.172s] -- Up-to-date symlink: /home/zalv/hokuyo3_ws/install/serial/share/serial/cmake/serialConfig.cmake
[0.172s] -- Up-to-date symlink: /home/zalv/hokuyo3_ws/install/serial/share/serial/cmake/serialConfig-version.cmake
[0.172s] -- Up-to-date symlink: /home/zalv/hokuyo3_ws/install/serial/share/serial/package.xml
[0.197s] Invoked command in '/home/zalv/hokuyo3_ws/build/serial' returned '0': CMAKE_PREFIX_PATH=${CMAKE_PREFIX_PATH}:/opt/ros/humble /usr/bin/cmake --install /home/zalv/hokuyo3_ws/build/serial
