[0.025s] Invoking command in '/home/zalv/hokuyo3_ws/build/laser_to_pc': CMAKE_PREFIX_PATH=${CMAKE_PREFIX_PATH}:/opt/ros/humble /usr/bin/cmake --build /home/zalv/hokuyo3_ws/build/laser_to_pc -- -j22 -l22
[0.040s] -- Found ament_cmake: 1.3.10 (/opt/ros/humble/share/ament_cmake/cmake)
[0.143s] -- Override CMake install command with custom implementation using symlinks instead of copying resources
[0.149s] -- Found rclcpp: 16.0.10 (/opt/ros/humble/share/rclcpp/cmake)
[0.170s] -- Found rosidl_generator_c: 3.1.5 (/opt/ros/humble/share/rosidl_generator_c/cmake)
[0.171s] -- Found rosidl_adapter: 3.1.5 (/opt/ros/humble/share/rosidl_adapter/cmake)
[0.177s] -- Found rosidl_generator_cpp: 3.1.5 (/opt/ros/humble/share/rosidl_generator_cpp/cmake)
[0.183s] -- Using all available rosidl_typesupport_c: rosidl_typesupport_fastrtps_c;rosidl_typesupport_introspection_c
[0.191s] -- Using all available rosidl_typesupport_cpp: rosidl_typesupport_fastrtps_cpp;rosidl_typesupport_introspection_cpp
[0.214s] -- Found rmw_implementation_cmake: 6.1.2 (/opt/ros/humble/share/rmw_implementation_cmake/cmake)
[0.215s] -- Found rmw_fastrtps_cpp: 6.2.7 (/opt/ros/humble/share/rmw_fastrtps_cpp/cmake)
[0.282s] -- Using RMW implementation 'rmw_fastrtps_cpp' as default
[0.319s] -- Found sensor_msgs: 4.2.4 (/opt/ros/humble/share/sensor_msgs/cmake)
[0.336s] -- Found laser_geometry: 2.4.0 (/opt/ros/humble/share/laser_geometry/cmake)
[0.342s] -- Found pcl_conversions: 2.4.5 (/opt/ros/humble/share/pcl_conversions/cmake)
[0.365s] -- Eigen found (include: /usr/include/eigen3, version: 3.4.0)
[0.392s] -- FLANN found (include: /usr/include, lib: /usr/lib/x86_64-linux-gnu/libflann_cpp.so)
[0.628s] -- OpenNI found (version: 1.5.4.0, include: /usr/include/ni, lib: /usr/lib/libOpenNI.so;libusb::libusb)
[0.631s] -- OpenNI2 found (version: 2.2.0.33, include: /usr/include/openni2, lib: /usr/lib/x86_64-linux-gnu/libOpenNI2.so;libusb::libusb)
[0.752s] -- Eigen found (include: /usr/include/eigen3, version: 3.4.0)
[0.758s] -- OpenNI found (version: 1.5.4.0, include: /usr/include/ni, lib: /usr/lib/libOpenNI.so;libusb::libusb)
[0.763s] -- OpenNI2 found (version: 2.2.0.33, include: /usr/include/openni2, lib: /usr/lib/x86_64-linux-gnu/libOpenNI2.so;libusb::libusb)
[0.857s] -- Found Qhull version 8.0.2
[0.963s] -- OpenNI found (version: 1.5.4.0, include: /usr/include/ni, lib: /usr/lib/libOpenNI.so;libusb::libusb)
[1.076s] [33mCMake Warning (dev) at CMakeLists.txt:16 (find_package):
[1.076s]   Policy CMP0074 is not set: find_package uses <PackageName>_ROOT variables.
[1.076s]   Run "cmake --help-policy CMP0074" for policy details.  Use the cmake_policy
[1.076s]   command to set the policy and suppress this warning.
[1.077s] 
[1.077s]   CMake variable PCL_ROOT is set to:
[1.077s] 
[1.077s]     /usr
[1.077s] 
[1.077s]   For compatibility, CMake is ignoring the variable.
[1.078s] This warning is for project developers.  Use -Wno-dev to suppress it.
[1.078s] [0m
[1.089s] -- looking for PCL_<COMPONENTS>
[1.089s] -- Could NOT find PCL_<COMPONENTS> (missing: PCL_<COMPONENTS>_LIBRARY PCL_<COMPONENTS>_INCLUDE_DIR) 
[1.139s] -- Configuring done
[1.174s] -- Generating done
[1.175s] -- Build files have been written to: /home/zalv/hokuyo3_ws/build/laser_to_pc
[1.208s] [35m[1mConsolidate compiler generated dependencies of target laser_to_pointcloud[0m
[1.228s] [ 50%] [32mBuilding CXX object CMakeFiles/laser_to_pointcloud.dir/src/laser_to_pointcloud.cpp.o[0m
[7.866s] [100%] [32m[1mLinking CXX executable laser_to_pointcloud[0m
[8.384s] [100%] Built target laser_to_pointcloud
[8.397s] Invoked command in '/home/zalv/hokuyo3_ws/build/laser_to_pc' returned '0': CMAKE_PREFIX_PATH=${CMAKE_PREFIX_PATH}:/opt/ros/humble /usr/bin/cmake --build /home/zalv/hokuyo3_ws/build/laser_to_pc -- -j22 -l22
[8.421s] Invoking command in '/home/zalv/hokuyo3_ws/build/laser_to_pc': CMAKE_PREFIX_PATH=${CMAKE_PREFIX_PATH}:/opt/ros/humble /usr/bin/cmake --install /home/zalv/hokuyo3_ws/build/laser_to_pc
[8.427s] -- Install configuration: ""
[8.428s] -- Execute custom install script
[8.428s] -- Up-to-date symlink: /home/zalv/hokuyo3_ws/install/laser_to_pc/lib/laser_to_pc/laser_to_pointcloud
[8.428s] -- Up-to-date symlink: /home/zalv/hokuyo3_ws/install/laser_to_pc/share/ament_index/resource_index/package_run_dependencies/laser_to_pc
[8.428s] -- Up-to-date symlink: /home/zalv/hokuyo3_ws/install/laser_to_pc/share/ament_index/resource_index/parent_prefix_path/laser_to_pc
[8.428s] -- Up-to-date symlink: /home/zalv/hokuyo3_ws/install/laser_to_pc/share/laser_to_pc/environment/ament_prefix_path.sh
[8.428s] -- Up-to-date symlink: /home/zalv/hokuyo3_ws/install/laser_to_pc/share/laser_to_pc/environment/ament_prefix_path.dsv
[8.429s] -- Up-to-date symlink: /home/zalv/hokuyo3_ws/install/laser_to_pc/share/laser_to_pc/environment/path.sh
[8.429s] -- Up-to-date symlink: /home/zalv/hokuyo3_ws/install/laser_to_pc/share/laser_to_pc/environment/path.dsv
[8.429s] -- Up-to-date symlink: /home/zalv/hokuyo3_ws/install/laser_to_pc/share/laser_to_pc/local_setup.bash
[8.429s] -- Up-to-date symlink: /home/zalv/hokuyo3_ws/install/laser_to_pc/share/laser_to_pc/local_setup.sh
[8.429s] -- Up-to-date symlink: /home/zalv/hokuyo3_ws/install/laser_to_pc/share/laser_to_pc/local_setup.zsh
[8.429s] -- Up-to-date symlink: /home/zalv/hokuyo3_ws/install/laser_to_pc/share/laser_to_pc/local_setup.dsv
[8.429s] -- Symlinking: /home/zalv/hokuyo3_ws/install/laser_to_pc/share/laser_to_pc/package.dsv
[8.438s] -- Up-to-date symlink: /home/zalv/hokuyo3_ws/install/laser_to_pc/share/ament_index/resource_index/packages/laser_to_pc
[8.438s] -- Up-to-date symlink: /home/zalv/hokuyo3_ws/install/laser_to_pc/share/laser_to_pc/cmake/laser_to_pcConfig.cmake
[8.438s] -- Up-to-date symlink: /home/zalv/hokuyo3_ws/install/laser_to_pc/share/laser_to_pc/cmake/laser_to_pcConfig-version.cmake
[8.438s] -- Up-to-date symlink: /home/zalv/hokuyo3_ws/install/laser_to_pc/share/laser_to_pc/package.xml
[8.440s] Invoked command in '/home/zalv/hokuyo3_ws/build/laser_to_pc' returned '0': CMAKE_PREFIX_PATH=${CMAKE_PREFIX_PATH}:/opt/ros/humble /usr/bin/cmake --install /home/zalv/hokuyo3_ws/build/laser_to_pc
