[0.058s] DEBUG:colcon:Command line arguments: ['/usr/bin/colcon', 'build', '--symlink-install']
[0.058s] DEBUG:colcon:Parsed command line arguments: Namespace(log_base=None, log_level=None, verb_name='build', build_base='build', install_base='install', merge_install=False, symlink_install=True, test_result_base=None, continue_on_error=False, executor='parallel', parallel_workers=22, event_handlers=None, ignore_user_meta=False, metas=['./colcon.meta'], base_paths=['.'], packages_ignore=None, packages_ignore_regex=None, paths=None, packages_up_to=None, packages_up_to_regex=None, packages_above=None, packages_above_and_dependencies=None, packages_above_depth=None, packages_select_by_dep=None, packages_skip_by_dep=None, packages_skip_up_to=None, packages_select_build_failed=False, packages_skip_build_finished=False, packages_select_test_failures=False, packages_skip_test_passed=False, packages_select=None, packages_skip=None, packages_select_regex=None, packages_skip_regex=None, packages_start=None, packages_end=None, allow_overriding=[], cmake_args=None, cmake_target=None, cmake_target_skip_unavailable=False, cmake_clean_cache=False, cmake_clean_first=False, cmake_force_configure=False, ament_cmake_args=None, catkin_cmake_args=None, catkin_skip_building_tests=False, mixin_files=None, mixin=None, verb_parser=<colcon_mixin.mixin.mixin_argument.MixinArgumentDecorator object at 0x746827156740>, verb_extension=<colcon_core.verb.build.BuildVerb object at 0x74682724ed40>, main=<bound method BuildVerb.main of <colcon_core.verb.build.BuildVerb object at 0x74682724ed40>>, mixin_verb=('build',))
[0.144s] Level 1:colcon.colcon_core.package_discovery:discover_packages(colcon_meta) check parameters
[0.145s] Level 1:colcon.colcon_core.package_discovery:discover_packages(recursive) check parameters
[0.145s] Level 1:colcon.colcon_core.package_discovery:discover_packages(ignore) check parameters
[0.145s] Level 1:colcon.colcon_core.package_discovery:discover_packages(path) check parameters
[0.145s] Level 1:colcon.colcon_core.package_discovery:discover_packages(colcon_meta) discover
[0.145s] Level 1:colcon.colcon_core.package_discovery:discover_packages(recursive) discover
[0.145s] INFO:colcon.colcon_core.package_discovery:Crawling recursively for packages in '/home/zalv/hokuyo3_ws'
[0.145s] Level 1:colcon.colcon_core.package_identification:_identify(.) by extensions ['ignore', 'ignore_ament_install']
[0.145s] Level 1:colcon.colcon_core.package_identification:_identify(.) by extension 'ignore'
[0.145s] Level 1:colcon.colcon_core.package_identification:_identify(.) by extension 'ignore_ament_install'
[0.145s] Level 1:colcon.colcon_core.package_identification:_identify(.) by extensions ['colcon_pkg']
[0.145s] Level 1:colcon.colcon_core.package_identification:_identify(.) by extension 'colcon_pkg'
[0.145s] Level 1:colcon.colcon_core.package_identification:_identify(.) by extensions ['colcon_meta']
[0.145s] Level 1:colcon.colcon_core.package_identification:_identify(.) by extension 'colcon_meta'
[0.145s] Level 1:colcon.colcon_core.package_identification:_identify(.) by extensions ['ros']
[0.145s] Level 1:colcon.colcon_core.package_identification:_identify(.) by extension 'ros'
[0.151s] Level 1:colcon.colcon_core.package_identification:_identify(.) by extensions ['cmake', 'python']
[0.151s] Level 1:colcon.colcon_core.package_identification:_identify(.) by extension 'cmake'
[0.151s] Level 1:colcon.colcon_core.package_identification:_identify(.) by extension 'python'
[0.151s] Level 1:colcon.colcon_core.package_identification:_identify(.) by extensions ['python_setup_py']
[0.151s] Level 1:colcon.colcon_core.package_identification:_identify(.) by extension 'python_setup_py'
[0.151s] Level 1:colcon.colcon_core.package_identification:_identify(build) by extensions ['ignore', 'ignore_ament_install']
[0.151s] Level 1:colcon.colcon_core.package_identification:_identify(build) by extension 'ignore'
[0.151s] Level 1:colcon.colcon_core.package_identification:_identify(build) ignored
[0.151s] Level 1:colcon.colcon_core.package_identification:_identify(install) by extensions ['ignore', 'ignore_ament_install']
[0.151s] Level 1:colcon.colcon_core.package_identification:_identify(install) by extension 'ignore'
[0.152s] Level 1:colcon.colcon_core.package_identification:_identify(install) ignored
[0.152s] Level 1:colcon.colcon_core.package_identification:_identify(log) by extensions ['ignore', 'ignore_ament_install']
[0.152s] Level 1:colcon.colcon_core.package_identification:_identify(log) by extension 'ignore'
[0.152s] Level 1:colcon.colcon_core.package_identification:_identify(log) ignored
[0.152s] Level 1:colcon.colcon_core.package_identification:_identify(src) by extensions ['ignore', 'ignore_ament_install']
[0.152s] Level 1:colcon.colcon_core.package_identification:_identify(src) by extension 'ignore'
[0.152s] Level 1:colcon.colcon_core.package_identification:_identify(src) by extension 'ignore_ament_install'
[0.152s] Level 1:colcon.colcon_core.package_identification:_identify(src) by extensions ['colcon_pkg']
[0.152s] Level 1:colcon.colcon_core.package_identification:_identify(src) by extension 'colcon_pkg'
[0.152s] Level 1:colcon.colcon_core.package_identification:_identify(src) by extensions ['colcon_meta']
[0.152s] Level 1:colcon.colcon_core.package_identification:_identify(src) by extension 'colcon_meta'
[0.152s] Level 1:colcon.colcon_core.package_identification:_identify(src) by extensions ['ros']
[0.152s] Level 1:colcon.colcon_core.package_identification:_identify(src) by extension 'ros'
[0.152s] Level 1:colcon.colcon_core.package_identification:_identify(src) by extensions ['cmake', 'python']
[0.152s] Level 1:colcon.colcon_core.package_identification:_identify(src) by extension 'cmake'
[0.152s] Level 1:colcon.colcon_core.package_identification:_identify(src) by extension 'python'
[0.152s] Level 1:colcon.colcon_core.package_identification:_identify(src) by extensions ['python_setup_py']
[0.152s] Level 1:colcon.colcon_core.package_identification:_identify(src) by extension 'python_setup_py'
[0.152s] Level 1:colcon.colcon_core.package_identification:_identify(src/Lslidar_ROS2_driver) by extensions ['ignore', 'ignore_ament_install']
[0.152s] Level 1:colcon.colcon_core.package_identification:_identify(src/Lslidar_ROS2_driver) by extension 'ignore'
[0.152s] Level 1:colcon.colcon_core.package_identification:_identify(src/Lslidar_ROS2_driver) by extension 'ignore_ament_install'
[0.152s] Level 1:colcon.colcon_core.package_identification:_identify(src/Lslidar_ROS2_driver) by extensions ['colcon_pkg']
[0.152s] Level 1:colcon.colcon_core.package_identification:_identify(src/Lslidar_ROS2_driver) by extension 'colcon_pkg'
[0.152s] Level 1:colcon.colcon_core.package_identification:_identify(src/Lslidar_ROS2_driver) by extensions ['colcon_meta']
[0.152s] Level 1:colcon.colcon_core.package_identification:_identify(src/Lslidar_ROS2_driver) by extension 'colcon_meta'
[0.152s] Level 1:colcon.colcon_core.package_identification:_identify(src/Lslidar_ROS2_driver) by extensions ['ros']
[0.152s] Level 1:colcon.colcon_core.package_identification:_identify(src/Lslidar_ROS2_driver) by extension 'ros'
[0.152s] Level 1:colcon.colcon_core.package_identification:_identify(src/Lslidar_ROS2_driver) by extensions ['cmake', 'python']
[0.152s] Level 1:colcon.colcon_core.package_identification:_identify(src/Lslidar_ROS2_driver) by extension 'cmake'
[0.152s] Level 1:colcon.colcon_core.package_identification:_identify(src/Lslidar_ROS2_driver) by extension 'python'
[0.152s] Level 1:colcon.colcon_core.package_identification:_identify(src/Lslidar_ROS2_driver) by extensions ['python_setup_py']
[0.152s] Level 1:colcon.colcon_core.package_identification:_identify(src/Lslidar_ROS2_driver) by extension 'python_setup_py'
[0.152s] Level 1:colcon.colcon_core.package_identification:_identify(src/Lslidar_ROS2_driver/lslidar_driver) by extensions ['ignore', 'ignore_ament_install']
[0.152s] Level 1:colcon.colcon_core.package_identification:_identify(src/Lslidar_ROS2_driver/lslidar_driver) by extension 'ignore'
[0.152s] Level 1:colcon.colcon_core.package_identification:_identify(src/Lslidar_ROS2_driver/lslidar_driver) by extension 'ignore_ament_install'
[0.152s] Level 1:colcon.colcon_core.package_identification:_identify(src/Lslidar_ROS2_driver/lslidar_driver) by extensions ['colcon_pkg']
[0.152s] Level 1:colcon.colcon_core.package_identification:_identify(src/Lslidar_ROS2_driver/lslidar_driver) by extension 'colcon_pkg'
[0.152s] Level 1:colcon.colcon_core.package_identification:_identify(src/Lslidar_ROS2_driver/lslidar_driver) by extensions ['colcon_meta']
[0.152s] Level 1:colcon.colcon_core.package_identification:_identify(src/Lslidar_ROS2_driver/lslidar_driver) by extension 'colcon_meta'
[0.153s] Level 1:colcon.colcon_core.package_identification:_identify(src/Lslidar_ROS2_driver/lslidar_driver) by extensions ['ros']
[0.153s] Level 1:colcon.colcon_core.package_identification:_identify(src/Lslidar_ROS2_driver/lslidar_driver) by extension 'ros'
[0.154s] DEBUG:colcon.colcon_core.package_identification:Package 'src/Lslidar_ROS2_driver/lslidar_driver' with type 'ros.ament_cmake' and name 'lslidar_driver'
[0.154s] Level 1:colcon.colcon_core.package_identification:_identify(src/Lslidar_ROS2_driver/lslidar_msgs) by extensions ['ignore', 'ignore_ament_install']
[0.154s] Level 1:colcon.colcon_core.package_identification:_identify(src/Lslidar_ROS2_driver/lslidar_msgs) by extension 'ignore'
[0.154s] Level 1:colcon.colcon_core.package_identification:_identify(src/Lslidar_ROS2_driver/lslidar_msgs) by extension 'ignore_ament_install'
[0.154s] Level 1:colcon.colcon_core.package_identification:_identify(src/Lslidar_ROS2_driver/lslidar_msgs) by extensions ['colcon_pkg']
[0.154s] Level 1:colcon.colcon_core.package_identification:_identify(src/Lslidar_ROS2_driver/lslidar_msgs) by extension 'colcon_pkg'
[0.154s] Level 1:colcon.colcon_core.package_identification:_identify(src/Lslidar_ROS2_driver/lslidar_msgs) by extensions ['colcon_meta']
[0.154s] Level 1:colcon.colcon_core.package_identification:_identify(src/Lslidar_ROS2_driver/lslidar_msgs) by extension 'colcon_meta'
[0.154s] Level 1:colcon.colcon_core.package_identification:_identify(src/Lslidar_ROS2_driver/lslidar_msgs) by extensions ['ros']
[0.154s] Level 1:colcon.colcon_core.package_identification:_identify(src/Lslidar_ROS2_driver/lslidar_msgs) by extension 'ros'
[0.155s] DEBUG:colcon.colcon_core.package_identification:Package 'src/Lslidar_ROS2_driver/lslidar_msgs' with type 'ros.ament_cmake' and name 'lslidar_msgs'
[0.155s] Level 1:colcon.colcon_core.package_identification:_identify(src/icp_node) by extensions ['ignore', 'ignore_ament_install']
[0.155s] Level 1:colcon.colcon_core.package_identification:_identify(src/icp_node) by extension 'ignore'
[0.155s] Level 1:colcon.colcon_core.package_identification:_identify(src/icp_node) by extension 'ignore_ament_install'
[0.155s] Level 1:colcon.colcon_core.package_identification:_identify(src/icp_node) by extensions ['colcon_pkg']
[0.155s] Level 1:colcon.colcon_core.package_identification:_identify(src/icp_node) by extension 'colcon_pkg'
[0.155s] Level 1:colcon.colcon_core.package_identification:_identify(src/icp_node) by extensions ['colcon_meta']
[0.155s] Level 1:colcon.colcon_core.package_identification:_identify(src/icp_node) by extension 'colcon_meta'
[0.155s] Level 1:colcon.colcon_core.package_identification:_identify(src/icp_node) by extensions ['ros']
[0.155s] Level 1:colcon.colcon_core.package_identification:_identify(src/icp_node) by extension 'ros'
[0.155s] DEBUG:colcon.colcon_core.package_identification:Package 'src/icp_node' with type 'ros.ament_cmake' and name 'icp_node'
[0.155s] Level 1:colcon.colcon_core.package_identification:_identify(src/laser_to_pc) by extensions ['ignore', 'ignore_ament_install']
[0.155s] Level 1:colcon.colcon_core.package_identification:_identify(src/laser_to_pc) by extension 'ignore'
[0.155s] Level 1:colcon.colcon_core.package_identification:_identify(src/laser_to_pc) by extension 'ignore_ament_install'
[0.156s] Level 1:colcon.colcon_core.package_identification:_identify(src/laser_to_pc) by extensions ['colcon_pkg']
[0.156s] Level 1:colcon.colcon_core.package_identification:_identify(src/laser_to_pc) by extension 'colcon_pkg'
[0.156s] Level 1:colcon.colcon_core.package_identification:_identify(src/laser_to_pc) by extensions ['colcon_meta']
[0.156s] Level 1:colcon.colcon_core.package_identification:_identify(src/laser_to_pc) by extension 'colcon_meta'
[0.156s] Level 1:colcon.colcon_core.package_identification:_identify(src/laser_to_pc) by extensions ['ros']
[0.156s] Level 1:colcon.colcon_core.package_identification:_identify(src/laser_to_pc) by extension 'ros'
[0.156s] DEBUG:colcon.colcon_core.package_identification:Package 'src/laser_to_pc' with type 'ros.ament_cmake' and name 'laser_to_pc'
[0.156s] Level 1:colcon.colcon_core.package_identification:_identify(src/pclomp) by extensions ['ignore', 'ignore_ament_install']
[0.156s] Level 1:colcon.colcon_core.package_identification:_identify(src/pclomp) by extension 'ignore'
[0.156s] Level 1:colcon.colcon_core.package_identification:_identify(src/pclomp) by extension 'ignore_ament_install'
[0.156s] Level 1:colcon.colcon_core.package_identification:_identify(src/pclomp) by extensions ['colcon_pkg']
[0.156s] Level 1:colcon.colcon_core.package_identification:_identify(src/pclomp) by extension 'colcon_pkg'
[0.156s] Level 1:colcon.colcon_core.package_identification:_identify(src/pclomp) by extensions ['colcon_meta']
[0.156s] Level 1:colcon.colcon_core.package_identification:_identify(src/pclomp) by extension 'colcon_meta'
[0.156s] Level 1:colcon.colcon_core.package_identification:_identify(src/pclomp) by extensions ['ros']
[0.156s] Level 1:colcon.colcon_core.package_identification:_identify(src/pclomp) by extension 'ros'
[0.157s] DEBUG:colcon.colcon_core.package_identification:Package 'src/pclomp' with type 'ros.cmake' and name 'pclomp'
[0.157s] Level 1:colcon.colcon_core.package_identification:_identify(src/urg_node2) by extensions ['ignore', 'ignore_ament_install']
[0.157s] Level 1:colcon.colcon_core.package_identification:_identify(src/urg_node2) by extension 'ignore'
[0.157s] Level 1:colcon.colcon_core.package_identification:_identify(src/urg_node2) by extension 'ignore_ament_install'
[0.157s] Level 1:colcon.colcon_core.package_identification:_identify(src/urg_node2) by extensions ['colcon_pkg']
[0.157s] Level 1:colcon.colcon_core.package_identification:_identify(src/urg_node2) by extension 'colcon_pkg'
[0.157s] Level 1:colcon.colcon_core.package_identification:_identify(src/urg_node2) by extensions ['colcon_meta']
[0.157s] Level 1:colcon.colcon_core.package_identification:_identify(src/urg_node2) by extension 'colcon_meta'
[0.157s] Level 1:colcon.colcon_core.package_identification:_identify(src/urg_node2) by extensions ['ros']
[0.157s] Level 1:colcon.colcon_core.package_identification:_identify(src/urg_node2) by extension 'ros'
[0.157s] DEBUG:colcon.colcon_core.package_identification:Package 'src/urg_node2' with type 'ros.ament_cmake' and name 'urg_node2'
[0.157s] Level 1:colcon.colcon_core.package_discovery:discover_packages(recursive) using defaults
[0.157s] Level 1:colcon.colcon_core.package_discovery:discover_packages(ignore) discover
[0.157s] Level 1:colcon.colcon_core.package_discovery:discover_packages(ignore) using defaults
[0.157s] Level 1:colcon.colcon_core.package_discovery:discover_packages(path) discover
[0.157s] Level 1:colcon.colcon_core.package_discovery:discover_packages(path) using defaults
[0.175s] Level 1:colcon.colcon_core.package_discovery:discover_packages(prefix_path) check parameters
[0.175s] Level 1:colcon.colcon_core.package_discovery:discover_packages(prefix_path) discover
[0.176s] DEBUG:colcon.colcon_installed_package_information.package_discovery:Found 6 installed packages in /home/zalv/hokuyo3_ws/install
[0.176s] DEBUG:colcon.colcon_installed_package_information.package_discovery:Found 288 installed packages in /opt/ros/humble
[0.177s] Level 1:colcon.colcon_core.package_discovery:discover_packages(prefix_path) using defaults
[0.198s] Level 5:colcon.colcon_core.verb:set package 'icp_node' build argument 'cmake_args' from command line to 'None'
[0.198s] Level 5:colcon.colcon_core.verb:set package 'icp_node' build argument 'cmake_target' from command line to 'None'
[0.198s] Level 5:colcon.colcon_core.verb:set package 'icp_node' build argument 'cmake_target_skip_unavailable' from command line to 'False'
[0.198s] Level 5:colcon.colcon_core.verb:set package 'icp_node' build argument 'cmake_clean_cache' from command line to 'False'
[0.198s] Level 5:colcon.colcon_core.verb:set package 'icp_node' build argument 'cmake_clean_first' from command line to 'False'
[0.198s] Level 5:colcon.colcon_core.verb:set package 'icp_node' build argument 'cmake_force_configure' from command line to 'False'
[0.198s] Level 5:colcon.colcon_core.verb:set package 'icp_node' build argument 'ament_cmake_args' from command line to 'None'
[0.198s] Level 5:colcon.colcon_core.verb:set package 'icp_node' build argument 'catkin_cmake_args' from command line to 'None'
[0.198s] Level 5:colcon.colcon_core.verb:set package 'icp_node' build argument 'catkin_skip_building_tests' from command line to 'False'
[0.198s] DEBUG:colcon.colcon_core.verb:Building package 'icp_node' with the following arguments: {'ament_cmake_args': None, 'build_base': '/home/zalv/hokuyo3_ws/build/icp_node', 'catkin_cmake_args': None, 'catkin_skip_building_tests': False, 'cmake_args': None, 'cmake_clean_cache': False, 'cmake_clean_first': False, 'cmake_force_configure': False, 'cmake_target': None, 'cmake_target_skip_unavailable': False, 'install_base': '/home/zalv/hokuyo3_ws/install/icp_node', 'merge_install': False, 'path': '/home/zalv/hokuyo3_ws/src/icp_node', 'symlink_install': True, 'test_result_base': None}
[0.198s] Level 5:colcon.colcon_core.verb:set package 'laser_to_pc' build argument 'cmake_args' from command line to 'None'
[0.198s] Level 5:colcon.colcon_core.verb:set package 'laser_to_pc' build argument 'cmake_target' from command line to 'None'
[0.198s] Level 5:colcon.colcon_core.verb:set package 'laser_to_pc' build argument 'cmake_target_skip_unavailable' from command line to 'False'
[0.198s] Level 5:colcon.colcon_core.verb:set package 'laser_to_pc' build argument 'cmake_clean_cache' from command line to 'False'
[0.198s] Level 5:colcon.colcon_core.verb:set package 'laser_to_pc' build argument 'cmake_clean_first' from command line to 'False'
[0.198s] Level 5:colcon.colcon_core.verb:set package 'laser_to_pc' build argument 'cmake_force_configure' from command line to 'False'
[0.198s] Level 5:colcon.colcon_core.verb:set package 'laser_to_pc' build argument 'ament_cmake_args' from command line to 'None'
[0.198s] Level 5:colcon.colcon_core.verb:set package 'laser_to_pc' build argument 'catkin_cmake_args' from command line to 'None'
[0.198s] Level 5:colcon.colcon_core.verb:set package 'laser_to_pc' build argument 'catkin_skip_building_tests' from command line to 'False'
[0.198s] DEBUG:colcon.colcon_core.verb:Building package 'laser_to_pc' with the following arguments: {'ament_cmake_args': None, 'build_base': '/home/zalv/hokuyo3_ws/build/laser_to_pc', 'catkin_cmake_args': None, 'catkin_skip_building_tests': False, 'cmake_args': None, 'cmake_clean_cache': False, 'cmake_clean_first': False, 'cmake_force_configure': False, 'cmake_target': None, 'cmake_target_skip_unavailable': False, 'install_base': '/home/zalv/hokuyo3_ws/install/laser_to_pc', 'merge_install': False, 'path': '/home/zalv/hokuyo3_ws/src/laser_to_pc', 'symlink_install': True, 'test_result_base': None}
[0.199s] Level 5:colcon.colcon_core.verb:set package 'lslidar_msgs' build argument 'cmake_args' from command line to 'None'
[0.199s] Level 5:colcon.colcon_core.verb:set package 'lslidar_msgs' build argument 'cmake_target' from command line to 'None'
[0.199s] Level 5:colcon.colcon_core.verb:set package 'lslidar_msgs' build argument 'cmake_target_skip_unavailable' from command line to 'False'
[0.199s] Level 5:colcon.colcon_core.verb:set package 'lslidar_msgs' build argument 'cmake_clean_cache' from command line to 'False'
[0.199s] Level 5:colcon.colcon_core.verb:set package 'lslidar_msgs' build argument 'cmake_clean_first' from command line to 'False'
[0.199s] Level 5:colcon.colcon_core.verb:set package 'lslidar_msgs' build argument 'cmake_force_configure' from command line to 'False'
[0.199s] Level 5:colcon.colcon_core.verb:set package 'lslidar_msgs' build argument 'ament_cmake_args' from command line to 'None'
[0.199s] Level 5:colcon.colcon_core.verb:set package 'lslidar_msgs' build argument 'catkin_cmake_args' from command line to 'None'
[0.199s] Level 5:colcon.colcon_core.verb:set package 'lslidar_msgs' build argument 'catkin_skip_building_tests' from command line to 'False'
[0.199s] DEBUG:colcon.colcon_core.verb:Building package 'lslidar_msgs' with the following arguments: {'ament_cmake_args': None, 'build_base': '/home/zalv/hokuyo3_ws/build/lslidar_msgs', 'catkin_cmake_args': None, 'catkin_skip_building_tests': False, 'cmake_args': None, 'cmake_clean_cache': False, 'cmake_clean_first': False, 'cmake_force_configure': False, 'cmake_target': None, 'cmake_target_skip_unavailable': False, 'install_base': '/home/zalv/hokuyo3_ws/install/lslidar_msgs', 'merge_install': False, 'path': '/home/zalv/hokuyo3_ws/src/Lslidar_ROS2_driver/lslidar_msgs', 'symlink_install': True, 'test_result_base': None}
[0.199s] Level 5:colcon.colcon_core.verb:set package 'pclomp' build argument 'cmake_args' from command line to 'None'
[0.199s] Level 5:colcon.colcon_core.verb:set package 'pclomp' build argument 'cmake_target' from command line to 'None'
[0.199s] Level 5:colcon.colcon_core.verb:set package 'pclomp' build argument 'cmake_target_skip_unavailable' from command line to 'False'
[0.199s] Level 5:colcon.colcon_core.verb:set package 'pclomp' build argument 'cmake_clean_cache' from command line to 'False'
[0.199s] Level 5:colcon.colcon_core.verb:set package 'pclomp' build argument 'cmake_clean_first' from command line to 'False'
[0.199s] Level 5:colcon.colcon_core.verb:set package 'pclomp' build argument 'cmake_force_configure' from command line to 'False'
[0.199s] Level 5:colcon.colcon_core.verb:set package 'pclomp' build argument 'ament_cmake_args' from command line to 'None'
[0.199s] Level 5:colcon.colcon_core.verb:set package 'pclomp' build argument 'catkin_cmake_args' from command line to 'None'
[0.199s] Level 5:colcon.colcon_core.verb:set package 'pclomp' build argument 'catkin_skip_building_tests' from command line to 'False'
[0.199s] DEBUG:colcon.colcon_core.verb:Building package 'pclomp' with the following arguments: {'ament_cmake_args': None, 'build_base': '/home/zalv/hokuyo3_ws/build/pclomp', 'catkin_cmake_args': None, 'catkin_skip_building_tests': False, 'cmake_args': None, 'cmake_clean_cache': False, 'cmake_clean_first': False, 'cmake_force_configure': False, 'cmake_target': None, 'cmake_target_skip_unavailable': False, 'install_base': '/home/zalv/hokuyo3_ws/install/pclomp', 'merge_install': False, 'path': '/home/zalv/hokuyo3_ws/src/pclomp', 'symlink_install': True, 'test_result_base': None}
[0.199s] Level 5:colcon.colcon_core.verb:set package 'urg_node2' build argument 'cmake_args' from command line to 'None'
[0.199s] Level 5:colcon.colcon_core.verb:set package 'urg_node2' build argument 'cmake_target' from command line to 'None'
[0.199s] Level 5:colcon.colcon_core.verb:set package 'urg_node2' build argument 'cmake_target_skip_unavailable' from command line to 'False'
[0.199s] Level 5:colcon.colcon_core.verb:set package 'urg_node2' build argument 'cmake_clean_cache' from command line to 'False'
[0.199s] Level 5:colcon.colcon_core.verb:set package 'urg_node2' build argument 'cmake_clean_first' from command line to 'False'
[0.199s] Level 5:colcon.colcon_core.verb:set package 'urg_node2' build argument 'cmake_force_configure' from command line to 'False'
[0.199s] Level 5:colcon.colcon_core.verb:set package 'urg_node2' build argument 'ament_cmake_args' from command line to 'None'
[0.199s] Level 5:colcon.colcon_core.verb:set package 'urg_node2' build argument 'catkin_cmake_args' from command line to 'None'
[0.199s] Level 5:colcon.colcon_core.verb:set package 'urg_node2' build argument 'catkin_skip_building_tests' from command line to 'False'
[0.199s] DEBUG:colcon.colcon_core.verb:Building package 'urg_node2' with the following arguments: {'ament_cmake_args': None, 'build_base': '/home/zalv/hokuyo3_ws/build/urg_node2', 'catkin_cmake_args': None, 'catkin_skip_building_tests': False, 'cmake_args': None, 'cmake_clean_cache': False, 'cmake_clean_first': False, 'cmake_force_configure': False, 'cmake_target': None, 'cmake_target_skip_unavailable': False, 'install_base': '/home/zalv/hokuyo3_ws/install/urg_node2', 'merge_install': False, 'path': '/home/zalv/hokuyo3_ws/src/urg_node2', 'symlink_install': True, 'test_result_base': None}
[0.200s] Level 5:colcon.colcon_core.verb:set package 'lslidar_driver' build argument 'cmake_args' from command line to 'None'
[0.200s] Level 5:colcon.colcon_core.verb:set package 'lslidar_driver' build argument 'cmake_target' from command line to 'None'
[0.200s] Level 5:colcon.colcon_core.verb:set package 'lslidar_driver' build argument 'cmake_target_skip_unavailable' from command line to 'False'
[0.200s] Level 5:colcon.colcon_core.verb:set package 'lslidar_driver' build argument 'cmake_clean_cache' from command line to 'False'
[0.200s] Level 5:colcon.colcon_core.verb:set package 'lslidar_driver' build argument 'cmake_clean_first' from command line to 'False'
[0.200s] Level 5:colcon.colcon_core.verb:set package 'lslidar_driver' build argument 'cmake_force_configure' from command line to 'False'
[0.200s] Level 5:colcon.colcon_core.verb:set package 'lslidar_driver' build argument 'ament_cmake_args' from command line to 'None'
[0.200s] Level 5:colcon.colcon_core.verb:set package 'lslidar_driver' build argument 'catkin_cmake_args' from command line to 'None'
[0.200s] Level 5:colcon.colcon_core.verb:set package 'lslidar_driver' build argument 'catkin_skip_building_tests' from command line to 'False'
[0.200s] DEBUG:colcon.colcon_core.verb:Building package 'lslidar_driver' with the following arguments: {'ament_cmake_args': None, 'build_base': '/home/zalv/hokuyo3_ws/build/lslidar_driver', 'catkin_cmake_args': None, 'catkin_skip_building_tests': False, 'cmake_args': None, 'cmake_clean_cache': False, 'cmake_clean_first': False, 'cmake_force_configure': False, 'cmake_target': None, 'cmake_target_skip_unavailable': False, 'install_base': '/home/zalv/hokuyo3_ws/install/lslidar_driver', 'merge_install': False, 'path': '/home/zalv/hokuyo3_ws/src/Lslidar_ROS2_driver/lslidar_driver', 'symlink_install': True, 'test_result_base': None}
[0.200s] INFO:colcon.colcon_core.executor:Executing jobs using 'parallel' executor
[0.201s] DEBUG:colcon.colcon_parallel_executor.executor.parallel:run_until_complete
[0.202s] INFO:colcon.colcon_ros.task.ament_cmake.build:Building ROS package in '/home/zalv/hokuyo3_ws/src/Lslidar_ROS2_driver/lslidar_msgs' with build type 'ament_cmake'
[0.202s] INFO:colcon.colcon_cmake.task.cmake.build:Building CMake package in '/home/zalv/hokuyo3_ws/src/Lslidar_ROS2_driver/lslidar_msgs'
[0.203s] INFO:colcon.colcon_core.plugin_system:Skipping extension 'colcon_core.shell.bat': Not used on non-Windows systems
[0.204s] INFO:colcon.colcon_core.shell:Skip shell extension 'powershell' for command environment: Not usable outside of PowerShell
[0.204s] DEBUG:colcon.colcon_core.shell:Skip shell extension 'dsv' for command environment
[0.206s] INFO:colcon.colcon_ros.task.ament_cmake.build:Building ROS package in '/home/zalv/hokuyo3_ws/src/icp_node' with build type 'ament_cmake'
[0.206s] INFO:colcon.colcon_cmake.task.cmake.build:Building CMake package in '/home/zalv/hokuyo3_ws/src/icp_node'
[0.206s] INFO:colcon.colcon_core.shell:Skip shell extension 'powershell' for command environment: Not usable outside of PowerShell
[0.206s] DEBUG:colcon.colcon_core.shell:Skip shell extension 'dsv' for command environment
[0.208s] INFO:colcon.colcon_ros.task.ament_cmake.build:Building ROS package in '/home/zalv/hokuyo3_ws/src/laser_to_pc' with build type 'ament_cmake'
[0.208s] INFO:colcon.colcon_cmake.task.cmake.build:Building CMake package in '/home/zalv/hokuyo3_ws/src/laser_to_pc'
[0.209s] INFO:colcon.colcon_core.shell:Skip shell extension 'powershell' for command environment: Not usable outside of PowerShell
[0.209s] DEBUG:colcon.colcon_core.shell:Skip shell extension 'dsv' for command environment
[0.211s] INFO:colcon.colcon_ros.task.cmake.build:Building ROS package in '/home/zalv/hokuyo3_ws/src/pclomp' with build type 'cmake'
[0.211s] INFO:colcon.colcon_cmake.task.cmake.build:Building CMake package in '/home/zalv/hokuyo3_ws/src/pclomp'
[0.211s] INFO:colcon.colcon_core.shell:Skip shell extension 'powershell' for command environment: Not usable outside of PowerShell
[0.211s] DEBUG:colcon.colcon_core.shell:Skip shell extension 'dsv' for command environment
[0.213s] INFO:colcon.colcon_ros.task.ament_cmake.build:Building ROS package in '/home/zalv/hokuyo3_ws/src/urg_node2' with build type 'ament_cmake'
[0.213s] INFO:colcon.colcon_cmake.task.cmake.build:Building CMake package in '/home/zalv/hokuyo3_ws/src/urg_node2'
[0.213s] INFO:colcon.colcon_core.shell:Skip shell extension 'powershell' for command environment: Not usable outside of PowerShell
[0.213s] DEBUG:colcon.colcon_core.shell:Skip shell extension 'dsv' for command environment
[0.219s] DEBUG:colcon.colcon_core.event_handler.log_command:Invoking command in '/home/zalv/hokuyo3_ws/build/lslidar_msgs': CMAKE_PREFIX_PATH=${CMAKE_PREFIX_PATH}:/opt/ros/humble /usr/bin/cmake --build /home/zalv/hokuyo3_ws/build/lslidar_msgs -- -j22 -l22
[0.222s] DEBUG:colcon.colcon_core.event_handler.log_command:Invoking command in '/home/zalv/hokuyo3_ws/build/icp_node': CMAKE_PREFIX_PATH=${CMAKE_PREFIX_PATH}:/opt/ros/humble /usr/bin/cmake --build /home/zalv/hokuyo3_ws/build/icp_node -- -j22 -l22
[0.225s] DEBUG:colcon.colcon_core.event_handler.log_command:Invoking command in '/home/zalv/hokuyo3_ws/build/laser_to_pc': CMAKE_PREFIX_PATH=${CMAKE_PREFIX_PATH}:/opt/ros/humble /usr/bin/cmake --build /home/zalv/hokuyo3_ws/build/laser_to_pc -- -j22 -l22
[0.228s] DEBUG:colcon.colcon_core.event_handler.log_command:Invoking command in '/home/zalv/hokuyo3_ws/build/pclomp': CMAKE_PREFIX_PATH=${CMAKE_PREFIX_PATH}:/opt/ros/humble /usr/bin/cmake --build /home/zalv/hokuyo3_ws/build/pclomp -- -j22 -l22
[0.233s] DEBUG:colcon.colcon_core.event_handler.log_command:Invoking command in '/home/zalv/hokuyo3_ws/build/urg_node2': CMAKE_PREFIX_PATH=${CMAKE_PREFIX_PATH}:/opt/ros/humble /usr/bin/cmake --build /home/zalv/hokuyo3_ws/build/urg_node2 -- -j22 -l22
[0.293s] DEBUG:colcon.colcon_core.event_handler.log_command:Invoked command in '/home/zalv/hokuyo3_ws/build/pclomp' returned '0': CMAKE_PREFIX_PATH=${CMAKE_PREFIX_PATH}:/opt/ros/humble /usr/bin/cmake --build /home/zalv/hokuyo3_ws/build/pclomp -- -j22 -l22
[0.301s] DEBUG:colcon.colcon_core.event_handler.log_command:Invoked command in '/home/zalv/hokuyo3_ws/build/icp_node' returned '0': CMAKE_PREFIX_PATH=${CMAKE_PREFIX_PATH}:/opt/ros/humble /usr/bin/cmake --build /home/zalv/hokuyo3_ws/build/icp_node -- -j22 -l22
[0.331s] DEBUG:colcon.colcon_core.event_handler.log_command:Invoking command in '/home/zalv/hokuyo3_ws/build/pclomp': CMAKE_PREFIX_PATH=${CMAKE_PREFIX_PATH}:/opt/ros/humble /usr/bin/cmake --install /home/zalv/hokuyo3_ws/build/pclomp
[0.337s] DEBUG:colcon.colcon_core.event_handler.log_command:Invoking command in '/home/zalv/hokuyo3_ws/build/icp_node': CMAKE_PREFIX_PATH=${CMAKE_PREFIX_PATH}:/opt/ros/humble /usr/bin/cmake --install /home/zalv/hokuyo3_ws/build/icp_node
[0.339s] DEBUG:colcon.colcon_core.event_handler.log_command:Invoked command in '/home/zalv/hokuyo3_ws/build/urg_node2' returned '0': CMAKE_PREFIX_PATH=${CMAKE_PREFIX_PATH}:/opt/ros/humble /usr/bin/cmake --build /home/zalv/hokuyo3_ws/build/urg_node2 -- -j22 -l22
[0.341s] DEBUG:colcon.colcon_core.event_handler.log_command:Invoked command in '/home/zalv/hokuyo3_ws/build/pclomp' returned '0': CMAKE_PREFIX_PATH=${CMAKE_PREFIX_PATH}:/opt/ros/humble /usr/bin/cmake --install /home/zalv/hokuyo3_ws/build/pclomp
[0.355s] Level 1:colcon.colcon_core.environment:create_environment_scripts_only(icp_node)
[0.355s] DEBUG:colcon.colcon_core.event_handler.log_command:Invoked command in '/home/zalv/hokuyo3_ws/build/icp_node' returned '0': CMAKE_PREFIX_PATH=${CMAKE_PREFIX_PATH}:/opt/ros/humble /usr/bin/cmake --install /home/zalv/hokuyo3_ws/build/icp_node
[0.358s] Level 1:colcon.colcon_core.environment:checking '/home/zalv/hokuyo3_ws/install/icp_node' for CMake module files
[0.359s] Level 1:colcon.colcon_core.environment:checking '/home/zalv/hokuyo3_ws/install/icp_node' for CMake config files
[0.359s] Level 1:colcon.colcon_core.shell:create_environment_hook('icp_node', 'cmake_prefix_path')
[0.359s] INFO:colcon.colcon_core.shell:Creating environment hook '/home/zalv/hokuyo3_ws/install/icp_node/share/icp_node/hook/cmake_prefix_path.ps1'
[0.360s] INFO:colcon.colcon_core.shell:Creating environment descriptor '/home/zalv/hokuyo3_ws/install/icp_node/share/icp_node/hook/cmake_prefix_path.dsv'
[0.361s] INFO:colcon.colcon_core.shell:Creating environment hook '/home/zalv/hokuyo3_ws/install/icp_node/share/icp_node/hook/cmake_prefix_path.sh'
[0.363s] Level 1:colcon.colcon_core.environment:checking '/home/zalv/hokuyo3_ws/install/icp_node/lib'
[0.363s] Level 1:colcon.colcon_core.environment:checking '/home/zalv/hokuyo3_ws/install/icp_node/bin'
[0.363s] Level 1:colcon.colcon_core.environment:checking '/home/zalv/hokuyo3_ws/install/icp_node/lib/pkgconfig/icp_node.pc'
[0.363s] Level 1:colcon.colcon_core.environment:checking '/home/zalv/hokuyo3_ws/install/icp_node/lib/python3.10/site-packages'
[0.364s] Level 1:colcon.colcon_core.environment:checking '/home/zalv/hokuyo3_ws/install/icp_node/bin'
[0.364s] INFO:colcon.colcon_core.shell:Creating package script '/home/zalv/hokuyo3_ws/install/icp_node/share/icp_node/package.ps1'
[0.365s] INFO:colcon.colcon_core.shell:Creating package descriptor '/home/zalv/hokuyo3_ws/install/icp_node/share/icp_node/package.dsv'
[0.366s] INFO:colcon.colcon_core.shell:Creating package script '/home/zalv/hokuyo3_ws/install/icp_node/share/icp_node/package.sh'
[0.366s] INFO:colcon.colcon_core.shell:Creating package script '/home/zalv/hokuyo3_ws/install/icp_node/share/icp_node/package.bash'
[0.367s] INFO:colcon.colcon_core.shell:Creating package script '/home/zalv/hokuyo3_ws/install/icp_node/share/icp_node/package.zsh'
[0.368s] Level 1:colcon.colcon_core.environment:create_file_with_runtime_dependencies(/home/zalv/hokuyo3_ws/install/icp_node/share/colcon-core/packages/icp_node)
[0.370s] Level 1:colcon.colcon_core.shell:create_environment_hook('pclomp', 'pkg_config_path')
[0.371s] INFO:colcon.colcon_core.shell:Creating environment hook '/home/zalv/hokuyo3_ws/install/pclomp/share/pclomp/hook/pkg_config_path.ps1'
[0.371s] INFO:colcon.colcon_core.shell:Creating environment descriptor '/home/zalv/hokuyo3_ws/install/pclomp/share/pclomp/hook/pkg_config_path.dsv'
[0.372s] INFO:colcon.colcon_core.shell:Creating environment hook '/home/zalv/hokuyo3_ws/install/pclomp/share/pclomp/hook/pkg_config_path.sh'
[0.374s] Level 1:colcon.colcon_core.shell:create_environment_hook('pclomp', 'pkg_config_path_multiarch')
[0.375s] INFO:colcon.colcon_core.shell:Creating environment hook '/home/zalv/hokuyo3_ws/install/pclomp/share/pclomp/hook/pkg_config_path_multiarch.ps1'
[0.375s] INFO:colcon.colcon_core.shell:Creating environment descriptor '/home/zalv/hokuyo3_ws/install/pclomp/share/pclomp/hook/pkg_config_path_multiarch.dsv'
[0.375s] INFO:colcon.colcon_core.shell:Creating environment hook '/home/zalv/hokuyo3_ws/install/pclomp/share/pclomp/hook/pkg_config_path_multiarch.sh'
[0.376s] Level 1:colcon.colcon_core.environment:create_environment_scripts_only(pclomp)
[0.376s] Level 1:colcon.colcon_core.environment:checking '/home/zalv/hokuyo3_ws/install/pclomp' for CMake module files
[0.377s] Level 1:colcon.colcon_core.environment:checking '/home/zalv/hokuyo3_ws/install/pclomp' for CMake config files
[0.377s] Level 1:colcon.colcon_core.shell:create_environment_hook('pclomp', 'cmake_prefix_path')
[0.377s] INFO:colcon.colcon_core.shell:Creating environment hook '/home/zalv/hokuyo3_ws/install/pclomp/share/pclomp/hook/cmake_prefix_path.ps1'
[0.378s] INFO:colcon.colcon_core.shell:Creating environment descriptor '/home/zalv/hokuyo3_ws/install/pclomp/share/pclomp/hook/cmake_prefix_path.dsv'
[0.378s] INFO:colcon.colcon_core.shell:Creating environment hook '/home/zalv/hokuyo3_ws/install/pclomp/share/pclomp/hook/cmake_prefix_path.sh'
[0.379s] Level 1:colcon.colcon_core.environment:checking '/home/zalv/hokuyo3_ws/install/pclomp/lib'
[0.379s] Level 1:colcon.colcon_core.shell:create_environment_hook('pclomp', 'ld_library_path_lib')
[0.379s] INFO:colcon.colcon_core.shell:Creating environment hook '/home/zalv/hokuyo3_ws/install/pclomp/share/pclomp/hook/ld_library_path_lib.ps1'
[0.380s] INFO:colcon.colcon_core.shell:Creating environment descriptor '/home/zalv/hokuyo3_ws/install/pclomp/share/pclomp/hook/ld_library_path_lib.dsv'
[0.380s] INFO:colcon.colcon_core.shell:Creating environment hook '/home/zalv/hokuyo3_ws/install/pclomp/share/pclomp/hook/ld_library_path_lib.sh'
[0.381s] Level 1:colcon.colcon_core.environment:checking '/home/zalv/hokuyo3_ws/install/pclomp/bin'
[0.381s] Level 1:colcon.colcon_core.environment:checking '/home/zalv/hokuyo3_ws/install/pclomp/lib/pkgconfig/pclomp.pc'
[0.381s] Level 1:colcon.colcon_core.environment:checking '/home/zalv/hokuyo3_ws/install/pclomp/lib/python3.10/site-packages'
[0.382s] Level 1:colcon.colcon_core.environment:checking '/home/zalv/hokuyo3_ws/install/pclomp/bin'
[0.382s] INFO:colcon.colcon_core.shell:Creating package script '/home/zalv/hokuyo3_ws/install/pclomp/share/pclomp/package.ps1'
[0.383s] INFO:colcon.colcon_core.shell:Creating package descriptor '/home/zalv/hokuyo3_ws/install/pclomp/share/pclomp/package.dsv'
[0.384s] INFO:colcon.colcon_core.shell:Creating package script '/home/zalv/hokuyo3_ws/install/pclomp/share/pclomp/package.sh'
[0.385s] INFO:colcon.colcon_core.shell:Creating package script '/home/zalv/hokuyo3_ws/install/pclomp/share/pclomp/package.bash'
[0.385s] INFO:colcon.colcon_core.shell:Creating package script '/home/zalv/hokuyo3_ws/install/pclomp/share/pclomp/package.zsh'
[0.386s] Level 1:colcon.colcon_core.environment:create_file_with_runtime_dependencies(/home/zalv/hokuyo3_ws/install/pclomp/share/colcon-core/packages/pclomp)
[0.392s] Level 1:colcon.colcon_core.environment:create_environment_scripts_only(icp_node)
[0.392s] Level 1:colcon.colcon_core.environment:checking '/home/zalv/hokuyo3_ws/install/icp_node' for CMake module files
[0.393s] Level 1:colcon.colcon_core.environment:checking '/home/zalv/hokuyo3_ws/install/icp_node' for CMake config files
[0.393s] Level 1:colcon.colcon_core.shell:create_environment_hook('icp_node', 'cmake_prefix_path')
[0.393s] INFO:colcon.colcon_core.shell:Creating environment hook '/home/zalv/hokuyo3_ws/install/icp_node/share/icp_node/hook/cmake_prefix_path.ps1'
[0.394s] INFO:colcon.colcon_core.shell:Creating environment descriptor '/home/zalv/hokuyo3_ws/install/icp_node/share/icp_node/hook/cmake_prefix_path.dsv'
[0.394s] INFO:colcon.colcon_core.shell:Creating environment hook '/home/zalv/hokuyo3_ws/install/icp_node/share/icp_node/hook/cmake_prefix_path.sh'
[0.395s] Level 1:colcon.colcon_core.environment:checking '/home/zalv/hokuyo3_ws/install/icp_node/lib'
[0.395s] Level 1:colcon.colcon_core.environment:checking '/home/zalv/hokuyo3_ws/install/icp_node/bin'
[0.395s] Level 1:colcon.colcon_core.environment:checking '/home/zalv/hokuyo3_ws/install/icp_node/lib/pkgconfig/icp_node.pc'
[0.395s] Level 1:colcon.colcon_core.environment:checking '/home/zalv/hokuyo3_ws/install/icp_node/lib/python3.10/site-packages'
[0.395s] Level 1:colcon.colcon_core.environment:checking '/home/zalv/hokuyo3_ws/install/icp_node/bin'
[0.395s] INFO:colcon.colcon_core.shell:Creating package script '/home/zalv/hokuyo3_ws/install/icp_node/share/icp_node/package.ps1'
[0.396s] INFO:colcon.colcon_core.shell:Creating package descriptor '/home/zalv/hokuyo3_ws/install/icp_node/share/icp_node/package.dsv'
[0.396s] INFO:colcon.colcon_core.shell:Creating package script '/home/zalv/hokuyo3_ws/install/icp_node/share/icp_node/package.sh'
[0.396s] INFO:colcon.colcon_core.shell:Creating package script '/home/zalv/hokuyo3_ws/install/icp_node/share/icp_node/package.bash'
[0.397s] INFO:colcon.colcon_core.shell:Creating package script '/home/zalv/hokuyo3_ws/install/icp_node/share/icp_node/package.zsh'
[0.397s] Level 1:colcon.colcon_core.environment:create_file_with_runtime_dependencies(/home/zalv/hokuyo3_ws/install/icp_node/share/colcon-core/packages/icp_node)
[0.400s] DEBUG:colcon.colcon_core.event_handler.log_command:Invoking command in '/home/zalv/hokuyo3_ws/build/urg_node2': CMAKE_PREFIX_PATH=${CMAKE_PREFIX_PATH}:/opt/ros/humble /usr/bin/cmake --install /home/zalv/hokuyo3_ws/build/urg_node2
[0.420s] Level 1:colcon.colcon_core.environment:create_environment_scripts_only(urg_node2)
[0.420s] Level 1:colcon.colcon_core.environment:checking '/home/zalv/hokuyo3_ws/install/urg_node2' for CMake module files
[0.421s] DEBUG:colcon.colcon_core.event_handler.log_command:Invoked command in '/home/zalv/hokuyo3_ws/build/urg_node2' returned '0': CMAKE_PREFIX_PATH=${CMAKE_PREFIX_PATH}:/opt/ros/humble /usr/bin/cmake --install /home/zalv/hokuyo3_ws/build/urg_node2
[0.421s] Level 1:colcon.colcon_core.environment:checking '/home/zalv/hokuyo3_ws/install/urg_node2' for CMake config files
[0.422s] Level 1:colcon.colcon_core.shell:create_environment_hook('urg_node2', 'cmake_prefix_path')
[0.422s] INFO:colcon.colcon_core.shell:Creating environment hook '/home/zalv/hokuyo3_ws/install/urg_node2/share/urg_node2/hook/cmake_prefix_path.ps1'
[0.423s] INFO:colcon.colcon_core.shell:Creating environment descriptor '/home/zalv/hokuyo3_ws/install/urg_node2/share/urg_node2/hook/cmake_prefix_path.dsv'
[0.423s] INFO:colcon.colcon_core.shell:Creating environment hook '/home/zalv/hokuyo3_ws/install/urg_node2/share/urg_node2/hook/cmake_prefix_path.sh'
[0.423s] Level 1:colcon.colcon_core.environment:checking '/home/zalv/hokuyo3_ws/install/urg_node2/lib'
[0.423s] Level 1:colcon.colcon_core.shell:create_environment_hook('urg_node2', 'ld_library_path_lib')
[0.424s] INFO:colcon.colcon_core.shell:Creating environment hook '/home/zalv/hokuyo3_ws/install/urg_node2/share/urg_node2/hook/ld_library_path_lib.ps1'
[0.424s] INFO:colcon.colcon_core.shell:Creating environment descriptor '/home/zalv/hokuyo3_ws/install/urg_node2/share/urg_node2/hook/ld_library_path_lib.dsv'
[0.424s] INFO:colcon.colcon_core.shell:Creating environment hook '/home/zalv/hokuyo3_ws/install/urg_node2/share/urg_node2/hook/ld_library_path_lib.sh'
[0.424s] Level 1:colcon.colcon_core.environment:checking '/home/zalv/hokuyo3_ws/install/urg_node2/bin'
[0.424s] Level 1:colcon.colcon_core.environment:checking '/home/zalv/hokuyo3_ws/install/urg_node2/lib/pkgconfig/urg_node2.pc'
[0.424s] Level 1:colcon.colcon_core.environment:checking '/home/zalv/hokuyo3_ws/install/urg_node2/lib/python3.10/site-packages'
[0.425s] Level 1:colcon.colcon_core.environment:checking '/home/zalv/hokuyo3_ws/install/urg_node2/bin'
[0.425s] INFO:colcon.colcon_core.shell:Creating package script '/home/zalv/hokuyo3_ws/install/urg_node2/share/urg_node2/package.ps1'
[0.425s] INFO:colcon.colcon_core.shell:Creating package descriptor '/home/zalv/hokuyo3_ws/install/urg_node2/share/urg_node2/package.dsv'
[0.426s] INFO:colcon.colcon_core.shell:Creating package script '/home/zalv/hokuyo3_ws/install/urg_node2/share/urg_node2/package.sh'
[0.426s] INFO:colcon.colcon_core.shell:Creating package script '/home/zalv/hokuyo3_ws/install/urg_node2/share/urg_node2/package.bash'
[0.426s] INFO:colcon.colcon_core.shell:Creating package script '/home/zalv/hokuyo3_ws/install/urg_node2/share/urg_node2/package.zsh'
[0.426s] Level 1:colcon.colcon_core.environment:create_file_with_runtime_dependencies(/home/zalv/hokuyo3_ws/install/urg_node2/share/colcon-core/packages/urg_node2)
[0.478s] Level 1:colcon.colcon_core.environment:create_environment_scripts_only(urg_node2)
[0.478s] Level 1:colcon.colcon_core.environment:checking '/home/zalv/hokuyo3_ws/install/urg_node2' for CMake module files
[0.478s] Level 1:colcon.colcon_core.environment:checking '/home/zalv/hokuyo3_ws/install/urg_node2' for CMake config files
[0.478s] Level 1:colcon.colcon_core.shell:create_environment_hook('urg_node2', 'cmake_prefix_path')
[0.478s] INFO:colcon.colcon_core.shell:Creating environment hook '/home/zalv/hokuyo3_ws/install/urg_node2/share/urg_node2/hook/cmake_prefix_path.ps1'
[0.479s] INFO:colcon.colcon_core.shell:Creating environment descriptor '/home/zalv/hokuyo3_ws/install/urg_node2/share/urg_node2/hook/cmake_prefix_path.dsv'
[0.479s] INFO:colcon.colcon_core.shell:Creating environment hook '/home/zalv/hokuyo3_ws/install/urg_node2/share/urg_node2/hook/cmake_prefix_path.sh'
[0.480s] Level 1:colcon.colcon_core.environment:checking '/home/zalv/hokuyo3_ws/install/urg_node2/lib'
[0.480s] Level 1:colcon.colcon_core.shell:create_environment_hook('urg_node2', 'ld_library_path_lib')
[0.480s] INFO:colcon.colcon_core.shell:Creating environment hook '/home/zalv/hokuyo3_ws/install/urg_node2/share/urg_node2/hook/ld_library_path_lib.ps1'
[0.480s] INFO:colcon.colcon_core.shell:Creating environment descriptor '/home/zalv/hokuyo3_ws/install/urg_node2/share/urg_node2/hook/ld_library_path_lib.dsv'
[0.480s] INFO:colcon.colcon_core.shell:Creating environment hook '/home/zalv/hokuyo3_ws/install/urg_node2/share/urg_node2/hook/ld_library_path_lib.sh'
[0.481s] Level 1:colcon.colcon_core.environment:checking '/home/zalv/hokuyo3_ws/install/urg_node2/bin'
[0.481s] Level 1:colcon.colcon_core.environment:checking '/home/zalv/hokuyo3_ws/install/urg_node2/lib/pkgconfig/urg_node2.pc'
[0.481s] Level 1:colcon.colcon_core.environment:checking '/home/zalv/hokuyo3_ws/install/urg_node2/lib/python3.10/site-packages'
[0.481s] Level 1:colcon.colcon_core.environment:checking '/home/zalv/hokuyo3_ws/install/urg_node2/bin'
[0.481s] INFO:colcon.colcon_core.shell:Creating package script '/home/zalv/hokuyo3_ws/install/urg_node2/share/urg_node2/package.ps1'
[0.482s] INFO:colcon.colcon_core.shell:Creating package descriptor '/home/zalv/hokuyo3_ws/install/urg_node2/share/urg_node2/package.dsv'
[0.482s] INFO:colcon.colcon_core.shell:Creating package script '/home/zalv/hokuyo3_ws/install/urg_node2/share/urg_node2/package.sh'
[0.482s] INFO:colcon.colcon_core.shell:Creating package script '/home/zalv/hokuyo3_ws/install/urg_node2/share/urg_node2/package.bash'
[0.482s] INFO:colcon.colcon_core.shell:Creating package script '/home/zalv/hokuyo3_ws/install/urg_node2/share/urg_node2/package.zsh'
[0.483s] Level 1:colcon.colcon_core.environment:create_file_with_runtime_dependencies(/home/zalv/hokuyo3_ws/install/urg_node2/share/colcon-core/packages/urg_node2)
[0.502s] DEBUG:colcon.colcon_core.event_handler.log_command:Invoked command in '/home/zalv/hokuyo3_ws/build/lslidar_msgs' returned '0': CMAKE_PREFIX_PATH=${CMAKE_PREFIX_PATH}:/opt/ros/humble /usr/bin/cmake --build /home/zalv/hokuyo3_ws/build/lslidar_msgs -- -j22 -l22
[0.644s] DEBUG:colcon.colcon_core.event_handler.log_command:Invoking command in '/home/zalv/hokuyo3_ws/build/lslidar_msgs': CMAKE_PREFIX_PATH=${CMAKE_PREFIX_PATH}:/opt/ros/humble /usr/bin/cmake --install /home/zalv/hokuyo3_ws/build/lslidar_msgs
[0.706s] Level 1:colcon.colcon_core.environment:create_environment_scripts_only(lslidar_msgs)
[0.706s] Level 1:colcon.colcon_core.environment:checking '/home/zalv/hokuyo3_ws/install/lslidar_msgs' for CMake module files
[0.707s] DEBUG:colcon.colcon_core.event_handler.log_command:Invoked command in '/home/zalv/hokuyo3_ws/build/lslidar_msgs' returned '0': CMAKE_PREFIX_PATH=${CMAKE_PREFIX_PATH}:/opt/ros/humble /usr/bin/cmake --install /home/zalv/hokuyo3_ws/build/lslidar_msgs
[0.707s] Level 1:colcon.colcon_core.environment:checking '/home/zalv/hokuyo3_ws/install/lslidar_msgs' for CMake config files
[0.709s] Level 1:colcon.colcon_core.shell:create_environment_hook('lslidar_msgs', 'cmake_prefix_path')
[0.709s] INFO:colcon.colcon_core.shell:Creating environment hook '/home/zalv/hokuyo3_ws/install/lslidar_msgs/share/lslidar_msgs/hook/cmake_prefix_path.ps1'
[0.710s] INFO:colcon.colcon_core.shell:Creating environment descriptor '/home/zalv/hokuyo3_ws/install/lslidar_msgs/share/lslidar_msgs/hook/cmake_prefix_path.dsv'
[0.710s] INFO:colcon.colcon_core.shell:Creating environment hook '/home/zalv/hokuyo3_ws/install/lslidar_msgs/share/lslidar_msgs/hook/cmake_prefix_path.sh'
[0.710s] Level 1:colcon.colcon_core.environment:checking '/home/zalv/hokuyo3_ws/install/lslidar_msgs/lib'
[0.710s] Level 1:colcon.colcon_core.shell:create_environment_hook('lslidar_msgs', 'ld_library_path_lib')
[0.710s] INFO:colcon.colcon_core.shell:Creating environment hook '/home/zalv/hokuyo3_ws/install/lslidar_msgs/share/lslidar_msgs/hook/ld_library_path_lib.ps1'
[0.710s] INFO:colcon.colcon_core.shell:Creating environment descriptor '/home/zalv/hokuyo3_ws/install/lslidar_msgs/share/lslidar_msgs/hook/ld_library_path_lib.dsv'
[0.711s] INFO:colcon.colcon_core.shell:Creating environment hook '/home/zalv/hokuyo3_ws/install/lslidar_msgs/share/lslidar_msgs/hook/ld_library_path_lib.sh'
[0.711s] Level 1:colcon.colcon_core.environment:checking '/home/zalv/hokuyo3_ws/install/lslidar_msgs/bin'
[0.711s] Level 1:colcon.colcon_core.environment:checking '/home/zalv/hokuyo3_ws/install/lslidar_msgs/lib/pkgconfig/lslidar_msgs.pc'
[0.711s] Level 1:colcon.colcon_core.environment:checking '/home/zalv/hokuyo3_ws/install/lslidar_msgs/lib/python3.10/site-packages'
[0.711s] Level 1:colcon.colcon_core.environment:checking '/home/zalv/hokuyo3_ws/install/lslidar_msgs/bin'
[0.711s] INFO:colcon.colcon_core.shell:Creating package script '/home/zalv/hokuyo3_ws/install/lslidar_msgs/share/lslidar_msgs/package.ps1'
[0.712s] INFO:colcon.colcon_core.shell:Creating package descriptor '/home/zalv/hokuyo3_ws/install/lslidar_msgs/share/lslidar_msgs/package.dsv'
[0.712s] INFO:colcon.colcon_core.shell:Creating package script '/home/zalv/hokuyo3_ws/install/lslidar_msgs/share/lslidar_msgs/package.sh'
[0.712s] INFO:colcon.colcon_core.shell:Creating package script '/home/zalv/hokuyo3_ws/install/lslidar_msgs/share/lslidar_msgs/package.bash'
[0.712s] INFO:colcon.colcon_core.shell:Creating package script '/home/zalv/hokuyo3_ws/install/lslidar_msgs/share/lslidar_msgs/package.zsh'
[0.713s] Level 1:colcon.colcon_core.environment:create_file_with_runtime_dependencies(/home/zalv/hokuyo3_ws/install/lslidar_msgs/share/colcon-core/packages/lslidar_msgs)
[0.853s] Level 1:colcon.colcon_core.environment:create_environment_scripts_only(lslidar_msgs)
[0.853s] Level 1:colcon.colcon_core.environment:checking '/home/zalv/hokuyo3_ws/install/lslidar_msgs' for CMake module files
[0.854s] Level 1:colcon.colcon_core.environment:checking '/home/zalv/hokuyo3_ws/install/lslidar_msgs' for CMake config files
[0.855s] Level 1:colcon.colcon_core.shell:create_environment_hook('lslidar_msgs', 'cmake_prefix_path')
[0.855s] INFO:colcon.colcon_core.shell:Creating environment hook '/home/zalv/hokuyo3_ws/install/lslidar_msgs/share/lslidar_msgs/hook/cmake_prefix_path.ps1'
[0.856s] INFO:colcon.colcon_core.shell:Creating environment descriptor '/home/zalv/hokuyo3_ws/install/lslidar_msgs/share/lslidar_msgs/hook/cmake_prefix_path.dsv'
[0.856s] INFO:colcon.colcon_core.shell:Creating environment hook '/home/zalv/hokuyo3_ws/install/lslidar_msgs/share/lslidar_msgs/hook/cmake_prefix_path.sh'
[0.857s] Level 1:colcon.colcon_core.environment:checking '/home/zalv/hokuyo3_ws/install/lslidar_msgs/lib'
[0.857s] Level 1:colcon.colcon_core.shell:create_environment_hook('lslidar_msgs', 'ld_library_path_lib')
[0.857s] INFO:colcon.colcon_core.shell:Creating environment hook '/home/zalv/hokuyo3_ws/install/lslidar_msgs/share/lslidar_msgs/hook/ld_library_path_lib.ps1'
[0.858s] INFO:colcon.colcon_core.shell:Creating environment descriptor '/home/zalv/hokuyo3_ws/install/lslidar_msgs/share/lslidar_msgs/hook/ld_library_path_lib.dsv'
[0.858s] INFO:colcon.colcon_core.shell:Creating environment hook '/home/zalv/hokuyo3_ws/install/lslidar_msgs/share/lslidar_msgs/hook/ld_library_path_lib.sh'
[0.858s] Level 1:colcon.colcon_core.environment:checking '/home/zalv/hokuyo3_ws/install/lslidar_msgs/bin'
[0.858s] Level 1:colcon.colcon_core.environment:checking '/home/zalv/hokuyo3_ws/install/lslidar_msgs/lib/pkgconfig/lslidar_msgs.pc'
[0.859s] Level 1:colcon.colcon_core.environment:checking '/home/zalv/hokuyo3_ws/install/lslidar_msgs/lib/python3.10/site-packages'
[0.859s] Level 1:colcon.colcon_core.environment:checking '/home/zalv/hokuyo3_ws/install/lslidar_msgs/bin'
[0.859s] INFO:colcon.colcon_core.shell:Creating package script '/home/zalv/hokuyo3_ws/install/lslidar_msgs/share/lslidar_msgs/package.ps1'
[0.859s] INFO:colcon.colcon_core.shell:Creating package descriptor '/home/zalv/hokuyo3_ws/install/lslidar_msgs/share/lslidar_msgs/package.dsv'
[0.860s] INFO:colcon.colcon_core.shell:Creating package script '/home/zalv/hokuyo3_ws/install/lslidar_msgs/share/lslidar_msgs/package.sh'
[0.860s] INFO:colcon.colcon_core.shell:Creating package script '/home/zalv/hokuyo3_ws/install/lslidar_msgs/share/lslidar_msgs/package.bash'
[0.861s] INFO:colcon.colcon_core.shell:Creating package script '/home/zalv/hokuyo3_ws/install/lslidar_msgs/share/lslidar_msgs/package.zsh'
[0.861s] Level 1:colcon.colcon_core.environment:create_file_with_runtime_dependencies(/home/zalv/hokuyo3_ws/install/lslidar_msgs/share/colcon-core/packages/lslidar_msgs)
[0.861s] INFO:colcon.colcon_ros.task.ament_cmake.build:Building ROS package in '/home/zalv/hokuyo3_ws/src/Lslidar_ROS2_driver/lslidar_driver' with build type 'ament_cmake'
[0.861s] INFO:colcon.colcon_cmake.task.cmake.build:Building CMake package in '/home/zalv/hokuyo3_ws/src/Lslidar_ROS2_driver/lslidar_driver'
[0.862s] INFO:colcon.colcon_core.shell:Skip shell extension 'powershell' for command environment: Not usable outside of PowerShell
[0.862s] DEBUG:colcon.colcon_core.shell:Skip shell extension 'dsv' for command environment
[0.874s] DEBUG:colcon.colcon_core.event_handler.log_command:Invoking command in '/home/zalv/hokuyo3_ws/build/lslidar_driver': CMAKE_PREFIX_PATH=/home/zalv/hokuyo3_ws/install/lslidar_msgs:/home/zalv/hokuyo3_ws/install/urg_node2:/home/zalv/hokuyo3_ws/install/pclomp:/home/zalv/hokuyo3_ws/install/lslidar_driver:/home/zalv/hokuyo3_ws/install/laser_to_pc:/home/zalv/hokuyo3_ws/install/icp_node:/opt/ros/humble LD_LIBRARY_PATH=/home/zalv/hokuyo3_ws/install/lslidar_msgs/lib:/home/zalv/hokuyo3_ws/install/urg_node2/lib:/home/zalv/hokuyo3_ws/install/pclomp/lib:/usr/lib/x86_64-linux-gnu/gazebo-11/plugins:/opt/ros/humble/opt/rviz_ogre_vendor/lib:/opt/ros/humble/lib/x86_64-linux-gnu:/opt/ros/humble/lib:/usr/local/lib /usr/bin/cmake --build /home/zalv/hokuyo3_ws/build/lslidar_driver -- -j22 -l22
[0.960s] DEBUG:colcon.colcon_core.event_handler.log_command:Invoked command in '/home/zalv/hokuyo3_ws/build/lslidar_driver' returned '0': CMAKE_PREFIX_PATH=/home/zalv/hokuyo3_ws/install/lslidar_msgs:/home/zalv/hokuyo3_ws/install/urg_node2:/home/zalv/hokuyo3_ws/install/pclomp:/home/zalv/hokuyo3_ws/install/lslidar_driver:/home/zalv/hokuyo3_ws/install/laser_to_pc:/home/zalv/hokuyo3_ws/install/icp_node:/opt/ros/humble LD_LIBRARY_PATH=/home/zalv/hokuyo3_ws/install/lslidar_msgs/lib:/home/zalv/hokuyo3_ws/install/urg_node2/lib:/home/zalv/hokuyo3_ws/install/pclomp/lib:/usr/lib/x86_64-linux-gnu/gazebo-11/plugins:/opt/ros/humble/opt/rviz_ogre_vendor/lib:/opt/ros/humble/lib/x86_64-linux-gnu:/opt/ros/humble/lib:/usr/local/lib /usr/bin/cmake --build /home/zalv/hokuyo3_ws/build/lslidar_driver -- -j22 -l22
[0.996s] DEBUG:colcon.colcon_core.event_handler.log_command:Invoking command in '/home/zalv/hokuyo3_ws/build/lslidar_driver': CMAKE_PREFIX_PATH=/home/zalv/hokuyo3_ws/install/lslidar_msgs:/home/zalv/hokuyo3_ws/install/urg_node2:/home/zalv/hokuyo3_ws/install/pclomp:/home/zalv/hokuyo3_ws/install/lslidar_driver:/home/zalv/hokuyo3_ws/install/laser_to_pc:/home/zalv/hokuyo3_ws/install/icp_node:/opt/ros/humble LD_LIBRARY_PATH=/home/zalv/hokuyo3_ws/install/lslidar_msgs/lib:/home/zalv/hokuyo3_ws/install/urg_node2/lib:/home/zalv/hokuyo3_ws/install/pclomp/lib:/usr/lib/x86_64-linux-gnu/gazebo-11/plugins:/opt/ros/humble/opt/rviz_ogre_vendor/lib:/opt/ros/humble/lib/x86_64-linux-gnu:/opt/ros/humble/lib:/usr/local/lib /usr/bin/cmake --install /home/zalv/hokuyo3_ws/build/lslidar_driver
[1.017s] Level 1:colcon.colcon_core.environment:create_environment_scripts_only(lslidar_driver)
[1.018s] Level 1:colcon.colcon_core.environment:checking '/home/zalv/hokuyo3_ws/install/lslidar_driver' for CMake module files
[1.019s] DEBUG:colcon.colcon_core.event_handler.log_command:Invoked command in '/home/zalv/hokuyo3_ws/build/lslidar_driver' returned '0': CMAKE_PREFIX_PATH=/home/zalv/hokuyo3_ws/install/lslidar_msgs:/home/zalv/hokuyo3_ws/install/urg_node2:/home/zalv/hokuyo3_ws/install/pclomp:/home/zalv/hokuyo3_ws/install/lslidar_driver:/home/zalv/hokuyo3_ws/install/laser_to_pc:/home/zalv/hokuyo3_ws/install/icp_node:/opt/ros/humble LD_LIBRARY_PATH=/home/zalv/hokuyo3_ws/install/lslidar_msgs/lib:/home/zalv/hokuyo3_ws/install/urg_node2/lib:/home/zalv/hokuyo3_ws/install/pclomp/lib:/usr/lib/x86_64-linux-gnu/gazebo-11/plugins:/opt/ros/humble/opt/rviz_ogre_vendor/lib:/opt/ros/humble/lib/x86_64-linux-gnu:/opt/ros/humble/lib:/usr/local/lib /usr/bin/cmake --install /home/zalv/hokuyo3_ws/build/lslidar_driver
[1.019s] Level 1:colcon.colcon_core.environment:checking '/home/zalv/hokuyo3_ws/install/lslidar_driver' for CMake config files
[1.019s] Level 1:colcon.colcon_core.shell:create_environment_hook('lslidar_driver', 'cmake_prefix_path')
[1.020s] INFO:colcon.colcon_core.shell:Creating environment hook '/home/zalv/hokuyo3_ws/install/lslidar_driver/share/lslidar_driver/hook/cmake_prefix_path.ps1'
[1.020s] INFO:colcon.colcon_core.shell:Creating environment descriptor '/home/zalv/hokuyo3_ws/install/lslidar_driver/share/lslidar_driver/hook/cmake_prefix_path.dsv'
[1.021s] INFO:colcon.colcon_core.shell:Creating environment hook '/home/zalv/hokuyo3_ws/install/lslidar_driver/share/lslidar_driver/hook/cmake_prefix_path.sh'
[1.021s] Level 1:colcon.colcon_core.environment:checking '/home/zalv/hokuyo3_ws/install/lslidar_driver/lib'
[1.021s] Level 1:colcon.colcon_core.environment:checking '/home/zalv/hokuyo3_ws/install/lslidar_driver/bin'
[1.022s] Level 1:colcon.colcon_core.environment:checking '/home/zalv/hokuyo3_ws/install/lslidar_driver/lib/pkgconfig/lslidar_driver.pc'
[1.022s] Level 1:colcon.colcon_core.environment:checking '/home/zalv/hokuyo3_ws/install/lslidar_driver/lib/python3.10/site-packages'
[1.022s] Level 1:colcon.colcon_core.environment:checking '/home/zalv/hokuyo3_ws/install/lslidar_driver/bin'
[1.022s] INFO:colcon.colcon_core.shell:Creating package script '/home/zalv/hokuyo3_ws/install/lslidar_driver/share/lslidar_driver/package.ps1'
[1.023s] INFO:colcon.colcon_core.shell:Creating package descriptor '/home/zalv/hokuyo3_ws/install/lslidar_driver/share/lslidar_driver/package.dsv'
[1.023s] INFO:colcon.colcon_core.shell:Creating package script '/home/zalv/hokuyo3_ws/install/lslidar_driver/share/lslidar_driver/package.sh'
[1.024s] INFO:colcon.colcon_core.shell:Creating package script '/home/zalv/hokuyo3_ws/install/lslidar_driver/share/lslidar_driver/package.bash'
[1.024s] INFO:colcon.colcon_core.shell:Creating package script '/home/zalv/hokuyo3_ws/install/lslidar_driver/share/lslidar_driver/package.zsh'
[1.024s] Level 1:colcon.colcon_core.environment:create_file_with_runtime_dependencies(/home/zalv/hokuyo3_ws/install/lslidar_driver/share/colcon-core/packages/lslidar_driver)
[1.060s] Level 1:colcon.colcon_core.environment:create_environment_scripts_only(lslidar_driver)
[1.060s] Level 1:colcon.colcon_core.environment:checking '/home/zalv/hokuyo3_ws/install/lslidar_driver' for CMake module files
[1.061s] Level 1:colcon.colcon_core.environment:checking '/home/zalv/hokuyo3_ws/install/lslidar_driver' for CMake config files
[1.061s] Level 1:colcon.colcon_core.shell:create_environment_hook('lslidar_driver', 'cmake_prefix_path')
[1.062s] INFO:colcon.colcon_core.shell:Creating environment hook '/home/zalv/hokuyo3_ws/install/lslidar_driver/share/lslidar_driver/hook/cmake_prefix_path.ps1'
[1.062s] INFO:colcon.colcon_core.shell:Creating environment descriptor '/home/zalv/hokuyo3_ws/install/lslidar_driver/share/lslidar_driver/hook/cmake_prefix_path.dsv'
[1.063s] INFO:colcon.colcon_core.shell:Creating environment hook '/home/zalv/hokuyo3_ws/install/lslidar_driver/share/lslidar_driver/hook/cmake_prefix_path.sh'
[1.063s] Level 1:colcon.colcon_core.environment:checking '/home/zalv/hokuyo3_ws/install/lslidar_driver/lib'
[1.063s] Level 1:colcon.colcon_core.environment:checking '/home/zalv/hokuyo3_ws/install/lslidar_driver/bin'
[1.063s] Level 1:colcon.colcon_core.environment:checking '/home/zalv/hokuyo3_ws/install/lslidar_driver/lib/pkgconfig/lslidar_driver.pc'
[1.063s] Level 1:colcon.colcon_core.environment:checking '/home/zalv/hokuyo3_ws/install/lslidar_driver/lib/python3.10/site-packages'
[1.064s] Level 1:colcon.colcon_core.environment:checking '/home/zalv/hokuyo3_ws/install/lslidar_driver/bin'
[1.064s] INFO:colcon.colcon_core.shell:Creating package script '/home/zalv/hokuyo3_ws/install/lslidar_driver/share/lslidar_driver/package.ps1'
[1.064s] INFO:colcon.colcon_core.shell:Creating package descriptor '/home/zalv/hokuyo3_ws/install/lslidar_driver/share/lslidar_driver/package.dsv'
[1.065s] INFO:colcon.colcon_core.shell:Creating package script '/home/zalv/hokuyo3_ws/install/lslidar_driver/share/lslidar_driver/package.sh'
[1.065s] INFO:colcon.colcon_core.shell:Creating package script '/home/zalv/hokuyo3_ws/install/lslidar_driver/share/lslidar_driver/package.bash'
[1.065s] INFO:colcon.colcon_core.shell:Creating package script '/home/zalv/hokuyo3_ws/install/lslidar_driver/share/lslidar_driver/package.zsh'
[1.065s] Level 1:colcon.colcon_core.environment:create_file_with_runtime_dependencies(/home/zalv/hokuyo3_ws/install/lslidar_driver/share/colcon-core/packages/lslidar_driver)
[8.113s] DEBUG:colcon.colcon_core.event_handler.log_command:Invoked command in '/home/zalv/hokuyo3_ws/build/laser_to_pc' returned '0': CMAKE_PREFIX_PATH=${CMAKE_PREFIX_PATH}:/opt/ros/humble /usr/bin/cmake --build /home/zalv/hokuyo3_ws/build/laser_to_pc -- -j22 -l22
[8.142s] DEBUG:colcon.colcon_core.event_handler.log_command:Invoking command in '/home/zalv/hokuyo3_ws/build/laser_to_pc': CMAKE_PREFIX_PATH=${CMAKE_PREFIX_PATH}:/opt/ros/humble /usr/bin/cmake --install /home/zalv/hokuyo3_ws/build/laser_to_pc
[8.159s] Level 1:colcon.colcon_core.environment:create_environment_scripts_only(laser_to_pc)
[8.160s] Level 1:colcon.colcon_core.environment:checking '/home/zalv/hokuyo3_ws/install/laser_to_pc' for CMake module files
[8.160s] DEBUG:colcon.colcon_core.event_handler.log_command:Invoked command in '/home/zalv/hokuyo3_ws/build/laser_to_pc' returned '0': CMAKE_PREFIX_PATH=${CMAKE_PREFIX_PATH}:/opt/ros/humble /usr/bin/cmake --install /home/zalv/hokuyo3_ws/build/laser_to_pc
[8.160s] Level 1:colcon.colcon_core.environment:checking '/home/zalv/hokuyo3_ws/install/laser_to_pc' for CMake config files
[8.160s] Level 1:colcon.colcon_core.shell:create_environment_hook('laser_to_pc', 'cmake_prefix_path')
[8.160s] INFO:colcon.colcon_core.shell:Creating environment hook '/home/zalv/hokuyo3_ws/install/laser_to_pc/share/laser_to_pc/hook/cmake_prefix_path.ps1'
[8.161s] INFO:colcon.colcon_core.shell:Creating environment descriptor '/home/zalv/hokuyo3_ws/install/laser_to_pc/share/laser_to_pc/hook/cmake_prefix_path.dsv'
[8.161s] INFO:colcon.colcon_core.shell:Creating environment hook '/home/zalv/hokuyo3_ws/install/laser_to_pc/share/laser_to_pc/hook/cmake_prefix_path.sh'
[8.161s] Level 1:colcon.colcon_core.environment:checking '/home/zalv/hokuyo3_ws/install/laser_to_pc/lib'
[8.161s] Level 1:colcon.colcon_core.environment:checking '/home/zalv/hokuyo3_ws/install/laser_to_pc/bin'
[8.161s] Level 1:colcon.colcon_core.environment:checking '/home/zalv/hokuyo3_ws/install/laser_to_pc/lib/pkgconfig/laser_to_pc.pc'
[8.161s] Level 1:colcon.colcon_core.environment:checking '/home/zalv/hokuyo3_ws/install/laser_to_pc/lib/python3.10/site-packages'
[8.161s] Level 1:colcon.colcon_core.environment:checking '/home/zalv/hokuyo3_ws/install/laser_to_pc/bin'
[8.162s] INFO:colcon.colcon_core.shell:Creating package script '/home/zalv/hokuyo3_ws/install/laser_to_pc/share/laser_to_pc/package.ps1'
[8.162s] INFO:colcon.colcon_core.shell:Creating package descriptor '/home/zalv/hokuyo3_ws/install/laser_to_pc/share/laser_to_pc/package.dsv'
[8.162s] INFO:colcon.colcon_core.shell:Creating package script '/home/zalv/hokuyo3_ws/install/laser_to_pc/share/laser_to_pc/package.sh'
[8.162s] INFO:colcon.colcon_core.shell:Creating package script '/home/zalv/hokuyo3_ws/install/laser_to_pc/share/laser_to_pc/package.bash'
[8.162s] INFO:colcon.colcon_core.shell:Creating package script '/home/zalv/hokuyo3_ws/install/laser_to_pc/share/laser_to_pc/package.zsh'
[8.163s] Level 1:colcon.colcon_core.environment:create_file_with_runtime_dependencies(/home/zalv/hokuyo3_ws/install/laser_to_pc/share/colcon-core/packages/laser_to_pc)
[8.189s] Level 1:colcon.colcon_core.environment:create_environment_scripts_only(laser_to_pc)
[8.189s] Level 1:colcon.colcon_core.environment:checking '/home/zalv/hokuyo3_ws/install/laser_to_pc' for CMake module files
[8.190s] Level 1:colcon.colcon_core.environment:checking '/home/zalv/hokuyo3_ws/install/laser_to_pc' for CMake config files
[8.190s] Level 1:colcon.colcon_core.shell:create_environment_hook('laser_to_pc', 'cmake_prefix_path')
[8.190s] INFO:colcon.colcon_core.shell:Creating environment hook '/home/zalv/hokuyo3_ws/install/laser_to_pc/share/laser_to_pc/hook/cmake_prefix_path.ps1'
[8.190s] INFO:colcon.colcon_core.shell:Creating environment descriptor '/home/zalv/hokuyo3_ws/install/laser_to_pc/share/laser_to_pc/hook/cmake_prefix_path.dsv'
[8.191s] INFO:colcon.colcon_core.shell:Creating environment hook '/home/zalv/hokuyo3_ws/install/laser_to_pc/share/laser_to_pc/hook/cmake_prefix_path.sh'
[8.191s] Level 1:colcon.colcon_core.environment:checking '/home/zalv/hokuyo3_ws/install/laser_to_pc/lib'
[8.191s] Level 1:colcon.colcon_core.environment:checking '/home/zalv/hokuyo3_ws/install/laser_to_pc/bin'
[8.191s] Level 1:colcon.colcon_core.environment:checking '/home/zalv/hokuyo3_ws/install/laser_to_pc/lib/pkgconfig/laser_to_pc.pc'
[8.191s] Level 1:colcon.colcon_core.environment:checking '/home/zalv/hokuyo3_ws/install/laser_to_pc/lib/python3.10/site-packages'
[8.191s] Level 1:colcon.colcon_core.environment:checking '/home/zalv/hokuyo3_ws/install/laser_to_pc/bin'
[8.192s] INFO:colcon.colcon_core.shell:Creating package script '/home/zalv/hokuyo3_ws/install/laser_to_pc/share/laser_to_pc/package.ps1'
[8.192s] INFO:colcon.colcon_core.shell:Creating package descriptor '/home/zalv/hokuyo3_ws/install/laser_to_pc/share/laser_to_pc/package.dsv'
[8.192s] INFO:colcon.colcon_core.shell:Creating package script '/home/zalv/hokuyo3_ws/install/laser_to_pc/share/laser_to_pc/package.sh'
[8.193s] INFO:colcon.colcon_core.shell:Creating package script '/home/zalv/hokuyo3_ws/install/laser_to_pc/share/laser_to_pc/package.bash'
[8.193s] INFO:colcon.colcon_core.shell:Creating package script '/home/zalv/hokuyo3_ws/install/laser_to_pc/share/laser_to_pc/package.zsh'
[8.193s] Level 1:colcon.colcon_core.environment:create_file_with_runtime_dependencies(/home/zalv/hokuyo3_ws/install/laser_to_pc/share/colcon-core/packages/laser_to_pc)
[8.193s] DEBUG:colcon.colcon_parallel_executor.executor.parallel:closing loop
[8.193s] DEBUG:colcon.colcon_parallel_executor.executor.parallel:loop closed
[8.193s] DEBUG:colcon.colcon_parallel_executor.executor.parallel:run_until_complete finished with '0'
[8.193s] DEBUG:colcon.colcon_core.event_reactor:joining thread
[8.197s] INFO:colcon.colcon_core.plugin_system:Skipping extension 'colcon_notification.desktop_notification.terminal_notifier': Not used on non-Darwin systems
[8.197s] INFO:colcon.colcon_core.plugin_system:Skipping extension 'colcon_notification.desktop_notification.win32': Not used on non-Windows systems
[8.197s] INFO:colcon.colcon_notification.desktop_notification:Sending desktop notification using 'notify2'
[8.206s] DEBUG:colcon.colcon_core.event_reactor:joined thread
[8.206s] INFO:colcon.colcon_core.shell:Creating prefix script '/home/zalv/hokuyo3_ws/install/local_setup.ps1'
[8.207s] INFO:colcon.colcon_core.shell:Creating prefix util module '/home/zalv/hokuyo3_ws/install/_local_setup_util_ps1.py'
[8.208s] INFO:colcon.colcon_core.shell:Creating prefix chain script '/home/zalv/hokuyo3_ws/install/setup.ps1'
[8.210s] INFO:colcon.colcon_core.shell:Creating prefix script '/home/zalv/hokuyo3_ws/install/local_setup.sh'
[8.210s] INFO:colcon.colcon_core.shell:Creating prefix util module '/home/zalv/hokuyo3_ws/install/_local_setup_util_sh.py'
[8.211s] INFO:colcon.colcon_core.shell:Creating prefix chain script '/home/zalv/hokuyo3_ws/install/setup.sh'
[8.212s] INFO:colcon.colcon_core.shell:Creating prefix script '/home/zalv/hokuyo3_ws/install/local_setup.bash'
[8.212s] INFO:colcon.colcon_core.shell:Creating prefix chain script '/home/zalv/hokuyo3_ws/install/setup.bash'
[8.213s] INFO:colcon.colcon_core.shell:Creating prefix script '/home/zalv/hokuyo3_ws/install/local_setup.zsh'
[8.214s] INFO:colcon.colcon_core.shell:Creating prefix chain script '/home/zalv/hokuyo3_ws/install/setup.zsh'
