[0.009s] Invoking command in '/home/zalv/hokuyo3_ws/build/laser_to_pc': CMAKE_PREFIX_PATH=${CMAKE_PREFIX_PATH}:/opt/ros/humble /usr/bin/cmake /home/zalv/hokuyo3_ws/src/laser_to_pc -DAMENT_CMAKE_SYMLINK_INSTALL=1 -DCMAKE_INSTALL_PREFIX=/home/zalv/hokuyo3_ws/install/laser_to_pc
[0.017s] -- Found ament_cmake: 1.3.10 (/opt/ros/humble/share/ament_cmake/cmake)
[0.130s] -- Found Python3: /usr/bin/python3 (found version "3.10.12") found components: Interpreter 
[0.181s] -- Override CMake install command with custom implementation using symlinks instead of copying resources
[0.205s] -- Found rclcpp: 16.0.10 (/opt/ros/humble/share/rclcpp/cmake)
[0.240s] -- Found rosidl_generator_c: 3.1.5 (/opt/ros/humble/share/rosidl_generator_c/cmake)
[0.244s] -- Found rosidl_adapter: 3.1.5 (/opt/ros/humble/share/rosidl_adapter/cmake)
[0.250s] -- Found rosidl_generator_cpp: 3.1.5 (/opt/ros/humble/share/rosidl_generator_cpp/cmake)
[0.260s] -- Using all available rosidl_typesupport_c: rosidl_typesupport_fastrtps_c;rosidl_typesupport_introspection_c
[0.272s] -- Using all available rosidl_typesupport_cpp: rosidl_typesupport_fastrtps_cpp;rosidl_typesupport_introspection_cpp
[0.304s] -- Found rmw_implementation_cmake: 6.1.2 (/opt/ros/humble/share/rmw_implementation_cmake/cmake)
[0.306s] -- Found rmw_fastrtps_cpp: 6.2.7 (/opt/ros/humble/share/rmw_fastrtps_cpp/cmake)
[0.387s] -- Found OpenSSL: /usr/lib/x86_64-linux-gnu/libcrypto.so (found version "3.0.2")  
[0.410s] -- Found FastRTPS: /opt/ros/humble/include  
[0.441s] -- Using RMW implementation 'rmw_fastrtps_cpp' as default
[0.452s] -- Looking for pthread.h
[0.522s] -- Looking for pthread.h - found
[0.523s] -- Performing Test CMAKE_HAVE_LIBC_PTHREAD
[0.593s] -- Performing Test CMAKE_HAVE_LIBC_PTHREAD - Success
[0.595s] -- Found Threads: TRUE  
[0.649s] -- Found sensor_msgs: 4.2.4 (/opt/ros/humble/share/sensor_msgs/cmake)
[0.676s] -- Found laser_geometry: 2.4.0 (/opt/ros/humble/share/laser_geometry/cmake)
[0.754s] -- Configuring done
[0.763s] -- Generating done
[0.764s] -- Build files have been written to: /home/zalv/hokuyo3_ws/build/laser_to_pc
[0.777s] Invoked command in '/home/zalv/hokuyo3_ws/build/laser_to_pc' returned '0': CMAKE_PREFIX_PATH=${CMAKE_PREFIX_PATH}:/opt/ros/humble /usr/bin/cmake /home/zalv/hokuyo3_ws/src/laser_to_pc -DAMENT_CMAKE_SYMLINK_INSTALL=1 -DCMAKE_INSTALL_PREFIX=/home/zalv/hokuyo3_ws/install/laser_to_pc
[0.779s] Invoking command in '/home/zalv/hokuyo3_ws/build/laser_to_pc': CMAKE_PREFIX_PATH=${CMAKE_PREFIX_PATH}:/opt/ros/humble /usr/bin/cmake --build /home/zalv/hokuyo3_ws/build/laser_to_pc -- -j22 -l22
[0.836s] [ 50%] [32mBuilding CXX object CMakeFiles/laser_to_pointcloud.dir/src/laser_to_pointcloud.cpp.o[0m
[7.664s] [100%] [32m[1mLinking CXX executable laser_to_pointcloud[0m
[7.995s] [100%] Built target laser_to_pointcloud
