[0.015s] Invoking command in '/home/zalv/hokuyo3_ws/build/laser_to_pc': CMAKE_PREFIX_PATH=${CMAKE_PREFIX_PATH}:/opt/ros/humble /usr/bin/cmake --build /home/zalv/hokuyo3_ws/build/laser_to_pc -- -j22 -l22
[0.058s] [35m[1mConsolidate compiler generated dependencies of target fixed_map_rviz[0m
[0.075s] [ 25%] [32mBuilding CXX object CMakeFiles/fixed_map_rviz.dir/src/fixed_map_rviz.cpp.o[0m
[0.076s] [ 75%] Built target laser_to_pointcloud
[1.586s] In file included from [01m[K/opt/ros/humble/include/rclcpp/rclcpp/logging.hpp:24[m[K,
[1.587s]                  from [01m[K/opt/ros/humble/include/rclcpp/rclcpp/client.hpp:40[m[K,
[1.587s]                  from [01m[K/opt/ros/humble/include/rclcpp/rclcpp/callback_group.hpp:24[m[K,
[1.587s]                  from [01m[K/opt/ros/humble/include/rclcpp/rclcpp/any_executable.hpp:20[m[K,
[1.587s]                  from [01m[K/opt/ros/humble/include/rclcpp/rclcpp/memory_strategy.hpp:25[m[K,
[1.587s]                  from [01m[K/opt/ros/humble/include/rclcpp/rclcpp/memory_strategies.hpp:18[m[K,
[1.587s]                  from [01m[K/opt/ros/humble/include/rclcpp/rclcpp/executor_options.hpp:20[m[K,
[1.587s]                  from [01m[K/opt/ros/humble/include/rclcpp/rclcpp/executor.hpp:37[m[K,
[1.587s]                  from [01m[K/opt/ros/humble/include/rclcpp/rclcpp/executors/multi_threaded_executor.hpp:25[m[K,
[1.587s]                  from [01m[K/opt/ros/humble/include/rclcpp/rclcpp/executors.hpp:21[m[K,
[1.587s]                  from [01m[K/opt/ros/humble/include/rclcpp/rclcpp/rclcpp.hpp:155[m[K,
[1.587s]                  from [01m[K/home/zalv/hokuyo3_ws/src/laser_to_pc/src/fixed_map_rviz.cpp:1[m[K:
[1.587s] [01m[K/home/zalv/hokuyo3_ws/src/laser_to_pc/src/fixed_map_rviz.cpp:[m[K In member function ‘[01m[Kvoid LaserScanBroadcaster::publishScan()[m[K’:
[1.587s] [01m[K/home/zalv/hokuyo3_ws/src/laser_to_pc/src/fixed_map_rviz.cpp:87:41:[m[K [01;35m[Kwarning: [m[Kformat ‘[01m[K%d[m[K’ expects argument of type ‘[01m[Kint[m[K’, but argument 5 has type ‘[01m[Kstd::vector<float>::size_type[m[K’ {aka ‘[01m[Klong unsigned int[m[K’} [[01;35m[K]8;;https://gcc.gnu.org/onlinedocs/gcc/Warning-Options.html#index-Wformat=-Wformat=]8;;[m[K]
[1.587s]    87 |         RCLCPP_INFO(this->get_logger(), [01;35m[K"Published scan message with %d ranges"[m[K, [32m[Kscan_msg->ranges.size()[m[K);
[1.587s]       |                                         [01;35m[K^~~~~~~~~~~~~~~~~~~~~~~~~~~~~~~~~~~~~~~[m[K  [32m[K~~~~~~~~~~~~~~~~~~~~~~~[m[K
[1.587s]       |                                                                                                       [32m[K|[m[K
[1.587s]       |                                                                                                       [32m[Kstd::vector<float>::size_type {aka long unsigned int}[m[K
[1.588s] [01m[K/home/zalv/hokuyo3_ws/src/laser_to_pc/src/fixed_map_rviz.cpp:87:71:[m[K [01;36m[Knote: [m[Kformat string is defined here
[1.588s]    87 |         RCLCPP_INFO(this->get_logger(), "Published scan message with [01;36m[K%d[m[K ranges", scan_msg->ranges.size());
[1.588s]       |                                                                      [01;36m[K~^[m[K
[1.588s]       |                                                                       [01;36m[K|[m[K
[1.588s]       |                                                                       [01;36m[Kint[m[K
[1.588s]       |                                                                      [32m[K%ld[m[K
[2.791s] [100%] [32m[1mLinking CXX executable fixed_map_rviz[0m
[3.041s] [100%] Built target fixed_map_rviz
[3.053s] Invoked command in '/home/zalv/hokuyo3_ws/build/laser_to_pc' returned '0': CMAKE_PREFIX_PATH=${CMAKE_PREFIX_PATH}:/opt/ros/humble /usr/bin/cmake --build /home/zalv/hokuyo3_ws/build/laser_to_pc -- -j22 -l22
[3.085s] Invoking command in '/home/zalv/hokuyo3_ws/build/laser_to_pc': CMAKE_PREFIX_PATH=${CMAKE_PREFIX_PATH}:/opt/ros/humble /usr/bin/cmake --install /home/zalv/hokuyo3_ws/build/laser_to_pc
[3.092s] -- Install configuration: ""
[3.092s] -- Execute custom install script
[3.093s] -- Up-to-date symlink: /home/zalv/hokuyo3_ws/install/laser_to_pc/lib/laser_to_pc/laser_to_pointcloud
[3.093s] -- Up-to-date symlink: /home/zalv/hokuyo3_ws/install/laser_to_pc/lib/laser_to_pc/fixed_map_rviz
[3.093s] -- Up-to-date symlink: /home/zalv/hokuyo3_ws/install/laser_to_pc/share/ament_index/resource_index/package_run_dependencies/laser_to_pc
[3.093s] -- Up-to-date symlink: /home/zalv/hokuyo3_ws/install/laser_to_pc/share/ament_index/resource_index/parent_prefix_path/laser_to_pc
[3.093s] -- Up-to-date symlink: /home/zalv/hokuyo3_ws/install/laser_to_pc/share/laser_to_pc/environment/ament_prefix_path.sh
[3.093s] -- Up-to-date symlink: /home/zalv/hokuyo3_ws/install/laser_to_pc/share/laser_to_pc/environment/ament_prefix_path.dsv
[3.094s] -- Up-to-date symlink: /home/zalv/hokuyo3_ws/install/laser_to_pc/share/laser_to_pc/environment/path.sh
[3.094s] -- Up-to-date symlink: /home/zalv/hokuyo3_ws/install/laser_to_pc/share/laser_to_pc/environment/path.dsv
[3.094s] -- Up-to-date symlink: /home/zalv/hokuyo3_ws/install/laser_to_pc/share/laser_to_pc/local_setup.bash
[3.094s] -- Up-to-date symlink: /home/zalv/hokuyo3_ws/install/laser_to_pc/share/laser_to_pc/local_setup.sh
[3.094s] -- Up-to-date symlink: /home/zalv/hokuyo3_ws/install/laser_to_pc/share/laser_to_pc/local_setup.zsh
[3.094s] -- Up-to-date symlink: /home/zalv/hokuyo3_ws/install/laser_to_pc/share/laser_to_pc/local_setup.dsv
[3.094s] -- Symlinking: /home/zalv/hokuyo3_ws/install/laser_to_pc/share/laser_to_pc/package.dsv
[3.103s] -- Up-to-date symlink: /home/zalv/hokuyo3_ws/install/laser_to_pc/share/ament_index/resource_index/packages/laser_to_pc
[3.103s] -- Up-to-date symlink: /home/zalv/hokuyo3_ws/install/laser_to_pc/share/laser_to_pc/cmake/laser_to_pcConfig.cmake
[3.103s] -- Up-to-date symlink: /home/zalv/hokuyo3_ws/install/laser_to_pc/share/laser_to_pc/cmake/laser_to_pcConfig-version.cmake
[3.103s] -- Up-to-date symlink: /home/zalv/hokuyo3_ws/install/laser_to_pc/share/laser_to_pc/package.xml
[3.105s] Invoked command in '/home/zalv/hokuyo3_ws/build/laser_to_pc' returned '0': CMAKE_PREFIX_PATH=${CMAKE_PREFIX_PATH}:/opt/ros/humble /usr/bin/cmake --install /home/zalv/hokuyo3_ws/build/laser_to_pc
