[0.088s] DEBUG:colcon:Command line arguments: ['/usr/bin/colcon', 'build', '--symlink-install']
[0.088s] DEBUG:colcon:Parsed command line arguments: Namespace(log_base=None, log_level=None, verb_name='build', build_base='build', install_base='install', merge_install=False, symlink_install=True, test_result_base=None, continue_on_error=False, executor='parallel', parallel_workers=22, event_handlers=None, ignore_user_meta=False, metas=['./colcon.meta'], base_paths=['.'], packages_ignore=None, packages_ignore_regex=None, paths=None, packages_up_to=None, packages_up_to_regex=None, packages_above=None, packages_above_and_dependencies=None, packages_above_depth=None, packages_select_by_dep=None, packages_skip_by_dep=None, packages_skip_up_to=None, packages_select_build_failed=False, packages_skip_build_finished=False, packages_select_test_failures=False, packages_skip_test_passed=False, packages_select=None, packages_skip=None, packages_select_regex=None, packages_skip_regex=None, packages_start=None, packages_end=None, allow_overriding=[], cmake_args=None, cmake_target=None, cmake_target_skip_unavailable=False, cmake_clean_cache=False, cmake_clean_first=False, cmake_force_configure=False, ament_cmake_args=None, catkin_cmake_args=None, catkin_skip_building_tests=False, mixin_files=None, mixin=None, verb_parser=<colcon_mixin.mixin.mixin_argument.MixinArgumentDecorator object at 0x743008432a70>, verb_extension=<colcon_core.verb.build.BuildVerb object at 0x743008533070>, main=<bound method BuildVerb.main of <colcon_core.verb.build.BuildVerb object at 0x743008533070>>, mixin_verb=('build',))
[0.191s] Level 1:colcon.colcon_core.package_discovery:discover_packages(colcon_meta) check parameters
[0.191s] Level 1:colcon.colcon_core.package_discovery:discover_packages(recursive) check parameters
[0.191s] Level 1:colcon.colcon_core.package_discovery:discover_packages(ignore) check parameters
[0.191s] Level 1:colcon.colcon_core.package_discovery:discover_packages(path) check parameters
[0.191s] Level 1:colcon.colcon_core.package_discovery:discover_packages(colcon_meta) discover
[0.191s] Level 1:colcon.colcon_core.package_discovery:discover_packages(recursive) discover
[0.191s] INFO:colcon.colcon_core.package_discovery:Crawling recursively for packages in '/home/zalv/hokuyo3_ws'
[0.191s] Level 1:colcon.colcon_core.package_identification:_identify(.) by extensions ['ignore', 'ignore_ament_install']
[0.191s] Level 1:colcon.colcon_core.package_identification:_identify(.) by extension 'ignore'
[0.191s] Level 1:colcon.colcon_core.package_identification:_identify(.) by extension 'ignore_ament_install'
[0.191s] Level 1:colcon.colcon_core.package_identification:_identify(.) by extensions ['colcon_pkg']
[0.191s] Level 1:colcon.colcon_core.package_identification:_identify(.) by extension 'colcon_pkg'
[0.191s] Level 1:colcon.colcon_core.package_identification:_identify(.) by extensions ['colcon_meta']
[0.191s] Level 1:colcon.colcon_core.package_identification:_identify(.) by extension 'colcon_meta'
[0.191s] Level 1:colcon.colcon_core.package_identification:_identify(.) by extensions ['ros']
[0.191s] Level 1:colcon.colcon_core.package_identification:_identify(.) by extension 'ros'
[0.197s] Level 1:colcon.colcon_core.package_identification:_identify(.) by extensions ['cmake', 'python']
[0.197s] Level 1:colcon.colcon_core.package_identification:_identify(.) by extension 'cmake'
[0.197s] Level 1:colcon.colcon_core.package_identification:_identify(.) by extension 'python'
[0.197s] Level 1:colcon.colcon_core.package_identification:_identify(.) by extensions ['python_setup_py']
[0.197s] Level 1:colcon.colcon_core.package_identification:_identify(.) by extension 'python_setup_py'
[0.197s] Level 1:colcon.colcon_core.package_identification:_identify(build) by extensions ['ignore', 'ignore_ament_install']
[0.197s] Level 1:colcon.colcon_core.package_identification:_identify(build) by extension 'ignore'
[0.197s] Level 1:colcon.colcon_core.package_identification:_identify(build) ignored
[0.198s] Level 1:colcon.colcon_core.package_identification:_identify(install) by extensions ['ignore', 'ignore_ament_install']
[0.198s] Level 1:colcon.colcon_core.package_identification:_identify(install) by extension 'ignore'
[0.198s] Level 1:colcon.colcon_core.package_identification:_identify(install) ignored
[0.198s] Level 1:colcon.colcon_core.package_identification:_identify(log) by extensions ['ignore', 'ignore_ament_install']
[0.198s] Level 1:colcon.colcon_core.package_identification:_identify(log) by extension 'ignore'
[0.198s] Level 1:colcon.colcon_core.package_identification:_identify(log) ignored
[0.198s] Level 1:colcon.colcon_core.package_identification:_identify(src) by extensions ['ignore', 'ignore_ament_install']
[0.198s] Level 1:colcon.colcon_core.package_identification:_identify(src) by extension 'ignore'
[0.198s] Level 1:colcon.colcon_core.package_identification:_identify(src) by extension 'ignore_ament_install'
[0.198s] Level 1:colcon.colcon_core.package_identification:_identify(src) by extensions ['colcon_pkg']
[0.198s] Level 1:colcon.colcon_core.package_identification:_identify(src) by extension 'colcon_pkg'
[0.198s] Level 1:colcon.colcon_core.package_identification:_identify(src) by extensions ['colcon_meta']
[0.198s] Level 1:colcon.colcon_core.package_identification:_identify(src) by extension 'colcon_meta'
[0.198s] Level 1:colcon.colcon_core.package_identification:_identify(src) by extensions ['ros']
[0.198s] Level 1:colcon.colcon_core.package_identification:_identify(src) by extension 'ros'
[0.198s] Level 1:colcon.colcon_core.package_identification:_identify(src) by extensions ['cmake', 'python']
[0.198s] Level 1:colcon.colcon_core.package_identification:_identify(src) by extension 'cmake'
[0.198s] Level 1:colcon.colcon_core.package_identification:_identify(src) by extension 'python'
[0.198s] Level 1:colcon.colcon_core.package_identification:_identify(src) by extensions ['python_setup_py']
[0.198s] Level 1:colcon.colcon_core.package_identification:_identify(src) by extension 'python_setup_py'
[0.198s] Level 1:colcon.colcon_core.package_identification:_identify(src/Lslidar_ROS2_driver) by extensions ['ignore', 'ignore_ament_install']
[0.198s] Level 1:colcon.colcon_core.package_identification:_identify(src/Lslidar_ROS2_driver) by extension 'ignore'
[0.198s] Level 1:colcon.colcon_core.package_identification:_identify(src/Lslidar_ROS2_driver) by extension 'ignore_ament_install'
[0.198s] Level 1:colcon.colcon_core.package_identification:_identify(src/Lslidar_ROS2_driver) by extensions ['colcon_pkg']
[0.198s] Level 1:colcon.colcon_core.package_identification:_identify(src/Lslidar_ROS2_driver) by extension 'colcon_pkg'
[0.198s] Level 1:colcon.colcon_core.package_identification:_identify(src/Lslidar_ROS2_driver) by extensions ['colcon_meta']
[0.198s] Level 1:colcon.colcon_core.package_identification:_identify(src/Lslidar_ROS2_driver) by extension 'colcon_meta'
[0.198s] Level 1:colcon.colcon_core.package_identification:_identify(src/Lslidar_ROS2_driver) by extensions ['ros']
[0.198s] Level 1:colcon.colcon_core.package_identification:_identify(src/Lslidar_ROS2_driver) by extension 'ros'
[0.198s] Level 1:colcon.colcon_core.package_identification:_identify(src/Lslidar_ROS2_driver) by extensions ['cmake', 'python']
[0.198s] Level 1:colcon.colcon_core.package_identification:_identify(src/Lslidar_ROS2_driver) by extension 'cmake'
[0.198s] Level 1:colcon.colcon_core.package_identification:_identify(src/Lslidar_ROS2_driver) by extension 'python'
[0.198s] Level 1:colcon.colcon_core.package_identification:_identify(src/Lslidar_ROS2_driver) by extensions ['python_setup_py']
[0.198s] Level 1:colcon.colcon_core.package_identification:_identify(src/Lslidar_ROS2_driver) by extension 'python_setup_py'
[0.198s] Level 1:colcon.colcon_core.package_identification:_identify(src/Lslidar_ROS2_driver/lslidar_driver) by extensions ['ignore', 'ignore_ament_install']
[0.198s] Level 1:colcon.colcon_core.package_identification:_identify(src/Lslidar_ROS2_driver/lslidar_driver) by extension 'ignore'
[0.198s] Level 1:colcon.colcon_core.package_identification:_identify(src/Lslidar_ROS2_driver/lslidar_driver) by extension 'ignore_ament_install'
[0.198s] Level 1:colcon.colcon_core.package_identification:_identify(src/Lslidar_ROS2_driver/lslidar_driver) by extensions ['colcon_pkg']
[0.198s] Level 1:colcon.colcon_core.package_identification:_identify(src/Lslidar_ROS2_driver/lslidar_driver) by extension 'colcon_pkg'
[0.198s] Level 1:colcon.colcon_core.package_identification:_identify(src/Lslidar_ROS2_driver/lslidar_driver) by extensions ['colcon_meta']
[0.198s] Level 1:colcon.colcon_core.package_identification:_identify(src/Lslidar_ROS2_driver/lslidar_driver) by extension 'colcon_meta'
[0.199s] Level 1:colcon.colcon_core.package_identification:_identify(src/Lslidar_ROS2_driver/lslidar_driver) by extensions ['ros']
[0.199s] Level 1:colcon.colcon_core.package_identification:_identify(src/Lslidar_ROS2_driver/lslidar_driver) by extension 'ros'
[0.200s] DEBUG:colcon.colcon_core.package_identification:Package 'src/Lslidar_ROS2_driver/lslidar_driver' with type 'ros.ament_cmake' and name 'lslidar_driver'
[0.200s] Level 1:colcon.colcon_core.package_identification:_identify(src/Lslidar_ROS2_driver/lslidar_msgs) by extensions ['ignore', 'ignore_ament_install']
[0.200s] Level 1:colcon.colcon_core.package_identification:_identify(src/Lslidar_ROS2_driver/lslidar_msgs) by extension 'ignore'
[0.200s] Level 1:colcon.colcon_core.package_identification:_identify(src/Lslidar_ROS2_driver/lslidar_msgs) by extension 'ignore_ament_install'
[0.200s] Level 1:colcon.colcon_core.package_identification:_identify(src/Lslidar_ROS2_driver/lslidar_msgs) by extensions ['colcon_pkg']
[0.200s] Level 1:colcon.colcon_core.package_identification:_identify(src/Lslidar_ROS2_driver/lslidar_msgs) by extension 'colcon_pkg'
[0.200s] Level 1:colcon.colcon_core.package_identification:_identify(src/Lslidar_ROS2_driver/lslidar_msgs) by extensions ['colcon_meta']
[0.200s] Level 1:colcon.colcon_core.package_identification:_identify(src/Lslidar_ROS2_driver/lslidar_msgs) by extension 'colcon_meta'
[0.200s] Level 1:colcon.colcon_core.package_identification:_identify(src/Lslidar_ROS2_driver/lslidar_msgs) by extensions ['ros']
[0.200s] Level 1:colcon.colcon_core.package_identification:_identify(src/Lslidar_ROS2_driver/lslidar_msgs) by extension 'ros'
[0.201s] DEBUG:colcon.colcon_core.package_identification:Package 'src/Lslidar_ROS2_driver/lslidar_msgs' with type 'ros.ament_cmake' and name 'lslidar_msgs'
[0.201s] Level 1:colcon.colcon_core.package_identification:_identify(src/icp_node) by extensions ['ignore', 'ignore_ament_install']
[0.201s] Level 1:colcon.colcon_core.package_identification:_identify(src/icp_node) by extension 'ignore'
[0.201s] Level 1:colcon.colcon_core.package_identification:_identify(src/icp_node) by extension 'ignore_ament_install'
[0.201s] Level 1:colcon.colcon_core.package_identification:_identify(src/icp_node) by extensions ['colcon_pkg']
[0.201s] Level 1:colcon.colcon_core.package_identification:_identify(src/icp_node) by extension 'colcon_pkg'
[0.201s] Level 1:colcon.colcon_core.package_identification:_identify(src/icp_node) by extensions ['colcon_meta']
[0.201s] Level 1:colcon.colcon_core.package_identification:_identify(src/icp_node) by extension 'colcon_meta'
[0.201s] Level 1:colcon.colcon_core.package_identification:_identify(src/icp_node) by extensions ['ros']
[0.201s] Level 1:colcon.colcon_core.package_identification:_identify(src/icp_node) by extension 'ros'
[0.201s] DEBUG:colcon.colcon_core.package_identification:Package 'src/icp_node' with type 'ros.ament_cmake' and name 'icp_node'
[0.201s] Level 1:colcon.colcon_core.package_identification:_identify(src/laser_to_pc) by extensions ['ignore', 'ignore_ament_install']
[0.201s] Level 1:colcon.colcon_core.package_identification:_identify(src/laser_to_pc) by extension 'ignore'
[0.201s] Level 1:colcon.colcon_core.package_identification:_identify(src/laser_to_pc) by extension 'ignore_ament_install'
[0.201s] Level 1:colcon.colcon_core.package_identification:_identify(src/laser_to_pc) by extensions ['colcon_pkg']
[0.201s] Level 1:colcon.colcon_core.package_identification:_identify(src/laser_to_pc) by extension 'colcon_pkg'
[0.201s] Level 1:colcon.colcon_core.package_identification:_identify(src/laser_to_pc) by extensions ['colcon_meta']
[0.201s] Level 1:colcon.colcon_core.package_identification:_identify(src/laser_to_pc) by extension 'colcon_meta'
[0.201s] Level 1:colcon.colcon_core.package_identification:_identify(src/laser_to_pc) by extensions ['ros']
[0.201s] Level 1:colcon.colcon_core.package_identification:_identify(src/laser_to_pc) by extension 'ros'
[0.202s] DEBUG:colcon.colcon_core.package_identification:Package 'src/laser_to_pc' with type 'ros.ament_cmake' and name 'laser_to_pc'
[0.202s] Level 1:colcon.colcon_core.package_identification:_identify(src/pclomp) by extensions ['ignore', 'ignore_ament_install']
[0.202s] Level 1:colcon.colcon_core.package_identification:_identify(src/pclomp) by extension 'ignore'
[0.202s] Level 1:colcon.colcon_core.package_identification:_identify(src/pclomp) by extension 'ignore_ament_install'
[0.202s] Level 1:colcon.colcon_core.package_identification:_identify(src/pclomp) by extensions ['colcon_pkg']
[0.202s] Level 1:colcon.colcon_core.package_identification:_identify(src/pclomp) by extension 'colcon_pkg'
[0.202s] Level 1:colcon.colcon_core.package_identification:_identify(src/pclomp) by extensions ['colcon_meta']
[0.202s] Level 1:colcon.colcon_core.package_identification:_identify(src/pclomp) by extension 'colcon_meta'
[0.202s] Level 1:colcon.colcon_core.package_identification:_identify(src/pclomp) by extensions ['ros']
[0.202s] Level 1:colcon.colcon_core.package_identification:_identify(src/pclomp) by extension 'ros'
[0.202s] DEBUG:colcon.colcon_core.package_identification:Package 'src/pclomp' with type 'ros.cmake' and name 'pclomp'
[0.202s] Level 1:colcon.colcon_core.package_identification:_identify(src/urg_node2) by extensions ['ignore', 'ignore_ament_install']
[0.202s] Level 1:colcon.colcon_core.package_identification:_identify(src/urg_node2) by extension 'ignore'
[0.203s] Level 1:colcon.colcon_core.package_identification:_identify(src/urg_node2) by extension 'ignore_ament_install'
[0.203s] Level 1:colcon.colcon_core.package_identification:_identify(src/urg_node2) by extensions ['colcon_pkg']
[0.203s] Level 1:colcon.colcon_core.package_identification:_identify(src/urg_node2) by extension 'colcon_pkg'
[0.203s] Level 1:colcon.colcon_core.package_identification:_identify(src/urg_node2) by extensions ['colcon_meta']
[0.203s] Level 1:colcon.colcon_core.package_identification:_identify(src/urg_node2) by extension 'colcon_meta'
[0.203s] Level 1:colcon.colcon_core.package_identification:_identify(src/urg_node2) by extensions ['ros']
[0.203s] Level 1:colcon.colcon_core.package_identification:_identify(src/urg_node2) by extension 'ros'
[0.203s] DEBUG:colcon.colcon_core.package_identification:Package 'src/urg_node2' with type 'ros.ament_cmake' and name 'urg_node2'
[0.203s] Level 1:colcon.colcon_core.package_discovery:discover_packages(recursive) using defaults
[0.203s] Level 1:colcon.colcon_core.package_discovery:discover_packages(ignore) discover
[0.203s] Level 1:colcon.colcon_core.package_discovery:discover_packages(ignore) using defaults
[0.203s] Level 1:colcon.colcon_core.package_discovery:discover_packages(path) discover
[0.203s] Level 1:colcon.colcon_core.package_discovery:discover_packages(path) using defaults
[0.219s] Level 1:colcon.colcon_core.package_discovery:discover_packages(prefix_path) check parameters
[0.219s] Level 1:colcon.colcon_core.package_discovery:discover_packages(prefix_path) discover
[0.221s] DEBUG:colcon.colcon_installed_package_information.package_discovery:Found 6 installed packages in /home/zalv/hokuyo3_ws/install
[0.222s] DEBUG:colcon.colcon_installed_package_information.package_discovery:Found 288 installed packages in /opt/ros/humble
[0.222s] Level 1:colcon.colcon_core.package_discovery:discover_packages(prefix_path) using defaults
[0.243s] Level 5:colcon.colcon_core.verb:set package 'icp_node' build argument 'cmake_args' from command line to 'None'
[0.243s] Level 5:colcon.colcon_core.verb:set package 'icp_node' build argument 'cmake_target' from command line to 'None'
[0.243s] Level 5:colcon.colcon_core.verb:set package 'icp_node' build argument 'cmake_target_skip_unavailable' from command line to 'False'
[0.243s] Level 5:colcon.colcon_core.verb:set package 'icp_node' build argument 'cmake_clean_cache' from command line to 'False'
[0.243s] Level 5:colcon.colcon_core.verb:set package 'icp_node' build argument 'cmake_clean_first' from command line to 'False'
[0.243s] Level 5:colcon.colcon_core.verb:set package 'icp_node' build argument 'cmake_force_configure' from command line to 'False'
[0.243s] Level 5:colcon.colcon_core.verb:set package 'icp_node' build argument 'ament_cmake_args' from command line to 'None'
[0.243s] Level 5:colcon.colcon_core.verb:set package 'icp_node' build argument 'catkin_cmake_args' from command line to 'None'
[0.243s] Level 5:colcon.colcon_core.verb:set package 'icp_node' build argument 'catkin_skip_building_tests' from command line to 'False'
[0.243s] DEBUG:colcon.colcon_core.verb:Building package 'icp_node' with the following arguments: {'ament_cmake_args': None, 'build_base': '/home/zalv/hokuyo3_ws/build/icp_node', 'catkin_cmake_args': None, 'catkin_skip_building_tests': False, 'cmake_args': None, 'cmake_clean_cache': False, 'cmake_clean_first': False, 'cmake_force_configure': False, 'cmake_target': None, 'cmake_target_skip_unavailable': False, 'install_base': '/home/zalv/hokuyo3_ws/install/icp_node', 'merge_install': False, 'path': '/home/zalv/hokuyo3_ws/src/icp_node', 'symlink_install': True, 'test_result_base': None}
[0.243s] Level 5:colcon.colcon_core.verb:set package 'laser_to_pc' build argument 'cmake_args' from command line to 'None'
[0.243s] Level 5:colcon.colcon_core.verb:set package 'laser_to_pc' build argument 'cmake_target' from command line to 'None'
[0.243s] Level 5:colcon.colcon_core.verb:set package 'laser_to_pc' build argument 'cmake_target_skip_unavailable' from command line to 'False'
[0.243s] Level 5:colcon.colcon_core.verb:set package 'laser_to_pc' build argument 'cmake_clean_cache' from command line to 'False'
[0.243s] Level 5:colcon.colcon_core.verb:set package 'laser_to_pc' build argument 'cmake_clean_first' from command line to 'False'
[0.243s] Level 5:colcon.colcon_core.verb:set package 'laser_to_pc' build argument 'cmake_force_configure' from command line to 'False'
[0.243s] Level 5:colcon.colcon_core.verb:set package 'laser_to_pc' build argument 'ament_cmake_args' from command line to 'None'
[0.243s] Level 5:colcon.colcon_core.verb:set package 'laser_to_pc' build argument 'catkin_cmake_args' from command line to 'None'
[0.243s] Level 5:colcon.colcon_core.verb:set package 'laser_to_pc' build argument 'catkin_skip_building_tests' from command line to 'False'
[0.243s] DEBUG:colcon.colcon_core.verb:Building package 'laser_to_pc' with the following arguments: {'ament_cmake_args': None, 'build_base': '/home/zalv/hokuyo3_ws/build/laser_to_pc', 'catkin_cmake_args': None, 'catkin_skip_building_tests': False, 'cmake_args': None, 'cmake_clean_cache': False, 'cmake_clean_first': False, 'cmake_force_configure': False, 'cmake_target': None, 'cmake_target_skip_unavailable': False, 'install_base': '/home/zalv/hokuyo3_ws/install/laser_to_pc', 'merge_install': False, 'path': '/home/zalv/hokuyo3_ws/src/laser_to_pc', 'symlink_install': True, 'test_result_base': None}
[0.243s] Level 5:colcon.colcon_core.verb:set package 'lslidar_msgs' build argument 'cmake_args' from command line to 'None'
[0.243s] Level 5:colcon.colcon_core.verb:set package 'lslidar_msgs' build argument 'cmake_target' from command line to 'None'
[0.243s] Level 5:colcon.colcon_core.verb:set package 'lslidar_msgs' build argument 'cmake_target_skip_unavailable' from command line to 'False'
[0.243s] Level 5:colcon.colcon_core.verb:set package 'lslidar_msgs' build argument 'cmake_clean_cache' from command line to 'False'
[0.243s] Level 5:colcon.colcon_core.verb:set package 'lslidar_msgs' build argument 'cmake_clean_first' from command line to 'False'
[0.243s] Level 5:colcon.colcon_core.verb:set package 'lslidar_msgs' build argument 'cmake_force_configure' from command line to 'False'
[0.243s] Level 5:colcon.colcon_core.verb:set package 'lslidar_msgs' build argument 'ament_cmake_args' from command line to 'None'
[0.243s] Level 5:colcon.colcon_core.verb:set package 'lslidar_msgs' build argument 'catkin_cmake_args' from command line to 'None'
[0.243s] Level 5:colcon.colcon_core.verb:set package 'lslidar_msgs' build argument 'catkin_skip_building_tests' from command line to 'False'
[0.243s] DEBUG:colcon.colcon_core.verb:Building package 'lslidar_msgs' with the following arguments: {'ament_cmake_args': None, 'build_base': '/home/zalv/hokuyo3_ws/build/lslidar_msgs', 'catkin_cmake_args': None, 'catkin_skip_building_tests': False, 'cmake_args': None, 'cmake_clean_cache': False, 'cmake_clean_first': False, 'cmake_force_configure': False, 'cmake_target': None, 'cmake_target_skip_unavailable': False, 'install_base': '/home/zalv/hokuyo3_ws/install/lslidar_msgs', 'merge_install': False, 'path': '/home/zalv/hokuyo3_ws/src/Lslidar_ROS2_driver/lslidar_msgs', 'symlink_install': True, 'test_result_base': None}
[0.244s] Level 5:colcon.colcon_core.verb:set package 'pclomp' build argument 'cmake_args' from command line to 'None'
[0.244s] Level 5:colcon.colcon_core.verb:set package 'pclomp' build argument 'cmake_target' from command line to 'None'
[0.244s] Level 5:colcon.colcon_core.verb:set package 'pclomp' build argument 'cmake_target_skip_unavailable' from command line to 'False'
[0.244s] Level 5:colcon.colcon_core.verb:set package 'pclomp' build argument 'cmake_clean_cache' from command line to 'False'
[0.244s] Level 5:colcon.colcon_core.verb:set package 'pclomp' build argument 'cmake_clean_first' from command line to 'False'
[0.244s] Level 5:colcon.colcon_core.verb:set package 'pclomp' build argument 'cmake_force_configure' from command line to 'False'
[0.244s] Level 5:colcon.colcon_core.verb:set package 'pclomp' build argument 'ament_cmake_args' from command line to 'None'
[0.244s] Level 5:colcon.colcon_core.verb:set package 'pclomp' build argument 'catkin_cmake_args' from command line to 'None'
[0.244s] Level 5:colcon.colcon_core.verb:set package 'pclomp' build argument 'catkin_skip_building_tests' from command line to 'False'
[0.244s] DEBUG:colcon.colcon_core.verb:Building package 'pclomp' with the following arguments: {'ament_cmake_args': None, 'build_base': '/home/zalv/hokuyo3_ws/build/pclomp', 'catkin_cmake_args': None, 'catkin_skip_building_tests': False, 'cmake_args': None, 'cmake_clean_cache': False, 'cmake_clean_first': False, 'cmake_force_configure': False, 'cmake_target': None, 'cmake_target_skip_unavailable': False, 'install_base': '/home/zalv/hokuyo3_ws/install/pclomp', 'merge_install': False, 'path': '/home/zalv/hokuyo3_ws/src/pclomp', 'symlink_install': True, 'test_result_base': None}
[0.244s] Level 5:colcon.colcon_core.verb:set package 'urg_node2' build argument 'cmake_args' from command line to 'None'
[0.244s] Level 5:colcon.colcon_core.verb:set package 'urg_node2' build argument 'cmake_target' from command line to 'None'
[0.244s] Level 5:colcon.colcon_core.verb:set package 'urg_node2' build argument 'cmake_target_skip_unavailable' from command line to 'False'
[0.244s] Level 5:colcon.colcon_core.verb:set package 'urg_node2' build argument 'cmake_clean_cache' from command line to 'False'
[0.244s] Level 5:colcon.colcon_core.verb:set package 'urg_node2' build argument 'cmake_clean_first' from command line to 'False'
[0.244s] Level 5:colcon.colcon_core.verb:set package 'urg_node2' build argument 'cmake_force_configure' from command line to 'False'
[0.244s] Level 5:colcon.colcon_core.verb:set package 'urg_node2' build argument 'ament_cmake_args' from command line to 'None'
[0.244s] Level 5:colcon.colcon_core.verb:set package 'urg_node2' build argument 'catkin_cmake_args' from command line to 'None'
[0.244s] Level 5:colcon.colcon_core.verb:set package 'urg_node2' build argument 'catkin_skip_building_tests' from command line to 'False'
[0.244s] DEBUG:colcon.colcon_core.verb:Building package 'urg_node2' with the following arguments: {'ament_cmake_args': None, 'build_base': '/home/zalv/hokuyo3_ws/build/urg_node2', 'catkin_cmake_args': None, 'catkin_skip_building_tests': False, 'cmake_args': None, 'cmake_clean_cache': False, 'cmake_clean_first': False, 'cmake_force_configure': False, 'cmake_target': None, 'cmake_target_skip_unavailable': False, 'install_base': '/home/zalv/hokuyo3_ws/install/urg_node2', 'merge_install': False, 'path': '/home/zalv/hokuyo3_ws/src/urg_node2', 'symlink_install': True, 'test_result_base': None}
[0.244s] Level 5:colcon.colcon_core.verb:set package 'lslidar_driver' build argument 'cmake_args' from command line to 'None'
[0.244s] Level 5:colcon.colcon_core.verb:set package 'lslidar_driver' build argument 'cmake_target' from command line to 'None'
[0.244s] Level 5:colcon.colcon_core.verb:set package 'lslidar_driver' build argument 'cmake_target_skip_unavailable' from command line to 'False'
[0.244s] Level 5:colcon.colcon_core.verb:set package 'lslidar_driver' build argument 'cmake_clean_cache' from command line to 'False'
[0.244s] Level 5:colcon.colcon_core.verb:set package 'lslidar_driver' build argument 'cmake_clean_first' from command line to 'False'
[0.244s] Level 5:colcon.colcon_core.verb:set package 'lslidar_driver' build argument 'cmake_force_configure' from command line to 'False'
[0.244s] Level 5:colcon.colcon_core.verb:set package 'lslidar_driver' build argument 'ament_cmake_args' from command line to 'None'
[0.244s] Level 5:colcon.colcon_core.verb:set package 'lslidar_driver' build argument 'catkin_cmake_args' from command line to 'None'
[0.244s] Level 5:colcon.colcon_core.verb:set package 'lslidar_driver' build argument 'catkin_skip_building_tests' from command line to 'False'
[0.244s] DEBUG:colcon.colcon_core.verb:Building package 'lslidar_driver' with the following arguments: {'ament_cmake_args': None, 'build_base': '/home/zalv/hokuyo3_ws/build/lslidar_driver', 'catkin_cmake_args': None, 'catkin_skip_building_tests': False, 'cmake_args': None, 'cmake_clean_cache': False, 'cmake_clean_first': False, 'cmake_force_configure': False, 'cmake_target': None, 'cmake_target_skip_unavailable': False, 'install_base': '/home/zalv/hokuyo3_ws/install/lslidar_driver', 'merge_install': False, 'path': '/home/zalv/hokuyo3_ws/src/Lslidar_ROS2_driver/lslidar_driver', 'symlink_install': True, 'test_result_base': None}
[0.244s] INFO:colcon.colcon_core.executor:Executing jobs using 'parallel' executor
[0.246s] DEBUG:colcon.colcon_parallel_executor.executor.parallel:run_until_complete
[0.246s] INFO:colcon.colcon_ros.task.ament_cmake.build:Building ROS package in '/home/zalv/hokuyo3_ws/src/Lslidar_ROS2_driver/lslidar_msgs' with build type 'ament_cmake'
[0.247s] INFO:colcon.colcon_cmake.task.cmake.build:Building CMake package in '/home/zalv/hokuyo3_ws/src/Lslidar_ROS2_driver/lslidar_msgs'
[0.249s] INFO:colcon.colcon_core.plugin_system:Skipping extension 'colcon_core.shell.bat': Not used on non-Windows systems
[0.249s] INFO:colcon.colcon_core.shell:Skip shell extension 'powershell' for command environment: Not usable outside of PowerShell
[0.249s] DEBUG:colcon.colcon_core.shell:Skip shell extension 'dsv' for command environment
[0.252s] INFO:colcon.colcon_ros.task.ament_cmake.build:Building ROS package in '/home/zalv/hokuyo3_ws/src/icp_node' with build type 'ament_cmake'
[0.252s] INFO:colcon.colcon_cmake.task.cmake.build:Building CMake package in '/home/zalv/hokuyo3_ws/src/icp_node'
[0.252s] INFO:colcon.colcon_core.shell:Skip shell extension 'powershell' for command environment: Not usable outside of PowerShell
[0.252s] DEBUG:colcon.colcon_core.shell:Skip shell extension 'dsv' for command environment
[0.254s] INFO:colcon.colcon_ros.task.ament_cmake.build:Building ROS package in '/home/zalv/hokuyo3_ws/src/laser_to_pc' with build type 'ament_cmake'
[0.254s] INFO:colcon.colcon_cmake.task.cmake.build:Building CMake package in '/home/zalv/hokuyo3_ws/src/laser_to_pc'
[0.255s] INFO:colcon.colcon_core.shell:Skip shell extension 'powershell' for command environment: Not usable outside of PowerShell
[0.255s] DEBUG:colcon.colcon_core.shell:Skip shell extension 'dsv' for command environment
[0.257s] INFO:colcon.colcon_ros.task.cmake.build:Building ROS package in '/home/zalv/hokuyo3_ws/src/pclomp' with build type 'cmake'
[0.257s] INFO:colcon.colcon_cmake.task.cmake.build:Building CMake package in '/home/zalv/hokuyo3_ws/src/pclomp'
[0.257s] INFO:colcon.colcon_core.shell:Skip shell extension 'powershell' for command environment: Not usable outside of PowerShell
[0.257s] DEBUG:colcon.colcon_core.shell:Skip shell extension 'dsv' for command environment
[0.259s] INFO:colcon.colcon_ros.task.ament_cmake.build:Building ROS package in '/home/zalv/hokuyo3_ws/src/urg_node2' with build type 'ament_cmake'
[0.260s] INFO:colcon.colcon_cmake.task.cmake.build:Building CMake package in '/home/zalv/hokuyo3_ws/src/urg_node2'
[0.260s] INFO:colcon.colcon_core.shell:Skip shell extension 'powershell' for command environment: Not usable outside of PowerShell
[0.260s] DEBUG:colcon.colcon_core.shell:Skip shell extension 'dsv' for command environment
[0.268s] DEBUG:colcon.colcon_core.event_handler.log_command:Invoking command in '/home/zalv/hokuyo3_ws/build/lslidar_msgs': CMAKE_PREFIX_PATH=${CMAKE_PREFIX_PATH}:/opt/ros/humble /usr/bin/cmake --build /home/zalv/hokuyo3_ws/build/lslidar_msgs -- -j22 -l22
[0.271s] DEBUG:colcon.colcon_core.event_handler.log_command:Invoking command in '/home/zalv/hokuyo3_ws/build/icp_node': CMAKE_PREFIX_PATH=${CMAKE_PREFIX_PATH}:/opt/ros/humble /usr/bin/cmake --build /home/zalv/hokuyo3_ws/build/icp_node -- -j22 -l22
[0.277s] DEBUG:colcon.colcon_core.event_handler.log_command:Invoking command in '/home/zalv/hokuyo3_ws/build/laser_to_pc': CMAKE_PREFIX_PATH=${CMAKE_PREFIX_PATH}:/opt/ros/humble /usr/bin/cmake /home/zalv/hokuyo3_ws/src/laser_to_pc -DAMENT_CMAKE_SYMLINK_INSTALL=1 -DCMAKE_INSTALL_PREFIX=/home/zalv/hokuyo3_ws/install/laser_to_pc
[0.281s] DEBUG:colcon.colcon_core.event_handler.log_command:Invoking command in '/home/zalv/hokuyo3_ws/build/pclomp': CMAKE_PREFIX_PATH=${CMAKE_PREFIX_PATH}:/opt/ros/humble /usr/bin/cmake --build /home/zalv/hokuyo3_ws/build/pclomp -- -j22 -l22
[0.288s] DEBUG:colcon.colcon_core.event_handler.log_command:Invoking command in '/home/zalv/hokuyo3_ws/build/urg_node2': CMAKE_PREFIX_PATH=${CMAKE_PREFIX_PATH}:/opt/ros/humble /usr/bin/cmake --build /home/zalv/hokuyo3_ws/build/urg_node2 -- -j22 -l22
[0.355s] DEBUG:colcon.colcon_core.event_handler.log_command:Invoked command in '/home/zalv/hokuyo3_ws/build/icp_node' returned '0': CMAKE_PREFIX_PATH=${CMAKE_PREFIX_PATH}:/opt/ros/humble /usr/bin/cmake --build /home/zalv/hokuyo3_ws/build/icp_node -- -j22 -l22
[0.362s] DEBUG:colcon.colcon_core.event_handler.log_command:Invoked command in '/home/zalv/hokuyo3_ws/build/pclomp' returned '0': CMAKE_PREFIX_PATH=${CMAKE_PREFIX_PATH}:/opt/ros/humble /usr/bin/cmake --build /home/zalv/hokuyo3_ws/build/pclomp -- -j22 -l22
[0.375s] DEBUG:colcon.colcon_core.event_handler.log_command:Invoked command in '/home/zalv/hokuyo3_ws/build/urg_node2' returned '0': CMAKE_PREFIX_PATH=${CMAKE_PREFIX_PATH}:/opt/ros/humble /usr/bin/cmake --build /home/zalv/hokuyo3_ws/build/urg_node2 -- -j22 -l22
[0.391s] DEBUG:colcon.colcon_core.event_handler.log_command:Invoking command in '/home/zalv/hokuyo3_ws/build/icp_node': CMAKE_PREFIX_PATH=${CMAKE_PREFIX_PATH}:/opt/ros/humble /usr/bin/cmake --install /home/zalv/hokuyo3_ws/build/icp_node
[0.392s] DEBUG:colcon.colcon_core.event_handler.log_command:Invoking command in '/home/zalv/hokuyo3_ws/build/pclomp': CMAKE_PREFIX_PATH=${CMAKE_PREFIX_PATH}:/opt/ros/humble /usr/bin/cmake --install /home/zalv/hokuyo3_ws/build/pclomp
[0.403s] DEBUG:colcon.colcon_core.event_handler.log_command:Invoked command in '/home/zalv/hokuyo3_ws/build/pclomp' returned '0': CMAKE_PREFIX_PATH=${CMAKE_PREFIX_PATH}:/opt/ros/humble /usr/bin/cmake --install /home/zalv/hokuyo3_ws/build/pclomp
[0.406s] Level 1:colcon.colcon_core.environment:create_environment_scripts_only(icp_node)
[0.407s] DEBUG:colcon.colcon_core.event_handler.log_command:Invoked command in '/home/zalv/hokuyo3_ws/build/icp_node' returned '0': CMAKE_PREFIX_PATH=${CMAKE_PREFIX_PATH}:/opt/ros/humble /usr/bin/cmake --install /home/zalv/hokuyo3_ws/build/icp_node
[0.408s] Level 1:colcon.colcon_core.environment:checking '/home/zalv/hokuyo3_ws/install/icp_node' for CMake module files
[0.409s] Level 1:colcon.colcon_core.environment:checking '/home/zalv/hokuyo3_ws/install/icp_node' for CMake config files
[0.409s] Level 1:colcon.colcon_core.shell:create_environment_hook('icp_node', 'cmake_prefix_path')
[0.409s] INFO:colcon.colcon_core.shell:Creating environment hook '/home/zalv/hokuyo3_ws/install/icp_node/share/icp_node/hook/cmake_prefix_path.ps1'
[0.410s] INFO:colcon.colcon_core.shell:Creating environment descriptor '/home/zalv/hokuyo3_ws/install/icp_node/share/icp_node/hook/cmake_prefix_path.dsv'
[0.410s] INFO:colcon.colcon_core.shell:Creating environment hook '/home/zalv/hokuyo3_ws/install/icp_node/share/icp_node/hook/cmake_prefix_path.sh'
[0.411s] Level 1:colcon.colcon_core.environment:checking '/home/zalv/hokuyo3_ws/install/icp_node/lib'
[0.411s] Level 1:colcon.colcon_core.environment:checking '/home/zalv/hokuyo3_ws/install/icp_node/bin'
[0.411s] Level 1:colcon.colcon_core.environment:checking '/home/zalv/hokuyo3_ws/install/icp_node/lib/pkgconfig/icp_node.pc'
[0.411s] Level 1:colcon.colcon_core.environment:checking '/home/zalv/hokuyo3_ws/install/icp_node/lib/python3.10/site-packages'
[0.411s] Level 1:colcon.colcon_core.environment:checking '/home/zalv/hokuyo3_ws/install/icp_node/bin'
[0.411s] INFO:colcon.colcon_core.shell:Creating package script '/home/zalv/hokuyo3_ws/install/icp_node/share/icp_node/package.ps1'
[0.412s] INFO:colcon.colcon_core.shell:Creating package descriptor '/home/zalv/hokuyo3_ws/install/icp_node/share/icp_node/package.dsv'
[0.412s] INFO:colcon.colcon_core.shell:Creating package script '/home/zalv/hokuyo3_ws/install/icp_node/share/icp_node/package.sh'
[0.413s] INFO:colcon.colcon_core.shell:Creating package script '/home/zalv/hokuyo3_ws/install/icp_node/share/icp_node/package.bash'
[0.414s] INFO:colcon.colcon_core.shell:Creating package script '/home/zalv/hokuyo3_ws/install/icp_node/share/icp_node/package.zsh'
[0.414s] Level 1:colcon.colcon_core.environment:create_file_with_runtime_dependencies(/home/zalv/hokuyo3_ws/install/icp_node/share/colcon-core/packages/icp_node)
[0.431s] DEBUG:colcon.colcon_core.event_handler.log_command:Invoking command in '/home/zalv/hokuyo3_ws/build/urg_node2': CMAKE_PREFIX_PATH=${CMAKE_PREFIX_PATH}:/opt/ros/humble /usr/bin/cmake --install /home/zalv/hokuyo3_ws/build/urg_node2
[0.432s] Level 1:colcon.colcon_core.shell:create_environment_hook('pclomp', 'pkg_config_path')
[0.432s] INFO:colcon.colcon_core.shell:Creating environment hook '/home/zalv/hokuyo3_ws/install/pclomp/share/pclomp/hook/pkg_config_path.ps1'
[0.433s] INFO:colcon.colcon_core.shell:Creating environment descriptor '/home/zalv/hokuyo3_ws/install/pclomp/share/pclomp/hook/pkg_config_path.dsv'
[0.433s] INFO:colcon.colcon_core.shell:Creating environment hook '/home/zalv/hokuyo3_ws/install/pclomp/share/pclomp/hook/pkg_config_path.sh'
[0.435s] Level 1:colcon.colcon_core.shell:create_environment_hook('pclomp', 'pkg_config_path_multiarch')
[0.435s] INFO:colcon.colcon_core.shell:Creating environment hook '/home/zalv/hokuyo3_ws/install/pclomp/share/pclomp/hook/pkg_config_path_multiarch.ps1'
[0.436s] INFO:colcon.colcon_core.shell:Creating environment descriptor '/home/zalv/hokuyo3_ws/install/pclomp/share/pclomp/hook/pkg_config_path_multiarch.dsv'
[0.436s] INFO:colcon.colcon_core.shell:Creating environment hook '/home/zalv/hokuyo3_ws/install/pclomp/share/pclomp/hook/pkg_config_path_multiarch.sh'
[0.437s] Level 1:colcon.colcon_core.environment:create_environment_scripts_only(pclomp)
[0.438s] Level 1:colcon.colcon_core.environment:checking '/home/zalv/hokuyo3_ws/install/pclomp' for CMake module files
[0.440s] Level 1:colcon.colcon_core.environment:checking '/home/zalv/hokuyo3_ws/install/pclomp' for CMake config files
[0.440s] Level 1:colcon.colcon_core.shell:create_environment_hook('pclomp', 'cmake_prefix_path')
[0.441s] INFO:colcon.colcon_core.shell:Creating environment hook '/home/zalv/hokuyo3_ws/install/pclomp/share/pclomp/hook/cmake_prefix_path.ps1'
[0.441s] INFO:colcon.colcon_core.shell:Creating environment descriptor '/home/zalv/hokuyo3_ws/install/pclomp/share/pclomp/hook/cmake_prefix_path.dsv'
[0.442s] INFO:colcon.colcon_core.shell:Creating environment hook '/home/zalv/hokuyo3_ws/install/pclomp/share/pclomp/hook/cmake_prefix_path.sh'
[0.442s] Level 1:colcon.colcon_core.environment:checking '/home/zalv/hokuyo3_ws/install/pclomp/lib'
[0.442s] Level 1:colcon.colcon_core.shell:create_environment_hook('pclomp', 'ld_library_path_lib')
[0.443s] INFO:colcon.colcon_core.shell:Creating environment hook '/home/zalv/hokuyo3_ws/install/pclomp/share/pclomp/hook/ld_library_path_lib.ps1'
[0.443s] INFO:colcon.colcon_core.shell:Creating environment descriptor '/home/zalv/hokuyo3_ws/install/pclomp/share/pclomp/hook/ld_library_path_lib.dsv'
[0.443s] INFO:colcon.colcon_core.shell:Creating environment hook '/home/zalv/hokuyo3_ws/install/pclomp/share/pclomp/hook/ld_library_path_lib.sh'
[0.443s] Level 1:colcon.colcon_core.environment:checking '/home/zalv/hokuyo3_ws/install/pclomp/bin'
[0.443s] Level 1:colcon.colcon_core.environment:checking '/home/zalv/hokuyo3_ws/install/pclomp/lib/pkgconfig/pclomp.pc'
[0.444s] Level 1:colcon.colcon_core.environment:checking '/home/zalv/hokuyo3_ws/install/pclomp/lib/python3.10/site-packages'
[0.444s] Level 1:colcon.colcon_core.environment:checking '/home/zalv/hokuyo3_ws/install/pclomp/bin'
[0.444s] INFO:colcon.colcon_core.shell:Creating package script '/home/zalv/hokuyo3_ws/install/pclomp/share/pclomp/package.ps1'
[0.445s] INFO:colcon.colcon_core.shell:Creating package descriptor '/home/zalv/hokuyo3_ws/install/pclomp/share/pclomp/package.dsv'
[0.445s] INFO:colcon.colcon_core.shell:Creating package script '/home/zalv/hokuyo3_ws/install/pclomp/share/pclomp/package.sh'
[0.446s] INFO:colcon.colcon_core.shell:Creating package script '/home/zalv/hokuyo3_ws/install/pclomp/share/pclomp/package.bash'
[0.446s] INFO:colcon.colcon_core.shell:Creating package script '/home/zalv/hokuyo3_ws/install/pclomp/share/pclomp/package.zsh'
[0.446s] Level 1:colcon.colcon_core.environment:create_file_with_runtime_dependencies(/home/zalv/hokuyo3_ws/install/pclomp/share/colcon-core/packages/pclomp)
[0.447s] Level 1:colcon.colcon_core.environment:create_environment_scripts_only(icp_node)
[0.447s] Level 1:colcon.colcon_core.environment:checking '/home/zalv/hokuyo3_ws/install/icp_node' for CMake module files
[0.448s] Level 1:colcon.colcon_core.environment:checking '/home/zalv/hokuyo3_ws/install/icp_node' for CMake config files
[0.449s] Level 1:colcon.colcon_core.shell:create_environment_hook('icp_node', 'cmake_prefix_path')
[0.449s] INFO:colcon.colcon_core.shell:Creating environment hook '/home/zalv/hokuyo3_ws/install/icp_node/share/icp_node/hook/cmake_prefix_path.ps1'
[0.449s] INFO:colcon.colcon_core.shell:Creating environment descriptor '/home/zalv/hokuyo3_ws/install/icp_node/share/icp_node/hook/cmake_prefix_path.dsv'
[0.449s] INFO:colcon.colcon_core.shell:Creating environment hook '/home/zalv/hokuyo3_ws/install/icp_node/share/icp_node/hook/cmake_prefix_path.sh'
[0.450s] Level 1:colcon.colcon_core.environment:checking '/home/zalv/hokuyo3_ws/install/icp_node/lib'
[0.450s] Level 1:colcon.colcon_core.environment:checking '/home/zalv/hokuyo3_ws/install/icp_node/bin'
[0.450s] Level 1:colcon.colcon_core.environment:checking '/home/zalv/hokuyo3_ws/install/icp_node/lib/pkgconfig/icp_node.pc'
[0.450s] Level 1:colcon.colcon_core.environment:checking '/home/zalv/hokuyo3_ws/install/icp_node/lib/python3.10/site-packages'
[0.450s] Level 1:colcon.colcon_core.environment:checking '/home/zalv/hokuyo3_ws/install/icp_node/bin'
[0.450s] INFO:colcon.colcon_core.shell:Creating package script '/home/zalv/hokuyo3_ws/install/icp_node/share/icp_node/package.ps1'
[0.450s] INFO:colcon.colcon_core.shell:Creating package descriptor '/home/zalv/hokuyo3_ws/install/icp_node/share/icp_node/package.dsv'
[0.451s] INFO:colcon.colcon_core.shell:Creating package script '/home/zalv/hokuyo3_ws/install/icp_node/share/icp_node/package.sh'
[0.451s] INFO:colcon.colcon_core.shell:Creating package script '/home/zalv/hokuyo3_ws/install/icp_node/share/icp_node/package.bash'
[0.451s] INFO:colcon.colcon_core.shell:Creating package script '/home/zalv/hokuyo3_ws/install/icp_node/share/icp_node/package.zsh'
[0.451s] Level 1:colcon.colcon_core.environment:create_file_with_runtime_dependencies(/home/zalv/hokuyo3_ws/install/icp_node/share/colcon-core/packages/icp_node)
[0.452s] Level 1:colcon.colcon_core.environment:create_environment_scripts_only(urg_node2)
[0.452s] Level 1:colcon.colcon_core.environment:checking '/home/zalv/hokuyo3_ws/install/urg_node2' for CMake module files
[0.453s] DEBUG:colcon.colcon_core.event_handler.log_command:Invoked command in '/home/zalv/hokuyo3_ws/build/urg_node2' returned '0': CMAKE_PREFIX_PATH=${CMAKE_PREFIX_PATH}:/opt/ros/humble /usr/bin/cmake --install /home/zalv/hokuyo3_ws/build/urg_node2
[0.453s] Level 1:colcon.colcon_core.environment:checking '/home/zalv/hokuyo3_ws/install/urg_node2' for CMake config files
[0.453s] Level 1:colcon.colcon_core.shell:create_environment_hook('urg_node2', 'cmake_prefix_path')
[0.453s] INFO:colcon.colcon_core.shell:Creating environment hook '/home/zalv/hokuyo3_ws/install/urg_node2/share/urg_node2/hook/cmake_prefix_path.ps1'
[0.453s] INFO:colcon.colcon_core.shell:Creating environment descriptor '/home/zalv/hokuyo3_ws/install/urg_node2/share/urg_node2/hook/cmake_prefix_path.dsv'
[0.454s] INFO:colcon.colcon_core.shell:Creating environment hook '/home/zalv/hokuyo3_ws/install/urg_node2/share/urg_node2/hook/cmake_prefix_path.sh'
[0.454s] Level 1:colcon.colcon_core.environment:checking '/home/zalv/hokuyo3_ws/install/urg_node2/lib'
[0.454s] Level 1:colcon.colcon_core.shell:create_environment_hook('urg_node2', 'ld_library_path_lib')
[0.454s] INFO:colcon.colcon_core.shell:Creating environment hook '/home/zalv/hokuyo3_ws/install/urg_node2/share/urg_node2/hook/ld_library_path_lib.ps1'
[0.454s] INFO:colcon.colcon_core.shell:Creating environment descriptor '/home/zalv/hokuyo3_ws/install/urg_node2/share/urg_node2/hook/ld_library_path_lib.dsv'
[0.455s] INFO:colcon.colcon_core.shell:Creating environment hook '/home/zalv/hokuyo3_ws/install/urg_node2/share/urg_node2/hook/ld_library_path_lib.sh'
[0.455s] Level 1:colcon.colcon_core.environment:checking '/home/zalv/hokuyo3_ws/install/urg_node2/bin'
[0.455s] Level 1:colcon.colcon_core.environment:checking '/home/zalv/hokuyo3_ws/install/urg_node2/lib/pkgconfig/urg_node2.pc'
[0.455s] Level 1:colcon.colcon_core.environment:checking '/home/zalv/hokuyo3_ws/install/urg_node2/lib/python3.10/site-packages'
[0.455s] Level 1:colcon.colcon_core.environment:checking '/home/zalv/hokuyo3_ws/install/urg_node2/bin'
[0.455s] INFO:colcon.colcon_core.shell:Creating package script '/home/zalv/hokuyo3_ws/install/urg_node2/share/urg_node2/package.ps1'
[0.456s] INFO:colcon.colcon_core.shell:Creating package descriptor '/home/zalv/hokuyo3_ws/install/urg_node2/share/urg_node2/package.dsv'
[0.456s] INFO:colcon.colcon_core.shell:Creating package script '/home/zalv/hokuyo3_ws/install/urg_node2/share/urg_node2/package.sh'
[0.456s] INFO:colcon.colcon_core.shell:Creating package script '/home/zalv/hokuyo3_ws/install/urg_node2/share/urg_node2/package.bash'
[0.456s] INFO:colcon.colcon_core.shell:Creating package script '/home/zalv/hokuyo3_ws/install/urg_node2/share/urg_node2/package.zsh'
[0.456s] Level 1:colcon.colcon_core.environment:create_file_with_runtime_dependencies(/home/zalv/hokuyo3_ws/install/urg_node2/share/colcon-core/packages/urg_node2)
[0.510s] Level 1:colcon.colcon_core.environment:create_environment_scripts_only(urg_node2)
[0.511s] Level 1:colcon.colcon_core.environment:checking '/home/zalv/hokuyo3_ws/install/urg_node2' for CMake module files
[0.511s] Level 1:colcon.colcon_core.environment:checking '/home/zalv/hokuyo3_ws/install/urg_node2' for CMake config files
[0.511s] Level 1:colcon.colcon_core.shell:create_environment_hook('urg_node2', 'cmake_prefix_path')
[0.511s] INFO:colcon.colcon_core.shell:Creating environment hook '/home/zalv/hokuyo3_ws/install/urg_node2/share/urg_node2/hook/cmake_prefix_path.ps1'
[0.512s] INFO:colcon.colcon_core.shell:Creating environment descriptor '/home/zalv/hokuyo3_ws/install/urg_node2/share/urg_node2/hook/cmake_prefix_path.dsv'
[0.512s] INFO:colcon.colcon_core.shell:Creating environment hook '/home/zalv/hokuyo3_ws/install/urg_node2/share/urg_node2/hook/cmake_prefix_path.sh'
[0.512s] Level 1:colcon.colcon_core.environment:checking '/home/zalv/hokuyo3_ws/install/urg_node2/lib'
[0.512s] Level 1:colcon.colcon_core.shell:create_environment_hook('urg_node2', 'ld_library_path_lib')
[0.512s] INFO:colcon.colcon_core.shell:Creating environment hook '/home/zalv/hokuyo3_ws/install/urg_node2/share/urg_node2/hook/ld_library_path_lib.ps1'
[0.513s] INFO:colcon.colcon_core.shell:Creating environment descriptor '/home/zalv/hokuyo3_ws/install/urg_node2/share/urg_node2/hook/ld_library_path_lib.dsv'
[0.513s] INFO:colcon.colcon_core.shell:Creating environment hook '/home/zalv/hokuyo3_ws/install/urg_node2/share/urg_node2/hook/ld_library_path_lib.sh'
[0.513s] Level 1:colcon.colcon_core.environment:checking '/home/zalv/hokuyo3_ws/install/urg_node2/bin'
[0.513s] Level 1:colcon.colcon_core.environment:checking '/home/zalv/hokuyo3_ws/install/urg_node2/lib/pkgconfig/urg_node2.pc'
[0.513s] Level 1:colcon.colcon_core.environment:checking '/home/zalv/hokuyo3_ws/install/urg_node2/lib/python3.10/site-packages'
[0.513s] Level 1:colcon.colcon_core.environment:checking '/home/zalv/hokuyo3_ws/install/urg_node2/bin'
[0.514s] INFO:colcon.colcon_core.shell:Creating package script '/home/zalv/hokuyo3_ws/install/urg_node2/share/urg_node2/package.ps1'
[0.514s] INFO:colcon.colcon_core.shell:Creating package descriptor '/home/zalv/hokuyo3_ws/install/urg_node2/share/urg_node2/package.dsv'
[0.514s] INFO:colcon.colcon_core.shell:Creating package script '/home/zalv/hokuyo3_ws/install/urg_node2/share/urg_node2/package.sh'
[0.515s] INFO:colcon.colcon_core.shell:Creating package script '/home/zalv/hokuyo3_ws/install/urg_node2/share/urg_node2/package.bash'
[0.515s] INFO:colcon.colcon_core.shell:Creating package script '/home/zalv/hokuyo3_ws/install/urg_node2/share/urg_node2/package.zsh'
[0.515s] Level 1:colcon.colcon_core.environment:create_file_with_runtime_dependencies(/home/zalv/hokuyo3_ws/install/urg_node2/share/colcon-core/packages/urg_node2)
[0.573s] DEBUG:colcon.colcon_core.event_handler.log_command:Invoked command in '/home/zalv/hokuyo3_ws/build/lslidar_msgs' returned '0': CMAKE_PREFIX_PATH=${CMAKE_PREFIX_PATH}:/opt/ros/humble /usr/bin/cmake --build /home/zalv/hokuyo3_ws/build/lslidar_msgs -- -j22 -l22
[0.691s] DEBUG:colcon.colcon_core.event_handler.log_command:Invoking command in '/home/zalv/hokuyo3_ws/build/lslidar_msgs': CMAKE_PREFIX_PATH=${CMAKE_PREFIX_PATH}:/opt/ros/humble /usr/bin/cmake --install /home/zalv/hokuyo3_ws/build/lslidar_msgs
[0.752s] Level 1:colcon.colcon_core.environment:create_environment_scripts_only(lslidar_msgs)
[0.753s] DEBUG:colcon.colcon_core.event_handler.log_command:Invoked command in '/home/zalv/hokuyo3_ws/build/lslidar_msgs' returned '0': CMAKE_PREFIX_PATH=${CMAKE_PREFIX_PATH}:/opt/ros/humble /usr/bin/cmake --install /home/zalv/hokuyo3_ws/build/lslidar_msgs
[0.753s] Level 1:colcon.colcon_core.environment:checking '/home/zalv/hokuyo3_ws/install/lslidar_msgs' for CMake module files
[0.754s] Level 1:colcon.colcon_core.environment:checking '/home/zalv/hokuyo3_ws/install/lslidar_msgs' for CMake config files
[0.755s] Level 1:colcon.colcon_core.shell:create_environment_hook('lslidar_msgs', 'cmake_prefix_path')
[0.755s] INFO:colcon.colcon_core.shell:Creating environment hook '/home/zalv/hokuyo3_ws/install/lslidar_msgs/share/lslidar_msgs/hook/cmake_prefix_path.ps1'
[0.756s] INFO:colcon.colcon_core.shell:Creating environment descriptor '/home/zalv/hokuyo3_ws/install/lslidar_msgs/share/lslidar_msgs/hook/cmake_prefix_path.dsv'
[0.756s] INFO:colcon.colcon_core.shell:Creating environment hook '/home/zalv/hokuyo3_ws/install/lslidar_msgs/share/lslidar_msgs/hook/cmake_prefix_path.sh'
[0.756s] Level 1:colcon.colcon_core.environment:checking '/home/zalv/hokuyo3_ws/install/lslidar_msgs/lib'
[0.756s] Level 1:colcon.colcon_core.shell:create_environment_hook('lslidar_msgs', 'ld_library_path_lib')
[0.756s] INFO:colcon.colcon_core.shell:Creating environment hook '/home/zalv/hokuyo3_ws/install/lslidar_msgs/share/lslidar_msgs/hook/ld_library_path_lib.ps1'
[0.757s] INFO:colcon.colcon_core.shell:Creating environment descriptor '/home/zalv/hokuyo3_ws/install/lslidar_msgs/share/lslidar_msgs/hook/ld_library_path_lib.dsv'
[0.757s] INFO:colcon.colcon_core.shell:Creating environment hook '/home/zalv/hokuyo3_ws/install/lslidar_msgs/share/lslidar_msgs/hook/ld_library_path_lib.sh'
[0.757s] Level 1:colcon.colcon_core.environment:checking '/home/zalv/hokuyo3_ws/install/lslidar_msgs/bin'
[0.757s] Level 1:colcon.colcon_core.environment:checking '/home/zalv/hokuyo3_ws/install/lslidar_msgs/lib/pkgconfig/lslidar_msgs.pc'
[0.757s] Level 1:colcon.colcon_core.environment:checking '/home/zalv/hokuyo3_ws/install/lslidar_msgs/lib/python3.10/site-packages'
[0.757s] Level 1:colcon.colcon_core.environment:checking '/home/zalv/hokuyo3_ws/install/lslidar_msgs/bin'
[0.758s] INFO:colcon.colcon_core.shell:Creating package script '/home/zalv/hokuyo3_ws/install/lslidar_msgs/share/lslidar_msgs/package.ps1'
[0.758s] INFO:colcon.colcon_core.shell:Creating package descriptor '/home/zalv/hokuyo3_ws/install/lslidar_msgs/share/lslidar_msgs/package.dsv'
[0.758s] INFO:colcon.colcon_core.shell:Creating package script '/home/zalv/hokuyo3_ws/install/lslidar_msgs/share/lslidar_msgs/package.sh'
[0.758s] INFO:colcon.colcon_core.shell:Creating package script '/home/zalv/hokuyo3_ws/install/lslidar_msgs/share/lslidar_msgs/package.bash'
[0.759s] INFO:colcon.colcon_core.shell:Creating package script '/home/zalv/hokuyo3_ws/install/lslidar_msgs/share/lslidar_msgs/package.zsh'
[0.759s] Level 1:colcon.colcon_core.environment:create_file_with_runtime_dependencies(/home/zalv/hokuyo3_ws/install/lslidar_msgs/share/colcon-core/packages/lslidar_msgs)
[0.897s] Level 1:colcon.colcon_core.environment:create_environment_scripts_only(lslidar_msgs)
[0.897s] Level 1:colcon.colcon_core.environment:checking '/home/zalv/hokuyo3_ws/install/lslidar_msgs' for CMake module files
[0.898s] Level 1:colcon.colcon_core.environment:checking '/home/zalv/hokuyo3_ws/install/lslidar_msgs' for CMake config files
[0.899s] Level 1:colcon.colcon_core.shell:create_environment_hook('lslidar_msgs', 'cmake_prefix_path')
[0.899s] INFO:colcon.colcon_core.shell:Creating environment hook '/home/zalv/hokuyo3_ws/install/lslidar_msgs/share/lslidar_msgs/hook/cmake_prefix_path.ps1'
[0.900s] INFO:colcon.colcon_core.shell:Creating environment descriptor '/home/zalv/hokuyo3_ws/install/lslidar_msgs/share/lslidar_msgs/hook/cmake_prefix_path.dsv'
[0.900s] INFO:colcon.colcon_core.shell:Creating environment hook '/home/zalv/hokuyo3_ws/install/lslidar_msgs/share/lslidar_msgs/hook/cmake_prefix_path.sh'
[0.900s] Level 1:colcon.colcon_core.environment:checking '/home/zalv/hokuyo3_ws/install/lslidar_msgs/lib'
[0.900s] Level 1:colcon.colcon_core.shell:create_environment_hook('lslidar_msgs', 'ld_library_path_lib')
[0.900s] INFO:colcon.colcon_core.shell:Creating environment hook '/home/zalv/hokuyo3_ws/install/lslidar_msgs/share/lslidar_msgs/hook/ld_library_path_lib.ps1'
[0.900s] INFO:colcon.colcon_core.shell:Creating environment descriptor '/home/zalv/hokuyo3_ws/install/lslidar_msgs/share/lslidar_msgs/hook/ld_library_path_lib.dsv'
[0.901s] INFO:colcon.colcon_core.shell:Creating environment hook '/home/zalv/hokuyo3_ws/install/lslidar_msgs/share/lslidar_msgs/hook/ld_library_path_lib.sh'
[0.901s] Level 1:colcon.colcon_core.environment:checking '/home/zalv/hokuyo3_ws/install/lslidar_msgs/bin'
[0.901s] Level 1:colcon.colcon_core.environment:checking '/home/zalv/hokuyo3_ws/install/lslidar_msgs/lib/pkgconfig/lslidar_msgs.pc'
[0.901s] Level 1:colcon.colcon_core.environment:checking '/home/zalv/hokuyo3_ws/install/lslidar_msgs/lib/python3.10/site-packages'
[0.901s] Level 1:colcon.colcon_core.environment:checking '/home/zalv/hokuyo3_ws/install/lslidar_msgs/bin'
[0.901s] INFO:colcon.colcon_core.shell:Creating package script '/home/zalv/hokuyo3_ws/install/lslidar_msgs/share/lslidar_msgs/package.ps1'
[0.902s] INFO:colcon.colcon_core.shell:Creating package descriptor '/home/zalv/hokuyo3_ws/install/lslidar_msgs/share/lslidar_msgs/package.dsv'
[0.902s] INFO:colcon.colcon_core.shell:Creating package script '/home/zalv/hokuyo3_ws/install/lslidar_msgs/share/lslidar_msgs/package.sh'
[0.902s] INFO:colcon.colcon_core.shell:Creating package script '/home/zalv/hokuyo3_ws/install/lslidar_msgs/share/lslidar_msgs/package.bash'
[0.902s] INFO:colcon.colcon_core.shell:Creating package script '/home/zalv/hokuyo3_ws/install/lslidar_msgs/share/lslidar_msgs/package.zsh'
[0.903s] Level 1:colcon.colcon_core.environment:create_file_with_runtime_dependencies(/home/zalv/hokuyo3_ws/install/lslidar_msgs/share/colcon-core/packages/lslidar_msgs)
[0.903s] INFO:colcon.colcon_ros.task.ament_cmake.build:Building ROS package in '/home/zalv/hokuyo3_ws/src/Lslidar_ROS2_driver/lslidar_driver' with build type 'ament_cmake'
[0.903s] INFO:colcon.colcon_cmake.task.cmake.build:Building CMake package in '/home/zalv/hokuyo3_ws/src/Lslidar_ROS2_driver/lslidar_driver'
[0.903s] INFO:colcon.colcon_core.shell:Skip shell extension 'powershell' for command environment: Not usable outside of PowerShell
[0.903s] DEBUG:colcon.colcon_core.shell:Skip shell extension 'dsv' for command environment
[0.921s] DEBUG:colcon.colcon_core.event_handler.log_command:Invoking command in '/home/zalv/hokuyo3_ws/build/lslidar_driver': CMAKE_PREFIX_PATH=/home/zalv/hokuyo3_ws/install/lslidar_msgs:/home/zalv/hokuyo3_ws/install/urg_node2:/home/zalv/hokuyo3_ws/install/pclomp:/home/zalv/hokuyo3_ws/install/lslidar_driver:/home/zalv/hokuyo3_ws/install/laser_to_pc:/home/zalv/hokuyo3_ws/install/icp_node:/opt/ros/humble LD_LIBRARY_PATH=/home/zalv/hokuyo3_ws/install/lslidar_msgs/lib:/home/zalv/hokuyo3_ws/install/urg_node2/lib:/home/zalv/hokuyo3_ws/install/pclomp/lib:/usr/lib/x86_64-linux-gnu/gazebo-11/plugins:/opt/ros/humble/opt/rviz_ogre_vendor/lib:/opt/ros/humble/lib/x86_64-linux-gnu:/opt/ros/humble/lib:/usr/local/lib:/usr/local/lib /usr/bin/cmake --build /home/zalv/hokuyo3_ws/build/lslidar_driver -- -j22 -l22
[1.026s] DEBUG:colcon.colcon_core.event_handler.log_command:Invoked command in '/home/zalv/hokuyo3_ws/build/lslidar_driver' returned '0': CMAKE_PREFIX_PATH=/home/zalv/hokuyo3_ws/install/lslidar_msgs:/home/zalv/hokuyo3_ws/install/urg_node2:/home/zalv/hokuyo3_ws/install/pclomp:/home/zalv/hokuyo3_ws/install/lslidar_driver:/home/zalv/hokuyo3_ws/install/laser_to_pc:/home/zalv/hokuyo3_ws/install/icp_node:/opt/ros/humble LD_LIBRARY_PATH=/home/zalv/hokuyo3_ws/install/lslidar_msgs/lib:/home/zalv/hokuyo3_ws/install/urg_node2/lib:/home/zalv/hokuyo3_ws/install/pclomp/lib:/usr/lib/x86_64-linux-gnu/gazebo-11/plugins:/opt/ros/humble/opt/rviz_ogre_vendor/lib:/opt/ros/humble/lib/x86_64-linux-gnu:/opt/ros/humble/lib:/usr/local/lib:/usr/local/lib /usr/bin/cmake --build /home/zalv/hokuyo3_ws/build/lslidar_driver -- -j22 -l22
[1.064s] DEBUG:colcon.colcon_core.event_handler.log_command:Invoking command in '/home/zalv/hokuyo3_ws/build/lslidar_driver': CMAKE_PREFIX_PATH=/home/zalv/hokuyo3_ws/install/lslidar_msgs:/home/zalv/hokuyo3_ws/install/urg_node2:/home/zalv/hokuyo3_ws/install/pclomp:/home/zalv/hokuyo3_ws/install/lslidar_driver:/home/zalv/hokuyo3_ws/install/laser_to_pc:/home/zalv/hokuyo3_ws/install/icp_node:/opt/ros/humble LD_LIBRARY_PATH=/home/zalv/hokuyo3_ws/install/lslidar_msgs/lib:/home/zalv/hokuyo3_ws/install/urg_node2/lib:/home/zalv/hokuyo3_ws/install/pclomp/lib:/usr/lib/x86_64-linux-gnu/gazebo-11/plugins:/opt/ros/humble/opt/rviz_ogre_vendor/lib:/opt/ros/humble/lib/x86_64-linux-gnu:/opt/ros/humble/lib:/usr/local/lib:/usr/local/lib /usr/bin/cmake --install /home/zalv/hokuyo3_ws/build/lslidar_driver
[1.082s] Level 1:colcon.colcon_core.environment:create_environment_scripts_only(lslidar_driver)
[1.083s] Level 1:colcon.colcon_core.environment:checking '/home/zalv/hokuyo3_ws/install/lslidar_driver' for CMake module files
[1.083s] DEBUG:colcon.colcon_core.event_handler.log_command:Invoked command in '/home/zalv/hokuyo3_ws/build/lslidar_driver' returned '0': CMAKE_PREFIX_PATH=/home/zalv/hokuyo3_ws/install/lslidar_msgs:/home/zalv/hokuyo3_ws/install/urg_node2:/home/zalv/hokuyo3_ws/install/pclomp:/home/zalv/hokuyo3_ws/install/lslidar_driver:/home/zalv/hokuyo3_ws/install/laser_to_pc:/home/zalv/hokuyo3_ws/install/icp_node:/opt/ros/humble LD_LIBRARY_PATH=/home/zalv/hokuyo3_ws/install/lslidar_msgs/lib:/home/zalv/hokuyo3_ws/install/urg_node2/lib:/home/zalv/hokuyo3_ws/install/pclomp/lib:/usr/lib/x86_64-linux-gnu/gazebo-11/plugins:/opt/ros/humble/opt/rviz_ogre_vendor/lib:/opt/ros/humble/lib/x86_64-linux-gnu:/opt/ros/humble/lib:/usr/local/lib:/usr/local/lib /usr/bin/cmake --install /home/zalv/hokuyo3_ws/build/lslidar_driver
[1.084s] Level 1:colcon.colcon_core.environment:checking '/home/zalv/hokuyo3_ws/install/lslidar_driver' for CMake config files
[1.084s] Level 1:colcon.colcon_core.shell:create_environment_hook('lslidar_driver', 'cmake_prefix_path')
[1.084s] INFO:colcon.colcon_core.shell:Creating environment hook '/home/zalv/hokuyo3_ws/install/lslidar_driver/share/lslidar_driver/hook/cmake_prefix_path.ps1'
[1.085s] INFO:colcon.colcon_core.shell:Creating environment descriptor '/home/zalv/hokuyo3_ws/install/lslidar_driver/share/lslidar_driver/hook/cmake_prefix_path.dsv'
[1.085s] INFO:colcon.colcon_core.shell:Creating environment hook '/home/zalv/hokuyo3_ws/install/lslidar_driver/share/lslidar_driver/hook/cmake_prefix_path.sh'
[1.085s] Level 1:colcon.colcon_core.environment:checking '/home/zalv/hokuyo3_ws/install/lslidar_driver/lib'
[1.085s] Level 1:colcon.colcon_core.environment:checking '/home/zalv/hokuyo3_ws/install/lslidar_driver/bin'
[1.085s] Level 1:colcon.colcon_core.environment:checking '/home/zalv/hokuyo3_ws/install/lslidar_driver/lib/pkgconfig/lslidar_driver.pc'
[1.086s] Level 1:colcon.colcon_core.environment:checking '/home/zalv/hokuyo3_ws/install/lslidar_driver/lib/python3.10/site-packages'
[1.086s] Level 1:colcon.colcon_core.environment:checking '/home/zalv/hokuyo3_ws/install/lslidar_driver/bin'
[1.086s] INFO:colcon.colcon_core.shell:Creating package script '/home/zalv/hokuyo3_ws/install/lslidar_driver/share/lslidar_driver/package.ps1'
[1.086s] INFO:colcon.colcon_core.shell:Creating package descriptor '/home/zalv/hokuyo3_ws/install/lslidar_driver/share/lslidar_driver/package.dsv'
[1.086s] INFO:colcon.colcon_core.shell:Creating package script '/home/zalv/hokuyo3_ws/install/lslidar_driver/share/lslidar_driver/package.sh'
[1.087s] INFO:colcon.colcon_core.shell:Creating package script '/home/zalv/hokuyo3_ws/install/lslidar_driver/share/lslidar_driver/package.bash'
[1.087s] INFO:colcon.colcon_core.shell:Creating package script '/home/zalv/hokuyo3_ws/install/lslidar_driver/share/lslidar_driver/package.zsh'
[1.087s] Level 1:colcon.colcon_core.environment:create_file_with_runtime_dependencies(/home/zalv/hokuyo3_ws/install/lslidar_driver/share/colcon-core/packages/lslidar_driver)
[1.122s] Level 1:colcon.colcon_core.environment:create_environment_scripts_only(lslidar_driver)
[1.123s] Level 1:colcon.colcon_core.environment:checking '/home/zalv/hokuyo3_ws/install/lslidar_driver' for CMake module files
[1.123s] Level 1:colcon.colcon_core.environment:checking '/home/zalv/hokuyo3_ws/install/lslidar_driver' for CMake config files
[1.123s] Level 1:colcon.colcon_core.shell:create_environment_hook('lslidar_driver', 'cmake_prefix_path')
[1.123s] INFO:colcon.colcon_core.shell:Creating environment hook '/home/zalv/hokuyo3_ws/install/lslidar_driver/share/lslidar_driver/hook/cmake_prefix_path.ps1'
[1.124s] INFO:colcon.colcon_core.shell:Creating environment descriptor '/home/zalv/hokuyo3_ws/install/lslidar_driver/share/lslidar_driver/hook/cmake_prefix_path.dsv'
[1.124s] INFO:colcon.colcon_core.shell:Creating environment hook '/home/zalv/hokuyo3_ws/install/lslidar_driver/share/lslidar_driver/hook/cmake_prefix_path.sh'
[1.124s] Level 1:colcon.colcon_core.environment:checking '/home/zalv/hokuyo3_ws/install/lslidar_driver/lib'
[1.125s] Level 1:colcon.colcon_core.environment:checking '/home/zalv/hokuyo3_ws/install/lslidar_driver/bin'
[1.125s] Level 1:colcon.colcon_core.environment:checking '/home/zalv/hokuyo3_ws/install/lslidar_driver/lib/pkgconfig/lslidar_driver.pc'
[1.125s] Level 1:colcon.colcon_core.environment:checking '/home/zalv/hokuyo3_ws/install/lslidar_driver/lib/python3.10/site-packages'
[1.125s] Level 1:colcon.colcon_core.environment:checking '/home/zalv/hokuyo3_ws/install/lslidar_driver/bin'
[1.125s] INFO:colcon.colcon_core.shell:Creating package script '/home/zalv/hokuyo3_ws/install/lslidar_driver/share/lslidar_driver/package.ps1'
[1.126s] INFO:colcon.colcon_core.shell:Creating package descriptor '/home/zalv/hokuyo3_ws/install/lslidar_driver/share/lslidar_driver/package.dsv'
[1.126s] INFO:colcon.colcon_core.shell:Creating package script '/home/zalv/hokuyo3_ws/install/lslidar_driver/share/lslidar_driver/package.sh'
[1.126s] INFO:colcon.colcon_core.shell:Creating package script '/home/zalv/hokuyo3_ws/install/lslidar_driver/share/lslidar_driver/package.bash'
[1.126s] INFO:colcon.colcon_core.shell:Creating package script '/home/zalv/hokuyo3_ws/install/lslidar_driver/share/lslidar_driver/package.zsh'
[1.127s] Level 1:colcon.colcon_core.environment:create_file_with_runtime_dependencies(/home/zalv/hokuyo3_ws/install/lslidar_driver/share/colcon-core/packages/lslidar_driver)
[1.721s] DEBUG:colcon.colcon_core.event_handler.log_command:Invoked command in '/home/zalv/hokuyo3_ws/build/laser_to_pc' returned '0': CMAKE_PREFIX_PATH=${CMAKE_PREFIX_PATH}:/opt/ros/humble /usr/bin/cmake /home/zalv/hokuyo3_ws/src/laser_to_pc -DAMENT_CMAKE_SYMLINK_INSTALL=1 -DCMAKE_INSTALL_PREFIX=/home/zalv/hokuyo3_ws/install/laser_to_pc
[1.722s] DEBUG:colcon.colcon_core.event_handler.log_command:Invoking command in '/home/zalv/hokuyo3_ws/build/laser_to_pc': CMAKE_PREFIX_PATH=${CMAKE_PREFIX_PATH}:/opt/ros/humble /usr/bin/cmake --build /home/zalv/hokuyo3_ws/build/laser_to_pc -- -j22 -l22
[1.901s] DEBUG:colcon.colcon_core.event_handler.log_command:Invoked command in '/home/zalv/hokuyo3_ws/build/laser_to_pc' returned '2': CMAKE_PREFIX_PATH=${CMAKE_PREFIX_PATH}:/opt/ros/humble /usr/bin/cmake --build /home/zalv/hokuyo3_ws/build/laser_to_pc -- -j22 -l22
[1.935s] Level 1:colcon.colcon_core.environment:create_environment_scripts_only(laser_to_pc)
[1.935s] Level 1:colcon.colcon_core.environment:checking '/home/zalv/hokuyo3_ws/install/laser_to_pc' for CMake module files
[1.935s] Level 1:colcon.colcon_core.environment:checking '/home/zalv/hokuyo3_ws/install/laser_to_pc' for CMake config files
[1.936s] Level 1:colcon.colcon_core.shell:create_environment_hook('laser_to_pc', 'cmake_prefix_path')
[1.936s] INFO:colcon.colcon_core.shell:Creating environment hook '/home/zalv/hokuyo3_ws/install/laser_to_pc/share/laser_to_pc/hook/cmake_prefix_path.ps1'
[1.936s] INFO:colcon.colcon_core.shell:Creating environment descriptor '/home/zalv/hokuyo3_ws/install/laser_to_pc/share/laser_to_pc/hook/cmake_prefix_path.dsv'
[1.936s] INFO:colcon.colcon_core.shell:Creating environment hook '/home/zalv/hokuyo3_ws/install/laser_to_pc/share/laser_to_pc/hook/cmake_prefix_path.sh'
[1.937s] Level 1:colcon.colcon_core.environment:checking '/home/zalv/hokuyo3_ws/install/laser_to_pc/lib'
[1.937s] Level 1:colcon.colcon_core.environment:checking '/home/zalv/hokuyo3_ws/install/laser_to_pc/bin'
[1.937s] Level 1:colcon.colcon_core.environment:checking '/home/zalv/hokuyo3_ws/install/laser_to_pc/lib/pkgconfig/laser_to_pc.pc'
[1.937s] Level 1:colcon.colcon_core.environment:checking '/home/zalv/hokuyo3_ws/install/laser_to_pc/lib/python3.10/site-packages'
[1.937s] Level 1:colcon.colcon_core.environment:checking '/home/zalv/hokuyo3_ws/install/laser_to_pc/bin'
[1.937s] INFO:colcon.colcon_core.shell:Creating package script '/home/zalv/hokuyo3_ws/install/laser_to_pc/share/laser_to_pc/package.ps1'
[1.938s] INFO:colcon.colcon_core.shell:Creating package descriptor '/home/zalv/hokuyo3_ws/install/laser_to_pc/share/laser_to_pc/package.dsv'
[1.938s] INFO:colcon.colcon_core.shell:Creating package script '/home/zalv/hokuyo3_ws/install/laser_to_pc/share/laser_to_pc/package.sh'
[1.938s] INFO:colcon.colcon_core.shell:Creating package script '/home/zalv/hokuyo3_ws/install/laser_to_pc/share/laser_to_pc/package.bash'
[1.938s] INFO:colcon.colcon_core.shell:Creating package script '/home/zalv/hokuyo3_ws/install/laser_to_pc/share/laser_to_pc/package.zsh'
[1.938s] Level 1:colcon.colcon_core.environment:create_file_with_runtime_dependencies(/home/zalv/hokuyo3_ws/install/laser_to_pc/share/colcon-core/packages/laser_to_pc)
[1.949s] DEBUG:colcon.colcon_parallel_executor.executor.parallel:closing loop
[1.949s] DEBUG:colcon.colcon_parallel_executor.executor.parallel:loop closed
[1.949s] DEBUG:colcon.colcon_parallel_executor.executor.parallel:run_until_complete finished with '2'
[1.949s] DEBUG:colcon.colcon_core.event_reactor:joining thread
[1.956s] INFO:colcon.colcon_core.plugin_system:Skipping extension 'colcon_notification.desktop_notification.terminal_notifier': Not used on non-Darwin systems
[1.956s] INFO:colcon.colcon_core.plugin_system:Skipping extension 'colcon_notification.desktop_notification.win32': Not used on non-Windows systems
[1.956s] INFO:colcon.colcon_notification.desktop_notification:Sending desktop notification using 'notify2'
[1.965s] DEBUG:colcon.colcon_core.event_reactor:joined thread
[1.965s] INFO:colcon.colcon_core.shell:Creating prefix script '/home/zalv/hokuyo3_ws/install/local_setup.ps1'
[1.966s] INFO:colcon.colcon_core.shell:Creating prefix util module '/home/zalv/hokuyo3_ws/install/_local_setup_util_ps1.py'
[1.967s] INFO:colcon.colcon_core.shell:Creating prefix chain script '/home/zalv/hokuyo3_ws/install/setup.ps1'
[1.967s] INFO:colcon.colcon_core.shell:Creating prefix script '/home/zalv/hokuyo3_ws/install/local_setup.sh'
[1.968s] INFO:colcon.colcon_core.shell:Creating prefix util module '/home/zalv/hokuyo3_ws/install/_local_setup_util_sh.py'
[1.968s] INFO:colcon.colcon_core.shell:Creating prefix chain script '/home/zalv/hokuyo3_ws/install/setup.sh'
[1.969s] INFO:colcon.colcon_core.shell:Creating prefix script '/home/zalv/hokuyo3_ws/install/local_setup.bash'
[1.969s] INFO:colcon.colcon_core.shell:Creating prefix chain script '/home/zalv/hokuyo3_ws/install/setup.bash'
[1.970s] INFO:colcon.colcon_core.shell:Creating prefix script '/home/zalv/hokuyo3_ws/install/local_setup.zsh'
[1.970s] INFO:colcon.colcon_core.shell:Creating prefix chain script '/home/zalv/hokuyo3_ws/install/setup.zsh'
