[0.026s] Invoking command in '/home/zalv/hokuyo3_ws/build/lslidar_msgs': CMAKE_PREFIX_PATH=${CMAKE_PREFIX_PATH}:/opt/ros/humble /usr/bin/cmake --build /home/zalv/hokuyo3_ws/build/lslidar_msgs -- -j22 -l22
[0.073s] [  1%] Built target lslidar_msgs__cpp
[0.078s] [ 12%] Built target lslidar_msgs__rosidl_generator_c
[0.086s] [ 12%] Built target ament_cmake_python_symlink_lslidar_msgs
[0.100s] [ 23%] Built target lslidar_msgs__rosidl_typesupport_cpp
[0.101s] [ 49%] Built target lslidar_msgs__rosidl_typesupport_fastrtps_cpp
[0.103s] [ 57%] Built target lslidar_msgs__rosidl_typesupport_c
[0.103s] [ 57%] Built target lslidar_msgs__rosidl_typesupport_introspection_cpp
[0.104s] [ 77%] Built target lslidar_msgs__rosidl_typesupport_fastrtps_c
[0.104s] [ 79%] Built target lslidar_msgs__rosidl_typesupport_introspection_c
[0.124s] [ 79%] Built target lslidar_msgs
[0.145s] [ 80%] Built target lslidar_msgs__py
[0.170s] [ 90%] Built target lslidar_msgs__rosidl_generator_py
[0.192s] [ 93%] Built target lslidar_msgs__rosidl_typesupport_introspection_c__pyext
[0.193s] [ 96%] Built target lslidar_msgs__rosidl_typesupport_c__pyext
[0.194s] [100%] Built target lslidar_msgs__rosidl_typesupport_fastrtps_c__pyext
[0.301s] running egg_info
[0.302s] writing lslidar_msgs.egg-info/PKG-INFO
[0.302s] writing dependency_links to lslidar_msgs.egg-info/dependency_links.txt
[0.302s] writing top-level names to lslidar_msgs.egg-info/top_level.txt
[0.304s] reading manifest file 'lslidar_msgs.egg-info/SOURCES.txt'
[0.305s] writing manifest file 'lslidar_msgs.egg-info/SOURCES.txt'
[0.323s] [100%] Built target ament_cmake_python_build_lslidar_msgs_egg
