[0.026s] Invoking command in '/home/zalv/hokuyo3_ws/build/laser_to_pc': /usr/bin/cmake /home/zalv/hokuyo3_ws/src/laser_to_pc -DAMENT_CMAKE_SYMLINK_INSTALL=1 -DCMAKE_INSTALL_PREFIX=/home/zalv/hokuyo3_ws/install/laser_to_pc
[0.038s] -- Found ament_cmake: 1.3.10 (/opt/ros/humble/share/ament_cmake/cmake)
[0.150s] Traceback (most recent call last):
[0.150s]   File "/opt/ros/humble/share/ament_cmake_core/cmake/package_templates/templates_2_cmake.py", line 21, in <module>
[0.150s]     from ament_package.templates import get_environment_hook_template_path
[0.150s] ModuleNotFoundError: No module named 'ament_package'
[0.158s] [31mCMake Error at /opt/ros/humble/share/ament_cmake_core/cmake/ament_cmake_package_templates-extras.cmake:41 (message):
[0.158s]   execute_process(/usr/bin/python3
[0.158s]   /opt/ros/humble/share/ament_cmake_core/cmake/package_templates/templates_2_cmake.py
[0.158s]   /home/zalv/hokuyo3_ws/build/laser_to_pc/ament_cmake_package_templates/templates.cmake)
[0.158s]   returned error code 1
[0.158s] Call Stack (most recent call first):
[0.158s]   /opt/ros/humble/share/ament_cmake_core/cmake/ament_cmake_coreConfig.cmake:41 (include)
[0.158s]   /opt/ros/humble/share/ament_cmake/cmake/ament_cmake_export_dependencies-extras.cmake:15 (find_package)
[0.158s]   /opt/ros/humble/share/ament_cmake/cmake/ament_cmakeConfig.cmake:41 (include)
[0.159s]   CMakeLists.txt:14 (find_package)
[0.159s] 
[0.159s] [0m
[0.159s] -- Configuring incomplete, errors occurred!
[0.159s] See also "/home/zalv/hokuyo3_ws/build/laser_to_pc/CMakeFiles/CMakeOutput.log".
[0.161s] Invoked command in '/home/zalv/hokuyo3_ws/build/laser_to_pc' returned '1': /usr/bin/cmake /home/zalv/hokuyo3_ws/src/laser_to_pc -DAMENT_CMAKE_SYMLINK_INSTALL=1 -DCMAKE_INSTALL_PREFIX=/home/zalv/hokuyo3_ws/install/laser_to_pc
