[0.014s] Invoking command in '/home/zalv/hokuyo3_ws/build/lslidar_msgs': CMAKE_PREFIX_PATH=${CMAKE_PREFIX_PATH}:/opt/ros/humble /usr/bin/cmake --build /home/zalv/hokuyo3_ws/build/lslidar_msgs -- -j22 -l22
[0.065s] [ 11%] Built target lslidar_msgs__rosidl_generator_c
[0.068s] [ 12%] Built target lslidar_msgs__cpp
[0.075s] [ 12%] Built target ament_cmake_python_symlink_lslidar_msgs
[0.084s] [ 23%] Built target lslidar_msgs__rosidl_typesupport_c
[0.087s] [ 34%] Built target lslidar_msgs__rosidl_typesupport_introspection_c
[0.089s] [ 46%] Built target lslidar_msgs__rosidl_typesupport_fastrtps_c
[0.090s] [ 57%] Built target lslidar_msgs__rosidl_typesupport_cpp
[0.094s] [ 68%] Built target lslidar_msgs__rosidl_typesupport_fastrtps_cpp
[0.095s] [ 79%] Built target lslidar_msgs__rosidl_typesupport_introspection_cpp
[0.115s] [ 79%] Built target lslidar_msgs
[0.134s] [ 80%] Built target lslidar_msgs__py
[0.161s] [ 90%] Built target lslidar_msgs__rosidl_generator_py
[0.183s] [ 93%] Built target lslidar_msgs__rosidl_typesupport_introspection_c__pyext
[0.184s] [ 96%] Built target lslidar_msgs__rosidl_typesupport_c__pyext
[0.186s] [100%] Built target lslidar_msgs__rosidl_typesupport_fastrtps_c__pyext
[0.280s] running egg_info
[0.280s] writing lslidar_msgs.egg-info/PKG-INFO
[0.280s] writing dependency_links to lslidar_msgs.egg-info/dependency_links.txt
[0.280s] writing top-level names to lslidar_msgs.egg-info/top_level.txt
[0.283s] reading manifest file 'lslidar_msgs.egg-info/SOURCES.txt'
[0.283s] writing manifest file 'lslidar_msgs.egg-info/SOURCES.txt'
[0.308s] [100%] Built target ament_cmake_python_build_lslidar_msgs_egg
[0.322s] Invoked command in '/home/zalv/hokuyo3_ws/build/lslidar_msgs' returned '0': CMAKE_PREFIX_PATH=${CMAKE_PREFIX_PATH}:/opt/ros/humble /usr/bin/cmake --build /home/zalv/hokuyo3_ws/build/lslidar_msgs -- -j22 -l22
[0.462s] Invoking command in '/home/zalv/hokuyo3_ws/build/lslidar_msgs': CMAKE_PREFIX_PATH=${CMAKE_PREFIX_PATH}:/opt/ros/humble /usr/bin/cmake --install /home/zalv/hokuyo3_ws/build/lslidar_msgs
[0.469s] -- Install configuration: ""
[0.470s] -- Execute custom install script
[0.470s] -- Up-to-date symlink: /home/zalv/hokuyo3_ws/install/lslidar_msgs/share/ament_index/resource_index/rosidl_interfaces/lslidar_msgs
[0.470s] -- Up-to-date symlink: /home/zalv/hokuyo3_ws/install/lslidar_msgs/include/lslidar_msgs/lslidar_msgs/msg/detail/lslidar_difop__functions.h
[0.470s] -- Up-to-date symlink: /home/zalv/hokuyo3_ws/install/lslidar_msgs/include/lslidar_msgs/lslidar_msgs/msg/detail/lslidar_difop__struct.h
[0.470s] -- Up-to-date symlink: /home/zalv/hokuyo3_ws/install/lslidar_msgs/include/lslidar_msgs/lslidar_msgs/msg/detail/lslidar_difop__type_support.h
[0.471s] -- Up-to-date symlink: /home/zalv/hokuyo3_ws/install/lslidar_msgs/include/lslidar_msgs/lslidar_msgs/msg/detail/lslidar_packet__functions.h
[0.471s] -- Up-to-date symlink: /home/zalv/hokuyo3_ws/install/lslidar_msgs/include/lslidar_msgs/lslidar_msgs/msg/detail/lslidar_packet__struct.h
[0.472s] -- Up-to-date symlink: /home/zalv/hokuyo3_ws/install/lslidar_msgs/include/lslidar_msgs/lslidar_msgs/msg/detail/lslidar_packet__type_support.h
[0.472s] -- Up-to-date symlink: /home/zalv/hokuyo3_ws/install/lslidar_msgs/include/lslidar_msgs/lslidar_msgs/msg/detail/lslidar_point__functions.h
[0.472s] -- Up-to-date symlink: /home/zalv/hokuyo3_ws/install/lslidar_msgs/include/lslidar_msgs/lslidar_msgs/msg/detail/lslidar_point__struct.h
[0.472s] -- Up-to-date symlink: /home/zalv/hokuyo3_ws/install/lslidar_msgs/include/lslidar_msgs/lslidar_msgs/msg/detail/lslidar_point__type_support.h
[0.472s] -- Up-to-date symlink: /home/zalv/hokuyo3_ws/install/lslidar_msgs/include/lslidar_msgs/lslidar_msgs/msg/detail/lslidar_scan__functions.h
[0.472s] -- Up-to-date symlink: /home/zalv/hokuyo3_ws/install/lslidar_msgs/include/lslidar_msgs/lslidar_msgs/msg/detail/lslidar_scan__struct.h
[0.472s] -- Up-to-date symlink: /home/zalv/hokuyo3_ws/install/lslidar_msgs/include/lslidar_msgs/lslidar_msgs/msg/detail/lslidar_scan__type_support.h
[0.472s] -- Up-to-date symlink: /home/zalv/hokuyo3_ws/install/lslidar_msgs/include/lslidar_msgs/lslidar_msgs/msg/detail/lslidar_sweep__functions.h
[0.472s] -- Up-to-date symlink: /home/zalv/hokuyo3_ws/install/lslidar_msgs/include/lslidar_msgs/lslidar_msgs/msg/detail/lslidar_sweep__struct.h
[0.472s] -- Up-to-date symlink: /home/zalv/hokuyo3_ws/install/lslidar_msgs/include/lslidar_msgs/lslidar_msgs/msg/detail/lslidar_sweep__type_support.h
[0.472s] -- Up-to-date symlink: /home/zalv/hokuyo3_ws/install/lslidar_msgs/include/lslidar_msgs/lslidar_msgs/msg/lslidar_difop.h
[0.472s] -- Up-to-date symlink: /home/zalv/hokuyo3_ws/install/lslidar_msgs/include/lslidar_msgs/lslidar_msgs/msg/lslidar_packet.h
[0.472s] -- Up-to-date symlink: /home/zalv/hokuyo3_ws/install/lslidar_msgs/include/lslidar_msgs/lslidar_msgs/msg/lslidar_point.h
[0.472s] -- Up-to-date symlink: /home/zalv/hokuyo3_ws/install/lslidar_msgs/include/lslidar_msgs/lslidar_msgs/msg/lslidar_scan.h
[0.472s] -- Up-to-date symlink: /home/zalv/hokuyo3_ws/install/lslidar_msgs/include/lslidar_msgs/lslidar_msgs/msg/lslidar_sweep.h
[0.472s] -- Up-to-date symlink: /home/zalv/hokuyo3_ws/install/lslidar_msgs/include/lslidar_msgs/lslidar_msgs/msg/rosidl_generator_c__visibility_control.h
[0.473s] -- Up-to-date symlink: /home/zalv/hokuyo3_ws/install/lslidar_msgs/share/lslidar_msgs/environment/library_path.sh
[0.473s] -- Up-to-date symlink: /home/zalv/hokuyo3_ws/install/lslidar_msgs/share/lslidar_msgs/environment/library_path.dsv
[0.473s] -- Up-to-date symlink: /home/zalv/hokuyo3_ws/install/lslidar_msgs/include/lslidar_msgs/lslidar_msgs/msg/detail/lslidar_difop__rosidl_typesupport_fastrtps_c.h
[0.473s] -- Up-to-date symlink: /home/zalv/hokuyo3_ws/install/lslidar_msgs/include/lslidar_msgs/lslidar_msgs/msg/detail/lslidar_packet__rosidl_typesupport_fastrtps_c.h
[0.473s] -- Up-to-date symlink: /home/zalv/hokuyo3_ws/install/lslidar_msgs/include/lslidar_msgs/lslidar_msgs/msg/detail/lslidar_point__rosidl_typesupport_fastrtps_c.h
[0.473s] -- Up-to-date symlink: /home/zalv/hokuyo3_ws/install/lslidar_msgs/include/lslidar_msgs/lslidar_msgs/msg/detail/lslidar_scan__rosidl_typesupport_fastrtps_c.h
[0.473s] -- Up-to-date symlink: /home/zalv/hokuyo3_ws/install/lslidar_msgs/include/lslidar_msgs/lslidar_msgs/msg/detail/lslidar_sweep__rosidl_typesupport_fastrtps_c.h
[0.473s] -- Up-to-date symlink: /home/zalv/hokuyo3_ws/install/lslidar_msgs/include/lslidar_msgs/lslidar_msgs/msg/rosidl_typesupport_fastrtps_c__visibility_control.h
[0.473s] -- Up-to-date symlink: /home/zalv/hokuyo3_ws/install/lslidar_msgs/include/lslidar_msgs/lslidar_msgs/msg/detail/lslidar_difop__builder.hpp
[0.473s] -- Up-to-date symlink: /home/zalv/hokuyo3_ws/install/lslidar_msgs/include/lslidar_msgs/lslidar_msgs/msg/detail/lslidar_difop__struct.hpp
[0.473s] -- Up-to-date symlink: /home/zalv/hokuyo3_ws/install/lslidar_msgs/include/lslidar_msgs/lslidar_msgs/msg/detail/lslidar_difop__traits.hpp
[0.473s] -- Up-to-date symlink: /home/zalv/hokuyo3_ws/install/lslidar_msgs/include/lslidar_msgs/lslidar_msgs/msg/detail/lslidar_packet__builder.hpp
[0.473s] -- Up-to-date symlink: /home/zalv/hokuyo3_ws/install/lslidar_msgs/include/lslidar_msgs/lslidar_msgs/msg/detail/lslidar_packet__struct.hpp
[0.473s] -- Up-to-date symlink: /home/zalv/hokuyo3_ws/install/lslidar_msgs/include/lslidar_msgs/lslidar_msgs/msg/detail/lslidar_packet__traits.hpp
[0.473s] -- Up-to-date symlink: /home/zalv/hokuyo3_ws/install/lslidar_msgs/include/lslidar_msgs/lslidar_msgs/msg/detail/lslidar_point__builder.hpp
[0.473s] -- Up-to-date symlink: /home/zalv/hokuyo3_ws/install/lslidar_msgs/include/lslidar_msgs/lslidar_msgs/msg/detail/lslidar_point__struct.hpp
[0.474s] -- Up-to-date symlink: /home/zalv/hokuyo3_ws/install/lslidar_msgs/include/lslidar_msgs/lslidar_msgs/msg/detail/lslidar_point__traits.hpp
[0.474s] -- Up-to-date symlink: /home/zalv/hokuyo3_ws/install/lslidar_msgs/include/lslidar_msgs/lslidar_msgs/msg/detail/lslidar_scan__builder.hpp
[0.474s] -- Up-to-date symlink: /home/zalv/hokuyo3_ws/install/lslidar_msgs/include/lslidar_msgs/lslidar_msgs/msg/detail/lslidar_scan__struct.hpp
[0.474s] -- Up-to-date symlink: /home/zalv/hokuyo3_ws/install/lslidar_msgs/include/lslidar_msgs/lslidar_msgs/msg/detail/lslidar_scan__traits.hpp
[0.474s] -- Up-to-date symlink: /home/zalv/hokuyo3_ws/install/lslidar_msgs/include/lslidar_msgs/lslidar_msgs/msg/detail/lslidar_sweep__builder.hpp
[0.474s] -- Up-to-date symlink: /home/zalv/hokuyo3_ws/install/lslidar_msgs/include/lslidar_msgs/lslidar_msgs/msg/detail/lslidar_sweep__struct.hpp
[0.474s] -- Up-to-date symlink: /home/zalv/hokuyo3_ws/install/lslidar_msgs/include/lslidar_msgs/lslidar_msgs/msg/detail/lslidar_sweep__traits.hpp
[0.474s] -- Up-to-date symlink: /home/zalv/hokuyo3_ws/install/lslidar_msgs/include/lslidar_msgs/lslidar_msgs/msg/lslidar_difop.hpp
[0.474s] -- Up-to-date symlink: /home/zalv/hokuyo3_ws/install/lslidar_msgs/include/lslidar_msgs/lslidar_msgs/msg/lslidar_packet.hpp
[0.474s] -- Up-to-date symlink: /home/zalv/hokuyo3_ws/install/lslidar_msgs/include/lslidar_msgs/lslidar_msgs/msg/lslidar_point.hpp
[0.474s] -- Up-to-date symlink: /home/zalv/hokuyo3_ws/install/lslidar_msgs/include/lslidar_msgs/lslidar_msgs/msg/lslidar_scan.hpp
[0.474s] -- Up-to-date symlink: /home/zalv/hokuyo3_ws/install/lslidar_msgs/include/lslidar_msgs/lslidar_msgs/msg/lslidar_sweep.hpp
[0.474s] -- Up-to-date symlink: /home/zalv/hokuyo3_ws/install/lslidar_msgs/include/lslidar_msgs/lslidar_msgs/msg/detail/lslidar_difop__rosidl_typesupport_fastrtps_cpp.hpp
[0.474s] -- Up-to-date symlink: /home/zalv/hokuyo3_ws/install/lslidar_msgs/include/lslidar_msgs/lslidar_msgs/msg/detail/lslidar_packet__rosidl_typesupport_fastrtps_cpp.hpp
[0.474s] -- Up-to-date symlink: /home/zalv/hokuyo3_ws/install/lslidar_msgs/include/lslidar_msgs/lslidar_msgs/msg/detail/lslidar_point__rosidl_typesupport_fastrtps_cpp.hpp
[0.475s] -- Up-to-date symlink: /home/zalv/hokuyo3_ws/install/lslidar_msgs/include/lslidar_msgs/lslidar_msgs/msg/detail/lslidar_scan__rosidl_typesupport_fastrtps_cpp.hpp
[0.475s] -- Up-to-date symlink: /home/zalv/hokuyo3_ws/install/lslidar_msgs/include/lslidar_msgs/lslidar_msgs/msg/detail/lslidar_sweep__rosidl_typesupport_fastrtps_cpp.hpp
[0.475s] -- Up-to-date symlink: /home/zalv/hokuyo3_ws/install/lslidar_msgs/include/lslidar_msgs/lslidar_msgs/msg/rosidl_typesupport_fastrtps_cpp__visibility_control.h
[0.475s] -- Up-to-date symlink: /home/zalv/hokuyo3_ws/install/lslidar_msgs/include/lslidar_msgs/lslidar_msgs/msg/detail/lslidar_difop__rosidl_typesupport_introspection_c.h
[0.475s] -- Up-to-date symlink: /home/zalv/hokuyo3_ws/install/lslidar_msgs/include/lslidar_msgs/lslidar_msgs/msg/detail/lslidar_packet__rosidl_typesupport_introspection_c.h
[0.475s] -- Up-to-date symlink: /home/zalv/hokuyo3_ws/install/lslidar_msgs/include/lslidar_msgs/lslidar_msgs/msg/detail/lslidar_point__rosidl_typesupport_introspection_c.h
[0.475s] -- Up-to-date symlink: /home/zalv/hokuyo3_ws/install/lslidar_msgs/include/lslidar_msgs/lslidar_msgs/msg/detail/lslidar_scan__rosidl_typesupport_introspection_c.h
[0.475s] -- Up-to-date symlink: /home/zalv/hokuyo3_ws/install/lslidar_msgs/include/lslidar_msgs/lslidar_msgs/msg/detail/lslidar_sweep__rosidl_typesupport_introspection_c.h
[0.475s] -- Up-to-date symlink: /home/zalv/hokuyo3_ws/install/lslidar_msgs/include/lslidar_msgs/lslidar_msgs/msg/rosidl_typesupport_introspection_c__visibility_control.h
[0.476s] -- Up-to-date symlink: /home/zalv/hokuyo3_ws/install/lslidar_msgs/include/lslidar_msgs/lslidar_msgs/msg/detail/lslidar_difop__rosidl_typesupport_introspection_cpp.hpp
[0.476s] -- Up-to-date symlink: /home/zalv/hokuyo3_ws/install/lslidar_msgs/include/lslidar_msgs/lslidar_msgs/msg/detail/lslidar_packet__rosidl_typesupport_introspection_cpp.hpp
[0.476s] -- Up-to-date symlink: /home/zalv/hokuyo3_ws/install/lslidar_msgs/include/lslidar_msgs/lslidar_msgs/msg/detail/lslidar_point__rosidl_typesupport_introspection_cpp.hpp
[0.476s] -- Up-to-date symlink: /home/zalv/hokuyo3_ws/install/lslidar_msgs/include/lslidar_msgs/lslidar_msgs/msg/detail/lslidar_scan__rosidl_typesupport_introspection_cpp.hpp
[0.476s] -- Up-to-date symlink: /home/zalv/hokuyo3_ws/install/lslidar_msgs/include/lslidar_msgs/lslidar_msgs/msg/detail/lslidar_sweep__rosidl_typesupport_introspection_cpp.hpp
[0.476s] -- Up-to-date symlink: /home/zalv/hokuyo3_ws/install/lslidar_msgs/share/lslidar_msgs/environment/pythonpath.sh
[0.476s] -- Up-to-date symlink: /home/zalv/hokuyo3_ws/install/lslidar_msgs/share/lslidar_msgs/environment/pythonpath.dsv
[0.477s] -- Up-to-date symlink: /home/zalv/hokuyo3_ws/install/lslidar_msgs/local/lib/python3.10/dist-packages/lslidar_msgs-1.2.0-py3.10.egg-info/PKG-INFO
[0.477s] -- Up-to-date symlink: /home/zalv/hokuyo3_ws/install/lslidar_msgs/local/lib/python3.10/dist-packages/lslidar_msgs-1.2.0-py3.10.egg-info/SOURCES.txt
[0.477s] -- Up-to-date symlink: /home/zalv/hokuyo3_ws/install/lslidar_msgs/local/lib/python3.10/dist-packages/lslidar_msgs-1.2.0-py3.10.egg-info/dependency_links.txt
[0.477s] -- Up-to-date symlink: /home/zalv/hokuyo3_ws/install/lslidar_msgs/local/lib/python3.10/dist-packages/lslidar_msgs-1.2.0-py3.10.egg-info/top_level.txt
[0.477s] -- Up-to-date symlink: /home/zalv/hokuyo3_ws/install/lslidar_msgs/local/lib/python3.10/dist-packages/lslidar_msgs/__init__.py
[0.477s] -- Up-to-date symlink: /home/zalv/hokuyo3_ws/install/lslidar_msgs/local/lib/python3.10/dist-packages/lslidar_msgs/_lslidar_msgs_s.ep.rosidl_typesupport_c.c
[0.477s] -- Up-to-date symlink: /home/zalv/hokuyo3_ws/install/lslidar_msgs/local/lib/python3.10/dist-packages/lslidar_msgs/_lslidar_msgs_s.ep.rosidl_typesupport_fastrtps_c.c
[0.478s] -- Up-to-date symlink: /home/zalv/hokuyo3_ws/install/lslidar_msgs/local/lib/python3.10/dist-packages/lslidar_msgs/_lslidar_msgs_s.ep.rosidl_typesupport_introspection_c.c
[0.478s] -- Up-to-date symlink: /home/zalv/hokuyo3_ws/install/lslidar_msgs/local/lib/python3.10/dist-packages/lslidar_msgs/liblslidar_msgs__rosidl_generator_py.so
[0.478s] -- Up-to-date symlink: /home/zalv/hokuyo3_ws/install/lslidar_msgs/local/lib/python3.10/dist-packages/lslidar_msgs/lslidar_msgs_s__rosidl_typesupport_c.cpython-310-x86_64-linux-gnu.so
[0.478s] -- Up-to-date symlink: /home/zalv/hokuyo3_ws/install/lslidar_msgs/local/lib/python3.10/dist-packages/lslidar_msgs/lslidar_msgs_s__rosidl_typesupport_fastrtps_c.cpython-310-x86_64-linux-gnu.so
[0.478s] -- Up-to-date symlink: /home/zalv/hokuyo3_ws/install/lslidar_msgs/local/lib/python3.10/dist-packages/lslidar_msgs/lslidar_msgs_s__rosidl_typesupport_introspection_c.cpython-310-x86_64-linux-gnu.so
[0.478s] -- Up-to-date symlink: /home/zalv/hokuyo3_ws/install/lslidar_msgs/local/lib/python3.10/dist-packages/lslidar_msgs/msg/__init__.py
[0.478s] -- Up-to-date symlink: /home/zalv/hokuyo3_ws/install/lslidar_msgs/local/lib/python3.10/dist-packages/lslidar_msgs/msg/_lslidar_difop.py
[0.478s] -- Up-to-date symlink: /home/zalv/hokuyo3_ws/install/lslidar_msgs/local/lib/python3.10/dist-packages/lslidar_msgs/msg/_lslidar_difop_s.c
[0.478s] -- Up-to-date symlink: /home/zalv/hokuyo3_ws/install/lslidar_msgs/local/lib/python3.10/dist-packages/lslidar_msgs/msg/_lslidar_packet.py
[0.478s] -- Up-to-date symlink: /home/zalv/hokuyo3_ws/install/lslidar_msgs/local/lib/python3.10/dist-packages/lslidar_msgs/msg/_lslidar_packet_s.c
[0.478s] -- Up-to-date symlink: /home/zalv/hokuyo3_ws/install/lslidar_msgs/local/lib/python3.10/dist-packages/lslidar_msgs/msg/_lslidar_point.py
[0.478s] -- Up-to-date symlink: /home/zalv/hokuyo3_ws/install/lslidar_msgs/local/lib/python3.10/dist-packages/lslidar_msgs/msg/_lslidar_point_s.c
[0.478s] -- Up-to-date symlink: /home/zalv/hokuyo3_ws/install/lslidar_msgs/local/lib/python3.10/dist-packages/lslidar_msgs/msg/_lslidar_scan.py
[0.478s] -- Up-to-date symlink: /home/zalv/hokuyo3_ws/install/lslidar_msgs/local/lib/python3.10/dist-packages/lslidar_msgs/msg/_lslidar_scan_s.c
[0.478s] -- Up-to-date symlink: /home/zalv/hokuyo3_ws/install/lslidar_msgs/local/lib/python3.10/dist-packages/lslidar_msgs/msg/_lslidar_sweep.py
[0.479s] -- Up-to-date symlink: /home/zalv/hokuyo3_ws/install/lslidar_msgs/local/lib/python3.10/dist-packages/lslidar_msgs/msg/_lslidar_sweep_s.c
[0.479s] -- Up-to-date symlink: /home/zalv/hokuyo3_ws/install/lslidar_msgs/local/lib/python3.10/dist-packages/lslidar_msgs/lslidar_msgs_s__rosidl_typesupport_fastrtps_c.cpython-310-x86_64-linux-gnu.so
[0.479s] -- Up-to-date symlink: /home/zalv/hokuyo3_ws/install/lslidar_msgs/local/lib/python3.10/dist-packages/lslidar_msgs/lslidar_msgs_s__rosidl_typesupport_introspection_c.cpython-310-x86_64-linux-gnu.so
[0.479s] -- Up-to-date symlink: /home/zalv/hokuyo3_ws/install/lslidar_msgs/local/lib/python3.10/dist-packages/lslidar_msgs/lslidar_msgs_s__rosidl_typesupport_c.cpython-310-x86_64-linux-gnu.so
[0.479s] -- Up-to-date symlink: /home/zalv/hokuyo3_ws/install/lslidar_msgs/share/lslidar_msgs/msg/LslidarDifop.idl
[0.479s] -- Up-to-date symlink: /home/zalv/hokuyo3_ws/install/lslidar_msgs/share/lslidar_msgs/msg/LslidarPacket.idl
[0.479s] -- Up-to-date symlink: /home/zalv/hokuyo3_ws/install/lslidar_msgs/share/lslidar_msgs/msg/LslidarPoint.idl
[0.480s] -- Up-to-date symlink: /home/zalv/hokuyo3_ws/install/lslidar_msgs/share/lslidar_msgs/msg/LslidarScan.idl
[0.480s] -- Up-to-date symlink: /home/zalv/hokuyo3_ws/install/lslidar_msgs/share/lslidar_msgs/msg/LslidarSweep.idl
[0.480s] -- Up-to-date symlink: /home/zalv/hokuyo3_ws/install/lslidar_msgs/share/lslidar_msgs/msg/LslidarDifop.msg
[0.480s] -- Up-to-date symlink: /home/zalv/hokuyo3_ws/install/lslidar_msgs/share/lslidar_msgs/msg/LslidarPacket.msg
[0.480s] -- Up-to-date symlink: /home/zalv/hokuyo3_ws/install/lslidar_msgs/share/lslidar_msgs/msg/LslidarPoint.msg
[0.480s] -- Up-to-date symlink: /home/zalv/hokuyo3_ws/install/lslidar_msgs/share/lslidar_msgs/msg/LslidarScan.msg
[0.480s] -- Up-to-date symlink: /home/zalv/hokuyo3_ws/install/lslidar_msgs/share/lslidar_msgs/msg/LslidarSweep.msg
[0.480s] -- Up-to-date symlink: /home/zalv/hokuyo3_ws/install/lslidar_msgs/share/ament_index/resource_index/package_run_dependencies/lslidar_msgs
[0.480s] -- Up-to-date symlink: /home/zalv/hokuyo3_ws/install/lslidar_msgs/share/ament_index/resource_index/parent_prefix_path/lslidar_msgs
[0.480s] -- Up-to-date symlink: /home/zalv/hokuyo3_ws/install/lslidar_msgs/share/lslidar_msgs/environment/ament_prefix_path.sh
[0.480s] -- Up-to-date symlink: /home/zalv/hokuyo3_ws/install/lslidar_msgs/share/lslidar_msgs/environment/ament_prefix_path.dsv
[0.481s] -- Up-to-date symlink: /home/zalv/hokuyo3_ws/install/lslidar_msgs/share/lslidar_msgs/environment/path.sh
[0.481s] -- Up-to-date symlink: /home/zalv/hokuyo3_ws/install/lslidar_msgs/share/lslidar_msgs/environment/path.dsv
[0.481s] -- Up-to-date symlink: /home/zalv/hokuyo3_ws/install/lslidar_msgs/share/lslidar_msgs/local_setup.bash
[0.481s] -- Up-to-date symlink: /home/zalv/hokuyo3_ws/install/lslidar_msgs/share/lslidar_msgs/local_setup.sh
[0.481s] -- Up-to-date symlink: /home/zalv/hokuyo3_ws/install/lslidar_msgs/share/lslidar_msgs/local_setup.zsh
[0.481s] -- Up-to-date symlink: /home/zalv/hokuyo3_ws/install/lslidar_msgs/share/lslidar_msgs/local_setup.dsv
[0.481s] -- Symlinking: /home/zalv/hokuyo3_ws/install/lslidar_msgs/share/lslidar_msgs/package.dsv
[0.489s] -- Up-to-date symlink: /home/zalv/hokuyo3_ws/install/lslidar_msgs/share/ament_index/resource_index/packages/lslidar_msgs
[0.489s] -- Up-to-date symlink: /home/zalv/hokuyo3_ws/install/lslidar_msgs/share/lslidar_msgs/cmake/rosidl_cmake-extras.cmake
[0.489s] -- Up-to-date symlink: /home/zalv/hokuyo3_ws/install/lslidar_msgs/share/lslidar_msgs/cmake/ament_cmake_export_dependencies-extras.cmake
[0.490s] -- Up-to-date symlink: /home/zalv/hokuyo3_ws/install/lslidar_msgs/share/lslidar_msgs/cmake/ament_cmake_export_include_directories-extras.cmake
[0.490s] -- Up-to-date symlink: /home/zalv/hokuyo3_ws/install/lslidar_msgs/share/lslidar_msgs/cmake/ament_cmake_export_libraries-extras.cmake
[0.490s] -- Up-to-date symlink: /home/zalv/hokuyo3_ws/install/lslidar_msgs/share/lslidar_msgs/cmake/ament_cmake_export_targets-extras.cmake
[0.490s] -- Up-to-date symlink: /home/zalv/hokuyo3_ws/install/lslidar_msgs/share/lslidar_msgs/cmake/rosidl_cmake_export_typesupport_targets-extras.cmake
[0.490s] -- Up-to-date symlink: /home/zalv/hokuyo3_ws/install/lslidar_msgs/share/lslidar_msgs/cmake/rosidl_cmake_export_typesupport_libraries-extras.cmake
[0.490s] -- Up-to-date symlink: /home/zalv/hokuyo3_ws/install/lslidar_msgs/share/lslidar_msgs/cmake/lslidar_msgsConfig.cmake
[0.490s] -- Up-to-date symlink: /home/zalv/hokuyo3_ws/install/lslidar_msgs/share/lslidar_msgs/cmake/lslidar_msgsConfig-version.cmake
[0.490s] -- Up-to-date symlink: /home/zalv/hokuyo3_ws/install/lslidar_msgs/share/lslidar_msgs/package.xml
[0.490s] -- Up-to-date: /home/zalv/hokuyo3_ws/install/lslidar_msgs/lib/liblslidar_msgs__rosidl_generator_c.so
[0.490s] -- Up-to-date: /home/zalv/hokuyo3_ws/install/lslidar_msgs/lib/liblslidar_msgs__rosidl_typesupport_fastrtps_c.so
[0.491s] -- Up-to-date: /home/zalv/hokuyo3_ws/install/lslidar_msgs/lib/liblslidar_msgs__rosidl_typesupport_fastrtps_cpp.so
[0.491s] -- Up-to-date: /home/zalv/hokuyo3_ws/install/lslidar_msgs/lib/liblslidar_msgs__rosidl_typesupport_introspection_c.so
[0.491s] -- Up-to-date: /home/zalv/hokuyo3_ws/install/lslidar_msgs/lib/liblslidar_msgs__rosidl_typesupport_c.so
[0.491s] -- Up-to-date: /home/zalv/hokuyo3_ws/install/lslidar_msgs/lib/liblslidar_msgs__rosidl_typesupport_introspection_cpp.so
[0.491s] -- Up-to-date: /home/zalv/hokuyo3_ws/install/lslidar_msgs/lib/liblslidar_msgs__rosidl_typesupport_cpp.so
[0.515s] Listing '/home/zalv/hokuyo3_ws/install/lslidar_msgs/local/lib/python3.10/dist-packages/lslidar_msgs'...
[0.515s] Listing '/home/zalv/hokuyo3_ws/install/lslidar_msgs/local/lib/python3.10/dist-packages/lslidar_msgs/msg'...
[0.517s] -- Up-to-date: /home/zalv/hokuyo3_ws/install/lslidar_msgs/lib/liblslidar_msgs__rosidl_generator_py.so
[0.517s] -- Up-to-date: /home/zalv/hokuyo3_ws/install/lslidar_msgs/share/lslidar_msgs/cmake/export_lslidar_msgs__rosidl_generator_cExport.cmake
[0.517s] -- Up-to-date: /home/zalv/hokuyo3_ws/install/lslidar_msgs/share/lslidar_msgs/cmake/export_lslidar_msgs__rosidl_generator_cExport-noconfig.cmake
[0.517s] -- Up-to-date: /home/zalv/hokuyo3_ws/install/lslidar_msgs/share/lslidar_msgs/cmake/export_lslidar_msgs__rosidl_typesupport_fastrtps_cExport.cmake
[0.517s] -- Up-to-date: /home/zalv/hokuyo3_ws/install/lslidar_msgs/share/lslidar_msgs/cmake/export_lslidar_msgs__rosidl_typesupport_fastrtps_cExport-noconfig.cmake
[0.518s] -- Up-to-date: /home/zalv/hokuyo3_ws/install/lslidar_msgs/share/lslidar_msgs/cmake/export_lslidar_msgs__rosidl_generator_cppExport.cmake
[0.518s] -- Up-to-date: /home/zalv/hokuyo3_ws/install/lslidar_msgs/share/lslidar_msgs/cmake/export_lslidar_msgs__rosidl_typesupport_fastrtps_cppExport.cmake
[0.518s] -- Up-to-date: /home/zalv/hokuyo3_ws/install/lslidar_msgs/share/lslidar_msgs/cmake/export_lslidar_msgs__rosidl_typesupport_fastrtps_cppExport-noconfig.cmake
[0.518s] -- Up-to-date: /home/zalv/hokuyo3_ws/install/lslidar_msgs/share/lslidar_msgs/cmake/lslidar_msgs__rosidl_typesupport_introspection_cExport.cmake
[0.518s] -- Up-to-date: /home/zalv/hokuyo3_ws/install/lslidar_msgs/share/lslidar_msgs/cmake/lslidar_msgs__rosidl_typesupport_introspection_cExport-noconfig.cmake
[0.518s] -- Up-to-date: /home/zalv/hokuyo3_ws/install/lslidar_msgs/share/lslidar_msgs/cmake/lslidar_msgs__rosidl_typesupport_cExport.cmake
[0.518s] -- Up-to-date: /home/zalv/hokuyo3_ws/install/lslidar_msgs/share/lslidar_msgs/cmake/lslidar_msgs__rosidl_typesupport_cExport-noconfig.cmake
[0.518s] -- Up-to-date: /home/zalv/hokuyo3_ws/install/lslidar_msgs/share/lslidar_msgs/cmake/lslidar_msgs__rosidl_typesupport_introspection_cppExport.cmake
[0.518s] -- Up-to-date: /home/zalv/hokuyo3_ws/install/lslidar_msgs/share/lslidar_msgs/cmake/lslidar_msgs__rosidl_typesupport_introspection_cppExport-noconfig.cmake
[0.518s] -- Up-to-date: /home/zalv/hokuyo3_ws/install/lslidar_msgs/share/lslidar_msgs/cmake/lslidar_msgs__rosidl_typesupport_cppExport.cmake
[0.518s] -- Up-to-date: /home/zalv/hokuyo3_ws/install/lslidar_msgs/share/lslidar_msgs/cmake/lslidar_msgs__rosidl_typesupport_cppExport-noconfig.cmake
[0.518s] -- Up-to-date: /home/zalv/hokuyo3_ws/install/lslidar_msgs/share/lslidar_msgs/cmake/export_lslidar_msgs__rosidl_generator_pyExport.cmake
[0.518s] -- Up-to-date: /home/zalv/hokuyo3_ws/install/lslidar_msgs/share/lslidar_msgs/cmake/export_lslidar_msgs__rosidl_generator_pyExport-noconfig.cmake
[0.521s] Invoked command in '/home/zalv/hokuyo3_ws/build/lslidar_msgs' returned '0': CMAKE_PREFIX_PATH=${CMAKE_PREFIX_PATH}:/opt/ros/humble /usr/bin/cmake --install /home/zalv/hokuyo3_ws/build/lslidar_msgs
