[0.019s] Invoking command in '/home/zalv/hokuyo3_ws/build/urg_node2': CMAKE_PREFIX_PATH=${CMAKE_PREFIX_PATH}:/opt/ros/humble /usr/bin/cmake --build /home/zalv/hokuyo3_ws/build/urg_node2 -- -j22 -l22
[0.066s] [ 45%] Built target urg_c
[0.068s] [ 55%] Built target urg_node2_node
[0.070s] [ 65%] Built target gtest
[0.072s] [ 75%] Built target gtest_main
[0.089s] [ 85%] Built target urg_node2
[0.100s] [100%] Built target urg_node2_test
[0.111s] Invoked command in '/home/zalv/hokuyo3_ws/build/urg_node2' returned '0': CMAKE_PREFIX_PATH=${CMAKE_PREFIX_PATH}:/opt/ros/humble /usr/bin/cmake --build /home/zalv/hokuyo3_ws/build/urg_node2 -- -j22 -l22
[0.161s] Invoking command in '/home/zalv/hokuyo3_ws/build/urg_node2': CMAKE_PREFIX_PATH=${CMAKE_PREFIX_PATH}:/opt/ros/humble /usr/bin/cmake --install /home/zalv/hokuyo3_ws/build/urg_node2
[0.166s] -- Install configuration: ""
[0.166s] -- Execute custom install script
[0.166s] -- Up-to-date symlink: /home/zalv/hokuyo3_ws/install/urg_node2/share/urg_node2/environment/library_path.sh
[0.167s] -- Up-to-date symlink: /home/zalv/hokuyo3_ws/install/urg_node2/share/urg_node2/environment/library_path.dsv
[0.167s] -- Up-to-date symlink: /home/zalv/hokuyo3_ws/install/urg_node2/lib/urg_node2/urg_node2_node
[0.167s] -- Up-to-date symlink: /home/zalv/hokuyo3_ws/install/urg_node2/lib/liburg_node2.so
[0.167s] -- Up-to-date symlink: /home/zalv/hokuyo3_ws/install/urg_node2/lib/liburg_c.so
[0.167s] -- Up-to-date symlink: /home/zalv/hokuyo3_ws/install/urg_node2/share/urg_node2/launch/urg_node2.launch.py
[0.167s] -- Up-to-date symlink: /home/zalv/hokuyo3_ws/install/urg_node2/share/urg_node2/launch/urg_node2_2lidar.launch.py
[0.167s] -- Up-to-date symlink: /home/zalv/hokuyo3_ws/install/urg_node2/share/urg_node2/launch/urg_node2_component.launch.py
[0.168s] -- Up-to-date symlink: /home/zalv/hokuyo3_ws/install/urg_node2/share/urg_node2/config/params_ether.yaml
[0.168s] -- Up-to-date symlink: /home/zalv/hokuyo3_ws/install/urg_node2/share/urg_node2/config/params_ether_2nd.yaml
[0.168s] -- Up-to-date symlink: /home/zalv/hokuyo3_ws/install/urg_node2/share/urg_node2/config/params_serial.yaml
[0.168s] -- Up-to-date symlink: /home/zalv/hokuyo3_ws/install/urg_node2/share/ament_index/resource_index/package_run_dependencies/urg_node2
[0.168s] -- Up-to-date symlink: /home/zalv/hokuyo3_ws/install/urg_node2/share/ament_index/resource_index/parent_prefix_path/urg_node2
[0.168s] -- Up-to-date symlink: /home/zalv/hokuyo3_ws/install/urg_node2/share/urg_node2/environment/ament_prefix_path.sh
[0.168s] -- Up-to-date symlink: /home/zalv/hokuyo3_ws/install/urg_node2/share/urg_node2/environment/ament_prefix_path.dsv
[0.168s] -- Up-to-date symlink: /home/zalv/hokuyo3_ws/install/urg_node2/share/urg_node2/environment/path.sh
[0.168s] -- Up-to-date symlink: /home/zalv/hokuyo3_ws/install/urg_node2/share/urg_node2/environment/path.dsv
[0.168s] -- Up-to-date symlink: /home/zalv/hokuyo3_ws/install/urg_node2/share/urg_node2/local_setup.bash
[0.168s] -- Up-to-date symlink: /home/zalv/hokuyo3_ws/install/urg_node2/share/urg_node2/local_setup.sh
[0.169s] -- Up-to-date symlink: /home/zalv/hokuyo3_ws/install/urg_node2/share/urg_node2/local_setup.zsh
[0.169s] -- Up-to-date symlink: /home/zalv/hokuyo3_ws/install/urg_node2/share/urg_node2/local_setup.dsv
[0.169s] -- Symlinking: /home/zalv/hokuyo3_ws/install/urg_node2/share/urg_node2/package.dsv
[0.177s] -- Up-to-date symlink: /home/zalv/hokuyo3_ws/install/urg_node2/share/ament_index/resource_index/packages/urg_node2
[0.177s] -- Up-to-date symlink: /home/zalv/hokuyo3_ws/install/urg_node2/share/ament_index/resource_index/rclcpp_components/urg_node2
[0.178s] -- Up-to-date symlink: /home/zalv/hokuyo3_ws/install/urg_node2/share/urg_node2/cmake/ament_cmake_export_libraries-extras.cmake
[0.178s] -- Up-to-date symlink: /home/zalv/hokuyo3_ws/install/urg_node2/share/urg_node2/cmake/ament_cmake_export_include_directories-extras.cmake
[0.178s] -- Up-to-date symlink: /home/zalv/hokuyo3_ws/install/urg_node2/share/urg_node2/cmake/urg_node2Config.cmake
[0.178s] -- Up-to-date symlink: /home/zalv/hokuyo3_ws/install/urg_node2/share/urg_node2/cmake/urg_node2Config-version.cmake
[0.178s] -- Up-to-date symlink: /home/zalv/hokuyo3_ws/install/urg_node2/share/urg_node2/package.xml
[0.179s] Invoked command in '/home/zalv/hokuyo3_ws/build/urg_node2' returned '0': CMAKE_PREFIX_PATH=${CMAKE_PREFIX_PATH}:/opt/ros/humble /usr/bin/cmake --install /home/zalv/hokuyo3_ws/build/urg_node2
