[0.011s] Invoking command in '/home/zalv/hokuyo3_ws/build/lslidar_msgs': /usr/bin/cmake /home/zalv/hokuyo3_ws/src/Lslidar_ROS2_driver/lslidar_msgs -DAMENT_CMAKE_SYMLINK_INSTALL=1 -DCMAKE_INSTALL_PREFIX=/home/zalv/hokuyo3_ws/install/lslidar_msgs
[0.108s] -- The C compiler identification is GNU 11.4.0
[0.181s] -- The CXX compiler identification is GNU 11.4.0
[0.190s] -- Detecting C compiler ABI info
[0.251s] -- Detecting C compiler ABI info - done
[0.256s] -- Check for working C compiler: /usr/bin/cc - skipped
[0.256s] -- Detecting C compile features
[0.257s] -- Detecting C compile features - done
[0.259s] -- Detecting CXX compiler ABI info
[0.325s] -- Detecting CXX compiler ABI info - done
[0.332s] -- Check for working CXX compiler: /usr/bin/c++ - skipped
[0.332s] -- Detecting CXX compile features
[0.332s] -- Detecting CXX compile features - done
[0.338s] [31mCMake Error at CMakeLists.txt:19 (find_package):
[0.338s]   By not providing "Findament_cmake.cmake" in CMAKE_MODULE_PATH this project
[0.338s]   has asked CMake to find a package configuration file provided by
[0.338s]   "ament_cmake", but CMake did not find one.
[0.338s] 
[0.338s]   Could not find a package configuration file provided by "ament_cmake" with
[0.338s]   any of the following names:
[0.338s] 
[0.338s]     ament_cmakeConfig.cmake
[0.338s]     ament_cmake-config.cmake
[0.338s] 
[0.338s]   Add the installation prefix of "ament_cmake" to CMAKE_PREFIX_PATH or set
[0.338s]   "ament_cmake_DIR" to a directory containing one of the above files.  If
[0.338s]   "ament_cmake" provides a separate development package or SDK, be sure it
[0.338s]   has been installed.
[0.338s] 
[0.338s] [0m
[0.338s] -- Configuring incomplete, errors occurred!
[0.339s] See also "/home/zalv/hokuyo3_ws/build/lslidar_msgs/CMakeFiles/CMakeOutput.log".
[0.343s] Invoked command in '/home/zalv/hokuyo3_ws/build/lslidar_msgs' returned '1': /usr/bin/cmake /home/zalv/hokuyo3_ws/src/Lslidar_ROS2_driver/lslidar_msgs -DAMENT_CMAKE_SYMLINK_INSTALL=1 -DCMAKE_INSTALL_PREFIX=/home/zalv/hokuyo3_ws/install/lslidar_msgs
