[0.009s] Invoking command in '/home/zalv/hokuyo3_ws/build/ros2_cppserial': AMENT_PREFIX_PATH=/home/zalv/hokuyo3_ws/install/ros2_serial_interfaces:${AMENT_PREFIX_PATH} CMAKE_PREFIX_PATH=/home/zalv/hokuyo3_ws/install/ros2_serial_interfaces:/home/zalv/hokuyo3_ws/install/urg_node2:/home/zalv/hokuyo3_ws/install/pclomp:/home/zalv/hokuyo3_ws/install/lslidar_driver:/home/zalv/hokuyo3_ws/install/lslidar_msgs:/home/zalv/hokuyo3_ws/install/laser_to_pc:/home/zalv/hokuyo3_ws/install/icp_node:/opt/ros/humble LD_LIBRARY_PATH=/home/zalv/hokuyo3_ws/install/ros2_serial_interfaces/lib:/home/zalv/hokuyo3_ws/install/urg_node2/lib:/home/zalv/hokuyo3_ws/install/pclomp/lib:/home/zalv/hokuyo3_ws/install/lslidar_msgs/lib:/usr/lib/x86_64-linux-gnu/gazebo-11/plugins:/opt/ros/humble/opt/rviz_ogre_vendor/lib:/opt/ros/humble/lib/x86_64-linux-gnu:/opt/ros/humble/lib:/usr/local/lib:/usr/local/lib PYTHONPATH=/home/zalv/hokuyo3_ws/install/ros2_serial_interfaces/local/lib/python3.10/dist-packages:${PYTHONPATH} /usr/bin/cmake /home/zalv/hokuyo3_ws/src/ros2_serial/ros2_cppserial -DAMENT_CMAKE_SYMLINK_INSTALL=1 -DCMAKE_INSTALL_PREFIX=/home/zalv/hokuyo3_ws/install/ros2_cppserial
[0.061s] -- The C compiler identification is GNU 11.4.0
[0.109s] -- The CXX compiler identification is GNU 11.4.0
[0.115s] -- Detecting C compiler ABI info
[0.174s] -- Detecting C compiler ABI info - done
[0.181s] -- Check for working C compiler: /usr/bin/cc - skipped
[0.181s] -- Detecting C compile features
[0.181s] -- Detecting C compile features - done
[0.183s] -- Detecting CXX compiler ABI info
[0.246s] -- Detecting CXX compiler ABI info - done
[0.253s] -- Check for working CXX compiler: /usr/bin/c++ - skipped
[0.253s] -- Detecting CXX compile features
[0.253s] -- Detecting CXX compile features - done
[0.255s] -- Found ament_cmake: 1.3.10 (/opt/ros/humble/share/ament_cmake/cmake)
[0.378s] -- Found Python3: /usr/bin/python3 (found version "3.10.12") found components: Interpreter 
[0.422s] -- Override CMake install command with custom implementation using symlinks instead of copying resources
[0.446s] -- Found rclcpp: 16.0.10 (/opt/ros/humble/share/rclcpp/cmake)
[0.480s] -- Found rosidl_generator_c: 3.1.5 (/opt/ros/humble/share/rosidl_generator_c/cmake)
[0.482s] -- Found rosidl_adapter: 3.1.5 (/opt/ros/humble/share/rosidl_adapter/cmake)
[0.487s] -- Found rosidl_generator_cpp: 3.1.5 (/opt/ros/humble/share/rosidl_generator_cpp/cmake)
[0.494s] -- Using all available rosidl_typesupport_c: rosidl_typesupport_fastrtps_c;rosidl_typesupport_introspection_c
[0.503s] -- Using all available rosidl_typesupport_cpp: rosidl_typesupport_fastrtps_cpp;rosidl_typesupport_introspection_cpp
[0.531s] -- Found rmw_implementation_cmake: 6.1.2 (/opt/ros/humble/share/rmw_implementation_cmake/cmake)
[0.533s] -- Found rmw_fastrtps_cpp: 6.2.7 (/opt/ros/humble/share/rmw_fastrtps_cpp/cmake)
[0.620s] -- Found OpenSSL: /usr/lib/x86_64-linux-gnu/libcrypto.so (found version "3.0.2")  
[0.641s] -- Found FastRTPS: /opt/ros/humble/include  
[0.675s] -- Using RMW implementation 'rmw_fastrtps_cpp' as default
[0.685s] -- Looking for pthread.h
[0.752s] -- Looking for pthread.h - found
[0.752s] -- Performing Test CMAKE_HAVE_LIBC_PTHREAD
[0.815s] -- Performing Test CMAKE_HAVE_LIBC_PTHREAD - Success
[0.816s] -- Found Threads: TRUE  
[0.862s] -- Configuring incomplete, errors occurred!
[0.862s] See also "/home/zalv/hokuyo3_ws/build/ros2_cppserial/CMakeFiles/CMakeOutput.log".
[0.863s] [31mCMake Error at CMakeLists.txt:29 (find_package):
[0.863s]   By not providing "Findserial.cmake" in CMAKE_MODULE_PATH this project has
[0.863s]   asked CMake to find a package configuration file provided by "serial", but
[0.863s]   CMake did not find one.
[0.863s] 
[0.863s]   Could not find a package configuration file provided by "serial" with any
[0.863s]   of the following names:
[0.863s] 
[0.863s]     serialConfig.cmake
[0.863s]     serial-config.cmake
[0.863s] 
[0.864s]   Add the installation prefix of "serial" to CMAKE_PREFIX_PATH or set
[0.864s]   "serial_DIR" to a directory containing one of the above files.  If "serial"
[0.864s]   provides a separate development package or SDK, be sure it has been
[0.864s]   installed.
[0.864s] 
[0.864s] [0m
[0.875s] Invoked command in '/home/zalv/hokuyo3_ws/build/ros2_cppserial' returned '1': AMENT_PREFIX_PATH=/home/zalv/hokuyo3_ws/install/ros2_serial_interfaces:${AMENT_PREFIX_PATH} CMAKE_PREFIX_PATH=/home/zalv/hokuyo3_ws/install/ros2_serial_interfaces:/home/zalv/hokuyo3_ws/install/urg_node2:/home/zalv/hokuyo3_ws/install/pclomp:/home/zalv/hokuyo3_ws/install/lslidar_driver:/home/zalv/hokuyo3_ws/install/lslidar_msgs:/home/zalv/hokuyo3_ws/install/laser_to_pc:/home/zalv/hokuyo3_ws/install/icp_node:/opt/ros/humble LD_LIBRARY_PATH=/home/zalv/hokuyo3_ws/install/ros2_serial_interfaces/lib:/home/zalv/hokuyo3_ws/install/urg_node2/lib:/home/zalv/hokuyo3_ws/install/pclomp/lib:/home/zalv/hokuyo3_ws/install/lslidar_msgs/lib:/usr/lib/x86_64-linux-gnu/gazebo-11/plugins:/opt/ros/humble/opt/rviz_ogre_vendor/lib:/opt/ros/humble/lib/x86_64-linux-gnu:/opt/ros/humble/lib:/usr/local/lib:/usr/local/lib PYTHONPATH=/home/zalv/hokuyo3_ws/install/ros2_serial_interfaces/local/lib/python3.10/dist-packages:${PYTHONPATH} /usr/bin/cmake /home/zalv/hokuyo3_ws/src/ros2_serial/ros2_cppserial -DAMENT_CMAKE_SYMLINK_INSTALL=1 -DCMAKE_INSTALL_PREFIX=/home/zalv/hokuyo3_ws/install/ros2_cppserial
