[0.024s] Invoking command in '/home/zalv/hokuyo3_ws/build/lslidar_msgs': /usr/bin/cmake --build /home/zalv/hokuyo3_ws/build/lslidar_msgs -- -j22 -l22
[0.078s] [  1%] Built target lslidar_msgs__cpp
[0.078s] [ 12%] Built target lslidar_msgs__rosidl_generator_c
[0.090s] [ 12%] Built target ament_cmake_python_symlink_lslidar_msgs
[0.102s] [ 23%] Built target lslidar_msgs__rosidl_typesupport_cpp
[0.102s] [ 34%] Built target lslidar_msgs__rosidl_typesupport_fastrtps_cpp
[0.103s] [ 46%] Built target lslidar_msgs__rosidl_typesupport_introspection_cpp
[0.113s] [ 57%] Built target lslidar_msgs__rosidl_typesupport_c
[0.114s] [ 68%] Built target lslidar_msgs__rosidl_typesupport_introspection_c
[0.115s] [ 79%] Built target lslidar_msgs__rosidl_typesupport_fastrtps_c
[0.133s] [ 79%] Built target lslidar_msgs
[0.155s] [ 80%] Built target lslidar_msgs__py
[0.177s] [ 90%] Built target lslidar_msgs__rosidl_generator_py
[0.196s] [ 93%] Built target lslidar_msgs__rosidl_typesupport_c__pyext
[0.196s] [ 96%] Built target lslidar_msgs__rosidl_typesupport_introspection_c__pyext
[0.198s] [100%] Built target lslidar_msgs__rosidl_typesupport_fastrtps_c__pyext
[0.257s] running egg_info
[0.257s] writing lslidar_msgs.egg-info/PKG-INFO
[0.258s] writing dependency_links to lslidar_msgs.egg-info/dependency_links.txt
[0.258s] writing top-level names to lslidar_msgs.egg-info/top_level.txt
[0.261s] reading manifest file 'lslidar_msgs.egg-info/SOURCES.txt'
[0.261s] writing manifest file 'lslidar_msgs.egg-info/SOURCES.txt'
[0.278s] [100%] Built target ament_cmake_python_build_lslidar_msgs_egg
