[0.011s] Invoking command in '/home/zalv/hokuyo3_ws/build/laser_to_pc': /usr/bin/cmake /home/zalv/hokuyo3_ws/src/laser_to_pc -DAMENT_CMAKE_SYMLINK_INSTALL=1 -DCMAKE_INSTALL_PREFIX=/home/zalv/hokuyo3_ws/install/laser_to_pc
[0.124s] -- The C compiler identification is GNU 11.4.0
[0.199s] -- The CXX compiler identification is GNU 11.4.0
[0.207s] -- Detecting C compiler ABI info
[0.275s] -- Detecting C compiler ABI info - done
[0.282s] -- Check for working C compiler: /usr/bin/cc - skipped
[0.282s] -- Detecting C compile features
[0.282s] -- Detecting C compile features - done
[0.284s] -- Detecting CXX compiler ABI info
[0.349s] -- Detecting CXX compiler ABI info - done
[0.356s] -- Check for working CXX compiler: /usr/bin/c++ - skipped
[0.357s] -- Detecting CXX compile features
[0.357s] -- Detecting CXX compile features - done
[0.366s] [31mCMake Error at CMakeLists.txt:10 (find_package):
[0.366s]   By not providing "Findament_cmake.cmake" in CMAKE_MODULE_PATH this project
[0.366s]   has asked CMake to find a package configuration file provided by
[0.366s]   "ament_cmake", but CMake did not find one.
[0.366s] 
[0.367s]   Could not find a package configuration file provided by "ament_cmake" with
[0.367s]   any of the following names:
[0.367s] 
[0.367s]     ament_cmakeConfig.cmake
[0.367s]     ament_cmake-config.cmake
[0.367s] 
[0.367s]   Add the installation prefix of "ament_cmake" to CMAKE_PREFIX_PATH or set
[0.367s]   "ament_cmake_DIR" to a directory containing one of the above files.  If
[0.367s]   "ament_cmake" provides a separate development package or SDK, be sure it
[0.367s]   has been installed.
[0.367s] 
[0.367s] [0m
[0.368s] -- Configuring incomplete, errors occurred!
[0.368s] See also "/home/zalv/hokuyo3_ws/build/laser_to_pc/CMakeFiles/CMakeOutput.log".
[0.370s] Invoked command in '/home/zalv/hokuyo3_ws/build/laser_to_pc' returned '1': /usr/bin/cmake /home/zalv/hokuyo3_ws/src/laser_to_pc -DAMENT_CMAKE_SYMLINK_INSTALL=1 -DCMAKE_INSTALL_PREFIX=/home/zalv/hokuyo3_ws/install/laser_to_pc
