[0.020s] Invoking command in '/home/zalv/hokuyo3_ws/build/laser_to_pc': CMAKE_PREFIX_PATH=${CMAKE_PREFIX_PATH}:/opt/ros/humble /usr/bin/cmake --build /home/zalv/hokuyo3_ws/build/laser_to_pc -- -j22 -l22
[0.042s] -- Found ament_cmake: 1.3.10 (/opt/ros/humble/share/ament_cmake/cmake)
[0.150s] -- Override CMake install command with custom implementation using symlinks instead of copying resources
[0.156s] -- Found rclcpp: 16.0.10 (/opt/ros/humble/share/rclcpp/cmake)
[0.181s] -- Found rosidl_generator_c: 3.1.5 (/opt/ros/humble/share/rosidl_generator_c/cmake)
[0.182s] -- Found rosidl_adapter: 3.1.5 (/opt/ros/humble/share/rosidl_adapter/cmake)
[0.186s] -- Found rosidl_generator_cpp: 3.1.5 (/opt/ros/humble/share/rosidl_generator_cpp/cmake)
[0.193s] -- Using all available rosidl_typesupport_c: rosidl_typesupport_fastrtps_c;rosidl_typesupport_introspection_c
[0.202s] -- Using all available rosidl_typesupport_cpp: rosidl_typesupport_fastrtps_cpp;rosidl_typesupport_introspection_cpp
[0.226s] -- Found rmw_implementation_cmake: 6.1.2 (/opt/ros/humble/share/rmw_implementation_cmake/cmake)
[0.226s] -- Found rmw_fastrtps_cpp: 6.2.7 (/opt/ros/humble/share/rmw_fastrtps_cpp/cmake)
[0.294s] -- Using RMW implementation 'rmw_fastrtps_cpp' as default
[0.332s] -- Found sensor_msgs: 4.2.4 (/opt/ros/humble/share/sensor_msgs/cmake)
[0.347s] -- Found laser_geometry: 2.4.0 (/opt/ros/humble/share/laser_geometry/cmake)
[0.352s] -- Found pcl_conversions: 2.4.5 (/opt/ros/humble/share/pcl_conversions/cmake)
[0.376s] -- Eigen found (include: /usr/include/eigen3, version: 3.4.0)
[0.396s] -- FLANN found (include: /usr/include, lib: /usr/lib/x86_64-linux-gnu/libflann_cpp.so)
[0.642s] -- OpenNI found (version: 1.5.4.0, include: /usr/include/ni, lib: /usr/lib/libOpenNI.so;libusb::libusb)
[0.650s] -- OpenNI2 found (version: 2.2.0.33, include: /usr/include/openni2, lib: /usr/lib/x86_64-linux-gnu/libOpenNI2.so;libusb::libusb)
[0.769s] -- Eigen found (include: /usr/include/eigen3, version: 3.4.0)
[0.774s] -- OpenNI found (version: 1.5.4.0, include: /usr/include/ni, lib: /usr/lib/libOpenNI.so;libusb::libusb)
[0.781s] -- OpenNI2 found (version: 2.2.0.33, include: /usr/include/openni2, lib: /usr/lib/x86_64-linux-gnu/libOpenNI2.so;libusb::libusb)
[0.873s] -- Found Qhull version 8.0.2
[0.987s] -- OpenNI found (version: 1.5.4.0, include: /usr/include/ni, lib: /usr/lib/libOpenNI.so;libusb::libusb)
[1.116s] -- looking for PCL_<COMPONENTS>
[1.116s] -- Could NOT find PCL_<COMPONENTS> (missing: PCL_<COMPONENTS>_LIBRARY PCL_<COMPONENTS>_INCLUDE_DIR) 
[1.177s] -- Configuring done
[1.196s] -- Generating done
[1.198s] -- Build files have been written to: /home/zalv/hokuyo3_ws/build/laser_to_pc
[1.231s] [35m[1mConsolidate compiler generated dependencies of target laser_to_pointcloud[0m
[1.251s] [100%] Built target laser_to_pointcloud
[1.263s] Invoked command in '/home/zalv/hokuyo3_ws/build/laser_to_pc' returned '0': CMAKE_PREFIX_PATH=${CMAKE_PREFIX_PATH}:/opt/ros/humble /usr/bin/cmake --build /home/zalv/hokuyo3_ws/build/laser_to_pc -- -j22 -l22
[1.297s] Invoking command in '/home/zalv/hokuyo3_ws/build/laser_to_pc': CMAKE_PREFIX_PATH=${CMAKE_PREFIX_PATH}:/opt/ros/humble /usr/bin/cmake --install /home/zalv/hokuyo3_ws/build/laser_to_pc
[1.304s] -- Install configuration: ""
[1.304s] -- Execute custom install script
[1.305s] -- Up-to-date symlink: /home/zalv/hokuyo3_ws/install/laser_to_pc/lib/laser_to_pc/laser_to_pointcloud
[1.305s] -- Up-to-date symlink: /home/zalv/hokuyo3_ws/install/laser_to_pc/share/ament_index/resource_index/package_run_dependencies/laser_to_pc
[1.305s] -- Up-to-date symlink: /home/zalv/hokuyo3_ws/install/laser_to_pc/share/ament_index/resource_index/parent_prefix_path/laser_to_pc
[1.305s] -- Up-to-date symlink: /home/zalv/hokuyo3_ws/install/laser_to_pc/share/laser_to_pc/environment/ament_prefix_path.sh
[1.305s] -- Up-to-date symlink: /home/zalv/hokuyo3_ws/install/laser_to_pc/share/laser_to_pc/environment/ament_prefix_path.dsv
[1.305s] -- Up-to-date symlink: /home/zalv/hokuyo3_ws/install/laser_to_pc/share/laser_to_pc/environment/path.sh
[1.306s] -- Up-to-date symlink: /home/zalv/hokuyo3_ws/install/laser_to_pc/share/laser_to_pc/environment/path.dsv
[1.306s] -- Up-to-date symlink: /home/zalv/hokuyo3_ws/install/laser_to_pc/share/laser_to_pc/local_setup.bash
[1.306s] -- Up-to-date symlink: /home/zalv/hokuyo3_ws/install/laser_to_pc/share/laser_to_pc/local_setup.sh
[1.306s] -- Up-to-date symlink: /home/zalv/hokuyo3_ws/install/laser_to_pc/share/laser_to_pc/local_setup.zsh
[1.306s] -- Up-to-date symlink: /home/zalv/hokuyo3_ws/install/laser_to_pc/share/laser_to_pc/local_setup.dsv
[1.306s] -- Symlinking: /home/zalv/hokuyo3_ws/install/laser_to_pc/share/laser_to_pc/package.dsv
[1.314s] -- Up-to-date symlink: /home/zalv/hokuyo3_ws/install/laser_to_pc/share/ament_index/resource_index/packages/laser_to_pc
[1.314s] -- Up-to-date symlink: /home/zalv/hokuyo3_ws/install/laser_to_pc/share/laser_to_pc/cmake/laser_to_pcConfig.cmake
[1.314s] -- Up-to-date symlink: /home/zalv/hokuyo3_ws/install/laser_to_pc/share/laser_to_pc/cmake/laser_to_pcConfig-version.cmake
[1.314s] -- Up-to-date symlink: /home/zalv/hokuyo3_ws/install/laser_to_pc/share/laser_to_pc/package.xml
[1.317s] Invoked command in '/home/zalv/hokuyo3_ws/build/laser_to_pc' returned '0': CMAKE_PREFIX_PATH=${CMAKE_PREFIX_PATH}:/opt/ros/humble /usr/bin/cmake --install /home/zalv/hokuyo3_ws/build/laser_to_pc
