[0.013s] Invoking command in '/home/zalv/hokuyo3_ws/build/icp_node': CMAKE_PREFIX_PATH=${CMAKE_PREFIX_PATH}:/opt/ros/humble /usr/bin/cmake --build /home/zalv/hokuyo3_ws/build/icp_node -- -j22 -l22
[0.031s] -- Found ament_cmake: 1.3.10 (/opt/ros/humble/share/ament_cmake/cmake)
[0.124s] -- Override CMake install command with custom implementation using symlinks instead of copying resources
[0.129s] -- Found rclcpp: 16.0.10 (/opt/ros/humble/share/rclcpp/cmake)
[0.151s] -- Found rosidl_generator_c: 3.1.5 (/opt/ros/humble/share/rosidl_generator_c/cmake)
[0.153s] -- Found rosidl_adapter: 3.1.5 (/opt/ros/humble/share/rosidl_adapter/cmake)
[0.157s] -- Found rosidl_generator_cpp: 3.1.5 (/opt/ros/humble/share/rosidl_generator_cpp/cmake)
[0.163s] -- Using all available rosidl_typesupport_c: rosidl_typesupport_fastrtps_c;rosidl_typesupport_introspection_c
[0.172s] -- Using all available rosidl_typesupport_cpp: rosidl_typesupport_fastrtps_cpp;rosidl_typesupport_introspection_cpp
[0.194s] -- Found rmw_implementation_cmake: 6.1.2 (/opt/ros/humble/share/rmw_implementation_cmake/cmake)
[0.195s] -- Found rmw_fastrtps_cpp: 6.2.7 (/opt/ros/humble/share/rmw_fastrtps_cpp/cmake)
[0.267s] -- Using RMW implementation 'rmw_fastrtps_cpp' as default
[0.293s] -- Found sensor_msgs: 4.2.4 (/opt/ros/humble/share/sensor_msgs/cmake)
[0.308s] -- Found pcl_conversions: 2.4.5 (/opt/ros/humble/share/pcl_conversions/cmake)
[0.334s] -- Eigen found (include: /usr/include/eigen3, version: 3.4.0)
[0.357s] -- FLANN found (include: /usr/include, lib: /usr/lib/x86_64-linux-gnu/libflann_cpp.so)
[0.559s] -- OpenNI found (version: 1.5.4.0, include: /usr/include/ni, lib: /usr/lib/libOpenNI.so;libusb::libusb)
[0.566s] -- OpenNI2 found (version: 2.2.0.33, include: /usr/include/openni2, lib: /usr/lib/x86_64-linux-gnu/libOpenNI2.so;libusb::libusb)
[0.670s] -- Eigen found (include: /usr/include/eigen3, version: 3.4.0)
[0.679s] -- OpenNI found (version: 1.5.4.0, include: /usr/include/ni, lib: /usr/lib/libOpenNI.so;libusb::libusb)
[0.684s] -- OpenNI2 found (version: 2.2.0.33, include: /usr/include/openni2, lib: /usr/lib/x86_64-linux-gnu/libOpenNI2.so;libusb::libusb)
[0.788s] -- Found Qhull version 8.0.2
[0.888s] -- OpenNI found (version: 1.5.4.0, include: /usr/include/ni, lib: /usr/lib/libOpenNI.so;libusb::libusb)
[0.992s] -- looking for PCL_<COMPONENTS>
[0.992s] -- Could NOT find PCL_<COMPONENTS> (missing: PCL_<COMPONENTS>_LIBRARY PCL_<COMPONENTS>_INCLUDE_DIR) 
[1.042s] -- Configuring done
[1.064s] -- Generating done
[1.065s] -- Build files have been written to: /home/zalv/hokuyo3_ws/build/icp_node
[1.094s] [35m[1mConsolidate compiler generated dependencies of target map_builder_node[0m
[1.098s] [35m[1mConsolidate compiler generated dependencies of target icp_node[0m
[1.104s] [ 25%] [32mBuilding CXX object CMakeFiles/map_builder_node.dir/src/map_builder.cpp.o[0m
[1.122s] [ 75%] Built target icp_node
[1.168s] In file included from [01m[K/opt/ros/humble/include/rclcpp/rclcpp/subscription_options.hpp:30[m[K,
[1.168s]                  from [01m[K/opt/ros/humble/include/rclcpp/rclcpp/subscription.hpp:45[m[K,
[1.168s]                  from [01m[K/opt/ros/humble/include/rclcpp/rclcpp/any_executable.hpp:25[m[K,
[1.168s]                  from [01m[K/opt/ros/humble/include/rclcpp/rclcpp/memory_strategy.hpp:25[m[K,
[1.168s]                  from [01m[K/opt/ros/humble/include/rclcpp/rclcpp/memory_strategies.hpp:18[m[K,
[1.168s]                  from [01m[K/opt/ros/humble/include/rclcpp/rclcpp/executor_options.hpp:20[m[K,
[1.168s]                  from [01m[K/opt/ros/humble/include/rclcpp/rclcpp/executor.hpp:37[m[K,
[1.169s]                  from [01m[K/opt/ros/humble/include/rclcpp/rclcpp/executors/multi_threaded_executor.hpp:25[m[K,
[1.169s]                  from [01m[K/opt/ros/humble/include/rclcpp/rclcpp/executors.hpp:21[m[K,
[1.169s]                  from [01m[K/opt/ros/humble/include/rclcpp/rclcpp/rclcpp.hpp:155[m[K,
[1.169s]                  from [01m[K/home/zalv/hokuyo3_ws/src/icp_node/src/map_builder.cpp:1[m[K:
[1.169s] [01m[K/opt/ros/humble/include/rclcpp/rclcpp/qos_overriding_options.hpp:28:10:[m[K [01;31m[Kfatal error: [m[Krcl_interfaces/msg/set_parameters_result.hpp: No such file or directory
[1.169s]    28 | #include [01;31m[K"rcl_interfaces/msg/set_parameters_result.hpp"[m[K
[1.169s]       |          [01;31m[K^~~~~~~~~~~~~~~~~~~~~~~~~~~~~~~~~~~~~~~~~~~~~~[m[K
[1.169s] compilation terminated.
[1.169s] gmake[2]: *** [CMakeFiles/map_builder_node.dir/build.make:76: CMakeFiles/map_builder_node.dir/src/map_builder.cpp.o] Error 1
[1.170s] gmake[1]: *** [CMakeFiles/Makefile2:165: CMakeFiles/map_builder_node.dir/all] Error 2
[1.170s] gmake: *** [Makefile:146: all] Error 2
[1.173s] Invoked command in '/home/zalv/hokuyo3_ws/build/icp_node' returned '2': CMAKE_PREFIX_PATH=${CMAKE_PREFIX_PATH}:/opt/ros/humble /usr/bin/cmake --build /home/zalv/hokuyo3_ws/build/icp_node -- -j22 -l22
