[0.017s] Invoking command in '/home/zalv/hokuyo3_ws/build/lslidar_msgs': CMAKE_PREFIX_PATH=${CMAKE_PREFIX_PATH}:/opt/ros/humble /usr/bin/cmake --build /home/zalv/hokuyo3_ws/build/lslidar_msgs -- -j22 -l22
[0.075s] [  1%] Built target lslidar_msgs__cpp
[0.077s] [ 12%] Built target lslidar_msgs__rosidl_generator_c
[0.083s] [ 12%] Built target ament_cmake_python_symlink_lslidar_msgs
[0.104s] [ 23%] Built target lslidar_msgs__rosidl_typesupport_fastrtps_c
[0.105s] [ 34%] Built target lslidar_msgs__rosidl_typesupport_introspection_c
[0.106s] [ 46%] Built target lslidar_msgs__rosidl_typesupport_cpp
[0.106s] [ 57%] Built target lslidar_msgs__rosidl_typesupport_introspection_cpp
[0.106s] [ 68%] Built target lslidar_msgs__rosidl_typesupport_c
[0.107s] [ 79%] Built target lslidar_msgs__rosidl_typesupport_fastrtps_cpp
[0.129s] [ 79%] Built target lslidar_msgs
[0.152s] [ 80%] Built target lslidar_msgs__py
[0.181s] [ 90%] Built target lslidar_msgs__rosidl_generator_py
[0.205s] [ 96%] Built target lslidar_msgs__rosidl_typesupport_fastrtps_c__pyext
[0.205s] [ 96%] Built target lslidar_msgs__rosidl_typesupport_c__pyext
[0.206s] [100%] Built target lslidar_msgs__rosidl_typesupport_introspection_c__pyext
[0.293s] running egg_info
[0.293s] writing lslidar_msgs.egg-info/PKG-INFO
[0.293s] writing dependency_links to lslidar_msgs.egg-info/dependency_links.txt
[0.293s] writing top-level names to lslidar_msgs.egg-info/top_level.txt
[0.295s] reading manifest file 'lslidar_msgs.egg-info/SOURCES.txt'
[0.296s] writing manifest file 'lslidar_msgs.egg-info/SOURCES.txt'
[0.316s] [100%] Built target ament_cmake_python_build_lslidar_msgs_egg
