-- The C compiler identification is GNU 11.4.0
-- The CXX compiler identification is GNU 11.4.0
-- Detecting C compiler ABI info
-- Detecting C compiler ABI info - done
-- Check for working C compiler: /usr/bin/cc - skipped
-- Detecting C compile features
-- Detecting C compile features - done
-- Detecting CXX compiler ABI info
-- Detecting CXX compiler ABI info - done
-- Check for working CXX compiler: /usr/bin/c++ - skipped
-- Detecting CXX compile features
-- Detecting CXX compile features - done
-- Found ament_cmake: 1.3.10 (/opt/ros/humble/share/ament_cmake/cmake)
-- Found Python3: /usr/bin/python3 (found version "3.10.12") found components: Interpreter 
-- Override CMake install command with custom implementation using symlinks instead of copying resources
-- Found std_msgs: 4.2.4 (/opt/ros/humble/share/std_msgs/cmake)
-- Found rosidl_generator_c: 3.1.5 (/opt/ros/humble/share/rosidl_generator_c/cmake)
-- Found rosidl_adapter: 3.1.5 (/opt/ros/humble/share/rosidl_adapter/cmake)
-- Found rosidl_generator_cpp: 3.1.5 (/opt/ros/humble/share/rosidl_generator_cpp/cmake)
-- Using all available rosidl_typesupport_c: rosidl_typesupport_fastrtps_c;rosidl_typesupport_introspection_c
-- Using all available rosidl_typesupport_cpp: rosidl_typesupport_fastrtps_cpp;rosidl_typesupport_introspection_cpp
-- Found rosidl_default_generators: 1.2.0 (/opt/ros/humble/share/rosidl_default_generators/cmake)
-- Found ament_cmake_ros: 0.10.0 (/opt/ros/humble/share/ament_cmake_ros/cmake)
-- Using all available rosidl_typesupport_c: rosidl_typesupport_fastrtps_c;rosidl_typesupport_introspection_c
-- Using all available rosidl_typesupport_cpp: rosidl_typesupport_fastrtps_cpp;rosidl_typesupport_introspection_cpp
-- Found PythonInterp: /usr/bin/python3 (found suitable version "3.10.12", minimum required is "3.6") 
-- Found python_cmake_module: 0.10.0 (/opt/ros/humble/share/python_cmake_module/cmake)
-- Found PythonLibs: /usr/lib/x86_64-linux-gnu/libpython3.10.so (found suitable version "3.10.12", minimum required is "3.5") 
-- Using PYTHON_EXECUTABLE: /usr/bin/python3
-- Using PYTHON_INCLUDE_DIRS: /usr/include/python3.10
-- Using PYTHON_LIBRARIES: /usr/lib/x86_64-linux-gnu/libpython3.10.so
-- Found PythonExtra: .so  
-- Found ament_lint_auto: 0.12.11 (/opt/ros/humble/share/ament_lint_auto/cmake)
-- Added test 'lint_cmake' to check CMake code style
-- Added test 'xmllint' to check XML markup files
-- Configuring done
-- Generating done
-- Build files have been written to: /home/zalv/hokuyo3_ws/build/ros2_serial_interfaces
[  3%] [34m[1mGenerating C code for ROS interfaces[0m
[  6%] [34m[1mGenerating C++ code for ROS interfaces[0m
[  6%] Built target ament_cmake_python_symlink_ros2_serial_interfaces
[  9%] [32mBuilding C object CMakeFiles/ros2_serial_interfaces__rosidl_generator_c.dir/rosidl_generator_c/ros2_serial_interfaces/msg/detail/serial_string__functions.c.o[0m
[  9%] Built target ros2_serial_interfaces__cpp
running egg_info
creating ros2_serial_interfaces.egg-info
writing ros2_serial_interfaces.egg-info/PKG-INFO
writing dependency_links to ros2_serial_interfaces.egg-info/dependency_links.txt
writing top-level names to ros2_serial_interfaces.egg-info/top_level.txt
writing manifest file 'ros2_serial_interfaces.egg-info/SOURCES.txt'
reading manifest file 'ros2_serial_interfaces.egg-info/SOURCES.txt'
writing manifest file 'ros2_serial_interfaces.egg-info/SOURCES.txt'
[ 16%] [34m[1mGenerating C++ type support for eProsima Fast-RTPS[0m
[ 16%] [34m[1mGenerating C++ type support dispatch for ROS interfaces[0m
[ 19%] [34m[1mGenerating C++ introspection for ROS interfaces[0m
[ 22%] [32m[1mLinking C shared library libros2_serial_interfaces__rosidl_generator_c.so[0m
[ 22%] Built target ament_cmake_python_build_ros2_serial_interfaces_egg
[ 22%] Built target ros2_serial_interfaces__rosidl_generator_c
[ 25%] [34m[1mGenerating C type support for eProsima Fast-RTPS[0m
[ 32%] [34m[1mGenerating C introspection for ROS interfaces[0m
[ 32%] [34m[1mGenerating C type support dispatch for ROS interfaces[0m
[ 35%] [32mBuilding CXX object CMakeFiles/ros2_serial_interfaces__rosidl_typesupport_introspection_cpp.dir/rosidl_typesupport_introspection_cpp/ros2_serial_interfaces/msg/detail/serial_string__type_support.cpp.o[0m
[ 38%] [32mBuilding CXX object CMakeFiles/ros2_serial_interfaces__rosidl_typesupport_cpp.dir/rosidl_typesupport_cpp/ros2_serial_interfaces/msg/serial_string__type_support.cpp.o[0m
[ 41%] [32mBuilding CXX object CMakeFiles/ros2_serial_interfaces__rosidl_typesupport_fastrtps_cpp.dir/rosidl_typesupport_fastrtps_cpp/ros2_serial_interfaces/msg/detail/dds_fastrtps/serial_string__type_support.cpp.o[0m
[ 45%] [32mBuilding C object CMakeFiles/ros2_serial_interfaces__rosidl_typesupport_introspection_c.dir/rosidl_typesupport_introspection_c/ros2_serial_interfaces/msg/detail/serial_string__type_support.c.o[0m
[ 48%] [32mBuilding CXX object CMakeFiles/ros2_serial_interfaces__rosidl_typesupport_c.dir/rosidl_typesupport_c/ros2_serial_interfaces/msg/serial_string__type_support.cpp.o[0m
[ 51%] [32m[1mLinking C shared library libros2_serial_interfaces__rosidl_typesupport_introspection_c.so[0m
[ 54%] [32m[1mLinking CXX shared library libros2_serial_interfaces__rosidl_typesupport_c.so[0m
[ 58%] [32mBuilding CXX object CMakeFiles/ros2_serial_interfaces__rosidl_typesupport_fastrtps_c.dir/rosidl_typesupport_fastrtps_c/ros2_serial_interfaces/msg/detail/serial_string__type_support_c.cpp.o[0m
[ 58%] Built target ros2_serial_interfaces__rosidl_typesupport_introspection_c
[ 61%] [32m[1mLinking CXX shared library libros2_serial_interfaces__rosidl_typesupport_cpp.so[0m
[ 61%] Built target ros2_serial_interfaces__rosidl_typesupport_c
[ 61%] Built target ros2_serial_interfaces__rosidl_typesupport_cpp
[ 64%] [32m[1mLinking CXX shared library libros2_serial_interfaces__rosidl_typesupport_introspection_cpp.so[0m
[ 64%] Built target ros2_serial_interfaces__rosidl_typesupport_introspection_cpp
[ 67%] [32m[1mLinking CXX shared library libros2_serial_interfaces__rosidl_typesupport_fastrtps_c.so[0m
[ 70%] [32m[1mLinking CXX shared library libros2_serial_interfaces__rosidl_typesupport_fastrtps_cpp.so[0m
[ 70%] Built target ros2_serial_interfaces__rosidl_typesupport_fastrtps_c
[ 70%] Built target ros2_serial_interfaces__rosidl_typesupport_fastrtps_cpp
[ 70%] Built target ros2_serial_interfaces
[ 74%] [34m[1mGenerating Python code for ROS interfaces[0m
[ 74%] Built target ros2_serial_interfaces__py
[ 77%] [32mBuilding C object CMakeFiles/ros2_serial_interfaces__rosidl_generator_py.dir/rosidl_generator_py/ros2_serial_interfaces/msg/_serial_string_s.c.o[0m
[ 80%] [32m[1mLinking C shared library rosidl_generator_py/ros2_serial_interfaces/libros2_serial_interfaces__rosidl_generator_py.so[0m
[ 80%] Built target ros2_serial_interfaces__rosidl_generator_py
[ 87%] [32mBuilding C object CMakeFiles/ros2_serial_interfaces__rosidl_typesupport_c__pyext.dir/rosidl_generator_py/ros2_serial_interfaces/_ros2_serial_interfaces_s.ep.rosidl_typesupport_c.c.o[0m
[ 87%] [32mBuilding C object CMakeFiles/ros2_serial_interfaces__rosidl_typesupport_introspection_c__pyext.dir/rosidl_generator_py/ros2_serial_interfaces/_ros2_serial_interfaces_s.ep.rosidl_typesupport_introspection_c.c.o[0m
[ 90%] [32mBuilding C object CMakeFiles/ros2_serial_interfaces__rosidl_typesupport_fastrtps_c__pyext.dir/rosidl_generator_py/ros2_serial_interfaces/_ros2_serial_interfaces_s.ep.rosidl_typesupport_fastrtps_c.c.o[0m
[ 93%] [32m[1mLinking C shared library rosidl_generator_py/ros2_serial_interfaces/ros2_serial_interfaces_s__rosidl_typesupport_fastrtps_c.cpython-310-x86_64-linux-gnu.so[0m
[ 96%] [32m[1mLinking C shared library rosidl_generator_py/ros2_serial_interfaces/ros2_serial_interfaces_s__rosidl_typesupport_c.cpython-310-x86_64-linux-gnu.so[0m
[100%] [32m[1mLinking C shared library rosidl_generator_py/ros2_serial_interfaces/ros2_serial_interfaces_s__rosidl_typesupport_introspection_c.cpython-310-x86_64-linux-gnu.so[0m
[100%] Built target ros2_serial_interfaces__rosidl_typesupport_fastrtps_c__pyext
[100%] Built target ros2_serial_interfaces__rosidl_typesupport_introspection_c__pyext
[100%] Built target ros2_serial_interfaces__rosidl_typesupport_c__pyext
