[0.038s] Invoking command in '/home/zalv/hokuyo3_ws/build/ros2_serial_interfaces': CMAKE_PREFIX_PATH=${CMAKE_PREFIX_PATH}:/opt/ros/humble /usr/bin/cmake /home/zalv/hokuyo3_ws/src/ros2_serial/ros2_serial_interfaces -DAMENT_CMAKE_SYMLINK_INSTALL=1 -DCMAKE_INSTALL_PREFIX=/home/zalv/hokuyo3_ws/install/ros2_serial_interfaces
[0.097s] -- The C compiler identification is GNU 11.4.0
[0.170s] -- The CXX compiler identification is GNU 11.4.0
[0.179s] -- Detecting C compiler ABI info
[0.252s] -- Detecting C compiler ABI info - done
[0.258s] -- Check for working C compiler: /usr/bin/cc - skipped
[0.259s] -- Detecting C compile features
[0.259s] -- Detecting C compile features - done
[0.263s] -- Detecting CXX compiler ABI info
[0.343s] -- Detecting CXX compiler ABI info - done
[0.352s] -- Check for working CXX compiler: /usr/bin/c++ - skipped
[0.352s] -- Detecting CXX compile features
[0.352s] -- Detecting CXX compile features - done
[0.355s] -- Found ament_cmake: 1.3.10 (/opt/ros/humble/share/ament_cmake/cmake)
[0.527s] -- Found Python3: /usr/bin/python3 (found version "3.10.12") found components: Interpreter 
[0.595s] -- Override CMake install command with custom implementation using symlinks instead of copying resources
[0.624s] -- Found std_msgs: 4.2.4 (/opt/ros/humble/share/std_msgs/cmake)
[0.659s] -- Found rosidl_generator_c: 3.1.5 (/opt/ros/humble/share/rosidl_generator_c/cmake)
[0.665s] -- Found rosidl_adapter: 3.1.5 (/opt/ros/humble/share/rosidl_adapter/cmake)
[0.674s] -- Found rosidl_generator_cpp: 3.1.5 (/opt/ros/humble/share/rosidl_generator_cpp/cmake)
[0.686s] -- Using all available rosidl_typesupport_c: rosidl_typesupport_fastrtps_c;rosidl_typesupport_introspection_c
[0.703s] -- Using all available rosidl_typesupport_cpp: rosidl_typesupport_fastrtps_cpp;rosidl_typesupport_introspection_cpp
[0.730s] -- Found rosidl_default_generators: 1.2.0 (/opt/ros/humble/share/rosidl_default_generators/cmake)
[1.003s] -- Found ament_cmake_ros: 0.10.0 (/opt/ros/humble/share/ament_cmake_ros/cmake)
[1.344s] -- Using all available rosidl_typesupport_c: rosidl_typesupport_fastrtps_c;rosidl_typesupport_introspection_c
[1.473s] -- Using all available rosidl_typesupport_cpp: rosidl_typesupport_fastrtps_cpp;rosidl_typesupport_introspection_cpp
[1.493s] -- Found PythonInterp: /usr/bin/python3 (found suitable version "3.10.12", minimum required is "3.6") 
[1.495s] -- Found python_cmake_module: 0.10.0 (/opt/ros/humble/share/python_cmake_module/cmake)
[1.522s] -- Found PythonLibs: /usr/lib/x86_64-linux-gnu/libpython3.10.so (found suitable version "3.10.12", minimum required is "3.5") 
[1.522s] -- Using PYTHON_EXECUTABLE: /usr/bin/python3
[1.522s] -- Using PYTHON_INCLUDE_DIRS: /usr/include/python3.10
[1.522s] -- Using PYTHON_LIBRARIES: /usr/lib/x86_64-linux-gnu/libpython3.10.so
[1.550s] -- Found PythonExtra: .so  
[1.598s] -- Found ament_lint_auto: 0.12.11 (/opt/ros/humble/share/ament_lint_auto/cmake)
[1.623s] -- Added test 'lint_cmake' to check CMake code style
[1.623s] -- Added test 'xmllint' to check XML markup files
[1.626s] -- Configuring done
[1.654s] -- Generating done
[1.657s] -- Build files have been written to: /home/zalv/hokuyo3_ws/build/ros2_serial_interfaces
[1.668s] Invoked command in '/home/zalv/hokuyo3_ws/build/ros2_serial_interfaces' returned '0': CMAKE_PREFIX_PATH=${CMAKE_PREFIX_PATH}:/opt/ros/humble /usr/bin/cmake /home/zalv/hokuyo3_ws/src/ros2_serial/ros2_serial_interfaces -DAMENT_CMAKE_SYMLINK_INSTALL=1 -DCMAKE_INSTALL_PREFIX=/home/zalv/hokuyo3_ws/install/ros2_serial_interfaces
[1.669s] Invoking command in '/home/zalv/hokuyo3_ws/build/ros2_serial_interfaces': CMAKE_PREFIX_PATH=${CMAKE_PREFIX_PATH}:/opt/ros/humble /usr/bin/cmake --build /home/zalv/hokuyo3_ws/build/ros2_serial_interfaces -- -j22 -l22
[1.716s] [  3%] [34m[1mGenerating C code for ROS interfaces[0m
[1.732s] [  6%] [34m[1mGenerating C++ code for ROS interfaces[0m
[1.736s] [  6%] Built target ament_cmake_python_symlink_ros2_serial_interfaces
[1.946s] [  9%] [32mBuilding C object CMakeFiles/ros2_serial_interfaces__rosidl_generator_c.dir/rosidl_generator_c/ros2_serial_interfaces/msg/detail/serial_string__functions.c.o[0m
[1.964s] [  9%] Built target ros2_serial_interfaces__cpp
[1.967s] running egg_info
[1.968s] creating ros2_serial_interfaces.egg-info
[1.968s] writing ros2_serial_interfaces.egg-info/PKG-INFO
[1.968s] writing dependency_links to ros2_serial_interfaces.egg-info/dependency_links.txt
[1.969s] writing top-level names to ros2_serial_interfaces.egg-info/top_level.txt
[1.971s] writing manifest file 'ros2_serial_interfaces.egg-info/SOURCES.txt'
[1.973s] reading manifest file 'ros2_serial_interfaces.egg-info/SOURCES.txt'
[1.974s] writing manifest file 'ros2_serial_interfaces.egg-info/SOURCES.txt'
[1.975s] [ 16%] [34m[1mGenerating C++ type support for eProsima Fast-RTPS[0m
[1.975s] [ 16%] [34m[1mGenerating C++ type support dispatch for ROS interfaces[0m
[1.977s] [ 19%] [34m[1mGenerating C++ introspection for ROS interfaces[0m
[2.013s] [ 22%] [32m[1mLinking C shared library libros2_serial_interfaces__rosidl_generator_c.so[0m
[2.016s] [ 22%] Built target ament_cmake_python_build_ros2_serial_interfaces_egg
[2.058s] [ 22%] Built target ros2_serial_interfaces__rosidl_generator_c
[2.072s] [ 25%] [34m[1mGenerating C type support for eProsima Fast-RTPS[0m
[2.072s] [ 32%] [34m[1mGenerating C introspection for ROS interfaces[0m
[2.072s] [ 32%] [34m[1mGenerating C type support dispatch for ROS interfaces[0m
[2.191s] [ 35%] [32mBuilding CXX object CMakeFiles/ros2_serial_interfaces__rosidl_typesupport_introspection_cpp.dir/rosidl_typesupport_introspection_cpp/ros2_serial_interfaces/msg/detail/serial_string__type_support.cpp.o[0m
[2.206s] [ 38%] [32mBuilding CXX object CMakeFiles/ros2_serial_interfaces__rosidl_typesupport_cpp.dir/rosidl_typesupport_cpp/ros2_serial_interfaces/msg/serial_string__type_support.cpp.o[0m
[2.236s] [ 41%] [32mBuilding CXX object CMakeFiles/ros2_serial_interfaces__rosidl_typesupport_fastrtps_cpp.dir/rosidl_typesupport_fastrtps_cpp/ros2_serial_interfaces/msg/detail/dds_fastrtps/serial_string__type_support.cpp.o[0m
[2.316s] [ 45%] [32mBuilding C object CMakeFiles/ros2_serial_interfaces__rosidl_typesupport_introspection_c.dir/rosidl_typesupport_introspection_c/ros2_serial_interfaces/msg/detail/serial_string__type_support.c.o[0m
[2.348s] [ 48%] [32mBuilding CXX object CMakeFiles/ros2_serial_interfaces__rosidl_typesupport_c.dir/rosidl_typesupport_c/ros2_serial_interfaces/msg/serial_string__type_support.cpp.o[0m
[2.362s] [ 51%] [32m[1mLinking C shared library libros2_serial_interfaces__rosidl_typesupport_introspection_c.so[0m
[2.380s] [ 54%] [32m[1mLinking CXX shared library libros2_serial_interfaces__rosidl_typesupport_c.so[0m
[2.395s] [ 58%] [32mBuilding CXX object CMakeFiles/ros2_serial_interfaces__rosidl_typesupport_fastrtps_c.dir/rosidl_typesupport_fastrtps_c/ros2_serial_interfaces/msg/detail/serial_string__type_support_c.cpp.o[0m
[2.400s] [ 58%] Built target ros2_serial_interfaces__rosidl_typesupport_introspection_c
[2.411s] [ 61%] [32m[1mLinking CXX shared library libros2_serial_interfaces__rosidl_typesupport_cpp.so[0m
[2.427s] [ 61%] Built target ros2_serial_interfaces__rosidl_typesupport_c
[2.458s] [ 61%] Built target ros2_serial_interfaces__rosidl_typesupport_cpp
[2.530s] [ 64%] [32m[1mLinking CXX shared library libros2_serial_interfaces__rosidl_typesupport_introspection_cpp.so[0m
[2.606s] [ 64%] Built target ros2_serial_interfaces__rosidl_typesupport_introspection_cpp
[2.653s] [ 67%] [32m[1mLinking CXX shared library libros2_serial_interfaces__rosidl_typesupport_fastrtps_c.so[0m
[2.676s] [ 70%] [32m[1mLinking CXX shared library libros2_serial_interfaces__rosidl_typesupport_fastrtps_cpp.so[0m
[2.721s] [ 70%] Built target ros2_serial_interfaces__rosidl_typesupport_fastrtps_c
[2.749s] [ 70%] Built target ros2_serial_interfaces__rosidl_typesupport_fastrtps_cpp
[2.773s] [ 70%] Built target ros2_serial_interfaces
[2.794s] [ 74%] [34m[1mGenerating Python code for ROS interfaces[0m
[3.024s] [ 74%] Built target ros2_serial_interfaces__py
[3.047s] [ 77%] [32mBuilding C object CMakeFiles/ros2_serial_interfaces__rosidl_generator_py.dir/rosidl_generator_py/ros2_serial_interfaces/msg/_serial_string_s.c.o[0m
[3.144s] [ 80%] [32m[1mLinking C shared library rosidl_generator_py/ros2_serial_interfaces/libros2_serial_interfaces__rosidl_generator_py.so[0m
[3.183s] [ 80%] Built target ros2_serial_interfaces__rosidl_generator_py
[3.208s] [ 87%] [32mBuilding C object CMakeFiles/ros2_serial_interfaces__rosidl_typesupport_c__pyext.dir/rosidl_generator_py/ros2_serial_interfaces/_ros2_serial_interfaces_s.ep.rosidl_typesupport_c.c.o[0m
[3.209s] [ 87%] [32mBuilding C object CMakeFiles/ros2_serial_interfaces__rosidl_typesupport_introspection_c__pyext.dir/rosidl_generator_py/ros2_serial_interfaces/_ros2_serial_interfaces_s.ep.rosidl_typesupport_introspection_c.c.o[0m
[3.209s] [ 90%] [32mBuilding C object CMakeFiles/ros2_serial_interfaces__rosidl_typesupport_fastrtps_c__pyext.dir/rosidl_generator_py/ros2_serial_interfaces/_ros2_serial_interfaces_s.ep.rosidl_typesupport_fastrtps_c.c.o[0m
[3.309s] [ 93%] [32m[1mLinking C shared library rosidl_generator_py/ros2_serial_interfaces/ros2_serial_interfaces_s__rosidl_typesupport_fastrtps_c.cpython-310-x86_64-linux-gnu.so[0m
[3.315s] [ 96%] [32m[1mLinking C shared library rosidl_generator_py/ros2_serial_interfaces/ros2_serial_interfaces_s__rosidl_typesupport_c.cpython-310-x86_64-linux-gnu.so[0m
[3.318s] [100%] [32m[1mLinking C shared library rosidl_generator_py/ros2_serial_interfaces/ros2_serial_interfaces_s__rosidl_typesupport_introspection_c.cpython-310-x86_64-linux-gnu.so[0m
[3.348s] [100%] Built target ros2_serial_interfaces__rosidl_typesupport_fastrtps_c__pyext
[3.354s] [100%] Built target ros2_serial_interfaces__rosidl_typesupport_introspection_c__pyext
[3.364s] [100%] Built target ros2_serial_interfaces__rosidl_typesupport_c__pyext
