[0.026s] Invoking command in '/home/zalv/hokuyo3_ws/build/icp_node': CMAKE_PREFIX_PATH=${CMAKE_PREFIX_PATH}:/opt/ros/humble /usr/bin/cmake --build /home/zalv/hokuyo3_ws/build/icp_node -- -j22 -l22
[0.098s] [100%] Built target icp_node
[0.107s] Invoked command in '/home/zalv/hokuyo3_ws/build/icp_node' returned '0': CMAKE_PREFIX_PATH=${CMAKE_PREFIX_PATH}:/opt/ros/humble /usr/bin/cmake --build /home/zalv/hokuyo3_ws/build/icp_node -- -j22 -l22
[0.146s] Invoking command in '/home/zalv/hokuyo3_ws/build/icp_node': CMAKE_PREFIX_PATH=${CMAKE_PREFIX_PATH}:/opt/ros/humble /usr/bin/cmake --install /home/zalv/hokuyo3_ws/build/icp_node
[0.154s] -- Install configuration: ""
[0.154s] -- Execute custom install script
[0.154s] -- Up-to-date symlink: /home/zalv/hokuyo3_ws/install/icp_node/lib/icp_node/icp_node
[0.154s] -- Up-to-date symlink: /home/zalv/hokuyo3_ws/install/icp_node/share/ament_index/resource_index/package_run_dependencies/icp_node
[0.155s] -- Up-to-date symlink: /home/zalv/hokuyo3_ws/install/icp_node/share/ament_index/resource_index/parent_prefix_path/icp_node
[0.155s] -- Up-to-date symlink: /home/zalv/hokuyo3_ws/install/icp_node/share/icp_node/environment/ament_prefix_path.sh
[0.155s] -- Up-to-date symlink: /home/zalv/hokuyo3_ws/install/icp_node/share/icp_node/environment/ament_prefix_path.dsv
[0.155s] -- Up-to-date symlink: /home/zalv/hokuyo3_ws/install/icp_node/share/icp_node/environment/path.sh
[0.155s] -- Up-to-date symlink: /home/zalv/hokuyo3_ws/install/icp_node/share/icp_node/environment/path.dsv
[0.155s] -- Up-to-date symlink: /home/zalv/hokuyo3_ws/install/icp_node/share/icp_node/local_setup.bash
[0.155s] -- Up-to-date symlink: /home/zalv/hokuyo3_ws/install/icp_node/share/icp_node/local_setup.sh
[0.155s] -- Up-to-date symlink: /home/zalv/hokuyo3_ws/install/icp_node/share/icp_node/local_setup.zsh
[0.155s] -- Up-to-date symlink: /home/zalv/hokuyo3_ws/install/icp_node/share/icp_node/local_setup.dsv
[0.156s] -- Symlinking: /home/zalv/hokuyo3_ws/install/icp_node/share/icp_node/package.dsv
[0.164s] -- Up-to-date symlink: /home/zalv/hokuyo3_ws/install/icp_node/share/ament_index/resource_index/packages/icp_node
[0.165s] -- Up-to-date symlink: /home/zalv/hokuyo3_ws/install/icp_node/share/icp_node/cmake/ament_cmake_export_include_directories-extras.cmake
[0.165s] -- Up-to-date symlink: /home/zalv/hokuyo3_ws/install/icp_node/share/icp_node/cmake/icp_nodeConfig.cmake
[0.165s] -- Up-to-date symlink: /home/zalv/hokuyo3_ws/install/icp_node/share/icp_node/cmake/icp_nodeConfig-version.cmake
[0.165s] -- Up-to-date symlink: /home/zalv/hokuyo3_ws/install/icp_node/share/icp_node/package.xml
[0.168s] Invoked command in '/home/zalv/hokuyo3_ws/build/icp_node' returned '0': CMAKE_PREFIX_PATH=${CMAKE_PREFIX_PATH}:/opt/ros/humble /usr/bin/cmake --install /home/zalv/hokuyo3_ws/build/icp_node
