[0.011s] Invoking command in '/home/zalv/hokuyo3_ws/build/laser_to_pc': /usr/bin/cmake /home/zalv/hokuyo3_ws/src/laser_to_pc -DCMAKE_INSTALL_PREFIX=/home/zalv/hokuyo3_ws/install/laser_to_pc
[0.032s] -- Found ament_cmake: 1.3.10 (/opt/ros/humble/share/ament_cmake/cmake)
[0.117s] Traceback (most recent call last):
[0.117s]   File "/opt/ros/humble/share/ament_cmake_core/cmake/package_templates/templates_2_cmake.py", line 21, in <module>
[0.117s]     from ament_package.templates import get_environment_hook_template_path
[0.117s] ModuleNotFoundError: No module named 'ament_package'
[0.124s] [31mCMake Error at /opt/ros/humble/share/ament_cmake_core/cmake/ament_cmake_package_templates-extras.cmake:41 (message):
[0.124s]   execute_process(/usr/bin/python3
[0.124s]   /opt/ros/humble/share/ament_cmake_core/cmake/package_templates/templates_2_cmake.py
[0.124s]   /home/zalv/hokuyo3_ws/build/laser_to_pc/ament_cmake_package_templates/templates.cmake)
[0.124s]   returned error code 1
[0.124s] Call Stack (most recent call first):
[0.124s]   /opt/ros/humble/share/ament_cmake_core/cmake/ament_cmake_coreConfig.cmake:41 (include)
[0.124s]   /opt/ros/humble/share/ament_cmake/cmake/ament_cmake_export_dependencies-extras.cmake:15 (find_package)
[0.124s]   /opt/ros/humble/share/ament_cmake/cmake/ament_cmakeConfig.cmake:41 (include)
[0.124s]   CMakeLists.txt:14 (find_package)
[0.124s] 
[0.124s] [0m
[0.124s] -- Configuring incomplete, errors occurred!
[0.124s] See also "/home/zalv/hokuyo3_ws/build/laser_to_pc/CMakeFiles/CMakeOutput.log".
[0.128s] Invoked command in '/home/zalv/hokuyo3_ws/build/laser_to_pc' returned '1': /usr/bin/cmake /home/zalv/hokuyo3_ws/src/laser_to_pc -DCMAKE_INSTALL_PREFIX=/home/zalv/hokuyo3_ws/install/laser_to_pc
