[0.036s] Invoking command in '/home/zalv/hokuyo3_ws/build/serial': CMAKE_PREFIX_PATH=${CMAKE_PREFIX_PATH}:/opt/ros/humble /usr/bin/cmake /home/zalv/hokuyo3_ws/src/serial-ros2 -DAMENT_CMAKE_SYMLINK_INSTALL=1 -DCMAKE_INSTALL_PREFIX=/home/zalv/hokuyo3_ws/install/serial
[0.045s] -- Found ament_cmake: 1.3.10 (/opt/ros/humble/share/ament_cmake/cmake)
[0.189s] -- Override CMake install command with custom implementation using symlinks instead of copying resources
[0.298s] -- Configuring done
[0.302s] -- Generating done
[0.303s] -- Build files have been written to: /home/zalv/hokuyo3_ws/build/serial
[0.305s] Invoked command in '/home/zalv/hokuyo3_ws/build/serial' returned '0': CMAKE_PREFIX_PATH=${CMAKE_PREFIX_PATH}:/opt/ros/humble /usr/bin/cmake /home/zalv/hokuyo3_ws/src/serial-ros2 -DAMENT_CMAKE_SYMLINK_INSTALL=1 -DCMAKE_INSTALL_PREFIX=/home/zalv/hokuyo3_ws/install/serial
[0.308s] Invoking command in '/home/zalv/hokuyo3_ws/build/serial': CMAKE_PREFIX_PATH=${CMAKE_PREFIX_PATH}:/opt/ros/humble /usr/bin/cmake --build /home/zalv/hokuyo3_ws/build/serial -- -j22 -l22
[0.346s] [35m[1mConsolidate compiler generated dependencies of target serial[0m
[0.361s] [100%] Built target serial
[0.374s] Invoked command in '/home/zalv/hokuyo3_ws/build/serial' returned '0': CMAKE_PREFIX_PATH=${CMAKE_PREFIX_PATH}:/opt/ros/humble /usr/bin/cmake --build /home/zalv/hokuyo3_ws/build/serial -- -j22 -l22
[0.409s] Invoking command in '/home/zalv/hokuyo3_ws/build/serial': CMAKE_PREFIX_PATH=${CMAKE_PREFIX_PATH}:/opt/ros/humble /usr/bin/cmake --install /home/zalv/hokuyo3_ws/build/serial
[0.420s] -- Install configuration: ""
[0.421s] -- Execute custom install script
[0.421s] -- Symlinking: /home/zalv/hokuyo3_ws/install/serial/share/serial/environment/library_path.sh
[0.429s] -- Symlinking: /home/zalv/hokuyo3_ws/install/serial/share/serial/environment/library_path.dsv
[0.438s] -- Symlinking: /home/zalv/hokuyo3_ws/install/serial/lib/libserial.a
[0.446s] -- Symlinking: /home/zalv/hokuyo3_ws/install/serial/include/serial/serial.h
[0.456s] -- Symlinking: /home/zalv/hokuyo3_ws/install/serial/include/serial/v8stdint.h
[0.465s] -- Symlinking: /home/zalv/hokuyo3_ws/install/serial/share/ament_index/resource_index/package_run_dependencies/serial
[0.476s] -- Symlinking: /home/zalv/hokuyo3_ws/install/serial/share/ament_index/resource_index/parent_prefix_path/serial
[0.486s] -- Symlinking: /home/zalv/hokuyo3_ws/install/serial/share/serial/environment/ament_prefix_path.sh
[0.494s] -- Symlinking: /home/zalv/hokuyo3_ws/install/serial/share/serial/environment/ament_prefix_path.dsv
[0.504s] -- Symlinking: /home/zalv/hokuyo3_ws/install/serial/share/serial/environment/path.sh
[0.514s] -- Symlinking: /home/zalv/hokuyo3_ws/install/serial/share/serial/environment/path.dsv
[0.523s] -- Symlinking: /home/zalv/hokuyo3_ws/install/serial/share/serial/local_setup.bash
[0.531s] -- Symlinking: /home/zalv/hokuyo3_ws/install/serial/share/serial/local_setup.sh
[0.538s] -- Symlinking: /home/zalv/hokuyo3_ws/install/serial/share/serial/local_setup.zsh
[0.546s] -- Symlinking: /home/zalv/hokuyo3_ws/install/serial/share/serial/local_setup.dsv
[0.558s] -- Symlinking: /home/zalv/hokuyo3_ws/install/serial/share/serial/package.dsv
[0.567s] -- Symlinking: /home/zalv/hokuyo3_ws/install/serial/share/ament_index/resource_index/packages/serial
[0.580s] -- Symlinking: /home/zalv/hokuyo3_ws/install/serial/share/serial/cmake/ament_cmake_export_include_directories-extras.cmake
[0.594s] -- Symlinking: /home/zalv/hokuyo3_ws/install/serial/share/serial/cmake/ament_cmake_export_libraries-extras.cmake
[0.606s] -- Symlinking: /home/zalv/hokuyo3_ws/install/serial/share/serial/cmake/serialConfig.cmake
[0.614s] -- Symlinking: /home/zalv/hokuyo3_ws/install/serial/share/serial/cmake/serialConfig-version.cmake
[0.622s] -- Symlinking: /home/zalv/hokuyo3_ws/install/serial/share/serial/package.xml
[0.634s] Invoked command in '/home/zalv/hokuyo3_ws/build/serial' returned '0': CMAKE_PREFIX_PATH=${CMAKE_PREFIX_PATH}:/opt/ros/humble /usr/bin/cmake --install /home/zalv/hokuyo3_ws/build/serial
