[0.055s] DEBUG:colcon:Command line arguments: ['/usr/bin/colcon', 'build', '--symlink-install']
[0.055s] DEBUG:colcon:Parsed command line arguments: Namespace(log_base=None, log_level=None, verb_name='build', build_base='build', install_base='install', merge_install=False, symlink_install=True, test_result_base=None, continue_on_error=False, executor='parallel', parallel_workers=22, event_handlers=None, ignore_user_meta=False, metas=['./colcon.meta'], base_paths=['.'], packages_ignore=None, packages_ignore_regex=None, paths=None, packages_up_to=None, packages_up_to_regex=None, packages_above=None, packages_above_and_dependencies=None, packages_above_depth=None, packages_select_by_dep=None, packages_skip_by_dep=None, packages_skip_up_to=None, packages_select_build_failed=False, packages_skip_build_finished=False, packages_select_test_failures=False, packages_skip_test_passed=False, packages_select=None, packages_skip=None, packages_select_regex=None, packages_skip_regex=None, packages_start=None, packages_end=None, allow_overriding=[], cmake_args=None, cmake_target=None, cmake_target_skip_unavailable=False, cmake_clean_cache=False, cmake_clean_first=False, cmake_force_configure=False, ament_cmake_args=None, catkin_cmake_args=None, catkin_skip_building_tests=False, mixin_files=None, mixin=None, verb_parser=<colcon_mixin.mixin.mixin_argument.MixinArgumentDecorator object at 0x716a050424a0>, verb_extension=<colcon_core.verb.build.BuildVerb object at 0x716a0514aaa0>, main=<bound method BuildVerb.main of <colcon_core.verb.build.BuildVerb object at 0x716a0514aaa0>>, mixin_verb=('build',))
[0.143s] Level 1:colcon.colcon_core.package_discovery:discover_packages(colcon_meta) check parameters
[0.143s] Level 1:colcon.colcon_core.package_discovery:discover_packages(recursive) check parameters
[0.143s] Level 1:colcon.colcon_core.package_discovery:discover_packages(ignore) check parameters
[0.143s] Level 1:colcon.colcon_core.package_discovery:discover_packages(path) check parameters
[0.143s] Level 1:colcon.colcon_core.package_discovery:discover_packages(colcon_meta) discover
[0.143s] Level 1:colcon.colcon_core.package_discovery:discover_packages(recursive) discover
[0.143s] INFO:colcon.colcon_core.package_discovery:Crawling recursively for packages in '/home/zalv/hokuyo3_ws'
[0.143s] Level 1:colcon.colcon_core.package_identification:_identify(.) by extensions ['ignore', 'ignore_ament_install']
[0.143s] Level 1:colcon.colcon_core.package_identification:_identify(.) by extension 'ignore'
[0.143s] Level 1:colcon.colcon_core.package_identification:_identify(.) by extension 'ignore_ament_install'
[0.143s] Level 1:colcon.colcon_core.package_identification:_identify(.) by extensions ['colcon_pkg']
[0.143s] Level 1:colcon.colcon_core.package_identification:_identify(.) by extension 'colcon_pkg'
[0.143s] Level 1:colcon.colcon_core.package_identification:_identify(.) by extensions ['colcon_meta']
[0.143s] Level 1:colcon.colcon_core.package_identification:_identify(.) by extension 'colcon_meta'
[0.143s] Level 1:colcon.colcon_core.package_identification:_identify(.) by extensions ['ros']
[0.143s] Level 1:colcon.colcon_core.package_identification:_identify(.) by extension 'ros'
[0.150s] Level 1:colcon.colcon_core.package_identification:_identify(.) by extensions ['cmake', 'python']
[0.150s] Level 1:colcon.colcon_core.package_identification:_identify(.) by extension 'cmake'
[0.150s] Level 1:colcon.colcon_core.package_identification:_identify(.) by extension 'python'
[0.150s] Level 1:colcon.colcon_core.package_identification:_identify(.) by extensions ['python_setup_py']
[0.150s] Level 1:colcon.colcon_core.package_identification:_identify(.) by extension 'python_setup_py'
[0.150s] Level 1:colcon.colcon_core.package_identification:_identify(build) by extensions ['ignore', 'ignore_ament_install']
[0.150s] Level 1:colcon.colcon_core.package_identification:_identify(build) by extension 'ignore'
[0.150s] Level 1:colcon.colcon_core.package_identification:_identify(build) ignored
[0.150s] Level 1:colcon.colcon_core.package_identification:_identify(install) by extensions ['ignore', 'ignore_ament_install']
[0.150s] Level 1:colcon.colcon_core.package_identification:_identify(install) by extension 'ignore'
[0.150s] Level 1:colcon.colcon_core.package_identification:_identify(install) ignored
[0.150s] Level 1:colcon.colcon_core.package_identification:_identify(log) by extensions ['ignore', 'ignore_ament_install']
[0.150s] Level 1:colcon.colcon_core.package_identification:_identify(log) by extension 'ignore'
[0.150s] Level 1:colcon.colcon_core.package_identification:_identify(log) ignored
[0.150s] Level 1:colcon.colcon_core.package_identification:_identify(src) by extensions ['ignore', 'ignore_ament_install']
[0.150s] Level 1:colcon.colcon_core.package_identification:_identify(src) by extension 'ignore'
[0.150s] Level 1:colcon.colcon_core.package_identification:_identify(src) by extension 'ignore_ament_install'
[0.150s] Level 1:colcon.colcon_core.package_identification:_identify(src) by extensions ['colcon_pkg']
[0.150s] Level 1:colcon.colcon_core.package_identification:_identify(src) by extension 'colcon_pkg'
[0.150s] Level 1:colcon.colcon_core.package_identification:_identify(src) by extensions ['colcon_meta']
[0.150s] Level 1:colcon.colcon_core.package_identification:_identify(src) by extension 'colcon_meta'
[0.150s] Level 1:colcon.colcon_core.package_identification:_identify(src) by extensions ['ros']
[0.150s] Level 1:colcon.colcon_core.package_identification:_identify(src) by extension 'ros'
[0.150s] Level 1:colcon.colcon_core.package_identification:_identify(src) by extensions ['cmake', 'python']
[0.150s] Level 1:colcon.colcon_core.package_identification:_identify(src) by extension 'cmake'
[0.150s] Level 1:colcon.colcon_core.package_identification:_identify(src) by extension 'python'
[0.150s] Level 1:colcon.colcon_core.package_identification:_identify(src) by extensions ['python_setup_py']
[0.150s] Level 1:colcon.colcon_core.package_identification:_identify(src) by extension 'python_setup_py'
[0.150s] Level 1:colcon.colcon_core.package_identification:_identify(src/icp_node) by extensions ['ignore', 'ignore_ament_install']
[0.150s] Level 1:colcon.colcon_core.package_identification:_identify(src/icp_node) by extension 'ignore'
[0.150s] Level 1:colcon.colcon_core.package_identification:_identify(src/icp_node) by extension 'ignore_ament_install'
[0.151s] Level 1:colcon.colcon_core.package_identification:_identify(src/icp_node) by extensions ['colcon_pkg']
[0.151s] Level 1:colcon.colcon_core.package_identification:_identify(src/icp_node) by extension 'colcon_pkg'
[0.151s] Level 1:colcon.colcon_core.package_identification:_identify(src/icp_node) by extensions ['colcon_meta']
[0.151s] Level 1:colcon.colcon_core.package_identification:_identify(src/icp_node) by extension 'colcon_meta'
[0.151s] Level 1:colcon.colcon_core.package_identification:_identify(src/icp_node) by extensions ['ros']
[0.151s] Level 1:colcon.colcon_core.package_identification:_identify(src/icp_node) by extension 'ros'
[0.152s] DEBUG:colcon.colcon_core.package_identification:Package 'src/icp_node' with type 'ros.ament_cmake' and name 'icp_node'
[0.152s] Level 1:colcon.colcon_core.package_identification:_identify(src/laser_to_pc) by extensions ['ignore', 'ignore_ament_install']
[0.152s] Level 1:colcon.colcon_core.package_identification:_identify(src/laser_to_pc) by extension 'ignore'
[0.152s] Level 1:colcon.colcon_core.package_identification:_identify(src/laser_to_pc) by extension 'ignore_ament_install'
[0.152s] Level 1:colcon.colcon_core.package_identification:_identify(src/laser_to_pc) by extensions ['colcon_pkg']
[0.152s] Level 1:colcon.colcon_core.package_identification:_identify(src/laser_to_pc) by extension 'colcon_pkg'
[0.152s] Level 1:colcon.colcon_core.package_identification:_identify(src/laser_to_pc) by extensions ['colcon_meta']
[0.152s] Level 1:colcon.colcon_core.package_identification:_identify(src/laser_to_pc) by extension 'colcon_meta'
[0.152s] Level 1:colcon.colcon_core.package_identification:_identify(src/laser_to_pc) by extensions ['ros']
[0.152s] Level 1:colcon.colcon_core.package_identification:_identify(src/laser_to_pc) by extension 'ros'
[0.153s] DEBUG:colcon.colcon_core.package_identification:Package 'src/laser_to_pc' with type 'ros.ament_cmake' and name 'laser_to_pc'
[0.153s] Level 1:colcon.colcon_core.package_identification:_identify(src/urg_node2) by extensions ['ignore', 'ignore_ament_install']
[0.153s] Level 1:colcon.colcon_core.package_identification:_identify(src/urg_node2) by extension 'ignore'
[0.153s] Level 1:colcon.colcon_core.package_identification:_identify(src/urg_node2) by extension 'ignore_ament_install'
[0.153s] Level 1:colcon.colcon_core.package_identification:_identify(src/urg_node2) by extensions ['colcon_pkg']
[0.153s] Level 1:colcon.colcon_core.package_identification:_identify(src/urg_node2) by extension 'colcon_pkg'
[0.153s] Level 1:colcon.colcon_core.package_identification:_identify(src/urg_node2) by extensions ['colcon_meta']
[0.153s] Level 1:colcon.colcon_core.package_identification:_identify(src/urg_node2) by extension 'colcon_meta'
[0.153s] Level 1:colcon.colcon_core.package_identification:_identify(src/urg_node2) by extensions ['ros']
[0.153s] Level 1:colcon.colcon_core.package_identification:_identify(src/urg_node2) by extension 'ros'
[0.153s] DEBUG:colcon.colcon_core.package_identification:Package 'src/urg_node2' with type 'ros.ament_cmake' and name 'urg_node2'
[0.153s] Level 1:colcon.colcon_core.package_discovery:discover_packages(recursive) using defaults
[0.153s] Level 1:colcon.colcon_core.package_discovery:discover_packages(ignore) discover
[0.153s] Level 1:colcon.colcon_core.package_discovery:discover_packages(ignore) using defaults
[0.153s] Level 1:colcon.colcon_core.package_discovery:discover_packages(path) discover
[0.154s] Level 1:colcon.colcon_core.package_discovery:discover_packages(path) using defaults
[0.170s] Level 1:colcon.colcon_core.package_discovery:discover_packages(prefix_path) check parameters
[0.170s] Level 1:colcon.colcon_core.package_discovery:discover_packages(prefix_path) discover
[0.171s] DEBUG:colcon.colcon_installed_package_information.package_discovery:Found 3 installed packages in /home/zalv/hokuyo3_ws/install
[0.171s] DEBUG:colcon.colcon_installed_package_information.package_discovery:Found 288 installed packages in /opt/ros/humble
[0.172s] Level 1:colcon.colcon_core.package_discovery:discover_packages(prefix_path) using defaults
[0.191s] Level 5:colcon.colcon_core.verb:set package 'icp_node' build argument 'cmake_args' from command line to 'None'
[0.191s] Level 5:colcon.colcon_core.verb:set package 'icp_node' build argument 'cmake_target' from command line to 'None'
[0.191s] Level 5:colcon.colcon_core.verb:set package 'icp_node' build argument 'cmake_target_skip_unavailable' from command line to 'False'
[0.191s] Level 5:colcon.colcon_core.verb:set package 'icp_node' build argument 'cmake_clean_cache' from command line to 'False'
[0.191s] Level 5:colcon.colcon_core.verb:set package 'icp_node' build argument 'cmake_clean_first' from command line to 'False'
[0.191s] Level 5:colcon.colcon_core.verb:set package 'icp_node' build argument 'cmake_force_configure' from command line to 'False'
[0.191s] Level 5:colcon.colcon_core.verb:set package 'icp_node' build argument 'ament_cmake_args' from command line to 'None'
[0.191s] Level 5:colcon.colcon_core.verb:set package 'icp_node' build argument 'catkin_cmake_args' from command line to 'None'
[0.191s] Level 5:colcon.colcon_core.verb:set package 'icp_node' build argument 'catkin_skip_building_tests' from command line to 'False'
[0.191s] DEBUG:colcon.colcon_core.verb:Building package 'icp_node' with the following arguments: {'ament_cmake_args': None, 'build_base': '/home/zalv/hokuyo3_ws/build/icp_node', 'catkin_cmake_args': None, 'catkin_skip_building_tests': False, 'cmake_args': None, 'cmake_clean_cache': False, 'cmake_clean_first': False, 'cmake_force_configure': False, 'cmake_target': None, 'cmake_target_skip_unavailable': False, 'install_base': '/home/zalv/hokuyo3_ws/install/icp_node', 'merge_install': False, 'path': '/home/zalv/hokuyo3_ws/src/icp_node', 'symlink_install': True, 'test_result_base': None}
[0.192s] Level 5:colcon.colcon_core.verb:set package 'laser_to_pc' build argument 'cmake_args' from command line to 'None'
[0.192s] Level 5:colcon.colcon_core.verb:set package 'laser_to_pc' build argument 'cmake_target' from command line to 'None'
[0.192s] Level 5:colcon.colcon_core.verb:set package 'laser_to_pc' build argument 'cmake_target_skip_unavailable' from command line to 'False'
[0.192s] Level 5:colcon.colcon_core.verb:set package 'laser_to_pc' build argument 'cmake_clean_cache' from command line to 'False'
[0.192s] Level 5:colcon.colcon_core.verb:set package 'laser_to_pc' build argument 'cmake_clean_first' from command line to 'False'
[0.192s] Level 5:colcon.colcon_core.verb:set package 'laser_to_pc' build argument 'cmake_force_configure' from command line to 'False'
[0.192s] Level 5:colcon.colcon_core.verb:set package 'laser_to_pc' build argument 'ament_cmake_args' from command line to 'None'
[0.192s] Level 5:colcon.colcon_core.verb:set package 'laser_to_pc' build argument 'catkin_cmake_args' from command line to 'None'
[0.192s] Level 5:colcon.colcon_core.verb:set package 'laser_to_pc' build argument 'catkin_skip_building_tests' from command line to 'False'
[0.192s] DEBUG:colcon.colcon_core.verb:Building package 'laser_to_pc' with the following arguments: {'ament_cmake_args': None, 'build_base': '/home/zalv/hokuyo3_ws/build/laser_to_pc', 'catkin_cmake_args': None, 'catkin_skip_building_tests': False, 'cmake_args': None, 'cmake_clean_cache': False, 'cmake_clean_first': False, 'cmake_force_configure': False, 'cmake_target': None, 'cmake_target_skip_unavailable': False, 'install_base': '/home/zalv/hokuyo3_ws/install/laser_to_pc', 'merge_install': False, 'path': '/home/zalv/hokuyo3_ws/src/laser_to_pc', 'symlink_install': True, 'test_result_base': None}
[0.192s] Level 5:colcon.colcon_core.verb:set package 'urg_node2' build argument 'cmake_args' from command line to 'None'
[0.192s] Level 5:colcon.colcon_core.verb:set package 'urg_node2' build argument 'cmake_target' from command line to 'None'
[0.192s] Level 5:colcon.colcon_core.verb:set package 'urg_node2' build argument 'cmake_target_skip_unavailable' from command line to 'False'
[0.192s] Level 5:colcon.colcon_core.verb:set package 'urg_node2' build argument 'cmake_clean_cache' from command line to 'False'
[0.192s] Level 5:colcon.colcon_core.verb:set package 'urg_node2' build argument 'cmake_clean_first' from command line to 'False'
[0.192s] Level 5:colcon.colcon_core.verb:set package 'urg_node2' build argument 'cmake_force_configure' from command line to 'False'
[0.192s] Level 5:colcon.colcon_core.verb:set package 'urg_node2' build argument 'ament_cmake_args' from command line to 'None'
[0.192s] Level 5:colcon.colcon_core.verb:set package 'urg_node2' build argument 'catkin_cmake_args' from command line to 'None'
[0.192s] Level 5:colcon.colcon_core.verb:set package 'urg_node2' build argument 'catkin_skip_building_tests' from command line to 'False'
[0.192s] DEBUG:colcon.colcon_core.verb:Building package 'urg_node2' with the following arguments: {'ament_cmake_args': None, 'build_base': '/home/zalv/hokuyo3_ws/build/urg_node2', 'catkin_cmake_args': None, 'catkin_skip_building_tests': False, 'cmake_args': None, 'cmake_clean_cache': False, 'cmake_clean_first': False, 'cmake_force_configure': False, 'cmake_target': None, 'cmake_target_skip_unavailable': False, 'install_base': '/home/zalv/hokuyo3_ws/install/urg_node2', 'merge_install': False, 'path': '/home/zalv/hokuyo3_ws/src/urg_node2', 'symlink_install': True, 'test_result_base': None}
[0.192s] INFO:colcon.colcon_core.executor:Executing jobs using 'parallel' executor
[0.193s] DEBUG:colcon.colcon_parallel_executor.executor.parallel:run_until_complete
[0.193s] INFO:colcon.colcon_ros.task.ament_cmake.build:Building ROS package in '/home/zalv/hokuyo3_ws/src/icp_node' with build type 'ament_cmake'
[0.193s] INFO:colcon.colcon_cmake.task.cmake.build:Building CMake package in '/home/zalv/hokuyo3_ws/src/icp_node'
[0.195s] INFO:colcon.colcon_core.plugin_system:Skipping extension 'colcon_core.shell.bat': Not used on non-Windows systems
[0.195s] INFO:colcon.colcon_core.shell:Skip shell extension 'powershell' for command environment: Not usable outside of PowerShell
[0.195s] DEBUG:colcon.colcon_core.shell:Skip shell extension 'dsv' for command environment
[0.197s] INFO:colcon.colcon_ros.task.ament_cmake.build:Building ROS package in '/home/zalv/hokuyo3_ws/src/laser_to_pc' with build type 'ament_cmake'
[0.197s] INFO:colcon.colcon_cmake.task.cmake.build:Building CMake package in '/home/zalv/hokuyo3_ws/src/laser_to_pc'
[0.197s] INFO:colcon.colcon_core.shell:Skip shell extension 'powershell' for command environment: Not usable outside of PowerShell
[0.197s] DEBUG:colcon.colcon_core.shell:Skip shell extension 'dsv' for command environment
[0.199s] INFO:colcon.colcon_ros.task.ament_cmake.build:Building ROS package in '/home/zalv/hokuyo3_ws/src/urg_node2' with build type 'ament_cmake'
[0.199s] INFO:colcon.colcon_cmake.task.cmake.build:Building CMake package in '/home/zalv/hokuyo3_ws/src/urg_node2'
[0.200s] INFO:colcon.colcon_core.shell:Skip shell extension 'powershell' for command environment: Not usable outside of PowerShell
[0.200s] DEBUG:colcon.colcon_core.shell:Skip shell extension 'dsv' for command environment
[0.207s] DEBUG:colcon.colcon_core.event_handler.log_command:Invoking command in '/home/zalv/hokuyo3_ws/build/icp_node': CMAKE_PREFIX_PATH=${CMAKE_PREFIX_PATH}:/opt/ros/humble /usr/bin/cmake --build /home/zalv/hokuyo3_ws/build/icp_node -- -j22 -l22
[0.209s] DEBUG:colcon.colcon_core.event_handler.log_command:Invoking command in '/home/zalv/hokuyo3_ws/build/laser_to_pc': CMAKE_PREFIX_PATH=${CMAKE_PREFIX_PATH}:/opt/ros/humble /usr/bin/cmake --build /home/zalv/hokuyo3_ws/build/laser_to_pc -- -j22 -l22
[0.210s] DEBUG:colcon.colcon_core.event_handler.log_command:Invoking command in '/home/zalv/hokuyo3_ws/build/urg_node2': CMAKE_PREFIX_PATH=${CMAKE_PREFIX_PATH}:/opt/ros/humble /usr/bin/cmake --build /home/zalv/hokuyo3_ws/build/urg_node2 -- -j22 -l22
[0.272s] DEBUG:colcon.colcon_core.event_handler.log_command:Invoked command in '/home/zalv/hokuyo3_ws/build/laser_to_pc' returned '0': CMAKE_PREFIX_PATH=${CMAKE_PREFIX_PATH}:/opt/ros/humble /usr/bin/cmake --build /home/zalv/hokuyo3_ws/build/laser_to_pc -- -j22 -l22
[0.301s] DEBUG:colcon.colcon_core.event_handler.log_command:Invoking command in '/home/zalv/hokuyo3_ws/build/laser_to_pc': CMAKE_PREFIX_PATH=${CMAKE_PREFIX_PATH}:/opt/ros/humble /usr/bin/cmake --install /home/zalv/hokuyo3_ws/build/laser_to_pc
[0.302s] DEBUG:colcon.colcon_core.event_handler.log_command:Invoked command in '/home/zalv/hokuyo3_ws/build/urg_node2' returned '0': CMAKE_PREFIX_PATH=${CMAKE_PREFIX_PATH}:/opt/ros/humble /usr/bin/cmake --build /home/zalv/hokuyo3_ws/build/urg_node2 -- -j22 -l22
[0.316s] Level 1:colcon.colcon_core.environment:create_environment_scripts_only(laser_to_pc)
[0.316s] DEBUG:colcon.colcon_core.event_handler.log_command:Invoked command in '/home/zalv/hokuyo3_ws/build/laser_to_pc' returned '0': CMAKE_PREFIX_PATH=${CMAKE_PREFIX_PATH}:/opt/ros/humble /usr/bin/cmake --install /home/zalv/hokuyo3_ws/build/laser_to_pc
[0.318s] Level 1:colcon.colcon_core.environment:checking '/home/zalv/hokuyo3_ws/install/laser_to_pc' for CMake module files
[0.318s] Level 1:colcon.colcon_core.environment:checking '/home/zalv/hokuyo3_ws/install/laser_to_pc' for CMake config files
[0.318s] Level 1:colcon.colcon_core.shell:create_environment_hook('laser_to_pc', 'cmake_prefix_path')
[0.319s] INFO:colcon.colcon_core.shell:Creating environment hook '/home/zalv/hokuyo3_ws/install/laser_to_pc/share/laser_to_pc/hook/cmake_prefix_path.ps1'
[0.319s] INFO:colcon.colcon_core.shell:Creating environment descriptor '/home/zalv/hokuyo3_ws/install/laser_to_pc/share/laser_to_pc/hook/cmake_prefix_path.dsv'
[0.320s] INFO:colcon.colcon_core.shell:Creating environment hook '/home/zalv/hokuyo3_ws/install/laser_to_pc/share/laser_to_pc/hook/cmake_prefix_path.sh'
[0.321s] Level 1:colcon.colcon_core.environment:checking '/home/zalv/hokuyo3_ws/install/laser_to_pc/lib'
[0.321s] Level 1:colcon.colcon_core.environment:checking '/home/zalv/hokuyo3_ws/install/laser_to_pc/bin'
[0.321s] Level 1:colcon.colcon_core.environment:checking '/home/zalv/hokuyo3_ws/install/laser_to_pc/lib/pkgconfig/laser_to_pc.pc'
[0.321s] Level 1:colcon.colcon_core.environment:checking '/home/zalv/hokuyo3_ws/install/laser_to_pc/lib/python3.10/site-packages'
[0.321s] Level 1:colcon.colcon_core.environment:checking '/home/zalv/hokuyo3_ws/install/laser_to_pc/bin'
[0.322s] INFO:colcon.colcon_core.shell:Creating package script '/home/zalv/hokuyo3_ws/install/laser_to_pc/share/laser_to_pc/package.ps1'
[0.323s] INFO:colcon.colcon_core.shell:Creating package descriptor '/home/zalv/hokuyo3_ws/install/laser_to_pc/share/laser_to_pc/package.dsv'
[0.323s] INFO:colcon.colcon_core.shell:Creating package script '/home/zalv/hokuyo3_ws/install/laser_to_pc/share/laser_to_pc/package.sh'
[0.324s] INFO:colcon.colcon_core.shell:Creating package script '/home/zalv/hokuyo3_ws/install/laser_to_pc/share/laser_to_pc/package.bash'
[0.325s] INFO:colcon.colcon_core.shell:Creating package script '/home/zalv/hokuyo3_ws/install/laser_to_pc/share/laser_to_pc/package.zsh'
[0.325s] Level 1:colcon.colcon_core.environment:create_file_with_runtime_dependencies(/home/zalv/hokuyo3_ws/install/laser_to_pc/share/colcon-core/packages/laser_to_pc)
[0.347s] Level 1:colcon.colcon_core.environment:create_environment_scripts_only(laser_to_pc)
[0.348s] Level 1:colcon.colcon_core.environment:checking '/home/zalv/hokuyo3_ws/install/laser_to_pc' for CMake module files
[0.348s] Level 1:colcon.colcon_core.environment:checking '/home/zalv/hokuyo3_ws/install/laser_to_pc' for CMake config files
[0.349s] Level 1:colcon.colcon_core.shell:create_environment_hook('laser_to_pc', 'cmake_prefix_path')
[0.349s] INFO:colcon.colcon_core.shell:Creating environment hook '/home/zalv/hokuyo3_ws/install/laser_to_pc/share/laser_to_pc/hook/cmake_prefix_path.ps1'
[0.350s] INFO:colcon.colcon_core.shell:Creating environment descriptor '/home/zalv/hokuyo3_ws/install/laser_to_pc/share/laser_to_pc/hook/cmake_prefix_path.dsv'
[0.350s] INFO:colcon.colcon_core.shell:Creating environment hook '/home/zalv/hokuyo3_ws/install/laser_to_pc/share/laser_to_pc/hook/cmake_prefix_path.sh'
[0.351s] Level 1:colcon.colcon_core.environment:checking '/home/zalv/hokuyo3_ws/install/laser_to_pc/lib'
[0.351s] Level 1:colcon.colcon_core.environment:checking '/home/zalv/hokuyo3_ws/install/laser_to_pc/bin'
[0.351s] Level 1:colcon.colcon_core.environment:checking '/home/zalv/hokuyo3_ws/install/laser_to_pc/lib/pkgconfig/laser_to_pc.pc'
[0.351s] Level 1:colcon.colcon_core.environment:checking '/home/zalv/hokuyo3_ws/install/laser_to_pc/lib/python3.10/site-packages'
[0.351s] Level 1:colcon.colcon_core.environment:checking '/home/zalv/hokuyo3_ws/install/laser_to_pc/bin'
[0.351s] INFO:colcon.colcon_core.shell:Creating package script '/home/zalv/hokuyo3_ws/install/laser_to_pc/share/laser_to_pc/package.ps1'
[0.352s] INFO:colcon.colcon_core.shell:Creating package descriptor '/home/zalv/hokuyo3_ws/install/laser_to_pc/share/laser_to_pc/package.dsv'
[0.352s] INFO:colcon.colcon_core.shell:Creating package script '/home/zalv/hokuyo3_ws/install/laser_to_pc/share/laser_to_pc/package.sh'
[0.353s] INFO:colcon.colcon_core.shell:Creating package script '/home/zalv/hokuyo3_ws/install/laser_to_pc/share/laser_to_pc/package.bash'
[0.353s] INFO:colcon.colcon_core.shell:Creating package script '/home/zalv/hokuyo3_ws/install/laser_to_pc/share/laser_to_pc/package.zsh'
[0.353s] Level 1:colcon.colcon_core.environment:create_file_with_runtime_dependencies(/home/zalv/hokuyo3_ws/install/laser_to_pc/share/colcon-core/packages/laser_to_pc)
[0.355s] DEBUG:colcon.colcon_core.event_handler.log_command:Invoking command in '/home/zalv/hokuyo3_ws/build/urg_node2': CMAKE_PREFIX_PATH=${CMAKE_PREFIX_PATH}:/opt/ros/humble /usr/bin/cmake --install /home/zalv/hokuyo3_ws/build/urg_node2
[0.373s] Level 1:colcon.colcon_core.environment:create_environment_scripts_only(urg_node2)
[0.373s] Level 1:colcon.colcon_core.environment:checking '/home/zalv/hokuyo3_ws/install/urg_node2' for CMake module files
[0.374s] DEBUG:colcon.colcon_core.event_handler.log_command:Invoked command in '/home/zalv/hokuyo3_ws/build/urg_node2' returned '0': CMAKE_PREFIX_PATH=${CMAKE_PREFIX_PATH}:/opt/ros/humble /usr/bin/cmake --install /home/zalv/hokuyo3_ws/build/urg_node2
[0.374s] Level 1:colcon.colcon_core.environment:checking '/home/zalv/hokuyo3_ws/install/urg_node2' for CMake config files
[0.374s] Level 1:colcon.colcon_core.shell:create_environment_hook('urg_node2', 'cmake_prefix_path')
[0.374s] INFO:colcon.colcon_core.shell:Creating environment hook '/home/zalv/hokuyo3_ws/install/urg_node2/share/urg_node2/hook/cmake_prefix_path.ps1'
[0.375s] INFO:colcon.colcon_core.shell:Creating environment descriptor '/home/zalv/hokuyo3_ws/install/urg_node2/share/urg_node2/hook/cmake_prefix_path.dsv'
[0.375s] INFO:colcon.colcon_core.shell:Creating environment hook '/home/zalv/hokuyo3_ws/install/urg_node2/share/urg_node2/hook/cmake_prefix_path.sh'
[0.375s] Level 1:colcon.colcon_core.environment:checking '/home/zalv/hokuyo3_ws/install/urg_node2/lib'
[0.375s] Level 1:colcon.colcon_core.shell:create_environment_hook('urg_node2', 'ld_library_path_lib')
[0.376s] INFO:colcon.colcon_core.shell:Creating environment hook '/home/zalv/hokuyo3_ws/install/urg_node2/share/urg_node2/hook/ld_library_path_lib.ps1'
[0.376s] INFO:colcon.colcon_core.shell:Creating environment descriptor '/home/zalv/hokuyo3_ws/install/urg_node2/share/urg_node2/hook/ld_library_path_lib.dsv'
[0.376s] INFO:colcon.colcon_core.shell:Creating environment hook '/home/zalv/hokuyo3_ws/install/urg_node2/share/urg_node2/hook/ld_library_path_lib.sh'
[0.376s] Level 1:colcon.colcon_core.environment:checking '/home/zalv/hokuyo3_ws/install/urg_node2/bin'
[0.376s] Level 1:colcon.colcon_core.environment:checking '/home/zalv/hokuyo3_ws/install/urg_node2/lib/pkgconfig/urg_node2.pc'
[0.376s] Level 1:colcon.colcon_core.environment:checking '/home/zalv/hokuyo3_ws/install/urg_node2/lib/python3.10/site-packages'
[0.376s] Level 1:colcon.colcon_core.environment:checking '/home/zalv/hokuyo3_ws/install/urg_node2/bin'
[0.377s] INFO:colcon.colcon_core.shell:Creating package script '/home/zalv/hokuyo3_ws/install/urg_node2/share/urg_node2/package.ps1'
[0.377s] INFO:colcon.colcon_core.shell:Creating package descriptor '/home/zalv/hokuyo3_ws/install/urg_node2/share/urg_node2/package.dsv'
[0.378s] INFO:colcon.colcon_core.shell:Creating package script '/home/zalv/hokuyo3_ws/install/urg_node2/share/urg_node2/package.sh'
[0.378s] INFO:colcon.colcon_core.shell:Creating package script '/home/zalv/hokuyo3_ws/install/urg_node2/share/urg_node2/package.bash'
[0.378s] INFO:colcon.colcon_core.shell:Creating package script '/home/zalv/hokuyo3_ws/install/urg_node2/share/urg_node2/package.zsh'
[0.378s] Level 1:colcon.colcon_core.environment:create_file_with_runtime_dependencies(/home/zalv/hokuyo3_ws/install/urg_node2/share/colcon-core/packages/urg_node2)
[0.424s] Level 1:colcon.colcon_core.environment:create_environment_scripts_only(urg_node2)
[0.425s] Level 1:colcon.colcon_core.environment:checking '/home/zalv/hokuyo3_ws/install/urg_node2' for CMake module files
[0.425s] Level 1:colcon.colcon_core.environment:checking '/home/zalv/hokuyo3_ws/install/urg_node2' for CMake config files
[0.426s] Level 1:colcon.colcon_core.shell:create_environment_hook('urg_node2', 'cmake_prefix_path')
[0.426s] INFO:colcon.colcon_core.shell:Creating environment hook '/home/zalv/hokuyo3_ws/install/urg_node2/share/urg_node2/hook/cmake_prefix_path.ps1'
[0.426s] INFO:colcon.colcon_core.shell:Creating environment descriptor '/home/zalv/hokuyo3_ws/install/urg_node2/share/urg_node2/hook/cmake_prefix_path.dsv'
[0.427s] INFO:colcon.colcon_core.shell:Creating environment hook '/home/zalv/hokuyo3_ws/install/urg_node2/share/urg_node2/hook/cmake_prefix_path.sh'
[0.427s] Level 1:colcon.colcon_core.environment:checking '/home/zalv/hokuyo3_ws/install/urg_node2/lib'
[0.427s] Level 1:colcon.colcon_core.shell:create_environment_hook('urg_node2', 'ld_library_path_lib')
[0.427s] INFO:colcon.colcon_core.shell:Creating environment hook '/home/zalv/hokuyo3_ws/install/urg_node2/share/urg_node2/hook/ld_library_path_lib.ps1'
[0.428s] INFO:colcon.colcon_core.shell:Creating environment descriptor '/home/zalv/hokuyo3_ws/install/urg_node2/share/urg_node2/hook/ld_library_path_lib.dsv'
[0.428s] INFO:colcon.colcon_core.shell:Creating environment hook '/home/zalv/hokuyo3_ws/install/urg_node2/share/urg_node2/hook/ld_library_path_lib.sh'
[0.428s] Level 1:colcon.colcon_core.environment:checking '/home/zalv/hokuyo3_ws/install/urg_node2/bin'
[0.428s] Level 1:colcon.colcon_core.environment:checking '/home/zalv/hokuyo3_ws/install/urg_node2/lib/pkgconfig/urg_node2.pc'
[0.428s] Level 1:colcon.colcon_core.environment:checking '/home/zalv/hokuyo3_ws/install/urg_node2/lib/python3.10/site-packages'
[0.429s] Level 1:colcon.colcon_core.environment:checking '/home/zalv/hokuyo3_ws/install/urg_node2/bin'
[0.429s] INFO:colcon.colcon_core.shell:Creating package script '/home/zalv/hokuyo3_ws/install/urg_node2/share/urg_node2/package.ps1'
[0.429s] INFO:colcon.colcon_core.shell:Creating package descriptor '/home/zalv/hokuyo3_ws/install/urg_node2/share/urg_node2/package.dsv'
[0.430s] INFO:colcon.colcon_core.shell:Creating package script '/home/zalv/hokuyo3_ws/install/urg_node2/share/urg_node2/package.sh'
[0.430s] INFO:colcon.colcon_core.shell:Creating package script '/home/zalv/hokuyo3_ws/install/urg_node2/share/urg_node2/package.bash'
[0.431s] INFO:colcon.colcon_core.shell:Creating package script '/home/zalv/hokuyo3_ws/install/urg_node2/share/urg_node2/package.zsh'
[0.431s] Level 1:colcon.colcon_core.environment:create_file_with_runtime_dependencies(/home/zalv/hokuyo3_ws/install/urg_node2/share/colcon-core/packages/urg_node2)
[1.223s] DEBUG:colcon.colcon_core.event_handler.log_command:Invoked command in '/home/zalv/hokuyo3_ws/build/icp_node' returned '2': CMAKE_PREFIX_PATH=${CMAKE_PREFIX_PATH}:/opt/ros/humble /usr/bin/cmake --build /home/zalv/hokuyo3_ws/build/icp_node -- -j22 -l22
[1.245s] Level 1:colcon.colcon_core.environment:create_environment_scripts_only(icp_node)
[1.246s] Level 1:colcon.colcon_core.environment:checking '/home/zalv/hokuyo3_ws/install/icp_node' for CMake module files
[1.246s] Level 1:colcon.colcon_core.environment:checking '/home/zalv/hokuyo3_ws/install/icp_node' for CMake config files
[1.247s] Level 1:colcon.colcon_core.shell:create_environment_hook('icp_node', 'cmake_prefix_path')
[1.247s] INFO:colcon.colcon_core.shell:Creating environment hook '/home/zalv/hokuyo3_ws/install/icp_node/share/icp_node/hook/cmake_prefix_path.ps1'
[1.247s] INFO:colcon.colcon_core.shell:Creating environment descriptor '/home/zalv/hokuyo3_ws/install/icp_node/share/icp_node/hook/cmake_prefix_path.dsv'
[1.248s] INFO:colcon.colcon_core.shell:Creating environment hook '/home/zalv/hokuyo3_ws/install/icp_node/share/icp_node/hook/cmake_prefix_path.sh'
[1.248s] Level 1:colcon.colcon_core.environment:checking '/home/zalv/hokuyo3_ws/install/icp_node/lib'
[1.248s] Level 1:colcon.colcon_core.environment:checking '/home/zalv/hokuyo3_ws/install/icp_node/bin'
[1.248s] Level 1:colcon.colcon_core.environment:checking '/home/zalv/hokuyo3_ws/install/icp_node/lib/pkgconfig/icp_node.pc'
[1.249s] Level 1:colcon.colcon_core.environment:checking '/home/zalv/hokuyo3_ws/install/icp_node/lib/python3.10/site-packages'
[1.249s] Level 1:colcon.colcon_core.environment:checking '/home/zalv/hokuyo3_ws/install/icp_node/bin'
[1.249s] INFO:colcon.colcon_core.shell:Creating package script '/home/zalv/hokuyo3_ws/install/icp_node/share/icp_node/package.ps1'
[1.250s] INFO:colcon.colcon_core.shell:Creating package descriptor '/home/zalv/hokuyo3_ws/install/icp_node/share/icp_node/package.dsv'
[1.250s] INFO:colcon.colcon_core.shell:Creating package script '/home/zalv/hokuyo3_ws/install/icp_node/share/icp_node/package.sh'
[1.250s] INFO:colcon.colcon_core.shell:Creating package script '/home/zalv/hokuyo3_ws/install/icp_node/share/icp_node/package.bash'
[1.251s] INFO:colcon.colcon_core.shell:Creating package script '/home/zalv/hokuyo3_ws/install/icp_node/share/icp_node/package.zsh'
[1.251s] Level 1:colcon.colcon_core.environment:create_file_with_runtime_dependencies(/home/zalv/hokuyo3_ws/install/icp_node/share/colcon-core/packages/icp_node)
[1.261s] DEBUG:colcon.colcon_parallel_executor.executor.parallel:closing loop
[1.261s] DEBUG:colcon.colcon_parallel_executor.executor.parallel:loop closed
[1.261s] DEBUG:colcon.colcon_parallel_executor.executor.parallel:run_until_complete finished with '2'
[1.261s] DEBUG:colcon.colcon_core.event_reactor:joining thread
[1.266s] INFO:colcon.colcon_core.plugin_system:Skipping extension 'colcon_notification.desktop_notification.terminal_notifier': Not used on non-Darwin systems
[1.266s] INFO:colcon.colcon_core.plugin_system:Skipping extension 'colcon_notification.desktop_notification.win32': Not used on non-Windows systems
[1.266s] INFO:colcon.colcon_notification.desktop_notification:Sending desktop notification using 'notify2'
[1.275s] DEBUG:colcon.colcon_core.event_reactor:joined thread
[1.275s] INFO:colcon.colcon_core.shell:Creating prefix script '/home/zalv/hokuyo3_ws/install/local_setup.ps1'
[1.276s] INFO:colcon.colcon_core.shell:Creating prefix util module '/home/zalv/hokuyo3_ws/install/_local_setup_util_ps1.py'
[1.276s] INFO:colcon.colcon_core.shell:Creating prefix chain script '/home/zalv/hokuyo3_ws/install/setup.ps1'
[1.277s] INFO:colcon.colcon_core.shell:Creating prefix script '/home/zalv/hokuyo3_ws/install/local_setup.sh'
[1.277s] INFO:colcon.colcon_core.shell:Creating prefix util module '/home/zalv/hokuyo3_ws/install/_local_setup_util_sh.py'
[1.278s] INFO:colcon.colcon_core.shell:Creating prefix chain script '/home/zalv/hokuyo3_ws/install/setup.sh'
[1.278s] INFO:colcon.colcon_core.shell:Creating prefix script '/home/zalv/hokuyo3_ws/install/local_setup.bash'
[1.278s] INFO:colcon.colcon_core.shell:Creating prefix chain script '/home/zalv/hokuyo3_ws/install/setup.bash'
[1.279s] INFO:colcon.colcon_core.shell:Creating prefix script '/home/zalv/hokuyo3_ws/install/local_setup.zsh'
[1.279s] INFO:colcon.colcon_core.shell:Creating prefix chain script '/home/zalv/hokuyo3_ws/install/setup.zsh'
