[0.018s] Invoking command in '/home/zalv/hokuyo3_ws/build/icp_node': CMAKE_PREFIX_PATH=${CMAKE_PREFIX_PATH}:/opt/ros/humble /usr/bin/cmake --build /home/zalv/hokuyo3_ws/build/icp_node -- -j22 -l22
[0.062s] [ 25%] [32mBuilding CXX object CMakeFiles/map_builder_node.dir/src/map_builder.cpp.o[0m
[0.080s] [ 50%] [32mBuilding CXX object CMakeFiles/icp_node.dir/src/icp_node.cpp.o[0m
[0.149s] In file included from [01m[K/opt/ros/humble/include/rclcpp/rclcpp/subscription_options.hpp:30[m[K,
[0.150s]                  from [01m[K/opt/ros/humble/include/rclcpp/rclcpp/subscription.hpp:45[m[K,
[0.150s]                  from [01m[K/opt/ros/humble/include/rclcpp/rclcpp/any_executable.hpp:25[m[K,
[0.150s]                  from [01m[K/opt/ros/humble/include/rclcpp/rclcpp/memory_strategy.hpp:25[m[K,
[0.150s]                  from [01m[K/opt/ros/humble/include/rclcpp/rclcpp/memory_strategies.hpp:18[m[K,
[0.150s]                  from [01m[K/opt/ros/humble/include/rclcpp/rclcpp/executor_options.hpp:20[m[K,
[0.150s]                  from [01m[K/opt/ros/humble/include/rclcpp/rclcpp/executor.hpp:37[m[K,
[0.150s]                  from [01m[K/opt/ros/humble/include/rclcpp/rclcpp/executors/multi_threaded_executor.hpp:25[m[K,
[0.150s]                  from [01m[K/opt/ros/humble/include/rclcpp/rclcpp/executors.hpp:21[m[K,
[0.150s]                  from [01m[K/opt/ros/humble/include/rclcpp/rclcpp/rclcpp.hpp:155[m[K,
[0.150s]                  from [01m[K/home/zalv/hokuyo3_ws/src/icp_node/src/map_builder.cpp:1[m[K:
[0.150s] [01m[K/opt/ros/humble/include/rclcpp/rclcpp/qos_overriding_options.hpp:28:10:[m[K [01;31m[Kfatal error: [m[Krcl_interfaces/msg/set_parameters_result.hpp: No such file or directory
[0.150s]    28 | #include [01;31m[K"rcl_interfaces/msg/set_parameters_result.hpp"[m[K
[0.150s]       |          [01;31m[K^~~~~~~~~~~~~~~~~~~~~~~~~~~~~~~~~~~~~~~~~~~~~~[m[K
[0.150s] compilation terminated.
[0.154s] gmake[2]: *** [CMakeFiles/map_builder_node.dir/build.make:76: CMakeFiles/map_builder_node.dir/src/map_builder.cpp.o] Error 1
[0.154s] gmake[1]: *** [CMakeFiles/Makefile2:165: CMakeFiles/map_builder_node.dir/all] Error 2
[0.154s] gmake[1]: *** Waiting for unfinished jobs....
[0.246s] [01m[K/home/zalv/hokuyo3_ws/src/icp_node/src/icp_node.cpp:3:10:[m[K [01;31m[Kfatal error: [m[Kpcl_conversions/pcl_conversions.hpp: No such file or directory
[0.246s]     3 | #include [01;31m[K<pcl_conversions/pcl_conversions.hpp>[m[K
[0.246s]       |          [01;31m[K^~~~~~~~~~~~~~~~~~~~~~~~~~~~~~~~~~~~~[m[K
[0.246s] compilation terminated.
[0.246s] gmake[2]: *** [CMakeFiles/icp_node.dir/build.make:76: CMakeFiles/icp_node.dir/src/icp_node.cpp.o] Error 1
[0.246s] gmake[1]: *** [CMakeFiles/Makefile2:139: CMakeFiles/icp_node.dir/all] Error 2
[0.246s] gmake: *** [Makefile:146: all] Error 2
[0.247s] Invoked command in '/home/zalv/hokuyo3_ws/build/icp_node' returned '2': CMAKE_PREFIX_PATH=${CMAKE_PREFIX_PATH}:/opt/ros/humble /usr/bin/cmake --build /home/zalv/hokuyo3_ws/build/icp_node -- -j22 -l22
