[0.013s] Invoking command in '/home/zalv/hokuyo3_ws/build/icp_node': CMAKE_PREFIX_PATH=/opt/ros/humble /usr/bin/cmake --build /home/zalv/hokuyo3_ws/build/icp_node -- -j22 -l22
[0.071s] [100%] Built target icp_node
[0.081s] Invoked command in '/home/zalv/hokuyo3_ws/build/icp_node' returned '0': CMAKE_PREFIX_PATH=/opt/ros/humble /usr/bin/cmake --build /home/zalv/hokuyo3_ws/build/icp_node -- -j22 -l22
[0.108s] Invoking command in '/home/zalv/hokuyo3_ws/build/icp_node': CMAKE_PREFIX_PATH=/opt/ros/humble /usr/bin/cmake --install /home/zalv/hokuyo3_ws/build/icp_node
[0.116s] -- Install configuration: ""
[0.117s] -- Execute custom install script
[0.117s] -- Up-to-date symlink: /home/zalv/hokuyo3_ws/install/icp_node/lib/icp_node/icp_node
[0.117s] -- Up-to-date symlink: /home/zalv/hokuyo3_ws/install/icp_node/share/ament_index/resource_index/package_run_dependencies/icp_node
[0.117s] -- Up-to-date symlink: /home/zalv/hokuyo3_ws/install/icp_node/share/ament_index/resource_index/parent_prefix_path/icp_node
[0.118s] -- Up-to-date symlink: /home/zalv/hokuyo3_ws/install/icp_node/share/icp_node/environment/ament_prefix_path.sh
[0.118s] -- Up-to-date symlink: /home/zalv/hokuyo3_ws/install/icp_node/share/icp_node/environment/ament_prefix_path.dsv
[0.118s] -- Up-to-date symlink: /home/zalv/hokuyo3_ws/install/icp_node/share/icp_node/environment/path.sh
[0.118s] -- Up-to-date symlink: /home/zalv/hokuyo3_ws/install/icp_node/share/icp_node/environment/path.dsv
[0.118s] -- Up-to-date symlink: /home/zalv/hokuyo3_ws/install/icp_node/share/icp_node/local_setup.bash
[0.118s] -- Up-to-date symlink: /home/zalv/hokuyo3_ws/install/icp_node/share/icp_node/local_setup.sh
[0.119s] -- Up-to-date symlink: /home/zalv/hokuyo3_ws/install/icp_node/share/icp_node/local_setup.zsh
[0.119s] -- Up-to-date symlink: /home/zalv/hokuyo3_ws/install/icp_node/share/icp_node/local_setup.dsv
[0.119s] -- Symlinking: /home/zalv/hokuyo3_ws/install/icp_node/share/icp_node/package.dsv
[0.126s] -- Up-to-date symlink: /home/zalv/hokuyo3_ws/install/icp_node/share/ament_index/resource_index/packages/icp_node
[0.126s] -- Up-to-date symlink: /home/zalv/hokuyo3_ws/install/icp_node/share/icp_node/cmake/ament_cmake_export_include_directories-extras.cmake
[0.128s] -- Up-to-date symlink: /home/zalv/hokuyo3_ws/install/icp_node/share/icp_node/cmake/icp_nodeConfig.cmake
[0.128s] -- Up-to-date symlink: /home/zalv/hokuyo3_ws/install/icp_node/share/icp_node/cmake/icp_nodeConfig-version.cmake
[0.128s] -- Up-to-date symlink: /home/zalv/hokuyo3_ws/install/icp_node/share/icp_node/package.xml
[0.135s] Invoked command in '/home/zalv/hokuyo3_ws/build/icp_node' returned '0': CMAKE_PREFIX_PATH=/opt/ros/humble /usr/bin/cmake --install /home/zalv/hokuyo3_ws/build/icp_node
