[33mCMake Warning (dev) at CMakeLists.txt:8 (find_package):
  Policy CMP0074 is not set: find_package uses <PackageName>_ROOT variables.
  Run "cmake --help-policy CMP0074" for policy details.  Use the cmake_policy
  command to set the policy and suppress this warning.

  CMake variable PCL_ROOT is set to:

    /usr

  For compatibility, CMake is ignoring the variable.
This warning is for project developers.  Use -Wno-dev to suppress it.
[0m
In file included from [01m[K/opt/ros/humble/include/rclcpp/rclcpp/logging.hpp:24[m[K,
                 from [01m[K/opt/ros/humble/include/rclcpp/rclcpp/client.hpp:40[m[K,
                 from [01m[K/opt/ros/humble/include/rclcpp/rclcpp/callback_group.hpp:24[m[K,
                 from [01m[K/opt/ros/humble/include/rclcpp/rclcpp/any_executable.hpp:20[m[K,
                 from [01m[K/opt/ros/humble/include/rclcpp/rclcpp/memory_strategy.hpp:25[m[K,
                 from [01m[K/opt/ros/humble/include/rclcpp/rclcpp/memory_strategies.hpp:18[m[K,
                 from [01m[K/opt/ros/humble/include/rclcpp/rclcpp/executor_options.hpp:20[m[K,
                 from [01m[K/opt/ros/humble/include/rclcpp/rclcpp/executor.hpp:37[m[K,
                 from [01m[K/opt/ros/humble/include/rclcpp/rclcpp/executors/multi_threaded_executor.hpp:25[m[K,
                 from [01m[K/opt/ros/humble/include/rclcpp/rclcpp/executors.hpp:21[m[K,
                 from [01m[K/opt/ros/humble/include/rclcpp/rclcpp/rclcpp.hpp:155[m[K,
                 from [01m[K/home/zalv/hokuyo3_ws/src/icp_node/src/icp_node.cpp:1[m[K:
[01m[K/home/zalv/hokuyo3_ws/src/icp_node/src/icp_node.cpp:[m[K In member function ‘[01m[Kvoid ICPNode::pointcloud_callback(sensor_msgs::msg::PointCloud2_<std::allocator<void> >::SharedPtr)[m[K’:
[01m[K/home/zalv/hokuyo3_ws/src/icp_node/src/icp_node.cpp:31:202:[m[K [01;31m[Kerror: [m[K‘[01m[Kconst class Eigen::WithFormat<Eigen::Matrix<float, 4, 4> >[m[K’ has no member named ‘[01m[Kc_str[m[K’
   31 | rmat(Eigen::IOFormat(Eigen::StreamPrecision, Eigen::DontAlignCols, " ", "\n", "", "", "[", "]")).[01;31m[Kc_str[m[K());
      |                                                                                                  [01;31m[K^~~~~[m[K

gmake[2]: *** [CMakeFiles/icp_node.dir/build.make:76: CMakeFiles/icp_node.dir/src/icp_node.cpp.o] Error 1
gmake[1]: *** [CMakeFiles/Makefile2:137: CMakeFiles/icp_node.dir/all] Error 2
gmake: *** [Makefile:146: all] Error 2
