[0.065s] DEBUG:colcon:Command line arguments: ['/usr/bin/colcon', 'build', '--symlink-install']
[0.065s] DEBUG:colcon:Parsed command line arguments: Namespace(log_base=None, log_level=None, verb_name='build', build_base='build', install_base='install', merge_install=False, symlink_install=True, test_result_base=None, continue_on_error=False, executor='parallel', parallel_workers=22, event_handlers=None, ignore_user_meta=False, metas=['./colcon.meta'], base_paths=['.'], packages_ignore=None, packages_ignore_regex=None, paths=None, packages_up_to=None, packages_up_to_regex=None, packages_above=None, packages_above_and_dependencies=None, packages_above_depth=None, packages_select_by_dep=None, packages_skip_by_dep=None, packages_skip_up_to=None, packages_select_build_failed=False, packages_skip_build_finished=False, packages_select_test_failures=False, packages_skip_test_passed=False, packages_select=None, packages_skip=None, packages_select_regex=None, packages_skip_regex=None, packages_start=None, packages_end=None, allow_overriding=[], cmake_args=None, cmake_target=None, cmake_target_skip_unavailable=False, cmake_clean_cache=False, cmake_clean_first=False, cmake_force_configure=False, ament_cmake_args=None, catkin_cmake_args=None, catkin_skip_building_tests=False, mixin_files=None, mixin=None, verb_parser=<colcon_mixin.mixin.mixin_argument.MixinArgumentDecorator object at 0x74566f546a70>, verb_extension=<colcon_core.verb.build.BuildVerb object at 0x74566f643070>, main=<bound method BuildVerb.main of <colcon_core.verb.build.BuildVerb object at 0x74566f643070>>, mixin_verb=('build',))
[0.158s] Level 1:colcon.colcon_core.package_discovery:discover_packages(colcon_meta) check parameters
[0.158s] Level 1:colcon.colcon_core.package_discovery:discover_packages(recursive) check parameters
[0.158s] Level 1:colcon.colcon_core.package_discovery:discover_packages(ignore) check parameters
[0.159s] Level 1:colcon.colcon_core.package_discovery:discover_packages(path) check parameters
[0.159s] Level 1:colcon.colcon_core.package_discovery:discover_packages(colcon_meta) discover
[0.159s] Level 1:colcon.colcon_core.package_discovery:discover_packages(recursive) discover
[0.159s] INFO:colcon.colcon_core.package_discovery:Crawling recursively for packages in '/home/zalv/hokuyo3_ws'
[0.159s] Level 1:colcon.colcon_core.package_identification:_identify(.) by extensions ['ignore', 'ignore_ament_install']
[0.159s] Level 1:colcon.colcon_core.package_identification:_identify(.) by extension 'ignore'
[0.159s] Level 1:colcon.colcon_core.package_identification:_identify(.) by extension 'ignore_ament_install'
[0.159s] Level 1:colcon.colcon_core.package_identification:_identify(.) by extensions ['colcon_pkg']
[0.159s] Level 1:colcon.colcon_core.package_identification:_identify(.) by extension 'colcon_pkg'
[0.159s] Level 1:colcon.colcon_core.package_identification:_identify(.) by extensions ['colcon_meta']
[0.159s] Level 1:colcon.colcon_core.package_identification:_identify(.) by extension 'colcon_meta'
[0.159s] Level 1:colcon.colcon_core.package_identification:_identify(.) by extensions ['ros']
[0.159s] Level 1:colcon.colcon_core.package_identification:_identify(.) by extension 'ros'
[0.166s] Level 1:colcon.colcon_core.package_identification:_identify(.) by extensions ['cmake', 'python']
[0.166s] Level 1:colcon.colcon_core.package_identification:_identify(.) by extension 'cmake'
[0.166s] Level 1:colcon.colcon_core.package_identification:_identify(.) by extension 'python'
[0.166s] Level 1:colcon.colcon_core.package_identification:_identify(.) by extensions ['python_setup_py']
[0.166s] Level 1:colcon.colcon_core.package_identification:_identify(.) by extension 'python_setup_py'
[0.166s] Level 1:colcon.colcon_core.package_identification:_identify(build) by extensions ['ignore', 'ignore_ament_install']
[0.166s] Level 1:colcon.colcon_core.package_identification:_identify(build) by extension 'ignore'
[0.166s] Level 1:colcon.colcon_core.package_identification:_identify(build) ignored
[0.166s] Level 1:colcon.colcon_core.package_identification:_identify(install) by extensions ['ignore', 'ignore_ament_install']
[0.166s] Level 1:colcon.colcon_core.package_identification:_identify(install) by extension 'ignore'
[0.166s] Level 1:colcon.colcon_core.package_identification:_identify(install) ignored
[0.166s] Level 1:colcon.colcon_core.package_identification:_identify(log) by extensions ['ignore', 'ignore_ament_install']
[0.166s] Level 1:colcon.colcon_core.package_identification:_identify(log) by extension 'ignore'
[0.166s] Level 1:colcon.colcon_core.package_identification:_identify(log) ignored
[0.166s] Level 1:colcon.colcon_core.package_identification:_identify(src) by extensions ['ignore', 'ignore_ament_install']
[0.167s] Level 1:colcon.colcon_core.package_identification:_identify(src) by extension 'ignore'
[0.167s] Level 1:colcon.colcon_core.package_identification:_identify(src) by extension 'ignore_ament_install'
[0.167s] Level 1:colcon.colcon_core.package_identification:_identify(src) by extensions ['colcon_pkg']
[0.167s] Level 1:colcon.colcon_core.package_identification:_identify(src) by extension 'colcon_pkg'
[0.167s] Level 1:colcon.colcon_core.package_identification:_identify(src) by extensions ['colcon_meta']
[0.167s] Level 1:colcon.colcon_core.package_identification:_identify(src) by extension 'colcon_meta'
[0.167s] Level 1:colcon.colcon_core.package_identification:_identify(src) by extensions ['ros']
[0.167s] Level 1:colcon.colcon_core.package_identification:_identify(src) by extension 'ros'
[0.167s] Level 1:colcon.colcon_core.package_identification:_identify(src) by extensions ['cmake', 'python']
[0.167s] Level 1:colcon.colcon_core.package_identification:_identify(src) by extension 'cmake'
[0.167s] Level 1:colcon.colcon_core.package_identification:_identify(src) by extension 'python'
[0.167s] Level 1:colcon.colcon_core.package_identification:_identify(src) by extensions ['python_setup_py']
[0.167s] Level 1:colcon.colcon_core.package_identification:_identify(src) by extension 'python_setup_py'
[0.167s] Level 1:colcon.colcon_core.package_identification:_identify(src/Lslidar_ROS2_driver) by extensions ['ignore', 'ignore_ament_install']
[0.167s] Level 1:colcon.colcon_core.package_identification:_identify(src/Lslidar_ROS2_driver) by extension 'ignore'
[0.167s] Level 1:colcon.colcon_core.package_identification:_identify(src/Lslidar_ROS2_driver) by extension 'ignore_ament_install'
[0.167s] Level 1:colcon.colcon_core.package_identification:_identify(src/Lslidar_ROS2_driver) by extensions ['colcon_pkg']
[0.167s] Level 1:colcon.colcon_core.package_identification:_identify(src/Lslidar_ROS2_driver) by extension 'colcon_pkg'
[0.167s] Level 1:colcon.colcon_core.package_identification:_identify(src/Lslidar_ROS2_driver) by extensions ['colcon_meta']
[0.167s] Level 1:colcon.colcon_core.package_identification:_identify(src/Lslidar_ROS2_driver) by extension 'colcon_meta'
[0.167s] Level 1:colcon.colcon_core.package_identification:_identify(src/Lslidar_ROS2_driver) by extensions ['ros']
[0.167s] Level 1:colcon.colcon_core.package_identification:_identify(src/Lslidar_ROS2_driver) by extension 'ros'
[0.167s] Level 1:colcon.colcon_core.package_identification:_identify(src/Lslidar_ROS2_driver) by extensions ['cmake', 'python']
[0.167s] Level 1:colcon.colcon_core.package_identification:_identify(src/Lslidar_ROS2_driver) by extension 'cmake'
[0.167s] Level 1:colcon.colcon_core.package_identification:_identify(src/Lslidar_ROS2_driver) by extension 'python'
[0.167s] Level 1:colcon.colcon_core.package_identification:_identify(src/Lslidar_ROS2_driver) by extensions ['python_setup_py']
[0.167s] Level 1:colcon.colcon_core.package_identification:_identify(src/Lslidar_ROS2_driver) by extension 'python_setup_py'
[0.167s] Level 1:colcon.colcon_core.package_identification:_identify(src/Lslidar_ROS2_driver/lslidar_driver) by extensions ['ignore', 'ignore_ament_install']
[0.167s] Level 1:colcon.colcon_core.package_identification:_identify(src/Lslidar_ROS2_driver/lslidar_driver) by extension 'ignore'
[0.167s] Level 1:colcon.colcon_core.package_identification:_identify(src/Lslidar_ROS2_driver/lslidar_driver) by extension 'ignore_ament_install'
[0.167s] Level 1:colcon.colcon_core.package_identification:_identify(src/Lslidar_ROS2_driver/lslidar_driver) by extensions ['colcon_pkg']
[0.167s] Level 1:colcon.colcon_core.package_identification:_identify(src/Lslidar_ROS2_driver/lslidar_driver) by extension 'colcon_pkg'
[0.167s] Level 1:colcon.colcon_core.package_identification:_identify(src/Lslidar_ROS2_driver/lslidar_driver) by extensions ['colcon_meta']
[0.167s] Level 1:colcon.colcon_core.package_identification:_identify(src/Lslidar_ROS2_driver/lslidar_driver) by extension 'colcon_meta'
[0.167s] Level 1:colcon.colcon_core.package_identification:_identify(src/Lslidar_ROS2_driver/lslidar_driver) by extensions ['ros']
[0.167s] Level 1:colcon.colcon_core.package_identification:_identify(src/Lslidar_ROS2_driver/lslidar_driver) by extension 'ros'
[0.169s] DEBUG:colcon.colcon_core.package_identification:Package 'src/Lslidar_ROS2_driver/lslidar_driver' with type 'ros.ament_cmake' and name 'lslidar_driver'
[0.169s] Level 1:colcon.colcon_core.package_identification:_identify(src/Lslidar_ROS2_driver/lslidar_msgs) by extensions ['ignore', 'ignore_ament_install']
[0.169s] Level 1:colcon.colcon_core.package_identification:_identify(src/Lslidar_ROS2_driver/lslidar_msgs) by extension 'ignore'
[0.169s] Level 1:colcon.colcon_core.package_identification:_identify(src/Lslidar_ROS2_driver/lslidar_msgs) by extension 'ignore_ament_install'
[0.170s] Level 1:colcon.colcon_core.package_identification:_identify(src/Lslidar_ROS2_driver/lslidar_msgs) by extensions ['colcon_pkg']
[0.170s] Level 1:colcon.colcon_core.package_identification:_identify(src/Lslidar_ROS2_driver/lslidar_msgs) by extension 'colcon_pkg'
[0.170s] Level 1:colcon.colcon_core.package_identification:_identify(src/Lslidar_ROS2_driver/lslidar_msgs) by extensions ['colcon_meta']
[0.170s] Level 1:colcon.colcon_core.package_identification:_identify(src/Lslidar_ROS2_driver/lslidar_msgs) by extension 'colcon_meta'
[0.170s] Level 1:colcon.colcon_core.package_identification:_identify(src/Lslidar_ROS2_driver/lslidar_msgs) by extensions ['ros']
[0.170s] Level 1:colcon.colcon_core.package_identification:_identify(src/Lslidar_ROS2_driver/lslidar_msgs) by extension 'ros'
[0.170s] DEBUG:colcon.colcon_core.package_identification:Package 'src/Lslidar_ROS2_driver/lslidar_msgs' with type 'ros.ament_cmake' and name 'lslidar_msgs'
[0.170s] Level 1:colcon.colcon_core.package_identification:_identify(src/icp_node) by extensions ['ignore', 'ignore_ament_install']
[0.170s] Level 1:colcon.colcon_core.package_identification:_identify(src/icp_node) by extension 'ignore'
[0.170s] Level 1:colcon.colcon_core.package_identification:_identify(src/icp_node) by extension 'ignore_ament_install'
[0.170s] Level 1:colcon.colcon_core.package_identification:_identify(src/icp_node) by extensions ['colcon_pkg']
[0.170s] Level 1:colcon.colcon_core.package_identification:_identify(src/icp_node) by extension 'colcon_pkg'
[0.170s] Level 1:colcon.colcon_core.package_identification:_identify(src/icp_node) by extensions ['colcon_meta']
[0.170s] Level 1:colcon.colcon_core.package_identification:_identify(src/icp_node) by extension 'colcon_meta'
[0.170s] Level 1:colcon.colcon_core.package_identification:_identify(src/icp_node) by extensions ['ros']
[0.170s] Level 1:colcon.colcon_core.package_identification:_identify(src/icp_node) by extension 'ros'
[0.171s] DEBUG:colcon.colcon_core.package_identification:Package 'src/icp_node' with type 'ros.ament_cmake' and name 'icp_node'
[0.171s] Level 1:colcon.colcon_core.package_identification:_identify(src/laser_to_pc) by extensions ['ignore', 'ignore_ament_install']
[0.171s] Level 1:colcon.colcon_core.package_identification:_identify(src/laser_to_pc) by extension 'ignore'
[0.171s] Level 1:colcon.colcon_core.package_identification:_identify(src/laser_to_pc) by extension 'ignore_ament_install'
[0.171s] Level 1:colcon.colcon_core.package_identification:_identify(src/laser_to_pc) by extensions ['colcon_pkg']
[0.171s] Level 1:colcon.colcon_core.package_identification:_identify(src/laser_to_pc) by extension 'colcon_pkg'
[0.171s] Level 1:colcon.colcon_core.package_identification:_identify(src/laser_to_pc) by extensions ['colcon_meta']
[0.171s] Level 1:colcon.colcon_core.package_identification:_identify(src/laser_to_pc) by extension 'colcon_meta'
[0.171s] Level 1:colcon.colcon_core.package_identification:_identify(src/laser_to_pc) by extensions ['ros']
[0.171s] Level 1:colcon.colcon_core.package_identification:_identify(src/laser_to_pc) by extension 'ros'
[0.172s] DEBUG:colcon.colcon_core.package_identification:Package 'src/laser_to_pc' with type 'ros.ament_cmake' and name 'laser_to_pc'
[0.172s] Level 1:colcon.colcon_core.package_identification:_identify(src/pclomp) by extensions ['ignore', 'ignore_ament_install']
[0.172s] Level 1:colcon.colcon_core.package_identification:_identify(src/pclomp) by extension 'ignore'
[0.172s] Level 1:colcon.colcon_core.package_identification:_identify(src/pclomp) by extension 'ignore_ament_install'
[0.172s] Level 1:colcon.colcon_core.package_identification:_identify(src/pclomp) by extensions ['colcon_pkg']
[0.172s] Level 1:colcon.colcon_core.package_identification:_identify(src/pclomp) by extension 'colcon_pkg'
[0.172s] Level 1:colcon.colcon_core.package_identification:_identify(src/pclomp) by extensions ['colcon_meta']
[0.172s] Level 1:colcon.colcon_core.package_identification:_identify(src/pclomp) by extension 'colcon_meta'
[0.172s] Level 1:colcon.colcon_core.package_identification:_identify(src/pclomp) by extensions ['ros']
[0.172s] Level 1:colcon.colcon_core.package_identification:_identify(src/pclomp) by extension 'ros'
[0.172s] DEBUG:colcon.colcon_core.package_identification:Package 'src/pclomp' with type 'ros.cmake' and name 'pclomp'
[0.172s] Level 1:colcon.colcon_core.package_identification:_identify(src/ros2_serial) by extensions ['ignore', 'ignore_ament_install']
[0.172s] Level 1:colcon.colcon_core.package_identification:_identify(src/ros2_serial) by extension 'ignore'
[0.173s] Level 1:colcon.colcon_core.package_identification:_identify(src/ros2_serial) by extension 'ignore_ament_install'
[0.173s] Level 1:colcon.colcon_core.package_identification:_identify(src/ros2_serial) by extensions ['colcon_pkg']
[0.173s] Level 1:colcon.colcon_core.package_identification:_identify(src/ros2_serial) by extension 'colcon_pkg'
[0.173s] Level 1:colcon.colcon_core.package_identification:_identify(src/ros2_serial) by extensions ['colcon_meta']
[0.173s] Level 1:colcon.colcon_core.package_identification:_identify(src/ros2_serial) by extension 'colcon_meta'
[0.173s] Level 1:colcon.colcon_core.package_identification:_identify(src/ros2_serial) by extensions ['ros']
[0.173s] Level 1:colcon.colcon_core.package_identification:_identify(src/ros2_serial) by extension 'ros'
[0.173s] Level 1:colcon.colcon_core.package_identification:_identify(src/ros2_serial) by extensions ['cmake', 'python']
[0.173s] Level 1:colcon.colcon_core.package_identification:_identify(src/ros2_serial) by extension 'cmake'
[0.173s] Level 1:colcon.colcon_core.package_identification:_identify(src/ros2_serial) by extension 'python'
[0.173s] Level 1:colcon.colcon_core.package_identification:_identify(src/ros2_serial) by extensions ['python_setup_py']
[0.173s] Level 1:colcon.colcon_core.package_identification:_identify(src/ros2_serial) by extension 'python_setup_py'
[0.173s] Level 1:colcon.colcon_core.package_identification:_identify(src/ros2_serial/ros2_cppserial) by extensions ['ignore', 'ignore_ament_install']
[0.173s] Level 1:colcon.colcon_core.package_identification:_identify(src/ros2_serial/ros2_cppserial) by extension 'ignore'
[0.173s] Level 1:colcon.colcon_core.package_identification:_identify(src/ros2_serial/ros2_cppserial) by extension 'ignore_ament_install'
[0.173s] Level 1:colcon.colcon_core.package_identification:_identify(src/ros2_serial/ros2_cppserial) by extensions ['colcon_pkg']
[0.173s] Level 1:colcon.colcon_core.package_identification:_identify(src/ros2_serial/ros2_cppserial) by extension 'colcon_pkg'
[0.173s] Level 1:colcon.colcon_core.package_identification:_identify(src/ros2_serial/ros2_cppserial) by extensions ['colcon_meta']
[0.173s] Level 1:colcon.colcon_core.package_identification:_identify(src/ros2_serial/ros2_cppserial) by extension 'colcon_meta'
[0.173s] Level 1:colcon.colcon_core.package_identification:_identify(src/ros2_serial/ros2_cppserial) by extensions ['ros']
[0.173s] Level 1:colcon.colcon_core.package_identification:_identify(src/ros2_serial/ros2_cppserial) by extension 'ros'
[0.173s] DEBUG:colcon.colcon_core.package_identification:Package 'src/ros2_serial/ros2_cppserial' with type 'ros.ament_cmake' and name 'ros2_cppserial'
[0.173s] Level 1:colcon.colcon_core.package_identification:_identify(src/ros2_serial/ros2_serial_interfaces) by extensions ['ignore', 'ignore_ament_install']
[0.173s] Level 1:colcon.colcon_core.package_identification:_identify(src/ros2_serial/ros2_serial_interfaces) by extension 'ignore'
[0.173s] Level 1:colcon.colcon_core.package_identification:_identify(src/ros2_serial/ros2_serial_interfaces) by extension 'ignore_ament_install'
[0.174s] Level 1:colcon.colcon_core.package_identification:_identify(src/ros2_serial/ros2_serial_interfaces) by extensions ['colcon_pkg']
[0.174s] Level 1:colcon.colcon_core.package_identification:_identify(src/ros2_serial/ros2_serial_interfaces) by extension 'colcon_pkg'
[0.174s] Level 1:colcon.colcon_core.package_identification:_identify(src/ros2_serial/ros2_serial_interfaces) by extensions ['colcon_meta']
[0.174s] Level 1:colcon.colcon_core.package_identification:_identify(src/ros2_serial/ros2_serial_interfaces) by extension 'colcon_meta'
[0.174s] Level 1:colcon.colcon_core.package_identification:_identify(src/ros2_serial/ros2_serial_interfaces) by extensions ['ros']
[0.174s] Level 1:colcon.colcon_core.package_identification:_identify(src/ros2_serial/ros2_serial_interfaces) by extension 'ros'
[0.174s] DEBUG:colcon.colcon_core.package_identification:Package 'src/ros2_serial/ros2_serial_interfaces' with type 'ros.ament_cmake' and name 'ros2_serial_interfaces'
[0.174s] Level 1:colcon.colcon_core.package_identification:_identify(src/serial-ros2) by extensions ['ignore', 'ignore_ament_install']
[0.174s] Level 1:colcon.colcon_core.package_identification:_identify(src/serial-ros2) by extension 'ignore'
[0.174s] Level 1:colcon.colcon_core.package_identification:_identify(src/serial-ros2) by extension 'ignore_ament_install'
[0.174s] Level 1:colcon.colcon_core.package_identification:_identify(src/serial-ros2) by extensions ['colcon_pkg']
[0.174s] Level 1:colcon.colcon_core.package_identification:_identify(src/serial-ros2) by extension 'colcon_pkg'
[0.174s] Level 1:colcon.colcon_core.package_identification:_identify(src/serial-ros2) by extensions ['colcon_meta']
[0.174s] Level 1:colcon.colcon_core.package_identification:_identify(src/serial-ros2) by extension 'colcon_meta'
[0.174s] Level 1:colcon.colcon_core.package_identification:_identify(src/serial-ros2) by extensions ['ros']
[0.174s] Level 1:colcon.colcon_core.package_identification:_identify(src/serial-ros2) by extension 'ros'
[0.175s] DEBUG:colcon.colcon_core.package_identification:Package 'src/serial-ros2' with type 'ros.ament_cmake' and name 'serial'
[0.175s] Level 1:colcon.colcon_core.package_identification:_identify(src/urg_node2) by extensions ['ignore', 'ignore_ament_install']
[0.175s] Level 1:colcon.colcon_core.package_identification:_identify(src/urg_node2) by extension 'ignore'
[0.175s] Level 1:colcon.colcon_core.package_identification:_identify(src/urg_node2) by extension 'ignore_ament_install'
[0.175s] Level 1:colcon.colcon_core.package_identification:_identify(src/urg_node2) by extensions ['colcon_pkg']
[0.175s] Level 1:colcon.colcon_core.package_identification:_identify(src/urg_node2) by extension 'colcon_pkg'
[0.175s] Level 1:colcon.colcon_core.package_identification:_identify(src/urg_node2) by extensions ['colcon_meta']
[0.175s] Level 1:colcon.colcon_core.package_identification:_identify(src/urg_node2) by extension 'colcon_meta'
[0.175s] Level 1:colcon.colcon_core.package_identification:_identify(src/urg_node2) by extensions ['ros']
[0.175s] Level 1:colcon.colcon_core.package_identification:_identify(src/urg_node2) by extension 'ros'
[0.176s] DEBUG:colcon.colcon_core.package_identification:Package 'src/urg_node2' with type 'ros.ament_cmake' and name 'urg_node2'
[0.176s] Level 1:colcon.colcon_core.package_discovery:discover_packages(recursive) using defaults
[0.176s] Level 1:colcon.colcon_core.package_discovery:discover_packages(ignore) discover
[0.176s] Level 1:colcon.colcon_core.package_discovery:discover_packages(ignore) using defaults
[0.176s] Level 1:colcon.colcon_core.package_discovery:discover_packages(path) discover
[0.176s] Level 1:colcon.colcon_core.package_discovery:discover_packages(path) using defaults
[0.197s] Level 1:colcon.colcon_core.package_discovery:discover_packages(prefix_path) check parameters
[0.197s] Level 1:colcon.colcon_core.package_discovery:discover_packages(prefix_path) discover
[0.198s] DEBUG:colcon.colcon_installed_package_information.package_discovery:Found 7 installed packages in /home/zalv/hokuyo3_ws/install
[0.199s] DEBUG:colcon.colcon_installed_package_information.package_discovery:Found 288 installed packages in /opt/ros/humble
[0.200s] Level 1:colcon.colcon_core.package_discovery:discover_packages(prefix_path) using defaults
[0.222s] Level 5:colcon.colcon_core.verb:set package 'icp_node' build argument 'cmake_args' from command line to 'None'
[0.222s] Level 5:colcon.colcon_core.verb:set package 'icp_node' build argument 'cmake_target' from command line to 'None'
[0.222s] Level 5:colcon.colcon_core.verb:set package 'icp_node' build argument 'cmake_target_skip_unavailable' from command line to 'False'
[0.222s] Level 5:colcon.colcon_core.verb:set package 'icp_node' build argument 'cmake_clean_cache' from command line to 'False'
[0.222s] Level 5:colcon.colcon_core.verb:set package 'icp_node' build argument 'cmake_clean_first' from command line to 'False'
[0.222s] Level 5:colcon.colcon_core.verb:set package 'icp_node' build argument 'cmake_force_configure' from command line to 'False'
[0.222s] Level 5:colcon.colcon_core.verb:set package 'icp_node' build argument 'ament_cmake_args' from command line to 'None'
[0.222s] Level 5:colcon.colcon_core.verb:set package 'icp_node' build argument 'catkin_cmake_args' from command line to 'None'
[0.222s] Level 5:colcon.colcon_core.verb:set package 'icp_node' build argument 'catkin_skip_building_tests' from command line to 'False'
[0.222s] DEBUG:colcon.colcon_core.verb:Building package 'icp_node' with the following arguments: {'ament_cmake_args': None, 'build_base': '/home/zalv/hokuyo3_ws/build/icp_node', 'catkin_cmake_args': None, 'catkin_skip_building_tests': False, 'cmake_args': None, 'cmake_clean_cache': False, 'cmake_clean_first': False, 'cmake_force_configure': False, 'cmake_target': None, 'cmake_target_skip_unavailable': False, 'install_base': '/home/zalv/hokuyo3_ws/install/icp_node', 'merge_install': False, 'path': '/home/zalv/hokuyo3_ws/src/icp_node', 'symlink_install': True, 'test_result_base': None}
[0.223s] Level 5:colcon.colcon_core.verb:set package 'laser_to_pc' build argument 'cmake_args' from command line to 'None'
[0.223s] Level 5:colcon.colcon_core.verb:set package 'laser_to_pc' build argument 'cmake_target' from command line to 'None'
[0.223s] Level 5:colcon.colcon_core.verb:set package 'laser_to_pc' build argument 'cmake_target_skip_unavailable' from command line to 'False'
[0.223s] Level 5:colcon.colcon_core.verb:set package 'laser_to_pc' build argument 'cmake_clean_cache' from command line to 'False'
[0.223s] Level 5:colcon.colcon_core.verb:set package 'laser_to_pc' build argument 'cmake_clean_first' from command line to 'False'
[0.223s] Level 5:colcon.colcon_core.verb:set package 'laser_to_pc' build argument 'cmake_force_configure' from command line to 'False'
[0.223s] Level 5:colcon.colcon_core.verb:set package 'laser_to_pc' build argument 'ament_cmake_args' from command line to 'None'
[0.223s] Level 5:colcon.colcon_core.verb:set package 'laser_to_pc' build argument 'catkin_cmake_args' from command line to 'None'
[0.223s] Level 5:colcon.colcon_core.verb:set package 'laser_to_pc' build argument 'catkin_skip_building_tests' from command line to 'False'
[0.223s] DEBUG:colcon.colcon_core.verb:Building package 'laser_to_pc' with the following arguments: {'ament_cmake_args': None, 'build_base': '/home/zalv/hokuyo3_ws/build/laser_to_pc', 'catkin_cmake_args': None, 'catkin_skip_building_tests': False, 'cmake_args': None, 'cmake_clean_cache': False, 'cmake_clean_first': False, 'cmake_force_configure': False, 'cmake_target': None, 'cmake_target_skip_unavailable': False, 'install_base': '/home/zalv/hokuyo3_ws/install/laser_to_pc', 'merge_install': False, 'path': '/home/zalv/hokuyo3_ws/src/laser_to_pc', 'symlink_install': True, 'test_result_base': None}
[0.223s] Level 5:colcon.colcon_core.verb:set package 'lslidar_msgs' build argument 'cmake_args' from command line to 'None'
[0.223s] Level 5:colcon.colcon_core.verb:set package 'lslidar_msgs' build argument 'cmake_target' from command line to 'None'
[0.223s] Level 5:colcon.colcon_core.verb:set package 'lslidar_msgs' build argument 'cmake_target_skip_unavailable' from command line to 'False'
[0.223s] Level 5:colcon.colcon_core.verb:set package 'lslidar_msgs' build argument 'cmake_clean_cache' from command line to 'False'
[0.223s] Level 5:colcon.colcon_core.verb:set package 'lslidar_msgs' build argument 'cmake_clean_first' from command line to 'False'
[0.223s] Level 5:colcon.colcon_core.verb:set package 'lslidar_msgs' build argument 'cmake_force_configure' from command line to 'False'
[0.223s] Level 5:colcon.colcon_core.verb:set package 'lslidar_msgs' build argument 'ament_cmake_args' from command line to 'None'
[0.223s] Level 5:colcon.colcon_core.verb:set package 'lslidar_msgs' build argument 'catkin_cmake_args' from command line to 'None'
[0.223s] Level 5:colcon.colcon_core.verb:set package 'lslidar_msgs' build argument 'catkin_skip_building_tests' from command line to 'False'
[0.223s] DEBUG:colcon.colcon_core.verb:Building package 'lslidar_msgs' with the following arguments: {'ament_cmake_args': None, 'build_base': '/home/zalv/hokuyo3_ws/build/lslidar_msgs', 'catkin_cmake_args': None, 'catkin_skip_building_tests': False, 'cmake_args': None, 'cmake_clean_cache': False, 'cmake_clean_first': False, 'cmake_force_configure': False, 'cmake_target': None, 'cmake_target_skip_unavailable': False, 'install_base': '/home/zalv/hokuyo3_ws/install/lslidar_msgs', 'merge_install': False, 'path': '/home/zalv/hokuyo3_ws/src/Lslidar_ROS2_driver/lslidar_msgs', 'symlink_install': True, 'test_result_base': None}
[0.223s] Level 5:colcon.colcon_core.verb:set package 'pclomp' build argument 'cmake_args' from command line to 'None'
[0.223s] Level 5:colcon.colcon_core.verb:set package 'pclomp' build argument 'cmake_target' from command line to 'None'
[0.223s] Level 5:colcon.colcon_core.verb:set package 'pclomp' build argument 'cmake_target_skip_unavailable' from command line to 'False'
[0.223s] Level 5:colcon.colcon_core.verb:set package 'pclomp' build argument 'cmake_clean_cache' from command line to 'False'
[0.223s] Level 5:colcon.colcon_core.verb:set package 'pclomp' build argument 'cmake_clean_first' from command line to 'False'
[0.223s] Level 5:colcon.colcon_core.verb:set package 'pclomp' build argument 'cmake_force_configure' from command line to 'False'
[0.223s] Level 5:colcon.colcon_core.verb:set package 'pclomp' build argument 'ament_cmake_args' from command line to 'None'
[0.223s] Level 5:colcon.colcon_core.verb:set package 'pclomp' build argument 'catkin_cmake_args' from command line to 'None'
[0.223s] Level 5:colcon.colcon_core.verb:set package 'pclomp' build argument 'catkin_skip_building_tests' from command line to 'False'
[0.223s] DEBUG:colcon.colcon_core.verb:Building package 'pclomp' with the following arguments: {'ament_cmake_args': None, 'build_base': '/home/zalv/hokuyo3_ws/build/pclomp', 'catkin_cmake_args': None, 'catkin_skip_building_tests': False, 'cmake_args': None, 'cmake_clean_cache': False, 'cmake_clean_first': False, 'cmake_force_configure': False, 'cmake_target': None, 'cmake_target_skip_unavailable': False, 'install_base': '/home/zalv/hokuyo3_ws/install/pclomp', 'merge_install': False, 'path': '/home/zalv/hokuyo3_ws/src/pclomp', 'symlink_install': True, 'test_result_base': None}
[0.224s] Level 5:colcon.colcon_core.verb:set package 'ros2_serial_interfaces' build argument 'cmake_args' from command line to 'None'
[0.224s] Level 5:colcon.colcon_core.verb:set package 'ros2_serial_interfaces' build argument 'cmake_target' from command line to 'None'
[0.224s] Level 5:colcon.colcon_core.verb:set package 'ros2_serial_interfaces' build argument 'cmake_target_skip_unavailable' from command line to 'False'
[0.224s] Level 5:colcon.colcon_core.verb:set package 'ros2_serial_interfaces' build argument 'cmake_clean_cache' from command line to 'False'
[0.224s] Level 5:colcon.colcon_core.verb:set package 'ros2_serial_interfaces' build argument 'cmake_clean_first' from command line to 'False'
[0.224s] Level 5:colcon.colcon_core.verb:set package 'ros2_serial_interfaces' build argument 'cmake_force_configure' from command line to 'False'
[0.224s] Level 5:colcon.colcon_core.verb:set package 'ros2_serial_interfaces' build argument 'ament_cmake_args' from command line to 'None'
[0.224s] Level 5:colcon.colcon_core.verb:set package 'ros2_serial_interfaces' build argument 'catkin_cmake_args' from command line to 'None'
[0.224s] Level 5:colcon.colcon_core.verb:set package 'ros2_serial_interfaces' build argument 'catkin_skip_building_tests' from command line to 'False'
[0.224s] DEBUG:colcon.colcon_core.verb:Building package 'ros2_serial_interfaces' with the following arguments: {'ament_cmake_args': None, 'build_base': '/home/zalv/hokuyo3_ws/build/ros2_serial_interfaces', 'catkin_cmake_args': None, 'catkin_skip_building_tests': False, 'cmake_args': None, 'cmake_clean_cache': False, 'cmake_clean_first': False, 'cmake_force_configure': False, 'cmake_target': None, 'cmake_target_skip_unavailable': False, 'install_base': '/home/zalv/hokuyo3_ws/install/ros2_serial_interfaces', 'merge_install': False, 'path': '/home/zalv/hokuyo3_ws/src/ros2_serial/ros2_serial_interfaces', 'symlink_install': True, 'test_result_base': None}
[0.224s] Level 5:colcon.colcon_core.verb:set package 'serial' build argument 'cmake_args' from command line to 'None'
[0.224s] Level 5:colcon.colcon_core.verb:set package 'serial' build argument 'cmake_target' from command line to 'None'
[0.224s] Level 5:colcon.colcon_core.verb:set package 'serial' build argument 'cmake_target_skip_unavailable' from command line to 'False'
[0.224s] Level 5:colcon.colcon_core.verb:set package 'serial' build argument 'cmake_clean_cache' from command line to 'False'
[0.224s] Level 5:colcon.colcon_core.verb:set package 'serial' build argument 'cmake_clean_first' from command line to 'False'
[0.224s] Level 5:colcon.colcon_core.verb:set package 'serial' build argument 'cmake_force_configure' from command line to 'False'
[0.224s] Level 5:colcon.colcon_core.verb:set package 'serial' build argument 'ament_cmake_args' from command line to 'None'
[0.224s] Level 5:colcon.colcon_core.verb:set package 'serial' build argument 'catkin_cmake_args' from command line to 'None'
[0.224s] Level 5:colcon.colcon_core.verb:set package 'serial' build argument 'catkin_skip_building_tests' from command line to 'False'
[0.224s] DEBUG:colcon.colcon_core.verb:Building package 'serial' with the following arguments: {'ament_cmake_args': None, 'build_base': '/home/zalv/hokuyo3_ws/build/serial', 'catkin_cmake_args': None, 'catkin_skip_building_tests': False, 'cmake_args': None, 'cmake_clean_cache': False, 'cmake_clean_first': False, 'cmake_force_configure': False, 'cmake_target': None, 'cmake_target_skip_unavailable': False, 'install_base': '/home/zalv/hokuyo3_ws/install/serial', 'merge_install': False, 'path': '/home/zalv/hokuyo3_ws/src/serial-ros2', 'symlink_install': True, 'test_result_base': None}
[0.224s] Level 5:colcon.colcon_core.verb:set package 'urg_node2' build argument 'cmake_args' from command line to 'None'
[0.224s] Level 5:colcon.colcon_core.verb:set package 'urg_node2' build argument 'cmake_target' from command line to 'None'
[0.224s] Level 5:colcon.colcon_core.verb:set package 'urg_node2' build argument 'cmake_target_skip_unavailable' from command line to 'False'
[0.224s] Level 5:colcon.colcon_core.verb:set package 'urg_node2' build argument 'cmake_clean_cache' from command line to 'False'
[0.224s] Level 5:colcon.colcon_core.verb:set package 'urg_node2' build argument 'cmake_clean_first' from command line to 'False'
[0.224s] Level 5:colcon.colcon_core.verb:set package 'urg_node2' build argument 'cmake_force_configure' from command line to 'False'
[0.224s] Level 5:colcon.colcon_core.verb:set package 'urg_node2' build argument 'ament_cmake_args' from command line to 'None'
[0.224s] Level 5:colcon.colcon_core.verb:set package 'urg_node2' build argument 'catkin_cmake_args' from command line to 'None'
[0.224s] Level 5:colcon.colcon_core.verb:set package 'urg_node2' build argument 'catkin_skip_building_tests' from command line to 'False'
[0.224s] DEBUG:colcon.colcon_core.verb:Building package 'urg_node2' with the following arguments: {'ament_cmake_args': None, 'build_base': '/home/zalv/hokuyo3_ws/build/urg_node2', 'catkin_cmake_args': None, 'catkin_skip_building_tests': False, 'cmake_args': None, 'cmake_clean_cache': False, 'cmake_clean_first': False, 'cmake_force_configure': False, 'cmake_target': None, 'cmake_target_skip_unavailable': False, 'install_base': '/home/zalv/hokuyo3_ws/install/urg_node2', 'merge_install': False, 'path': '/home/zalv/hokuyo3_ws/src/urg_node2', 'symlink_install': True, 'test_result_base': None}
[0.225s] Level 5:colcon.colcon_core.verb:set package 'lslidar_driver' build argument 'cmake_args' from command line to 'None'
[0.225s] Level 5:colcon.colcon_core.verb:set package 'lslidar_driver' build argument 'cmake_target' from command line to 'None'
[0.225s] Level 5:colcon.colcon_core.verb:set package 'lslidar_driver' build argument 'cmake_target_skip_unavailable' from command line to 'False'
[0.225s] Level 5:colcon.colcon_core.verb:set package 'lslidar_driver' build argument 'cmake_clean_cache' from command line to 'False'
[0.225s] Level 5:colcon.colcon_core.verb:set package 'lslidar_driver' build argument 'cmake_clean_first' from command line to 'False'
[0.225s] Level 5:colcon.colcon_core.verb:set package 'lslidar_driver' build argument 'cmake_force_configure' from command line to 'False'
[0.225s] Level 5:colcon.colcon_core.verb:set package 'lslidar_driver' build argument 'ament_cmake_args' from command line to 'None'
[0.225s] Level 5:colcon.colcon_core.verb:set package 'lslidar_driver' build argument 'catkin_cmake_args' from command line to 'None'
[0.225s] Level 5:colcon.colcon_core.verb:set package 'lslidar_driver' build argument 'catkin_skip_building_tests' from command line to 'False'
[0.225s] DEBUG:colcon.colcon_core.verb:Building package 'lslidar_driver' with the following arguments: {'ament_cmake_args': None, 'build_base': '/home/zalv/hokuyo3_ws/build/lslidar_driver', 'catkin_cmake_args': None, 'catkin_skip_building_tests': False, 'cmake_args': None, 'cmake_clean_cache': False, 'cmake_clean_first': False, 'cmake_force_configure': False, 'cmake_target': None, 'cmake_target_skip_unavailable': False, 'install_base': '/home/zalv/hokuyo3_ws/install/lslidar_driver', 'merge_install': False, 'path': '/home/zalv/hokuyo3_ws/src/Lslidar_ROS2_driver/lslidar_driver', 'symlink_install': True, 'test_result_base': None}
[0.225s] Level 5:colcon.colcon_core.verb:set package 'ros2_cppserial' build argument 'cmake_args' from command line to 'None'
[0.225s] Level 5:colcon.colcon_core.verb:set package 'ros2_cppserial' build argument 'cmake_target' from command line to 'None'
[0.225s] Level 5:colcon.colcon_core.verb:set package 'ros2_cppserial' build argument 'cmake_target_skip_unavailable' from command line to 'False'
[0.225s] Level 5:colcon.colcon_core.verb:set package 'ros2_cppserial' build argument 'cmake_clean_cache' from command line to 'False'
[0.225s] Level 5:colcon.colcon_core.verb:set package 'ros2_cppserial' build argument 'cmake_clean_first' from command line to 'False'
[0.225s] Level 5:colcon.colcon_core.verb:set package 'ros2_cppserial' build argument 'cmake_force_configure' from command line to 'False'
[0.225s] Level 5:colcon.colcon_core.verb:set package 'ros2_cppserial' build argument 'ament_cmake_args' from command line to 'None'
[0.225s] Level 5:colcon.colcon_core.verb:set package 'ros2_cppserial' build argument 'catkin_cmake_args' from command line to 'None'
[0.225s] Level 5:colcon.colcon_core.verb:set package 'ros2_cppserial' build argument 'catkin_skip_building_tests' from command line to 'False'
[0.225s] DEBUG:colcon.colcon_core.verb:Building package 'ros2_cppserial' with the following arguments: {'ament_cmake_args': None, 'build_base': '/home/zalv/hokuyo3_ws/build/ros2_cppserial', 'catkin_cmake_args': None, 'catkin_skip_building_tests': False, 'cmake_args': None, 'cmake_clean_cache': False, 'cmake_clean_first': False, 'cmake_force_configure': False, 'cmake_target': None, 'cmake_target_skip_unavailable': False, 'install_base': '/home/zalv/hokuyo3_ws/install/ros2_cppserial', 'merge_install': False, 'path': '/home/zalv/hokuyo3_ws/src/ros2_serial/ros2_cppserial', 'symlink_install': True, 'test_result_base': None}
[0.225s] INFO:colcon.colcon_core.executor:Executing jobs using 'parallel' executor
[0.226s] DEBUG:colcon.colcon_parallel_executor.executor.parallel:run_until_complete
[0.226s] INFO:colcon.colcon_ros.task.ament_cmake.build:Building ROS package in '/home/zalv/hokuyo3_ws/src/Lslidar_ROS2_driver/lslidar_msgs' with build type 'ament_cmake'
[0.226s] INFO:colcon.colcon_cmake.task.cmake.build:Building CMake package in '/home/zalv/hokuyo3_ws/src/Lslidar_ROS2_driver/lslidar_msgs'
[0.229s] INFO:colcon.colcon_core.plugin_system:Skipping extension 'colcon_core.shell.bat': Not used on non-Windows systems
[0.229s] INFO:colcon.colcon_core.shell:Skip shell extension 'powershell' for command environment: Not usable outside of PowerShell
[0.229s] DEBUG:colcon.colcon_core.shell:Skip shell extension 'dsv' for command environment
[0.232s] INFO:colcon.colcon_ros.task.ament_cmake.build:Building ROS package in '/home/zalv/hokuyo3_ws/src/ros2_serial/ros2_serial_interfaces' with build type 'ament_cmake'
[0.232s] INFO:colcon.colcon_cmake.task.cmake.build:Building CMake package in '/home/zalv/hokuyo3_ws/src/ros2_serial/ros2_serial_interfaces'
[0.232s] INFO:colcon.colcon_core.shell:Skip shell extension 'powershell' for command environment: Not usable outside of PowerShell
[0.232s] DEBUG:colcon.colcon_core.shell:Skip shell extension 'dsv' for command environment
[0.235s] INFO:colcon.colcon_ros.task.ament_cmake.build:Building ROS package in '/home/zalv/hokuyo3_ws/src/icp_node' with build type 'ament_cmake'
[0.235s] INFO:colcon.colcon_cmake.task.cmake.build:Building CMake package in '/home/zalv/hokuyo3_ws/src/icp_node'
[0.236s] INFO:colcon.colcon_core.shell:Skip shell extension 'powershell' for command environment: Not usable outside of PowerShell
[0.236s] DEBUG:colcon.colcon_core.shell:Skip shell extension 'dsv' for command environment
[0.240s] INFO:colcon.colcon_ros.task.ament_cmake.build:Building ROS package in '/home/zalv/hokuyo3_ws/src/laser_to_pc' with build type 'ament_cmake'
[0.240s] INFO:colcon.colcon_cmake.task.cmake.build:Building CMake package in '/home/zalv/hokuyo3_ws/src/laser_to_pc'
[0.240s] INFO:colcon.colcon_core.shell:Skip shell extension 'powershell' for command environment: Not usable outside of PowerShell
[0.240s] DEBUG:colcon.colcon_core.shell:Skip shell extension 'dsv' for command environment
[0.243s] INFO:colcon.colcon_ros.task.cmake.build:Building ROS package in '/home/zalv/hokuyo3_ws/src/pclomp' with build type 'cmake'
[0.243s] INFO:colcon.colcon_cmake.task.cmake.build:Building CMake package in '/home/zalv/hokuyo3_ws/src/pclomp'
[0.243s] INFO:colcon.colcon_core.shell:Skip shell extension 'powershell' for command environment: Not usable outside of PowerShell
[0.243s] DEBUG:colcon.colcon_core.shell:Skip shell extension 'dsv' for command environment
[0.246s] INFO:colcon.colcon_ros.task.ament_cmake.build:Building ROS package in '/home/zalv/hokuyo3_ws/src/serial-ros2' with build type 'ament_cmake'
[0.247s] INFO:colcon.colcon_cmake.task.cmake.build:Building CMake package in '/home/zalv/hokuyo3_ws/src/serial-ros2'
[0.247s] INFO:colcon.colcon_core.shell:Skip shell extension 'powershell' for command environment: Not usable outside of PowerShell
[0.247s] DEBUG:colcon.colcon_core.shell:Skip shell extension 'dsv' for command environment
[0.250s] INFO:colcon.colcon_ros.task.ament_cmake.build:Building ROS package in '/home/zalv/hokuyo3_ws/src/urg_node2' with build type 'ament_cmake'
[0.250s] INFO:colcon.colcon_cmake.task.cmake.build:Building CMake package in '/home/zalv/hokuyo3_ws/src/urg_node2'
[0.251s] INFO:colcon.colcon_core.shell:Skip shell extension 'powershell' for command environment: Not usable outside of PowerShell
[0.251s] DEBUG:colcon.colcon_core.shell:Skip shell extension 'dsv' for command environment
[0.265s] DEBUG:colcon.colcon_core.event_handler.log_command:Invoking command in '/home/zalv/hokuyo3_ws/build/lslidar_msgs': CMAKE_PREFIX_PATH=${CMAKE_PREFIX_PATH}:/opt/ros/humble /usr/bin/cmake --build /home/zalv/hokuyo3_ws/build/lslidar_msgs -- -j22 -l22
[0.270s] DEBUG:colcon.colcon_core.event_handler.log_command:Invoking command in '/home/zalv/hokuyo3_ws/build/ros2_serial_interfaces': CMAKE_PREFIX_PATH=${CMAKE_PREFIX_PATH}:/opt/ros/humble /usr/bin/cmake /home/zalv/hokuyo3_ws/src/ros2_serial/ros2_serial_interfaces -DAMENT_CMAKE_SYMLINK_INSTALL=1 -DCMAKE_INSTALL_PREFIX=/home/zalv/hokuyo3_ws/install/ros2_serial_interfaces
[0.273s] DEBUG:colcon.colcon_core.event_handler.log_command:Invoking command in '/home/zalv/hokuyo3_ws/build/icp_node': CMAKE_PREFIX_PATH=${CMAKE_PREFIX_PATH}:/opt/ros/humble /usr/bin/cmake --build /home/zalv/hokuyo3_ws/build/icp_node -- -j22 -l22
[0.277s] DEBUG:colcon.colcon_core.event_handler.log_command:Invoking command in '/home/zalv/hokuyo3_ws/build/laser_to_pc': CMAKE_PREFIX_PATH=${CMAKE_PREFIX_PATH}:/opt/ros/humble /usr/bin/cmake --build /home/zalv/hokuyo3_ws/build/laser_to_pc -- -j22 -l22
[0.280s] DEBUG:colcon.colcon_core.event_handler.log_command:Invoking command in '/home/zalv/hokuyo3_ws/build/pclomp': CMAKE_PREFIX_PATH=${CMAKE_PREFIX_PATH}:/opt/ros/humble /usr/bin/cmake --build /home/zalv/hokuyo3_ws/build/pclomp -- -j22 -l22
[0.283s] DEBUG:colcon.colcon_core.event_handler.log_command:Invoking command in '/home/zalv/hokuyo3_ws/build/serial': CMAKE_PREFIX_PATH=${CMAKE_PREFIX_PATH}:/opt/ros/humble /usr/bin/cmake /home/zalv/hokuyo3_ws/src/serial-ros2 -DAMENT_CMAKE_SYMLINK_INSTALL=1 -DCMAKE_INSTALL_PREFIX=/home/zalv/hokuyo3_ws/install/serial
[0.290s] DEBUG:colcon.colcon_core.event_handler.log_command:Invoking command in '/home/zalv/hokuyo3_ws/build/urg_node2': CMAKE_PREFIX_PATH=${CMAKE_PREFIX_PATH}:/opt/ros/humble /usr/bin/cmake --build /home/zalv/hokuyo3_ws/build/urg_node2 -- -j22 -l22
[0.386s] DEBUG:colcon.colcon_core.event_handler.log_command:Invoked command in '/home/zalv/hokuyo3_ws/build/pclomp' returned '0': CMAKE_PREFIX_PATH=${CMAKE_PREFIX_PATH}:/opt/ros/humble /usr/bin/cmake --build /home/zalv/hokuyo3_ws/build/pclomp -- -j22 -l22
[0.389s] DEBUG:colcon.colcon_core.event_handler.log_command:Invoked command in '/home/zalv/hokuyo3_ws/build/icp_node' returned '0': CMAKE_PREFIX_PATH=${CMAKE_PREFIX_PATH}:/opt/ros/humble /usr/bin/cmake --build /home/zalv/hokuyo3_ws/build/icp_node -- -j22 -l22
[0.404s] DEBUG:colcon.colcon_core.event_handler.log_command:Invoked command in '/home/zalv/hokuyo3_ws/build/urg_node2' returned '0': CMAKE_PREFIX_PATH=${CMAKE_PREFIX_PATH}:/opt/ros/humble /usr/bin/cmake --build /home/zalv/hokuyo3_ws/build/urg_node2 -- -j22 -l22
[0.428s] DEBUG:colcon.colcon_core.event_handler.log_command:Invoking command in '/home/zalv/hokuyo3_ws/build/pclomp': CMAKE_PREFIX_PATH=${CMAKE_PREFIX_PATH}:/opt/ros/humble /usr/bin/cmake --install /home/zalv/hokuyo3_ws/build/pclomp
[0.431s] DEBUG:colcon.colcon_core.event_handler.log_command:Invoking command in '/home/zalv/hokuyo3_ws/build/icp_node': CMAKE_PREFIX_PATH=${CMAKE_PREFIX_PATH}:/opt/ros/humble /usr/bin/cmake --install /home/zalv/hokuyo3_ws/build/icp_node
[0.440s] DEBUG:colcon.colcon_core.event_handler.log_command:Invoked command in '/home/zalv/hokuyo3_ws/build/pclomp' returned '0': CMAKE_PREFIX_PATH=${CMAKE_PREFIX_PATH}:/opt/ros/humble /usr/bin/cmake --install /home/zalv/hokuyo3_ws/build/pclomp
[0.452s] Level 1:colcon.colcon_core.environment:create_environment_scripts_only(icp_node)
[0.454s] DEBUG:colcon.colcon_core.event_handler.log_command:Invoked command in '/home/zalv/hokuyo3_ws/build/icp_node' returned '0': CMAKE_PREFIX_PATH=${CMAKE_PREFIX_PATH}:/opt/ros/humble /usr/bin/cmake --install /home/zalv/hokuyo3_ws/build/icp_node
[0.457s] Level 1:colcon.colcon_core.environment:checking '/home/zalv/hokuyo3_ws/install/icp_node' for CMake module files
[0.458s] Level 1:colcon.colcon_core.environment:checking '/home/zalv/hokuyo3_ws/install/icp_node' for CMake config files
[0.458s] Level 1:colcon.colcon_core.shell:create_environment_hook('icp_node', 'cmake_prefix_path')
[0.459s] INFO:colcon.colcon_core.shell:Creating environment hook '/home/zalv/hokuyo3_ws/install/icp_node/share/icp_node/hook/cmake_prefix_path.ps1'
[0.459s] INFO:colcon.colcon_core.shell:Creating environment descriptor '/home/zalv/hokuyo3_ws/install/icp_node/share/icp_node/hook/cmake_prefix_path.dsv'
[0.460s] INFO:colcon.colcon_core.shell:Creating environment hook '/home/zalv/hokuyo3_ws/install/icp_node/share/icp_node/hook/cmake_prefix_path.sh'
[0.461s] Level 1:colcon.colcon_core.environment:checking '/home/zalv/hokuyo3_ws/install/icp_node/lib'
[0.461s] Level 1:colcon.colcon_core.environment:checking '/home/zalv/hokuyo3_ws/install/icp_node/bin'
[0.461s] Level 1:colcon.colcon_core.environment:checking '/home/zalv/hokuyo3_ws/install/icp_node/lib/pkgconfig/icp_node.pc'
[0.461s] Level 1:colcon.colcon_core.environment:checking '/home/zalv/hokuyo3_ws/install/icp_node/lib/python3.10/site-packages'
[0.461s] Level 1:colcon.colcon_core.environment:checking '/home/zalv/hokuyo3_ws/install/icp_node/bin'
[0.462s] INFO:colcon.colcon_core.shell:Creating package script '/home/zalv/hokuyo3_ws/install/icp_node/share/icp_node/package.ps1'
[0.463s] INFO:colcon.colcon_core.shell:Creating package descriptor '/home/zalv/hokuyo3_ws/install/icp_node/share/icp_node/package.dsv'
[0.463s] INFO:colcon.colcon_core.shell:Creating package script '/home/zalv/hokuyo3_ws/install/icp_node/share/icp_node/package.sh'
[0.465s] INFO:colcon.colcon_core.shell:Creating package script '/home/zalv/hokuyo3_ws/install/icp_node/share/icp_node/package.bash'
[0.466s] INFO:colcon.colcon_core.shell:Creating package script '/home/zalv/hokuyo3_ws/install/icp_node/share/icp_node/package.zsh'
[0.467s] Level 1:colcon.colcon_core.environment:create_file_with_runtime_dependencies(/home/zalv/hokuyo3_ws/install/icp_node/share/colcon-core/packages/icp_node)
[0.472s] Level 1:colcon.colcon_core.shell:create_environment_hook('pclomp', 'pkg_config_path')
[0.472s] DEBUG:colcon.colcon_core.event_handler.log_command:Invoking command in '/home/zalv/hokuyo3_ws/build/urg_node2': CMAKE_PREFIX_PATH=${CMAKE_PREFIX_PATH}:/opt/ros/humble /usr/bin/cmake --install /home/zalv/hokuyo3_ws/build/urg_node2
[0.473s] INFO:colcon.colcon_core.shell:Creating environment hook '/home/zalv/hokuyo3_ws/install/pclomp/share/pclomp/hook/pkg_config_path.ps1'
[0.474s] INFO:colcon.colcon_core.shell:Creating environment descriptor '/home/zalv/hokuyo3_ws/install/pclomp/share/pclomp/hook/pkg_config_path.dsv'
[0.474s] INFO:colcon.colcon_core.shell:Creating environment hook '/home/zalv/hokuyo3_ws/install/pclomp/share/pclomp/hook/pkg_config_path.sh'
[0.477s] Level 1:colcon.colcon_core.shell:create_environment_hook('pclomp', 'pkg_config_path_multiarch')
[0.477s] INFO:colcon.colcon_core.shell:Creating environment hook '/home/zalv/hokuyo3_ws/install/pclomp/share/pclomp/hook/pkg_config_path_multiarch.ps1'
[0.478s] INFO:colcon.colcon_core.shell:Creating environment descriptor '/home/zalv/hokuyo3_ws/install/pclomp/share/pclomp/hook/pkg_config_path_multiarch.dsv'
[0.479s] INFO:colcon.colcon_core.shell:Creating environment hook '/home/zalv/hokuyo3_ws/install/pclomp/share/pclomp/hook/pkg_config_path_multiarch.sh'
[0.482s] Level 1:colcon.colcon_core.environment:create_environment_scripts_only(pclomp)
[0.483s] Level 1:colcon.colcon_core.environment:checking '/home/zalv/hokuyo3_ws/install/pclomp' for CMake module files
[0.484s] Level 1:colcon.colcon_core.environment:checking '/home/zalv/hokuyo3_ws/install/pclomp' for CMake config files
[0.484s] Level 1:colcon.colcon_core.shell:create_environment_hook('pclomp', 'cmake_prefix_path')
[0.484s] INFO:colcon.colcon_core.shell:Creating environment hook '/home/zalv/hokuyo3_ws/install/pclomp/share/pclomp/hook/cmake_prefix_path.ps1'
[0.485s] INFO:colcon.colcon_core.shell:Creating environment descriptor '/home/zalv/hokuyo3_ws/install/pclomp/share/pclomp/hook/cmake_prefix_path.dsv'
[0.485s] INFO:colcon.colcon_core.shell:Creating environment hook '/home/zalv/hokuyo3_ws/install/pclomp/share/pclomp/hook/cmake_prefix_path.sh'
[0.486s] Level 1:colcon.colcon_core.environment:checking '/home/zalv/hokuyo3_ws/install/pclomp/lib'
[0.486s] Level 1:colcon.colcon_core.shell:create_environment_hook('pclomp', 'ld_library_path_lib')
[0.486s] INFO:colcon.colcon_core.shell:Creating environment hook '/home/zalv/hokuyo3_ws/install/pclomp/share/pclomp/hook/ld_library_path_lib.ps1'
[0.487s] INFO:colcon.colcon_core.shell:Creating environment descriptor '/home/zalv/hokuyo3_ws/install/pclomp/share/pclomp/hook/ld_library_path_lib.dsv'
[0.487s] INFO:colcon.colcon_core.shell:Creating environment hook '/home/zalv/hokuyo3_ws/install/pclomp/share/pclomp/hook/ld_library_path_lib.sh'
[0.487s] Level 1:colcon.colcon_core.environment:checking '/home/zalv/hokuyo3_ws/install/pclomp/bin'
[0.488s] Level 1:colcon.colcon_core.environment:checking '/home/zalv/hokuyo3_ws/install/pclomp/lib/pkgconfig/pclomp.pc'
[0.488s] Level 1:colcon.colcon_core.environment:checking '/home/zalv/hokuyo3_ws/install/pclomp/lib/python3.10/site-packages'
[0.488s] Level 1:colcon.colcon_core.environment:checking '/home/zalv/hokuyo3_ws/install/pclomp/bin'
[0.489s] INFO:colcon.colcon_core.shell:Creating package script '/home/zalv/hokuyo3_ws/install/pclomp/share/pclomp/package.ps1'
[0.490s] INFO:colcon.colcon_core.shell:Creating package descriptor '/home/zalv/hokuyo3_ws/install/pclomp/share/pclomp/package.dsv'
[0.491s] INFO:colcon.colcon_core.shell:Creating package script '/home/zalv/hokuyo3_ws/install/pclomp/share/pclomp/package.sh'
[0.492s] INFO:colcon.colcon_core.shell:Creating package script '/home/zalv/hokuyo3_ws/install/pclomp/share/pclomp/package.bash'
[0.492s] INFO:colcon.colcon_core.shell:Creating package script '/home/zalv/hokuyo3_ws/install/pclomp/share/pclomp/package.zsh'
[0.493s] Level 1:colcon.colcon_core.environment:create_file_with_runtime_dependencies(/home/zalv/hokuyo3_ws/install/pclomp/share/colcon-core/packages/pclomp)
[0.494s] Level 1:colcon.colcon_core.environment:create_environment_scripts_only(urg_node2)
[0.495s] Level 1:colcon.colcon_core.environment:checking '/home/zalv/hokuyo3_ws/install/urg_node2' for CMake module files
[0.496s] DEBUG:colcon.colcon_core.event_handler.log_command:Invoked command in '/home/zalv/hokuyo3_ws/build/urg_node2' returned '0': CMAKE_PREFIX_PATH=${CMAKE_PREFIX_PATH}:/opt/ros/humble /usr/bin/cmake --install /home/zalv/hokuyo3_ws/build/urg_node2
[0.496s] Level 1:colcon.colcon_core.environment:checking '/home/zalv/hokuyo3_ws/install/urg_node2' for CMake config files
[0.497s] Level 1:colcon.colcon_core.shell:create_environment_hook('urg_node2', 'cmake_prefix_path')
[0.497s] INFO:colcon.colcon_core.shell:Creating environment hook '/home/zalv/hokuyo3_ws/install/urg_node2/share/urg_node2/hook/cmake_prefix_path.ps1'
[0.497s] INFO:colcon.colcon_core.shell:Creating environment descriptor '/home/zalv/hokuyo3_ws/install/urg_node2/share/urg_node2/hook/cmake_prefix_path.dsv'
[0.498s] INFO:colcon.colcon_core.shell:Creating environment hook '/home/zalv/hokuyo3_ws/install/urg_node2/share/urg_node2/hook/cmake_prefix_path.sh'
[0.499s] Level 1:colcon.colcon_core.environment:checking '/home/zalv/hokuyo3_ws/install/urg_node2/lib'
[0.499s] Level 1:colcon.colcon_core.shell:create_environment_hook('urg_node2', 'ld_library_path_lib')
[0.499s] INFO:colcon.colcon_core.shell:Creating environment hook '/home/zalv/hokuyo3_ws/install/urg_node2/share/urg_node2/hook/ld_library_path_lib.ps1'
[0.500s] INFO:colcon.colcon_core.shell:Creating environment descriptor '/home/zalv/hokuyo3_ws/install/urg_node2/share/urg_node2/hook/ld_library_path_lib.dsv'
[0.500s] INFO:colcon.colcon_core.shell:Creating environment hook '/home/zalv/hokuyo3_ws/install/urg_node2/share/urg_node2/hook/ld_library_path_lib.sh'
[0.500s] Level 1:colcon.colcon_core.environment:checking '/home/zalv/hokuyo3_ws/install/urg_node2/bin'
[0.500s] Level 1:colcon.colcon_core.environment:checking '/home/zalv/hokuyo3_ws/install/urg_node2/lib/pkgconfig/urg_node2.pc'
[0.500s] Level 1:colcon.colcon_core.environment:checking '/home/zalv/hokuyo3_ws/install/urg_node2/lib/python3.10/site-packages'
[0.501s] Level 1:colcon.colcon_core.environment:checking '/home/zalv/hokuyo3_ws/install/urg_node2/bin'
[0.501s] INFO:colcon.colcon_core.shell:Creating package script '/home/zalv/hokuyo3_ws/install/urg_node2/share/urg_node2/package.ps1'
[0.501s] INFO:colcon.colcon_core.shell:Creating package descriptor '/home/zalv/hokuyo3_ws/install/urg_node2/share/urg_node2/package.dsv'
[0.502s] INFO:colcon.colcon_core.shell:Creating package script '/home/zalv/hokuyo3_ws/install/urg_node2/share/urg_node2/package.sh'
[0.502s] INFO:colcon.colcon_core.shell:Creating package script '/home/zalv/hokuyo3_ws/install/urg_node2/share/urg_node2/package.bash'
[0.503s] INFO:colcon.colcon_core.shell:Creating package script '/home/zalv/hokuyo3_ws/install/urg_node2/share/urg_node2/package.zsh'
[0.503s] Level 1:colcon.colcon_core.environment:create_file_with_runtime_dependencies(/home/zalv/hokuyo3_ws/install/urg_node2/share/colcon-core/packages/urg_node2)
[0.504s] Level 1:colcon.colcon_core.environment:create_environment_scripts_only(icp_node)
[0.504s] Level 1:colcon.colcon_core.environment:checking '/home/zalv/hokuyo3_ws/install/icp_node' for CMake module files
[0.505s] Level 1:colcon.colcon_core.environment:checking '/home/zalv/hokuyo3_ws/install/icp_node' for CMake config files
[0.505s] Level 1:colcon.colcon_core.shell:create_environment_hook('icp_node', 'cmake_prefix_path')
[0.505s] INFO:colcon.colcon_core.shell:Creating environment hook '/home/zalv/hokuyo3_ws/install/icp_node/share/icp_node/hook/cmake_prefix_path.ps1'
[0.506s] INFO:colcon.colcon_core.shell:Creating environment descriptor '/home/zalv/hokuyo3_ws/install/icp_node/share/icp_node/hook/cmake_prefix_path.dsv'
[0.506s] INFO:colcon.colcon_core.shell:Creating environment hook '/home/zalv/hokuyo3_ws/install/icp_node/share/icp_node/hook/cmake_prefix_path.sh'
[0.506s] Level 1:colcon.colcon_core.environment:checking '/home/zalv/hokuyo3_ws/install/icp_node/lib'
[0.506s] Level 1:colcon.colcon_core.environment:checking '/home/zalv/hokuyo3_ws/install/icp_node/bin'
[0.506s] Level 1:colcon.colcon_core.environment:checking '/home/zalv/hokuyo3_ws/install/icp_node/lib/pkgconfig/icp_node.pc'
[0.507s] Level 1:colcon.colcon_core.environment:checking '/home/zalv/hokuyo3_ws/install/icp_node/lib/python3.10/site-packages'
[0.507s] Level 1:colcon.colcon_core.environment:checking '/home/zalv/hokuyo3_ws/install/icp_node/bin'
[0.507s] INFO:colcon.colcon_core.shell:Creating package script '/home/zalv/hokuyo3_ws/install/icp_node/share/icp_node/package.ps1'
[0.507s] INFO:colcon.colcon_core.shell:Creating package descriptor '/home/zalv/hokuyo3_ws/install/icp_node/share/icp_node/package.dsv'
[0.508s] INFO:colcon.colcon_core.shell:Creating package script '/home/zalv/hokuyo3_ws/install/icp_node/share/icp_node/package.sh'
[0.508s] INFO:colcon.colcon_core.shell:Creating package script '/home/zalv/hokuyo3_ws/install/icp_node/share/icp_node/package.bash'
[0.508s] INFO:colcon.colcon_core.shell:Creating package script '/home/zalv/hokuyo3_ws/install/icp_node/share/icp_node/package.zsh'
[0.509s] Level 1:colcon.colcon_core.environment:create_file_with_runtime_dependencies(/home/zalv/hokuyo3_ws/install/icp_node/share/colcon-core/packages/icp_node)
[0.552s] DEBUG:colcon.colcon_core.event_handler.log_command:Invoked command in '/home/zalv/hokuyo3_ws/build/serial' returned '0': CMAKE_PREFIX_PATH=${CMAKE_PREFIX_PATH}:/opt/ros/humble /usr/bin/cmake /home/zalv/hokuyo3_ws/src/serial-ros2 -DAMENT_CMAKE_SYMLINK_INSTALL=1 -DCMAKE_INSTALL_PREFIX=/home/zalv/hokuyo3_ws/install/serial
[0.555s] DEBUG:colcon.colcon_core.event_handler.log_command:Invoking command in '/home/zalv/hokuyo3_ws/build/serial': CMAKE_PREFIX_PATH=${CMAKE_PREFIX_PATH}:/opt/ros/humble /usr/bin/cmake --build /home/zalv/hokuyo3_ws/build/serial -- -j22 -l22
[0.563s] Level 1:colcon.colcon_core.environment:create_environment_scripts_only(urg_node2)
[0.563s] Level 1:colcon.colcon_core.environment:checking '/home/zalv/hokuyo3_ws/install/urg_node2' for CMake module files
[0.564s] Level 1:colcon.colcon_core.environment:checking '/home/zalv/hokuyo3_ws/install/urg_node2' for CMake config files
[0.564s] Level 1:colcon.colcon_core.shell:create_environment_hook('urg_node2', 'cmake_prefix_path')
[0.565s] INFO:colcon.colcon_core.shell:Creating environment hook '/home/zalv/hokuyo3_ws/install/urg_node2/share/urg_node2/hook/cmake_prefix_path.ps1'
[0.565s] INFO:colcon.colcon_core.shell:Creating environment descriptor '/home/zalv/hokuyo3_ws/install/urg_node2/share/urg_node2/hook/cmake_prefix_path.dsv'
[0.566s] INFO:colcon.colcon_core.shell:Creating environment hook '/home/zalv/hokuyo3_ws/install/urg_node2/share/urg_node2/hook/cmake_prefix_path.sh'
[0.566s] Level 1:colcon.colcon_core.environment:checking '/home/zalv/hokuyo3_ws/install/urg_node2/lib'
[0.566s] Level 1:colcon.colcon_core.shell:create_environment_hook('urg_node2', 'ld_library_path_lib')
[0.567s] INFO:colcon.colcon_core.shell:Creating environment hook '/home/zalv/hokuyo3_ws/install/urg_node2/share/urg_node2/hook/ld_library_path_lib.ps1'
[0.567s] INFO:colcon.colcon_core.shell:Creating environment descriptor '/home/zalv/hokuyo3_ws/install/urg_node2/share/urg_node2/hook/ld_library_path_lib.dsv'
[0.567s] INFO:colcon.colcon_core.shell:Creating environment hook '/home/zalv/hokuyo3_ws/install/urg_node2/share/urg_node2/hook/ld_library_path_lib.sh'
[0.568s] Level 1:colcon.colcon_core.environment:checking '/home/zalv/hokuyo3_ws/install/urg_node2/bin'
[0.568s] Level 1:colcon.colcon_core.environment:checking '/home/zalv/hokuyo3_ws/install/urg_node2/lib/pkgconfig/urg_node2.pc'
[0.568s] Level 1:colcon.colcon_core.environment:checking '/home/zalv/hokuyo3_ws/install/urg_node2/lib/python3.10/site-packages'
[0.568s] Level 1:colcon.colcon_core.environment:checking '/home/zalv/hokuyo3_ws/install/urg_node2/bin'
[0.568s] INFO:colcon.colcon_core.shell:Creating package script '/home/zalv/hokuyo3_ws/install/urg_node2/share/urg_node2/package.ps1'
[0.569s] INFO:colcon.colcon_core.shell:Creating package descriptor '/home/zalv/hokuyo3_ws/install/urg_node2/share/urg_node2/package.dsv'
[0.569s] INFO:colcon.colcon_core.shell:Creating package script '/home/zalv/hokuyo3_ws/install/urg_node2/share/urg_node2/package.sh'
[0.569s] INFO:colcon.colcon_core.shell:Creating package script '/home/zalv/hokuyo3_ws/install/urg_node2/share/urg_node2/package.bash'
[0.570s] INFO:colcon.colcon_core.shell:Creating package script '/home/zalv/hokuyo3_ws/install/urg_node2/share/urg_node2/package.zsh'
[0.570s] Level 1:colcon.colcon_core.environment:create_file_with_runtime_dependencies(/home/zalv/hokuyo3_ws/install/urg_node2/share/colcon-core/packages/urg_node2)
[0.622s] DEBUG:colcon.colcon_core.event_handler.log_command:Invoked command in '/home/zalv/hokuyo3_ws/build/serial' returned '0': CMAKE_PREFIX_PATH=${CMAKE_PREFIX_PATH}:/opt/ros/humble /usr/bin/cmake --build /home/zalv/hokuyo3_ws/build/serial -- -j22 -l22
[0.624s] DEBUG:colcon.colcon_core.event_handler.log_command:Invoked command in '/home/zalv/hokuyo3_ws/build/lslidar_msgs' returned '0': CMAKE_PREFIX_PATH=${CMAKE_PREFIX_PATH}:/opt/ros/humble /usr/bin/cmake --build /home/zalv/hokuyo3_ws/build/lslidar_msgs -- -j22 -l22
[0.656s] DEBUG:colcon.colcon_core.event_handler.log_command:Invoking command in '/home/zalv/hokuyo3_ws/build/serial': CMAKE_PREFIX_PATH=${CMAKE_PREFIX_PATH}:/opt/ros/humble /usr/bin/cmake --install /home/zalv/hokuyo3_ws/build/serial
[0.775s] DEBUG:colcon.colcon_core.event_handler.log_command:Invoking command in '/home/zalv/hokuyo3_ws/build/lslidar_msgs': CMAKE_PREFIX_PATH=${CMAKE_PREFIX_PATH}:/opt/ros/humble /usr/bin/cmake --install /home/zalv/hokuyo3_ws/build/lslidar_msgs
[0.842s] Level 1:colcon.colcon_core.environment:create_environment_scripts_only(lslidar_msgs)
[0.843s] Level 1:colcon.colcon_core.environment:checking '/home/zalv/hokuyo3_ws/install/lslidar_msgs' for CMake module files
[0.844s] DEBUG:colcon.colcon_core.event_handler.log_command:Invoked command in '/home/zalv/hokuyo3_ws/build/lslidar_msgs' returned '0': CMAKE_PREFIX_PATH=${CMAKE_PREFIX_PATH}:/opt/ros/humble /usr/bin/cmake --install /home/zalv/hokuyo3_ws/build/lslidar_msgs
[0.845s] Level 1:colcon.colcon_core.environment:checking '/home/zalv/hokuyo3_ws/install/lslidar_msgs' for CMake config files
[0.846s] Level 1:colcon.colcon_core.shell:create_environment_hook('lslidar_msgs', 'cmake_prefix_path')
[0.847s] INFO:colcon.colcon_core.shell:Creating environment hook '/home/zalv/hokuyo3_ws/install/lslidar_msgs/share/lslidar_msgs/hook/cmake_prefix_path.ps1'
[0.847s] INFO:colcon.colcon_core.shell:Creating environment descriptor '/home/zalv/hokuyo3_ws/install/lslidar_msgs/share/lslidar_msgs/hook/cmake_prefix_path.dsv'
[0.847s] INFO:colcon.colcon_core.shell:Creating environment hook '/home/zalv/hokuyo3_ws/install/lslidar_msgs/share/lslidar_msgs/hook/cmake_prefix_path.sh'
[0.848s] Level 1:colcon.colcon_core.environment:checking '/home/zalv/hokuyo3_ws/install/lslidar_msgs/lib'
[0.848s] Level 1:colcon.colcon_core.shell:create_environment_hook('lslidar_msgs', 'ld_library_path_lib')
[0.848s] INFO:colcon.colcon_core.shell:Creating environment hook '/home/zalv/hokuyo3_ws/install/lslidar_msgs/share/lslidar_msgs/hook/ld_library_path_lib.ps1'
[0.848s] INFO:colcon.colcon_core.shell:Creating environment descriptor '/home/zalv/hokuyo3_ws/install/lslidar_msgs/share/lslidar_msgs/hook/ld_library_path_lib.dsv'
[0.849s] INFO:colcon.colcon_core.shell:Creating environment hook '/home/zalv/hokuyo3_ws/install/lslidar_msgs/share/lslidar_msgs/hook/ld_library_path_lib.sh'
[0.849s] Level 1:colcon.colcon_core.environment:checking '/home/zalv/hokuyo3_ws/install/lslidar_msgs/bin'
[0.849s] Level 1:colcon.colcon_core.environment:checking '/home/zalv/hokuyo3_ws/install/lslidar_msgs/lib/pkgconfig/lslidar_msgs.pc'
[0.849s] Level 1:colcon.colcon_core.environment:checking '/home/zalv/hokuyo3_ws/install/lslidar_msgs/lib/python3.10/site-packages'
[0.849s] Level 1:colcon.colcon_core.environment:checking '/home/zalv/hokuyo3_ws/install/lslidar_msgs/bin'
[0.850s] INFO:colcon.colcon_core.shell:Creating package script '/home/zalv/hokuyo3_ws/install/lslidar_msgs/share/lslidar_msgs/package.ps1'
[0.850s] INFO:colcon.colcon_core.shell:Creating package descriptor '/home/zalv/hokuyo3_ws/install/lslidar_msgs/share/lslidar_msgs/package.dsv'
[0.850s] INFO:colcon.colcon_core.shell:Creating package script '/home/zalv/hokuyo3_ws/install/lslidar_msgs/share/lslidar_msgs/package.sh'
[0.851s] INFO:colcon.colcon_core.shell:Creating package script '/home/zalv/hokuyo3_ws/install/lslidar_msgs/share/lslidar_msgs/package.bash'
[0.851s] INFO:colcon.colcon_core.shell:Creating package script '/home/zalv/hokuyo3_ws/install/lslidar_msgs/share/lslidar_msgs/package.zsh'
[0.851s] Level 1:colcon.colcon_core.environment:create_file_with_runtime_dependencies(/home/zalv/hokuyo3_ws/install/lslidar_msgs/share/colcon-core/packages/lslidar_msgs)
[0.880s] Level 1:colcon.colcon_core.environment:create_environment_scripts_only(serial)
[0.881s] Level 1:colcon.colcon_core.environment:checking '/home/zalv/hokuyo3_ws/install/serial' for CMake module files
[0.881s] DEBUG:colcon.colcon_core.event_handler.log_command:Invoked command in '/home/zalv/hokuyo3_ws/build/serial' returned '0': CMAKE_PREFIX_PATH=${CMAKE_PREFIX_PATH}:/opt/ros/humble /usr/bin/cmake --install /home/zalv/hokuyo3_ws/build/serial
[0.882s] Level 1:colcon.colcon_core.environment:checking '/home/zalv/hokuyo3_ws/install/serial' for CMake config files
[0.882s] Level 1:colcon.colcon_core.shell:create_environment_hook('serial', 'cmake_prefix_path')
[0.883s] INFO:colcon.colcon_core.shell:Creating environment hook '/home/zalv/hokuyo3_ws/install/serial/share/serial/hook/cmake_prefix_path.ps1'
[0.883s] INFO:colcon.colcon_core.shell:Creating environment descriptor '/home/zalv/hokuyo3_ws/install/serial/share/serial/hook/cmake_prefix_path.dsv'
[0.884s] INFO:colcon.colcon_core.shell:Creating environment hook '/home/zalv/hokuyo3_ws/install/serial/share/serial/hook/cmake_prefix_path.sh'
[0.884s] Level 1:colcon.colcon_core.environment:checking '/home/zalv/hokuyo3_ws/install/serial/lib'
[0.884s] Level 1:colcon.colcon_core.environment:checking '/home/zalv/hokuyo3_ws/install/serial/bin'
[0.884s] Level 1:colcon.colcon_core.environment:checking '/home/zalv/hokuyo3_ws/install/serial/lib/pkgconfig/serial.pc'
[0.885s] Level 1:colcon.colcon_core.environment:checking '/home/zalv/hokuyo3_ws/install/serial/lib/python3.10/site-packages'
[0.885s] Level 1:colcon.colcon_core.environment:checking '/home/zalv/hokuyo3_ws/install/serial/bin'
[0.885s] INFO:colcon.colcon_core.shell:Creating package script '/home/zalv/hokuyo3_ws/install/serial/share/serial/package.ps1'
[0.885s] INFO:colcon.colcon_core.shell:Creating package descriptor '/home/zalv/hokuyo3_ws/install/serial/share/serial/package.dsv'
[0.886s] INFO:colcon.colcon_core.shell:Creating package script '/home/zalv/hokuyo3_ws/install/serial/share/serial/package.sh'
[0.886s] INFO:colcon.colcon_core.shell:Creating package script '/home/zalv/hokuyo3_ws/install/serial/share/serial/package.bash'
[0.886s] INFO:colcon.colcon_core.shell:Creating package script '/home/zalv/hokuyo3_ws/install/serial/share/serial/package.zsh'
[0.886s] Level 1:colcon.colcon_core.environment:create_file_with_runtime_dependencies(/home/zalv/hokuyo3_ws/install/serial/share/colcon-core/packages/serial)
[0.924s] Level 1:colcon.colcon_core.environment:create_environment_scripts_only(serial)
[0.924s] Level 1:colcon.colcon_core.environment:checking '/home/zalv/hokuyo3_ws/install/serial' for CMake module files
[0.925s] Level 1:colcon.colcon_core.environment:checking '/home/zalv/hokuyo3_ws/install/serial' for CMake config files
[0.926s] Level 1:colcon.colcon_core.shell:create_environment_hook('serial', 'cmake_prefix_path')
[0.926s] INFO:colcon.colcon_core.shell:Creating environment hook '/home/zalv/hokuyo3_ws/install/serial/share/serial/hook/cmake_prefix_path.ps1'
[0.927s] INFO:colcon.colcon_core.shell:Creating environment descriptor '/home/zalv/hokuyo3_ws/install/serial/share/serial/hook/cmake_prefix_path.dsv'
[0.927s] INFO:colcon.colcon_core.shell:Creating environment hook '/home/zalv/hokuyo3_ws/install/serial/share/serial/hook/cmake_prefix_path.sh'
[0.928s] Level 1:colcon.colcon_core.environment:checking '/home/zalv/hokuyo3_ws/install/serial/lib'
[0.928s] Level 1:colcon.colcon_core.environment:checking '/home/zalv/hokuyo3_ws/install/serial/bin'
[0.928s] Level 1:colcon.colcon_core.environment:checking '/home/zalv/hokuyo3_ws/install/serial/lib/pkgconfig/serial.pc'
[0.928s] Level 1:colcon.colcon_core.environment:checking '/home/zalv/hokuyo3_ws/install/serial/lib/python3.10/site-packages'
[0.928s] Level 1:colcon.colcon_core.environment:checking '/home/zalv/hokuyo3_ws/install/serial/bin'
[0.928s] INFO:colcon.colcon_core.shell:Creating package script '/home/zalv/hokuyo3_ws/install/serial/share/serial/package.ps1'
[0.930s] INFO:colcon.colcon_core.shell:Creating package descriptor '/home/zalv/hokuyo3_ws/install/serial/share/serial/package.dsv'
[0.930s] INFO:colcon.colcon_core.shell:Creating package script '/home/zalv/hokuyo3_ws/install/serial/share/serial/package.sh'
[0.931s] INFO:colcon.colcon_core.shell:Creating package script '/home/zalv/hokuyo3_ws/install/serial/share/serial/package.bash'
[0.931s] INFO:colcon.colcon_core.shell:Creating package script '/home/zalv/hokuyo3_ws/install/serial/share/serial/package.zsh'
[0.932s] Level 1:colcon.colcon_core.environment:create_file_with_runtime_dependencies(/home/zalv/hokuyo3_ws/install/serial/share/colcon-core/packages/serial)
[1.005s] Level 1:colcon.colcon_core.environment:create_environment_scripts_only(lslidar_msgs)
[1.006s] Level 1:colcon.colcon_core.environment:checking '/home/zalv/hokuyo3_ws/install/lslidar_msgs' for CMake module files
[1.006s] Level 1:colcon.colcon_core.environment:checking '/home/zalv/hokuyo3_ws/install/lslidar_msgs' for CMake config files
[1.008s] Level 1:colcon.colcon_core.shell:create_environment_hook('lslidar_msgs', 'cmake_prefix_path')
[1.008s] INFO:colcon.colcon_core.shell:Creating environment hook '/home/zalv/hokuyo3_ws/install/lslidar_msgs/share/lslidar_msgs/hook/cmake_prefix_path.ps1'
[1.008s] INFO:colcon.colcon_core.shell:Creating environment descriptor '/home/zalv/hokuyo3_ws/install/lslidar_msgs/share/lslidar_msgs/hook/cmake_prefix_path.dsv'
[1.009s] INFO:colcon.colcon_core.shell:Creating environment hook '/home/zalv/hokuyo3_ws/install/lslidar_msgs/share/lslidar_msgs/hook/cmake_prefix_path.sh'
[1.009s] Level 1:colcon.colcon_core.environment:checking '/home/zalv/hokuyo3_ws/install/lslidar_msgs/lib'
[1.009s] Level 1:colcon.colcon_core.shell:create_environment_hook('lslidar_msgs', 'ld_library_path_lib')
[1.009s] INFO:colcon.colcon_core.shell:Creating environment hook '/home/zalv/hokuyo3_ws/install/lslidar_msgs/share/lslidar_msgs/hook/ld_library_path_lib.ps1'
[1.010s] INFO:colcon.colcon_core.shell:Creating environment descriptor '/home/zalv/hokuyo3_ws/install/lslidar_msgs/share/lslidar_msgs/hook/ld_library_path_lib.dsv'
[1.010s] INFO:colcon.colcon_core.shell:Creating environment hook '/home/zalv/hokuyo3_ws/install/lslidar_msgs/share/lslidar_msgs/hook/ld_library_path_lib.sh'
[1.010s] Level 1:colcon.colcon_core.environment:checking '/home/zalv/hokuyo3_ws/install/lslidar_msgs/bin'
[1.010s] Level 1:colcon.colcon_core.environment:checking '/home/zalv/hokuyo3_ws/install/lslidar_msgs/lib/pkgconfig/lslidar_msgs.pc'
[1.010s] Level 1:colcon.colcon_core.environment:checking '/home/zalv/hokuyo3_ws/install/lslidar_msgs/lib/python3.10/site-packages'
[1.011s] Level 1:colcon.colcon_core.environment:checking '/home/zalv/hokuyo3_ws/install/lslidar_msgs/bin'
[1.011s] INFO:colcon.colcon_core.shell:Creating package script '/home/zalv/hokuyo3_ws/install/lslidar_msgs/share/lslidar_msgs/package.ps1'
[1.011s] INFO:colcon.colcon_core.shell:Creating package descriptor '/home/zalv/hokuyo3_ws/install/lslidar_msgs/share/lslidar_msgs/package.dsv'
[1.012s] INFO:colcon.colcon_core.shell:Creating package script '/home/zalv/hokuyo3_ws/install/lslidar_msgs/share/lslidar_msgs/package.sh'
[1.012s] INFO:colcon.colcon_core.shell:Creating package script '/home/zalv/hokuyo3_ws/install/lslidar_msgs/share/lslidar_msgs/package.bash'
[1.013s] INFO:colcon.colcon_core.shell:Creating package script '/home/zalv/hokuyo3_ws/install/lslidar_msgs/share/lslidar_msgs/package.zsh'
[1.013s] Level 1:colcon.colcon_core.environment:create_file_with_runtime_dependencies(/home/zalv/hokuyo3_ws/install/lslidar_msgs/share/colcon-core/packages/lslidar_msgs)
[1.013s] INFO:colcon.colcon_ros.task.ament_cmake.build:Building ROS package in '/home/zalv/hokuyo3_ws/src/Lslidar_ROS2_driver/lslidar_driver' with build type 'ament_cmake'
[1.013s] INFO:colcon.colcon_cmake.task.cmake.build:Building CMake package in '/home/zalv/hokuyo3_ws/src/Lslidar_ROS2_driver/lslidar_driver'
[1.014s] INFO:colcon.colcon_core.shell:Skip shell extension 'powershell' for command environment: Not usable outside of PowerShell
[1.014s] DEBUG:colcon.colcon_core.shell:Skip shell extension 'dsv' for command environment
[1.030s] DEBUG:colcon.colcon_core.event_handler.log_command:Invoking command in '/home/zalv/hokuyo3_ws/build/lslidar_driver': CMAKE_PREFIX_PATH=/home/zalv/hokuyo3_ws/install/lslidar_msgs:/home/zalv/hokuyo3_ws/install/urg_node2:/home/zalv/hokuyo3_ws/install/pclomp:/home/zalv/hokuyo3_ws/install/lslidar_driver:/home/zalv/hokuyo3_ws/install/laser_to_pc:/home/zalv/hokuyo3_ws/install/icp_node:/opt/ros/humble LD_LIBRARY_PATH=/home/zalv/hokuyo3_ws/install/lslidar_msgs/lib:/home/zalv/hokuyo3_ws/install/urg_node2/lib:/home/zalv/hokuyo3_ws/install/pclomp/lib:/usr/lib/x86_64-linux-gnu/gazebo-11/plugins:/opt/ros/humble/opt/rviz_ogre_vendor/lib:/opt/ros/humble/lib/x86_64-linux-gnu:/opt/ros/humble/lib:/usr/local/lib:/usr/local/lib /usr/bin/cmake --build /home/zalv/hokuyo3_ws/build/lslidar_driver -- -j22 -l22
[1.135s] DEBUG:colcon.colcon_core.event_handler.log_command:Invoked command in '/home/zalv/hokuyo3_ws/build/lslidar_driver' returned '0': CMAKE_PREFIX_PATH=/home/zalv/hokuyo3_ws/install/lslidar_msgs:/home/zalv/hokuyo3_ws/install/urg_node2:/home/zalv/hokuyo3_ws/install/pclomp:/home/zalv/hokuyo3_ws/install/lslidar_driver:/home/zalv/hokuyo3_ws/install/laser_to_pc:/home/zalv/hokuyo3_ws/install/icp_node:/opt/ros/humble LD_LIBRARY_PATH=/home/zalv/hokuyo3_ws/install/lslidar_msgs/lib:/home/zalv/hokuyo3_ws/install/urg_node2/lib:/home/zalv/hokuyo3_ws/install/pclomp/lib:/usr/lib/x86_64-linux-gnu/gazebo-11/plugins:/opt/ros/humble/opt/rviz_ogre_vendor/lib:/opt/ros/humble/lib/x86_64-linux-gnu:/opt/ros/humble/lib:/usr/local/lib:/usr/local/lib /usr/bin/cmake --build /home/zalv/hokuyo3_ws/build/lslidar_driver -- -j22 -l22
[1.175s] DEBUG:colcon.colcon_core.event_handler.log_command:Invoking command in '/home/zalv/hokuyo3_ws/build/lslidar_driver': CMAKE_PREFIX_PATH=/home/zalv/hokuyo3_ws/install/lslidar_msgs:/home/zalv/hokuyo3_ws/install/urg_node2:/home/zalv/hokuyo3_ws/install/pclomp:/home/zalv/hokuyo3_ws/install/lslidar_driver:/home/zalv/hokuyo3_ws/install/laser_to_pc:/home/zalv/hokuyo3_ws/install/icp_node:/opt/ros/humble LD_LIBRARY_PATH=/home/zalv/hokuyo3_ws/install/lslidar_msgs/lib:/home/zalv/hokuyo3_ws/install/urg_node2/lib:/home/zalv/hokuyo3_ws/install/pclomp/lib:/usr/lib/x86_64-linux-gnu/gazebo-11/plugins:/opt/ros/humble/opt/rviz_ogre_vendor/lib:/opt/ros/humble/lib/x86_64-linux-gnu:/opt/ros/humble/lib:/usr/local/lib:/usr/local/lib /usr/bin/cmake --install /home/zalv/hokuyo3_ws/build/lslidar_driver
[1.199s] Level 1:colcon.colcon_core.environment:create_environment_scripts_only(lslidar_driver)
[1.199s] Level 1:colcon.colcon_core.environment:checking '/home/zalv/hokuyo3_ws/install/lslidar_driver' for CMake module files
[1.200s] DEBUG:colcon.colcon_core.event_handler.log_command:Invoked command in '/home/zalv/hokuyo3_ws/build/lslidar_driver' returned '0': CMAKE_PREFIX_PATH=/home/zalv/hokuyo3_ws/install/lslidar_msgs:/home/zalv/hokuyo3_ws/install/urg_node2:/home/zalv/hokuyo3_ws/install/pclomp:/home/zalv/hokuyo3_ws/install/lslidar_driver:/home/zalv/hokuyo3_ws/install/laser_to_pc:/home/zalv/hokuyo3_ws/install/icp_node:/opt/ros/humble LD_LIBRARY_PATH=/home/zalv/hokuyo3_ws/install/lslidar_msgs/lib:/home/zalv/hokuyo3_ws/install/urg_node2/lib:/home/zalv/hokuyo3_ws/install/pclomp/lib:/usr/lib/x86_64-linux-gnu/gazebo-11/plugins:/opt/ros/humble/opt/rviz_ogre_vendor/lib:/opt/ros/humble/lib/x86_64-linux-gnu:/opt/ros/humble/lib:/usr/local/lib:/usr/local/lib /usr/bin/cmake --install /home/zalv/hokuyo3_ws/build/lslidar_driver
[1.200s] Level 1:colcon.colcon_core.environment:checking '/home/zalv/hokuyo3_ws/install/lslidar_driver' for CMake config files
[1.201s] Level 1:colcon.colcon_core.shell:create_environment_hook('lslidar_driver', 'cmake_prefix_path')
[1.201s] INFO:colcon.colcon_core.shell:Creating environment hook '/home/zalv/hokuyo3_ws/install/lslidar_driver/share/lslidar_driver/hook/cmake_prefix_path.ps1'
[1.202s] INFO:colcon.colcon_core.shell:Creating environment descriptor '/home/zalv/hokuyo3_ws/install/lslidar_driver/share/lslidar_driver/hook/cmake_prefix_path.dsv'
[1.202s] INFO:colcon.colcon_core.shell:Creating environment hook '/home/zalv/hokuyo3_ws/install/lslidar_driver/share/lslidar_driver/hook/cmake_prefix_path.sh'
[1.203s] Level 1:colcon.colcon_core.environment:checking '/home/zalv/hokuyo3_ws/install/lslidar_driver/lib'
[1.203s] Level 1:colcon.colcon_core.environment:checking '/home/zalv/hokuyo3_ws/install/lslidar_driver/bin'
[1.203s] Level 1:colcon.colcon_core.environment:checking '/home/zalv/hokuyo3_ws/install/lslidar_driver/lib/pkgconfig/lslidar_driver.pc'
[1.203s] Level 1:colcon.colcon_core.environment:checking '/home/zalv/hokuyo3_ws/install/lslidar_driver/lib/python3.10/site-packages'
[1.204s] Level 1:colcon.colcon_core.environment:checking '/home/zalv/hokuyo3_ws/install/lslidar_driver/bin'
[1.204s] INFO:colcon.colcon_core.shell:Creating package script '/home/zalv/hokuyo3_ws/install/lslidar_driver/share/lslidar_driver/package.ps1'
[1.204s] INFO:colcon.colcon_core.shell:Creating package descriptor '/home/zalv/hokuyo3_ws/install/lslidar_driver/share/lslidar_driver/package.dsv'
[1.205s] INFO:colcon.colcon_core.shell:Creating package script '/home/zalv/hokuyo3_ws/install/lslidar_driver/share/lslidar_driver/package.sh'
[1.205s] INFO:colcon.colcon_core.shell:Creating package script '/home/zalv/hokuyo3_ws/install/lslidar_driver/share/lslidar_driver/package.bash'
[1.206s] INFO:colcon.colcon_core.shell:Creating package script '/home/zalv/hokuyo3_ws/install/lslidar_driver/share/lslidar_driver/package.zsh'
[1.206s] Level 1:colcon.colcon_core.environment:create_file_with_runtime_dependencies(/home/zalv/hokuyo3_ws/install/lslidar_driver/share/colcon-core/packages/lslidar_driver)
[1.244s] Level 1:colcon.colcon_core.environment:create_environment_scripts_only(lslidar_driver)
[1.244s] Level 1:colcon.colcon_core.environment:checking '/home/zalv/hokuyo3_ws/install/lslidar_driver' for CMake module files
[1.245s] Level 1:colcon.colcon_core.environment:checking '/home/zalv/hokuyo3_ws/install/lslidar_driver' for CMake config files
[1.245s] Level 1:colcon.colcon_core.shell:create_environment_hook('lslidar_driver', 'cmake_prefix_path')
[1.246s] INFO:colcon.colcon_core.shell:Creating environment hook '/home/zalv/hokuyo3_ws/install/lslidar_driver/share/lslidar_driver/hook/cmake_prefix_path.ps1'
[1.246s] INFO:colcon.colcon_core.shell:Creating environment descriptor '/home/zalv/hokuyo3_ws/install/lslidar_driver/share/lslidar_driver/hook/cmake_prefix_path.dsv'
[1.246s] INFO:colcon.colcon_core.shell:Creating environment hook '/home/zalv/hokuyo3_ws/install/lslidar_driver/share/lslidar_driver/hook/cmake_prefix_path.sh'
[1.247s] Level 1:colcon.colcon_core.environment:checking '/home/zalv/hokuyo3_ws/install/lslidar_driver/lib'
[1.247s] Level 1:colcon.colcon_core.environment:checking '/home/zalv/hokuyo3_ws/install/lslidar_driver/bin'
[1.247s] Level 1:colcon.colcon_core.environment:checking '/home/zalv/hokuyo3_ws/install/lslidar_driver/lib/pkgconfig/lslidar_driver.pc'
[1.248s] Level 1:colcon.colcon_core.environment:checking '/home/zalv/hokuyo3_ws/install/lslidar_driver/lib/python3.10/site-packages'
[1.248s] Level 1:colcon.colcon_core.environment:checking '/home/zalv/hokuyo3_ws/install/lslidar_driver/bin'
[1.248s] INFO:colcon.colcon_core.shell:Creating package script '/home/zalv/hokuyo3_ws/install/lslidar_driver/share/lslidar_driver/package.ps1'
[1.249s] INFO:colcon.colcon_core.shell:Creating package descriptor '/home/zalv/hokuyo3_ws/install/lslidar_driver/share/lslidar_driver/package.dsv'
[1.250s] INFO:colcon.colcon_core.shell:Creating package script '/home/zalv/hokuyo3_ws/install/lslidar_driver/share/lslidar_driver/package.sh'
[1.250s] INFO:colcon.colcon_core.shell:Creating package script '/home/zalv/hokuyo3_ws/install/lslidar_driver/share/lslidar_driver/package.bash'
[1.250s] INFO:colcon.colcon_core.shell:Creating package script '/home/zalv/hokuyo3_ws/install/lslidar_driver/share/lslidar_driver/package.zsh'
[1.251s] Level 1:colcon.colcon_core.environment:create_file_with_runtime_dependencies(/home/zalv/hokuyo3_ws/install/lslidar_driver/share/colcon-core/packages/lslidar_driver)
[1.900s] DEBUG:colcon.colcon_core.event_handler.log_command:Invoked command in '/home/zalv/hokuyo3_ws/build/ros2_serial_interfaces' returned '0': CMAKE_PREFIX_PATH=${CMAKE_PREFIX_PATH}:/opt/ros/humble /usr/bin/cmake /home/zalv/hokuyo3_ws/src/ros2_serial/ros2_serial_interfaces -DAMENT_CMAKE_SYMLINK_INSTALL=1 -DCMAKE_INSTALL_PREFIX=/home/zalv/hokuyo3_ws/install/ros2_serial_interfaces
[1.901s] DEBUG:colcon.colcon_core.event_handler.log_command:Invoking command in '/home/zalv/hokuyo3_ws/build/ros2_serial_interfaces': CMAKE_PREFIX_PATH=${CMAKE_PREFIX_PATH}:/opt/ros/humble /usr/bin/cmake --build /home/zalv/hokuyo3_ws/build/ros2_serial_interfaces -- -j22 -l22
[3.115s] DEBUG:colcon.colcon_core.event_handler.log_command:Invoked command in '/home/zalv/hokuyo3_ws/build/laser_to_pc' returned '2': CMAKE_PREFIX_PATH=${CMAKE_PREFIX_PATH}:/opt/ros/humble /usr/bin/cmake --build /home/zalv/hokuyo3_ws/build/laser_to_pc -- -j22 -l22
[3.161s] Level 1:colcon.colcon_core.environment:create_environment_scripts_only(laser_to_pc)
[3.162s] Level 1:colcon.colcon_core.environment:checking '/home/zalv/hokuyo3_ws/install/laser_to_pc' for CMake module files
[3.162s] Level 1:colcon.colcon_core.environment:checking '/home/zalv/hokuyo3_ws/install/laser_to_pc' for CMake config files
[3.162s] Level 1:colcon.colcon_core.shell:create_environment_hook('laser_to_pc', 'cmake_prefix_path')
[3.162s] INFO:colcon.colcon_core.shell:Creating environment hook '/home/zalv/hokuyo3_ws/install/laser_to_pc/share/laser_to_pc/hook/cmake_prefix_path.ps1'
[3.163s] INFO:colcon.colcon_core.shell:Creating environment descriptor '/home/zalv/hokuyo3_ws/install/laser_to_pc/share/laser_to_pc/hook/cmake_prefix_path.dsv'
[3.163s] INFO:colcon.colcon_core.shell:Creating environment hook '/home/zalv/hokuyo3_ws/install/laser_to_pc/share/laser_to_pc/hook/cmake_prefix_path.sh'
[3.163s] Level 1:colcon.colcon_core.environment:checking '/home/zalv/hokuyo3_ws/install/laser_to_pc/lib'
[3.164s] Level 1:colcon.colcon_core.environment:checking '/home/zalv/hokuyo3_ws/install/laser_to_pc/bin'
[3.164s] Level 1:colcon.colcon_core.environment:checking '/home/zalv/hokuyo3_ws/install/laser_to_pc/lib/pkgconfig/laser_to_pc.pc'
[3.164s] Level 1:colcon.colcon_core.environment:checking '/home/zalv/hokuyo3_ws/install/laser_to_pc/lib/python3.10/site-packages'
[3.164s] Level 1:colcon.colcon_core.environment:checking '/home/zalv/hokuyo3_ws/install/laser_to_pc/bin'
[3.164s] INFO:colcon.colcon_core.shell:Creating package script '/home/zalv/hokuyo3_ws/install/laser_to_pc/share/laser_to_pc/package.ps1'
[3.165s] INFO:colcon.colcon_core.shell:Creating package descriptor '/home/zalv/hokuyo3_ws/install/laser_to_pc/share/laser_to_pc/package.dsv'
[3.165s] INFO:colcon.colcon_core.shell:Creating package script '/home/zalv/hokuyo3_ws/install/laser_to_pc/share/laser_to_pc/package.sh'
[3.165s] INFO:colcon.colcon_core.shell:Creating package script '/home/zalv/hokuyo3_ws/install/laser_to_pc/share/laser_to_pc/package.bash'
[3.166s] INFO:colcon.colcon_core.shell:Creating package script '/home/zalv/hokuyo3_ws/install/laser_to_pc/share/laser_to_pc/package.zsh'
[3.166s] Level 1:colcon.colcon_core.environment:create_file_with_runtime_dependencies(/home/zalv/hokuyo3_ws/install/laser_to_pc/share/colcon-core/packages/laser_to_pc)
[3.618s] DEBUG:colcon.colcon_parallel_executor.executor.parallel:closing loop
[3.619s] DEBUG:colcon.colcon_parallel_executor.executor.parallel:loop closed
[3.619s] DEBUG:colcon.colcon_parallel_executor.executor.parallel:run_until_complete finished with '2'
[3.619s] DEBUG:colcon.colcon_core.event_reactor:joining thread
[3.625s] INFO:colcon.colcon_core.plugin_system:Skipping extension 'colcon_notification.desktop_notification.terminal_notifier': Not used on non-Darwin systems
[3.625s] INFO:colcon.colcon_core.plugin_system:Skipping extension 'colcon_notification.desktop_notification.win32': Not used on non-Windows systems
[3.625s] INFO:colcon.colcon_notification.desktop_notification:Sending desktop notification using 'notify2'
[3.638s] DEBUG:colcon.colcon_core.event_reactor:joined thread
[3.639s] INFO:colcon.colcon_core.shell:Creating prefix script '/home/zalv/hokuyo3_ws/install/local_setup.ps1'
[3.641s] INFO:colcon.colcon_core.shell:Creating prefix util module '/home/zalv/hokuyo3_ws/install/_local_setup_util_ps1.py'
[3.642s] INFO:colcon.colcon_core.shell:Creating prefix chain script '/home/zalv/hokuyo3_ws/install/setup.ps1'
[3.643s] INFO:colcon.colcon_core.shell:Creating prefix script '/home/zalv/hokuyo3_ws/install/local_setup.sh'
[3.644s] INFO:colcon.colcon_core.shell:Creating prefix util module '/home/zalv/hokuyo3_ws/install/_local_setup_util_sh.py'
[3.644s] INFO:colcon.colcon_core.shell:Creating prefix chain script '/home/zalv/hokuyo3_ws/install/setup.sh'
[3.645s] INFO:colcon.colcon_core.shell:Creating prefix script '/home/zalv/hokuyo3_ws/install/local_setup.bash'
[3.646s] INFO:colcon.colcon_core.shell:Creating prefix chain script '/home/zalv/hokuyo3_ws/install/setup.bash'
[3.646s] INFO:colcon.colcon_core.shell:Creating prefix script '/home/zalv/hokuyo3_ws/install/local_setup.zsh'
[3.647s] INFO:colcon.colcon_core.shell:Creating prefix chain script '/home/zalv/hokuyo3_ws/install/setup.zsh'
