In file included from [01m[K/opt/ros/humble/include/rclcpp/rclcpp/logging.hpp:24[m[K,
                 from [01m[K/opt/ros/humble/include/rclcpp/rclcpp/client.hpp:40[m[K,
                 from [01m[K/opt/ros/humble/include/rclcpp/rclcpp/callback_group.hpp:24[m[K,
                 from [01m[K/opt/ros/humble/include/rclcpp/rclcpp/any_executable.hpp:20[m[K,
                 from [01m[K/opt/ros/humble/include/rclcpp/rclcpp/memory_strategy.hpp:25[m[K,
                 from [01m[K/opt/ros/humble/include/rclcpp/rclcpp/memory_strategies.hpp:18[m[K,
                 from [01m[K/opt/ros/humble/include/rclcpp/rclcpp/executor_options.hpp:20[m[K,
                 from [01m[K/opt/ros/humble/include/rclcpp/rclcpp/executor.hpp:37[m[K,
                 from [01m[K/opt/ros/humble/include/rclcpp/rclcpp/executors/multi_threaded_executor.hpp:25[m[K,
                 from [01m[K/opt/ros/humble/include/rclcpp/rclcpp/executors.hpp:21[m[K,
                 from [01m[K/opt/ros/humble/include/rclcpp/rclcpp/rclcpp.hpp:155[m[K,
                 from [01m[K/home/zalv/hokuyo3_ws/src/laser_to_pc/src/laser_to_pointcloud.cpp:1[m[K:
[01m[K/home/zalv/hokuyo3_ws/src/laser_to_pc/src/laser_to_pointcloud.cpp:[m[K In member function ‘[01m[Kvoid LaserScanToPointCloud::laserCallback(sensor_msgs::msg::LaserScan_<std::allocator<void> >::SharedPtr)[m[K’:
[01m[K/home/zalv/hokuyo3_ws/src/laser_to_pc/src/laser_to_pointcloud.cpp:24:41:[m[K [01;35m[Kwarning: [m[Kformat ‘[01m[K%f[m[K’ expects argument of type ‘[01m[Kdouble[m[K’, but argument 5 has type ‘[01m[Kconst char*[m[K’ [[01;35m[K]8;;https://gcc.gnu.org/onlinedocs/gcc/Warning-Options.html#index-Wformat=-Wformat=]8;;[m[K]
   24 |         RCLCPP_INFO(this->get_logger(), [01;35m[K"angle_min: %f"[m[K, [32m[K"angle_max: %f"[m[K, "angle_increment: %f", msg->angle_min, msg->angle_max, msg->angle_increment);
      |                                         [01;35m[K^~~~~~~~~~~~~~~[m[K  [32m[K~~~~~~~~~~~~~~~[m[K
      |                                                          [32m[K|[m[K
      |                                                          [32m[Kconst char*[m[K
[01m[K/home/zalv/hokuyo3_ws/src/laser_to_pc/src/laser_to_pointcloud.cpp:24:54:[m[K [01;36m[Knote: [m[Kformat string is defined here
   24 |         RCLCPP_INFO(this->get_logger(), "angle_min: [01;36m[K%f[m[K", "angle_max: %f", "angle_increment: %f", msg->angle_min, msg->angle_max, msg->angle_increment);
      |                                                     [01;36m[K~^[m[K
      |                                                      [01;36m[K|[m[K
      |                                                      [01;36m[Kdouble[m[K
      |                                                     [32m[K%s[m[K
In file included from [01m[K/opt/ros/humble/include/rclcpp/rclcpp/logging.hpp:24[m[K,
                 from [01m[K/opt/ros/humble/include/rclcpp/rclcpp/client.hpp:40[m[K,
                 from [01m[K/opt/ros/humble/include/rclcpp/rclcpp/callback_group.hpp:24[m[K,
                 from [01m[K/opt/ros/humble/include/rclcpp/rclcpp/any_executable.hpp:20[m[K,
                 from [01m[K/opt/ros/humble/include/rclcpp/rclcpp/memory_strategy.hpp:25[m[K,
                 from [01m[K/opt/ros/humble/include/rclcpp/rclcpp/memory_strategies.hpp:18[m[K,
                 from [01m[K/opt/ros/humble/include/rclcpp/rclcpp/executor_options.hpp:20[m[K,
                 from [01m[K/opt/ros/humble/include/rclcpp/rclcpp/executor.hpp:37[m[K,
                 from [01m[K/opt/ros/humble/include/rclcpp/rclcpp/executors/multi_threaded_executor.hpp:25[m[K,
                 from [01m[K/opt/ros/humble/include/rclcpp/rclcpp/executors.hpp:21[m[K,
                 from [01m[K/opt/ros/humble/include/rclcpp/rclcpp/rclcpp.hpp:155[m[K,
                 from [01m[K/home/zalv/hokuyo3_ws/src/laser_to_pc/src/laser_to_pointcloud.cpp:1[m[K:
[01m[K/home/zalv/hokuyo3_ws/src/laser_to_pc/src/laser_to_pointcloud.cpp:24:41:[m[K [01;35m[Kwarning: [m[Ktoo many arguments for format [[01;35m[K]8;;https://gcc.gnu.org/onlinedocs/gcc/Warning-Options.html#index-Wformat-extra-args-Wformat-extra-args]8;;[m[K]
   24 |         RCLCPP_INFO(this->get_logger(), [01;35m[K"angle_min: %f"[m[K, "angle_max: %f", "angle_increment: %f", msg->angle_min, msg->angle_max, msg->angle_increment);
      |                                         [01;35m[K^~~~~~~~~~~~~~~[m[K
