[0.016s] Invoking command in '/home/zalv/hokuyo3_ws/build/icp_node': CMAKE_PREFIX_PATH=${CMAKE_PREFIX_PATH}:/opt/ros/humble /usr/bin/cmake --build /home/zalv/hokuyo3_ws/build/icp_node -- -j22 -l22
[0.048s] -- Found ament_cmake: 1.3.10 (/opt/ros/humble/share/ament_cmake/cmake)
[0.149s] -- Override CMake install command with custom implementation using symlinks instead of copying resources
[0.155s] -- Found rclcpp: 16.0.10 (/opt/ros/humble/share/rclcpp/cmake)
[0.177s] -- Found rosidl_generator_c: 3.1.5 (/opt/ros/humble/share/rosidl_generator_c/cmake)
[0.178s] -- Found rosidl_adapter: 3.1.5 (/opt/ros/humble/share/rosidl_adapter/cmake)
[0.183s] -- Found rosidl_generator_cpp: 3.1.5 (/opt/ros/humble/share/rosidl_generator_cpp/cmake)
[0.189s] -- Using all available rosidl_typesupport_c: rosidl_typesupport_fastrtps_c;rosidl_typesupport_introspection_c
[0.197s] -- Using all available rosidl_typesupport_cpp: rosidl_typesupport_fastrtps_cpp;rosidl_typesupport_introspection_cpp
[0.221s] -- Found rmw_implementation_cmake: 6.1.2 (/opt/ros/humble/share/rmw_implementation_cmake/cmake)
[0.222s] -- Found rmw_fastrtps_cpp: 6.2.7 (/opt/ros/humble/share/rmw_fastrtps_cpp/cmake)
[0.287s] -- Using RMW implementation 'rmw_fastrtps_cpp' as default
[0.313s] -- Found sensor_msgs: 4.2.4 (/opt/ros/humble/share/sensor_msgs/cmake)
[0.330s] -- Found nav_msgs: 4.2.4 (/opt/ros/humble/share/nav_msgs/cmake)
[0.340s] -- Found pcl_conversions: 2.4.5 (/opt/ros/humble/share/pcl_conversions/cmake)
[0.368s] -- Eigen found (include: /usr/include/eigen3, version: 3.4.0)
[0.391s] -- FLANN found (include: /usr/include, lib: /usr/lib/x86_64-linux-gnu/libflann_cpp.so)
[0.611s] -- OpenNI found (version: 1.5.4.0, include: /usr/include/ni, lib: /usr/lib/libOpenNI.so;libusb::libusb)
[0.615s] -- OpenNI2 found (version: 2.2.0.33, include: /usr/include/openni2, lib: /usr/lib/x86_64-linux-gnu/libOpenNI2.so;libusb::libusb)
[0.724s] -- Eigen found (include: /usr/include/eigen3, version: 3.4.0)
[0.733s] -- OpenNI found (version: 1.5.4.0, include: /usr/include/ni, lib: /usr/lib/libOpenNI.so;libusb::libusb)
[0.739s] -- OpenNI2 found (version: 2.2.0.33, include: /usr/include/openni2, lib: /usr/lib/x86_64-linux-gnu/libOpenNI2.so;libusb::libusb)
[0.849s] -- Found Qhull version 8.0.2
[0.970s] -- OpenNI found (version: 1.5.4.0, include: /usr/include/ni, lib: /usr/lib/libOpenNI.so;libusb::libusb)
[1.076s] -- looking for PCL_<COMPONENTS>
[1.077s] -- Could NOT find PCL_<COMPONENTS> (missing: PCL_<COMPONENTS>_LIBRARY PCL_<COMPONENTS>_INCLUDE_DIR) 
[1.133s] -- Configuring done
[1.152s] -- Generating done
[1.153s] -- Build files have been written to: /home/zalv/hokuyo3_ws/build/icp_node
[1.180s] [35m[1mConsolidate compiler generated dependencies of target icp_node[0m
[1.198s] [100%] Built target icp_node
[1.208s] Invoked command in '/home/zalv/hokuyo3_ws/build/icp_node' returned '0': CMAKE_PREFIX_PATH=${CMAKE_PREFIX_PATH}:/opt/ros/humble /usr/bin/cmake --build /home/zalv/hokuyo3_ws/build/icp_node -- -j22 -l22
[1.226s] Invoking command in '/home/zalv/hokuyo3_ws/build/icp_node': CMAKE_PREFIX_PATH=${CMAKE_PREFIX_PATH}:/opt/ros/humble /usr/bin/cmake --install /home/zalv/hokuyo3_ws/build/icp_node
[1.233s] -- Install configuration: ""
[1.233s] -- Execute custom install script
[1.233s] -- Up-to-date symlink: /home/zalv/hokuyo3_ws/install/icp_node/lib/icp_node/icp_node
[1.234s] -- Up-to-date symlink: /home/zalv/hokuyo3_ws/install/icp_node/share/ament_index/resource_index/package_run_dependencies/icp_node
[1.234s] -- Up-to-date symlink: /home/zalv/hokuyo3_ws/install/icp_node/share/ament_index/resource_index/parent_prefix_path/icp_node
[1.234s] -- Up-to-date symlink: /home/zalv/hokuyo3_ws/install/icp_node/share/icp_node/environment/ament_prefix_path.sh
[1.234s] -- Up-to-date symlink: /home/zalv/hokuyo3_ws/install/icp_node/share/icp_node/environment/ament_prefix_path.dsv
[1.234s] -- Up-to-date symlink: /home/zalv/hokuyo3_ws/install/icp_node/share/icp_node/environment/path.sh
[1.234s] -- Up-to-date symlink: /home/zalv/hokuyo3_ws/install/icp_node/share/icp_node/environment/path.dsv
[1.234s] -- Up-to-date symlink: /home/zalv/hokuyo3_ws/install/icp_node/share/icp_node/local_setup.bash
[1.235s] -- Up-to-date symlink: /home/zalv/hokuyo3_ws/install/icp_node/share/icp_node/local_setup.sh
[1.235s] -- Up-to-date symlink: /home/zalv/hokuyo3_ws/install/icp_node/share/icp_node/local_setup.zsh
[1.235s] -- Up-to-date symlink: /home/zalv/hokuyo3_ws/install/icp_node/share/icp_node/local_setup.dsv
[1.235s] -- Symlinking: /home/zalv/hokuyo3_ws/install/icp_node/share/icp_node/package.dsv
[1.241s] -- Up-to-date symlink: /home/zalv/hokuyo3_ws/install/icp_node/share/ament_index/resource_index/packages/icp_node
[1.241s] -- Up-to-date symlink: /home/zalv/hokuyo3_ws/install/icp_node/share/icp_node/cmake/ament_cmake_export_include_directories-extras.cmake
[1.241s] -- Up-to-date symlink: /home/zalv/hokuyo3_ws/install/icp_node/share/icp_node/cmake/icp_nodeConfig.cmake
[1.241s] -- Up-to-date symlink: /home/zalv/hokuyo3_ws/install/icp_node/share/icp_node/cmake/icp_nodeConfig-version.cmake
[1.241s] -- Up-to-date symlink: /home/zalv/hokuyo3_ws/install/icp_node/share/icp_node/package.xml
[1.243s] Invoked command in '/home/zalv/hokuyo3_ws/build/icp_node' returned '0': CMAKE_PREFIX_PATH=${CMAKE_PREFIX_PATH}:/opt/ros/humble /usr/bin/cmake --install /home/zalv/hokuyo3_ws/build/icp_node
