[0.014s] Invoking command in '/home/zalv/hokuyo3_ws/build/icp_node': CMAKE_PREFIX_PATH=${CMAKE_PREFIX_PATH}:/opt/ros/humble /usr/bin/cmake --build /home/zalv/hokuyo3_ws/build/icp_node -- -j22 -l22
[0.038s] -- Found ament_cmake: 1.3.10 (/opt/ros/humble/share/ament_cmake/cmake)
[0.170s] -- Override CMake install command with custom implementation using symlinks instead of copying resources
[0.180s] -- Found rclcpp: 16.0.10 (/opt/ros/humble/share/rclcpp/cmake)
[0.207s] -- Found rosidl_generator_c: 3.1.5 (/opt/ros/humble/share/rosidl_generator_c/cmake)
[0.209s] -- Found rosidl_adapter: 3.1.5 (/opt/ros/humble/share/rosidl_adapter/cmake)
[0.214s] -- Found rosidl_generator_cpp: 3.1.5 (/opt/ros/humble/share/rosidl_generator_cpp/cmake)
[0.223s] -- Using all available rosidl_typesupport_c: rosidl_typesupport_fastrtps_c;rosidl_typesupport_introspection_c
[0.234s] -- Using all available rosidl_typesupport_cpp: rosidl_typesupport_fastrtps_cpp;rosidl_typesupport_introspection_cpp
[0.265s] -- Found rmw_implementation_cmake: 6.1.2 (/opt/ros/humble/share/rmw_implementation_cmake/cmake)
[0.266s] -- Found rmw_fastrtps_cpp: 6.2.7 (/opt/ros/humble/share/rmw_fastrtps_cpp/cmake)
[0.368s] -- Using RMW implementation 'rmw_fastrtps_cpp' as default
[0.414s] -- Found sensor_msgs: 4.2.4 (/opt/ros/humble/share/sensor_msgs/cmake)
[0.441s] -- Found nav_msgs: 4.2.4 (/opt/ros/humble/share/nav_msgs/cmake)
[0.456s] -- Found pcl_conversions: 2.4.5 (/opt/ros/humble/share/pcl_conversions/cmake)
[0.491s] -- Eigen found (include: /usr/include/eigen3, version: 3.4.0)
[0.524s] -- FLANN found (include: /usr/include, lib: /usr/lib/x86_64-linux-gnu/libflann_cpp.so)
[0.822s] -- OpenNI found (version: 1.5.4.0, include: /usr/include/ni, lib: /usr/lib/libOpenNI.so;libusb::libusb)
[0.829s] -- OpenNI2 found (version: 2.2.0.33, include: /usr/include/openni2, lib: /usr/lib/x86_64-linux-gnu/libOpenNI2.so;libusb::libusb)
[0.988s] -- Eigen found (include: /usr/include/eigen3, version: 3.4.0)
[0.996s] -- OpenNI found (version: 1.5.4.0, include: /usr/include/ni, lib: /usr/lib/libOpenNI.so;libusb::libusb)
[1.006s] -- OpenNI2 found (version: 2.2.0.33, include: /usr/include/openni2, lib: /usr/lib/x86_64-linux-gnu/libOpenNI2.so;libusb::libusb)
[1.153s] -- Found Qhull version 8.0.2
[1.300s] -- OpenNI found (version: 1.5.4.0, include: /usr/include/ni, lib: /usr/lib/libOpenNI.so;libusb::libusb)
[1.464s] -- looking for PCL_<COMPONENTS>
[1.465s] -- Could NOT find PCL_<COMPONENTS> (missing: PCL_<COMPONENTS>_LIBRARY PCL_<COMPONENTS>_INCLUDE_DIR) 
[1.547s] -- Configuring done
[1.585s] -- Generating done
[1.587s] -- Build files have been written to: /home/zalv/hokuyo3_ws/build/icp_node
[1.627s] [35m[1mConsolidate compiler generated dependencies of target icp_node[0m
[1.633s] [ 25%] [32mBuilding CXX object CMakeFiles/scan_localizer2.dir/src/scan_localizer2.cpp.o[0m
[1.656s] [ 50%] [32mBuilding CXX object CMakeFiles/icp_node.dir/src/icp_node.cpp.o[0m
[3.635s] [01m[K/home/zalv/hokuyo3_ws/src/icp_node/src/scan_localizer2.cpp:47:10:[m[K [01;31m[Kfatal error: [m[Kpclomp/ndt_omp.h: No such file or directory
[3.635s]    47 | #include [01;31m[K<pclomp/ndt_omp.h>[m[K
[3.636s]       |          [01;31m[K^~~~~~~~~~~~~~~~~~[m[K
[3.636s] compilation terminated.
[3.652s] gmake[2]: *** [CMakeFiles/scan_localizer2.dir/build.make:76: CMakeFiles/scan_localizer2.dir/src/scan_localizer2.cpp.o] Error 1
[3.652s] gmake[1]: *** [CMakeFiles/Makefile2:165: CMakeFiles/scan_localizer2.dir/all] Error 2
[3.652s] gmake[1]: *** Waiting for unfinished jobs....
[17.196s] [ 75%] [32m[1mLinking CXX executable icp_node[0m
[17.887s] [ 75%] Built target icp_node
[17.889s] gmake: *** [Makefile:146: all] Error 2
[17.893s] Invoked command in '/home/zalv/hokuyo3_ws/build/icp_node' returned '2': CMAKE_PREFIX_PATH=${CMAKE_PREFIX_PATH}:/opt/ros/humble /usr/bin/cmake --build /home/zalv/hokuyo3_ws/build/icp_node -- -j22 -l22
